[2022-05-17 08:25:17,226] {taskinstance.py:896} INFO - Dependencies all met for <TaskInstance: UTE_THONG_BAO_V1.t2 2022-05-17T08:20:00+00:00 [queued]>
[2022-05-17 08:25:17,234] {taskinstance.py:896} INFO - Dependencies all met for <TaskInstance: UTE_THONG_BAO_V1.t2 2022-05-17T08:20:00+00:00 [queued]>
[2022-05-17 08:25:17,234] {taskinstance.py:1087} INFO - 
--------------------------------------------------------------------------------
[2022-05-17 08:25:17,234] {taskinstance.py:1088} INFO - Starting attempt 1 of 1
[2022-05-17 08:25:17,234] {taskinstance.py:1089} INFO - 
--------------------------------------------------------------------------------
[2022-05-17 08:25:17,245] {taskinstance.py:1107} INFO - Executing <Task(PythonOperator): t2> on 2022-05-17T08:20:00+00:00
[2022-05-17 08:25:17,248] {standard_task_runner.py:52} INFO - Started process 163 to run task
[2022-05-17 08:25:17,250] {standard_task_runner.py:76} INFO - Running: ['***', 'tasks', 'run', 'UTE_THONG_BAO_V1', 't2', '2022-05-17T08:20:00+00:00', '--job-id', '153', '--pool', 'default_pool', '--raw', '--subdir', 'DAGS_FOLDER/test/test.py', '--cfg-path', '/tmp/tmpg3wxjl10', '--error-file', '/tmp/tmpd6suq7sk']
[2022-05-17 08:25:17,250] {standard_task_runner.py:77} INFO - Job 153: Subtask t2
[2022-05-17 08:25:17,277] {logging_mixin.py:104} INFO - Running <TaskInstance: UTE_THONG_BAO_V1.t2 2022-05-17T08:20:00+00:00 [running]> on host 0b42bd968922
[2022-05-17 08:25:17,310] {taskinstance.py:1300} INFO - Exporting the following env vars:
AIRFLOW_CTX_DAG_OWNER=UTE_THONG_BAO_V1
AIRFLOW_CTX_DAG_ID=UTE_THONG_BAO_V1
AIRFLOW_CTX_TASK_ID=t2
AIRFLOW_CTX_EXECUTION_DATE=2022-05-17T08:20:00+00:00
AIRFLOW_CTX_DAG_RUN_ID=scheduled__2022-05-17T08:20:00+00:00
[2022-05-17 08:25:17,315] {logging_mixin.py:104} INFO - 2050531200310 221CDPM02
[2022-05-17 08:25:21,336] {logging_mixin.py:104} INFO - successfully sent the mail
[2022-05-17 08:25:21,336] {logging_mixin.py:104} INFO - 2050531200360 221LTDT02
[2022-05-17 08:25:21,338] {logging_mixin.py:104} INFO - [+] DONE SEND MAIL !!
[2022-05-17 08:25:21,338] {python.py:151} INFO - Done. Returned value was: None
[2022-05-17 08:25:21,348] {taskinstance.py:1204} INFO - Marking task as SUCCESS. dag_id=UTE_THONG_BAO_V1, task_id=t2, execution_date=20220517T082000, start_date=20220517T082517, end_date=20220517T082521
[2022-05-17 08:25:21,389] {taskinstance.py:1265} INFO - 1 downstream tasks scheduled from follow-on schedule check
[2022-05-17 08:25:21,396] {local_task_job.py:151} INFO - Task exited with return code 0
