[2022-05-17 05:30:03,735] {taskinstance.py:896} INFO - Dependencies all met for <TaskInstance: UTE_THONG_BAO_V1.t2 2022-05-17T05:20:00+00:00 [queued]>
[2022-05-17 05:30:03,752] {taskinstance.py:896} INFO - Dependencies all met for <TaskInstance: UTE_THONG_BAO_V1.t2 2022-05-17T05:20:00+00:00 [queued]>
[2022-05-17 05:30:03,753] {taskinstance.py:1087} INFO - 
--------------------------------------------------------------------------------
[2022-05-17 05:30:03,753] {taskinstance.py:1088} INFO - Starting attempt 1 of 1
[2022-05-17 05:30:03,753] {taskinstance.py:1089} INFO - 
--------------------------------------------------------------------------------
[2022-05-17 05:30:03,763] {taskinstance.py:1107} INFO - Executing <Task(PythonOperator): t2> on 2022-05-17T05:20:00+00:00
[2022-05-17 05:30:03,770] {standard_task_runner.py:52} INFO - Started process 106 to run task
[2022-05-17 05:30:03,774] {standard_task_runner.py:76} INFO - Running: ['***', 'tasks', 'run', 'UTE_THONG_BAO_V1', 't2', '2022-05-17T05:20:00+00:00', '--job-id', '139', '--pool', 'default_pool', '--raw', '--subdir', 'DAGS_FOLDER/test/test.py', '--cfg-path', '/tmp/tmppph1wr6h', '--error-file', '/tmp/tmppklaadi1']
[2022-05-17 05:30:03,774] {standard_task_runner.py:77} INFO - Job 139: Subtask t2
[2022-05-17 05:30:03,834] {logging_mixin.py:104} INFO - Running <TaskInstance: UTE_THONG_BAO_V1.t2 2022-05-17T05:20:00+00:00 [running]> on host 65d21844f899
[2022-05-17 05:30:03,878] {taskinstance.py:1300} INFO - Exporting the following env vars:
AIRFLOW_CTX_DAG_OWNER=UTE_THONG_BAO_V1
AIRFLOW_CTX_DAG_ID=UTE_THONG_BAO_V1
AIRFLOW_CTX_TASK_ID=t2
AIRFLOW_CTX_EXECUTION_DATE=2022-05-17T05:20:00+00:00
AIRFLOW_CTX_DAG_RUN_ID=scheduled__2022-05-17T05:20:00+00:00
[2022-05-17 05:30:03,886] {logging_mixin.py:104} INFO - 2050531200310 221CDPM02
[2022-05-17 05:30:05,287] {logging_mixin.py:104} INFO - failed to send mail
[2022-05-17 05:30:05,288] {logging_mixin.py:104} INFO - [+] DONE SEND MAIL !!
[2022-05-17 05:30:05,288] {python.py:151} INFO - Done. Returned value was: None
[2022-05-17 05:30:05,323] {taskinstance.py:1204} INFO - Marking task as SUCCESS. dag_id=UTE_THONG_BAO_V1, task_id=t2, execution_date=20220517T052000, start_date=20220517T053003, end_date=20220517T053005
[2022-05-17 05:30:05,377] {taskinstance.py:1265} INFO - 1 downstream tasks scheduled from follow-on schedule check
[2022-05-17 05:30:05,398] {local_task_job.py:151} INFO - Task exited with return code 0
