[2022-05-16 09:47:35,052] {taskinstance.py:896} INFO - Dependencies all met for <TaskInstance: a2.t2 2022-05-16T09:40:00+00:00 [queued]>
[2022-05-16 09:47:35,056] {taskinstance.py:896} INFO - Dependencies all met for <TaskInstance: a2.t2 2022-05-16T09:40:00+00:00 [queued]>
[2022-05-16 09:47:35,056] {taskinstance.py:1087} INFO - 
--------------------------------------------------------------------------------
[2022-05-16 09:47:35,056] {taskinstance.py:1088} INFO - Starting attempt 1 of 1
[2022-05-16 09:47:35,056] {taskinstance.py:1089} INFO - 
--------------------------------------------------------------------------------
[2022-05-16 09:47:35,065] {taskinstance.py:1107} INFO - Executing <Task(BashOperator): t2> on 2022-05-16T09:40:00+00:00
[2022-05-16 09:47:35,067] {standard_task_runner.py:52} INFO - Started process 284 to run task
[2022-05-16 09:47:35,069] {standard_task_runner.py:76} INFO - Running: ['***', 'tasks', 'run', 'a2', 't2', '2022-05-16T09:40:00+00:00', '--job-id', '43', '--pool', 'default_pool', '--raw', '--subdir', 'DAGS_FOLDER/test/test.py', '--cfg-path', '/tmp/tmpwxx8xcot', '--error-file', '/tmp/tmp7r8uyqnz']
[2022-05-16 09:47:35,070] {standard_task_runner.py:77} INFO - Job 43: Subtask t2
[2022-05-16 09:47:35,095] {logging_mixin.py:104} INFO - Running <TaskInstance: a2.t2 2022-05-16T09:40:00+00:00 [running]> on host 71b54ca55a18
[2022-05-16 09:47:35,139] {taskinstance.py:1300} INFO - Exporting the following env vars:
AIRFLOW_CTX_DAG_OWNER=***
AIRFLOW_CTX_DAG_ID=a2
AIRFLOW_CTX_TASK_ID=t2
AIRFLOW_CTX_EXECUTION_DATE=2022-05-16T09:40:00+00:00
AIRFLOW_CTX_DAG_RUN_ID=scheduled__2022-05-16T09:40:00+00:00
[2022-05-16 09:47:35,140] {subprocess.py:52} INFO - Tmp dir root location: 
 /tmp
[2022-05-16 09:47:35,140] {subprocess.py:63} INFO - Running command: ['bash', '-c', 'echo "Tien Dep Zai"']
[2022-05-16 09:47:35,152] {subprocess.py:75} INFO - Output:
[2022-05-16 09:47:35,154] {subprocess.py:79} INFO - Tien Dep Zai
[2022-05-16 09:47:35,155] {subprocess.py:83} INFO - Command exited with return code 0
[2022-05-16 09:47:35,192] {taskinstance.py:1204} INFO - Marking task as SUCCESS. dag_id=a2, task_id=t2, execution_date=20220516T094000, start_date=20220516T094735, end_date=20220516T094735
[2022-05-16 09:47:35,224] {taskinstance.py:1265} INFO - 0 downstream tasks scheduled from follow-on schedule check
[2022-05-16 09:47:35,241] {local_task_job.py:151} INFO - Task exited with return code 0
