[2022-05-15 16:47:35,157] {taskinstance.py:896} INFO - Dependencies all met for <TaskInstance: first_dag.first_function_execute 2022-05-14T00:00:00+00:00 [queued]>
[2022-05-15 16:47:35,175] {taskinstance.py:896} INFO - Dependencies all met for <TaskInstance: first_dag.first_function_execute 2022-05-14T00:00:00+00:00 [queued]>
[2022-05-15 16:47:35,175] {taskinstance.py:1087} INFO - 
--------------------------------------------------------------------------------
[2022-05-15 16:47:35,175] {taskinstance.py:1088} INFO - Starting attempt 1 of 2
[2022-05-15 16:47:35,175] {taskinstance.py:1089} INFO - 
--------------------------------------------------------------------------------
[2022-05-15 16:47:35,190] {taskinstance.py:1107} INFO - Executing <Task(PythonOperator): first_function_execute> on 2022-05-14T00:00:00+00:00
[2022-05-15 16:47:35,200] {standard_task_runner.py:52} INFO - Started process 259 to run task
[2022-05-15 16:47:35,207] {standard_task_runner.py:76} INFO - Running: ['***', 'tasks', 'run', 'first_dag', 'first_function_execute', '2022-05-14T00:00:00+00:00', '--job-id', '2', '--pool', 'default_pool', '--raw', '--subdir', 'DAGS_FOLDER/test/test.py', '--cfg-path', '/tmp/tmp6s5bdwk8', '--error-file', '/tmp/tmp3l6_bs16']
[2022-05-15 16:47:35,208] {standard_task_runner.py:77} INFO - Job 2: Subtask first_function_execute
[2022-05-15 16:47:35,283] {logging_mixin.py:104} INFO - Running <TaskInstance: first_dag.first_function_execute 2022-05-14T00:00:00+00:00 [running]> on host f55524957fe2
[2022-05-15 16:47:35,351] {taskinstance.py:1300} INFO - Exporting the following env vars:
AIRFLOW_CTX_DAG_OWNER=***
AIRFLOW_CTX_DAG_ID=first_dag
AIRFLOW_CTX_TASK_ID=first_function_execute
AIRFLOW_CTX_EXECUTION_DATE=2022-05-14T00:00:00+00:00
AIRFLOW_CTX_DAG_RUN_ID=scheduled__2022-05-14T00:00:00+00:00
[2022-05-15 16:47:35,352] {logging_mixin.py:104} INFO - first_function_execute
[2022-05-15 16:47:35,371] {python.py:151} INFO - Done. Returned value was: None
[2022-05-15 16:47:35,380] {taskinstance.py:1204} INFO - Marking task as SUCCESS. dag_id=first_dag, task_id=first_function_execute, execution_date=20220514T000000, start_date=20220515T164735, end_date=20220515T164735
[2022-05-15 16:47:35,415] {taskinstance.py:1265} INFO - 1 downstream tasks scheduled from follow-on schedule check
[2022-05-15 16:47:35,458] {local_task_job.py:151} INFO - Task exited with return code 0
