[2022-05-18 08:09:03,874] {taskinstance.py:896} INFO - Dependencies all met for <TaskInstance: UTE_THONG_BAO_V1.schedule_bgg_crawler 2022-05-18T08:00:00+00:00 [queued]>
[2022-05-18 08:09:03,891] {taskinstance.py:896} INFO - Dependencies all met for <TaskInstance: UTE_THONG_BAO_V1.schedule_bgg_crawler 2022-05-18T08:00:00+00:00 [queued]>
[2022-05-18 08:09:03,891] {taskinstance.py:1087} INFO - 
--------------------------------------------------------------------------------
[2022-05-18 08:09:03,891] {taskinstance.py:1088} INFO - Starting attempt 1 of 1
[2022-05-18 08:09:03,891] {taskinstance.py:1089} INFO - 
--------------------------------------------------------------------------------
[2022-05-18 08:09:03,900] {taskinstance.py:1107} INFO - Executing <Task(BashOperator): schedule_bgg_crawler> on 2022-05-18T08:00:00+00:00
[2022-05-18 08:09:03,904] {standard_task_runner.py:52} INFO - Started process 220 to run task
[2022-05-18 08:09:03,909] {standard_task_runner.py:76} INFO - Running: ['***', 'tasks', 'run', 'UTE_THONG_BAO_V1', 'schedule_bgg_crawler', '2022-05-18T08:00:00+00:00', '--job-id', '173', '--pool', 'default_pool', '--raw', '--subdir', 'DAGS_FOLDER/test/test.py', '--cfg-path', '/tmp/tmporch5ab7', '--error-file', '/tmp/tmp0rcme06h']
[2022-05-18 08:09:03,909] {standard_task_runner.py:77} INFO - Job 173: Subtask schedule_bgg_crawler
[2022-05-18 08:09:03,963] {logging_mixin.py:104} INFO - Running <TaskInstance: UTE_THONG_BAO_V1.schedule_bgg_crawler 2022-05-18T08:00:00+00:00 [running]> on host 0b42bd968922
[2022-05-18 08:09:04,018] {taskinstance.py:1300} INFO - Exporting the following env vars:
AIRFLOW_CTX_DAG_OWNER=UTE_THONG_BAO_V1
AIRFLOW_CTX_DAG_ID=UTE_THONG_BAO_V1
AIRFLOW_CTX_TASK_ID=schedule_bgg_crawler
AIRFLOW_CTX_EXECUTION_DATE=2022-05-18T08:00:00+00:00
AIRFLOW_CTX_DAG_RUN_ID=scheduled__2022-05-18T08:00:00+00:00
[2022-05-18 08:09:04,019] {subprocess.py:52} INFO - Tmp dir root location: 
 /tmp
[2022-05-18 08:09:04,020] {subprocess.py:63} INFO - Running command: ['bash', '-c', 'cd /opt/***/dags/test && scrapy crawl thongbao && echo "xong t1"']
[2022-05-18 08:09:04,032] {subprocess.py:75} INFO - Output:
[2022-05-18 08:09:06,173] {subprocess.py:79} INFO - sh: 1: dags/test: not found
[2022-05-18 08:09:06,228] {subprocess.py:79} INFO - 2022-05-18 08:09:06 [scrapy.utils.log] INFO: Scrapy 2.6.1 started (bot: thongbao)
[2022-05-18 08:09:06,230] {subprocess.py:79} INFO - 2022-05-18 08:09:06 [scrapy.utils.log] INFO: Versions: lxml 4.8.0.0, libxml2 2.9.12, cssselect 1.1.0, parsel 1.6.0, w3lib 1.22.0, Twisted 22.4.0, Python 3.8.12 (default, Dec 21 2021, 11:15:53) - [GCC 8.3.0], pyOpenSSL 19.1.0 (OpenSSL 1.1.1k  25 Mar 2021), cryptography 3.4.7, Platform Linux-5.13.0-39-generic-x86_64-with-glibc2.2.5
[2022-05-18 08:09:06,237] {subprocess.py:79} INFO - 2022-05-18 08:09:06 [scrapy.crawler] INFO: Overridden settings:
[2022-05-18 08:09:06,237] {subprocess.py:79} INFO - {'BOT_NAME': 'thongbao',
[2022-05-18 08:09:06,237] {subprocess.py:79} INFO -  'FEED_EXPORT_ENCODING': 'utf-8',
[2022-05-18 08:09:06,237] {subprocess.py:79} INFO -  'NEWSPIDER_MODULE': 'thongbao.spiders',
[2022-05-18 08:09:06,238] {subprocess.py:79} INFO -  'SPIDER_MODULES': ['thongbao.spiders']}
[2022-05-18 08:09:06,243] {subprocess.py:79} INFO - 2022-05-18 08:09:06 [scrapy.utils.log] DEBUG: Using reactor: twisted.internet.epollreactor.EPollReactor
[2022-05-18 08:09:06,269] {subprocess.py:79} INFO - 2022-05-18 08:09:06 [scrapy.extensions.telnet] INFO: Telnet Password: af2afdf42174439b
[2022-05-18 08:09:06,305] {subprocess.py:79} INFO - 2022-05-18 08:09:06 [scrapy.middleware] INFO: Enabled extensions:
[2022-05-18 08:09:06,305] {subprocess.py:79} INFO - ['scrapy.extensions.corestats.CoreStats',
[2022-05-18 08:09:06,305] {subprocess.py:79} INFO -  'scrapy.extensions.telnet.TelnetConsole',
[2022-05-18 08:09:06,305] {subprocess.py:79} INFO -  'scrapy.extensions.memusage.MemoryUsage',
[2022-05-18 08:09:06,305] {subprocess.py:79} INFO -  'scrapy.extensions.logstats.LogStats']
[2022-05-18 08:09:06,519] {subprocess.py:79} INFO - 2022-05-18 08:09:06 [scrapy.middleware] INFO: Enabled downloader middlewares:
[2022-05-18 08:09:06,519] {subprocess.py:79} INFO - ['scrapy.downloadermiddlewares.httpauth.HttpAuthMiddleware',
[2022-05-18 08:09:06,519] {subprocess.py:79} INFO -  'scrapy.downloadermiddlewares.downloadtimeout.DownloadTimeoutMiddleware',
[2022-05-18 08:09:06,520] {subprocess.py:79} INFO -  'scrapy.downloadermiddlewares.defaultheaders.DefaultHeadersMiddleware',
[2022-05-18 08:09:06,520] {subprocess.py:79} INFO -  'scrapy.downloadermiddlewares.useragent.UserAgentMiddleware',
[2022-05-18 08:09:06,520] {subprocess.py:79} INFO -  'thongbao.middlewares.ThongbaoDownloaderMiddleware',
[2022-05-18 08:09:06,520] {subprocess.py:79} INFO -  'scrapy.downloadermiddlewares.retry.RetryMiddleware',
[2022-05-18 08:09:06,520] {subprocess.py:79} INFO -  'scrapy.downloadermiddlewares.redirect.MetaRefreshMiddleware',
[2022-05-18 08:09:06,520] {subprocess.py:79} INFO -  'scrapy.downloadermiddlewares.httpcompression.HttpCompressionMiddleware',
[2022-05-18 08:09:06,521] {subprocess.py:79} INFO -  'scrapy.downloadermiddlewares.redirect.RedirectMiddleware',
[2022-05-18 08:09:06,521] {subprocess.py:79} INFO -  'scrapy.downloadermiddlewares.cookies.CookiesMiddleware',
[2022-05-18 08:09:06,521] {subprocess.py:79} INFO -  'scrapy.downloadermiddlewares.httpproxy.HttpProxyMiddleware',
[2022-05-18 08:09:06,521] {subprocess.py:79} INFO -  'scrapy.downloadermiddlewares.stats.DownloaderStats']
[2022-05-18 08:09:06,527] {subprocess.py:79} INFO - 2022-05-18 08:09:06 [scrapy.middleware] INFO: Enabled spider middlewares:
[2022-05-18 08:09:06,527] {subprocess.py:79} INFO - ['scrapy.spidermiddlewares.httperror.HttpErrorMiddleware',
[2022-05-18 08:09:06,527] {subprocess.py:79} INFO -  'scrapy.spidermiddlewares.offsite.OffsiteMiddleware',
[2022-05-18 08:09:06,528] {subprocess.py:79} INFO -  'scrapy.spidermiddlewares.referer.RefererMiddleware',
[2022-05-18 08:09:06,528] {subprocess.py:79} INFO -  'scrapy.spidermiddlewares.urllength.UrlLengthMiddleware',
[2022-05-18 08:09:06,528] {subprocess.py:79} INFO -  'scrapy.spidermiddlewares.depth.DepthMiddleware']
[2022-05-18 08:09:06,559] {subprocess.py:79} INFO - 2022-05-18 08:09:06 [scrapy.middleware] INFO: Enabled item pipelines:
[2022-05-18 08:09:06,560] {subprocess.py:79} INFO - ['thongbao.pipelines.ThongbaoPipeline']
[2022-05-18 08:09:06,561] {subprocess.py:79} INFO - 2022-05-18 08:09:06 [scrapy.core.engine] INFO: Spider opened
[2022-05-18 08:09:06,828] {subprocess.py:79} INFO - 2022-05-18 08:09:06 [scrapy.extensions.logstats] INFO: Crawled 0 pages (at 0 pages/min), scraped 0 items (at 0 items/min)
[2022-05-18 08:09:06,829] {subprocess.py:79} INFO - 2022-05-18 08:09:06 [thongbao] INFO: Spider opened: thongbao
[2022-05-18 08:09:06,830] {subprocess.py:79} INFO - 2022-05-18 08:09:06 [scrapy.extensions.telnet] INFO: Telnet console listening on 127.0.0.1:6023
[2022-05-18 08:09:06,840] {subprocess.py:79} INFO - 2022-05-18 08:09:06 [root] DEBUG: current user-agent: E
[2022-05-18 08:09:07,242] {subprocess.py:79} INFO - 2022-05-18 08:09:07 [filelock] DEBUG: Attempting to acquire lock 139867059297680 on /home/***/.cache/python-tldextract/3.8.12.final__local__ecb11d__tldextract-3.3.0/publicsuffix.org-tlds/de84b5ca2167d4c83e38fb162f2e8738.tldextract.json.lock
[2022-05-18 08:09:07,242] {subprocess.py:79} INFO - 2022-05-18 08:09:07 [filelock] INFO: Lock 139867059297680 acquired on /home/***/.cache/python-tldextract/3.8.12.final__local__ecb11d__tldextract-3.3.0/publicsuffix.org-tlds/de84b5ca2167d4c83e38fb162f2e8738.tldextract.json.lock
[2022-05-18 08:09:07,246] {subprocess.py:79} INFO - 2022-05-18 08:09:07 [filelock] DEBUG: Attempting to release lock 139867059297680 on /home/***/.cache/python-tldextract/3.8.12.final__local__ecb11d__tldextract-3.3.0/publicsuffix.org-tlds/de84b5ca2167d4c83e38fb162f2e8738.tldextract.json.lock
[2022-05-18 08:09:07,246] {subprocess.py:79} INFO - 2022-05-18 08:09:07 [filelock] INFO: Lock 139867059297680 released on /home/***/.cache/python-tldextract/3.8.12.final__local__ecb11d__tldextract-3.3.0/publicsuffix.org-tlds/de84b5ca2167d4c83e38fb162f2e8738.tldextract.json.lock
[2022-05-18 08:09:07,254] {subprocess.py:79} INFO - 2022-05-18 08:09:07 [scrapy.core.engine] DEBUG: Crawled (200) <GET http://daotao.ute.udn.vn/> (referer: None)
[2022-05-18 08:09:07,393] {subprocess.py:79} INFO - 2022-05-18 08:09:07 [root] DEBUG: current user-agent: R
[2022-05-18 08:09:07,401] {subprocess.py:79} INFO - 2022-05-18 08:09:07 [root] INFO: [!] OLD_DATA STOP !!
[2022-05-18 08:09:07,405] {subprocess.py:79} INFO - 2022-05-18 08:09:07 [root] DEBUG: current user-agent: T
[2022-05-18 08:09:07,734] {subprocess.py:79} INFO - 2022-05-18 08:09:07 [scrapy.core.engine] DEBUG: Crawled (200) <GET http://daotao.ute.udn.vn/viewMsg.asp?mid=20021> (referer: http://daotao.ute.udn.vn/)
[2022-05-18 08:09:07,850] {subprocess.py:79} INFO - 2022-05-18 08:09:07 [scrapy.core.scraper] DEBUG: Scraped from <200 http://daotao.ute.udn.vn/viewMsg.asp?mid=20021>
[2022-05-18 08:09:07,850] {subprocess.py:79} INFO - None
[2022-05-18 08:09:07,961] {subprocess.py:79} INFO - 2022-05-18 08:09:07 [scrapy.core.engine] DEBUG: Crawled (200) <GET http://daotao.ute.udn.vn/viewMsg.asp?mid=20020> (referer: http://daotao.ute.udn.vn/)
[2022-05-18 08:09:08,076] {subprocess.py:79} INFO - 2022-05-18 08:09:08 [scrapy.core.scraper] DEBUG: Scraped from <200 http://daotao.ute.udn.vn/viewMsg.asp?mid=20020>
[2022-05-18 08:09:08,076] {subprocess.py:79} INFO - None
[2022-05-18 08:09:08,076] {subprocess.py:79} INFO - 2022-05-18 08:09:08 [scrapy.core.engine] INFO: Closing spider (finished)
[2022-05-18 08:09:08,078] {subprocess.py:79} INFO - 2022-05-18 08:09:08 [scrapy.statscollectors] INFO: Dumping Scrapy stats:
[2022-05-18 08:09:08,078] {subprocess.py:79} INFO - {'downloader/request_bytes': 875,
[2022-05-18 08:09:08,078] {subprocess.py:79} INFO -  'downloader/request_count': 3,
[2022-05-18 08:09:08,078] {subprocess.py:79} INFO -  'downloader/request_method_count/GET': 3,
[2022-05-18 08:09:08,078] {subprocess.py:79} INFO -  'downloader/response_bytes': 61852,
[2022-05-18 08:09:08,079] {subprocess.py:79} INFO -  'downloader/response_count': 3,
[2022-05-18 08:09:08,079] {subprocess.py:79} INFO -  'downloader/response_status_count/200': 3,
[2022-05-18 08:09:08,079] {subprocess.py:79} INFO -  'elapsed_time_seconds': 1.249471,
[2022-05-18 08:09:08,079] {subprocess.py:79} INFO -  'finish_reason': 'finished',
[2022-05-18 08:09:08,079] {subprocess.py:79} INFO -  'finish_time': datetime.datetime(2022, 5, 18, 8, 9, 8, 77735),
[2022-05-18 08:09:08,079] {subprocess.py:79} INFO -  'httpcompression/response_bytes': 243651,
[2022-05-18 08:09:08,079] {subprocess.py:79} INFO -  'httpcompression/response_count': 3,
[2022-05-18 08:09:08,079] {subprocess.py:79} INFO -  'item_scraped_count': 2,
[2022-05-18 08:09:08,079] {subprocess.py:79} INFO -  'log_count/DEBUG': 11,
[2022-05-18 08:09:08,079] {subprocess.py:79} INFO -  'log_count/INFO': 14,
[2022-05-18 08:09:08,080] {subprocess.py:79} INFO -  'memusage/max': 64737280,
[2022-05-18 08:09:08,080] {subprocess.py:79} INFO -  'memusage/startup': 64737280,
[2022-05-18 08:09:08,080] {subprocess.py:79} INFO -  'request_depth_max': 1,
[2022-05-18 08:09:08,080] {subprocess.py:79} INFO -  'response_received_count': 3,
[2022-05-18 08:09:08,080] {subprocess.py:79} INFO -  'scheduler/dequeued': 3,
[2022-05-18 08:09:08,080] {subprocess.py:79} INFO -  'scheduler/dequeued/memory': 3,
[2022-05-18 08:09:08,080] {subprocess.py:79} INFO -  'scheduler/enqueued': 3,
[2022-05-18 08:09:08,080] {subprocess.py:79} INFO -  'scheduler/enqueued/memory': 3,
[2022-05-18 08:09:08,080] {subprocess.py:79} INFO -  'start_time': datetime.datetime(2022, 5, 18, 8, 9, 6, 828264),
[2022-05-18 08:09:08,080] {subprocess.py:79} INFO -  'thongbao/saved': 2}
[2022-05-18 08:09:08,080] {subprocess.py:79} INFO - 2022-05-18 08:09:08 [scrapy.core.engine] INFO: Spider closed (finished)
[2022-05-18 08:09:08,080] {subprocess.py:79} INFO - current user-agent: E
[2022-05-18 08:09:08,080] {subprocess.py:79} INFO - viewMsg.asp?mid=20021
[2022-05-18 08:09:08,081] {subprocess.py:79} INFO - 20019
[2022-05-18 08:09:08,081] {subprocess.py:79} INFO - 20018
[2022-05-18 08:09:08,081] {subprocess.py:79} INFO - 20016
[2022-05-18 08:09:08,081] {subprocess.py:79} INFO - 20015
[2022-05-18 08:09:08,081] {subprocess.py:79} INFO - 20014
[2022-05-18 08:09:08,081] {subprocess.py:79} INFO - current user-agent: R
[2022-05-18 08:09:08,081] {subprocess.py:79} INFO - viewMsg.asp?mid=20020
[2022-05-18 08:09:08,081] {subprocess.py:79} INFO - 20019
[2022-05-18 08:09:08,081] {subprocess.py:79} INFO - 20018
[2022-05-18 08:09:08,081] {subprocess.py:79} INFO - 20016
[2022-05-18 08:09:08,081] {subprocess.py:79} INFO - 20015
[2022-05-18 08:09:08,081] {subprocess.py:79} INFO - 20014
[2022-05-18 08:09:08,082] {subprocess.py:79} INFO - viewMsg.asp?mid=20019
[2022-05-18 08:09:08,082] {subprocess.py:79} INFO - 20019
[2022-05-18 08:09:08,082] {subprocess.py:79} INFO - current user-agent: T
[2022-05-18 08:09:08,232] {subprocess.py:79} INFO - xong t1
[2022-05-18 08:09:08,233] {subprocess.py:83} INFO - Command exited with return code 0
[2022-05-18 08:09:08,261] {taskinstance.py:1204} INFO - Marking task as SUCCESS. dag_id=UTE_THONG_BAO_V1, task_id=schedule_bgg_crawler, execution_date=20220518T080000, start_date=20220518T080903, end_date=20220518T080908
[2022-05-18 08:09:08,287] {taskinstance.py:1265} INFO - 0 downstream tasks scheduled from follow-on schedule check
[2022-05-18 08:09:08,302] {local_task_job.py:151} INFO - Task exited with return code 0
