[2022-05-16 17:25:02,934] {taskinstance.py:896} INFO - Dependencies all met for <TaskInstance: UTE_THONG_BAO_V1.t2 2022-05-16T17:20:00+00:00 [queued]>
[2022-05-16 17:25:02,941] {taskinstance.py:896} INFO - Dependencies all met for <TaskInstance: UTE_THONG_BAO_V1.t2 2022-05-16T17:20:00+00:00 [queued]>
[2022-05-16 17:25:02,941] {taskinstance.py:1087} INFO - 
--------------------------------------------------------------------------------
[2022-05-16 17:25:02,941] {taskinstance.py:1088} INFO - Starting attempt 1 of 1
[2022-05-16 17:25:02,942] {taskinstance.py:1089} INFO - 
--------------------------------------------------------------------------------
[2022-05-16 17:25:02,947] {taskinstance.py:1107} INFO - Executing <Task(PythonOperator): t2> on 2022-05-16T17:20:00+00:00
[2022-05-16 17:25:02,950] {standard_task_runner.py:52} INFO - Started process 19159 to run task
[2022-05-16 17:25:02,952] {standard_task_runner.py:76} INFO - Running: ['***', 'tasks', 'run', 'UTE_THONG_BAO_V1', 't2', '2022-05-16T17:20:00+00:00', '--job-id', '109', '--pool', 'default_pool', '--raw', '--subdir', 'DAGS_FOLDER/test/test.py', '--cfg-path', '/tmp/tmpujw24fr2', '--error-file', '/tmp/tmp83zpkj4f']
[2022-05-16 17:25:02,952] {standard_task_runner.py:77} INFO - Job 109: Subtask t2
[2022-05-16 17:25:02,978] {logging_mixin.py:104} INFO - Running <TaskInstance: UTE_THONG_BAO_V1.t2 2022-05-16T17:20:00+00:00 [running]> on host 65d21844f899
[2022-05-16 17:25:03,009] {taskinstance.py:1300} INFO - Exporting the following env vars:
AIRFLOW_CTX_DAG_OWNER=UTE_THONG_BAO_V1
AIRFLOW_CTX_DAG_ID=UTE_THONG_BAO_V1
AIRFLOW_CTX_TASK_ID=t2
AIRFLOW_CTX_EXECUTION_DATE=2022-05-16T17:20:00+00:00
AIRFLOW_CTX_DAG_RUN_ID=scheduled__2022-05-16T17:20:00+00:00
[2022-05-16 17:25:03,016] {logging_mixin.py:104} INFO - 2050531200310 221CDPM02
[2022-05-16 17:25:03,018] {logging_mixin.py:104} INFO - failed to send mail
[2022-05-16 17:25:03,018] {logging_mixin.py:104} INFO - [+] DONE SEND MAIL !!
[2022-05-16 17:25:03,019] {python.py:151} INFO - Done. Returned value was: None
[2022-05-16 17:25:03,024] {taskinstance.py:1204} INFO - Marking task as SUCCESS. dag_id=UTE_THONG_BAO_V1, task_id=t2, execution_date=20220516T172000, start_date=20220516T172502, end_date=20220516T172503
[2022-05-16 17:25:03,041] {taskinstance.py:1265} INFO - 1 downstream tasks scheduled from follow-on schedule check
[2022-05-16 17:25:03,083] {local_task_job.py:151} INFO - Task exited with return code 0
