[2022-05-18 08:55:04,515] {taskinstance.py:896} INFO - Dependencies all met for <TaskInstance: UTE_THONG_BAO_V1.t2 2022-05-18T08:50:00+00:00 [queued]>
[2022-05-18 08:55:04,526] {taskinstance.py:896} INFO - Dependencies all met for <TaskInstance: UTE_THONG_BAO_V1.t2 2022-05-18T08:50:00+00:00 [queued]>
[2022-05-18 08:55:04,526] {taskinstance.py:1087} INFO - 
--------------------------------------------------------------------------------
[2022-05-18 08:55:04,527] {taskinstance.py:1088} INFO - Starting attempt 1 of 1
[2022-05-18 08:55:04,527] {taskinstance.py:1089} INFO - 
--------------------------------------------------------------------------------
[2022-05-18 08:55:04,536] {taskinstance.py:1107} INFO - Executing <Task(PythonOperator): t2> on 2022-05-18T08:50:00+00:00
[2022-05-18 08:55:04,539] {standard_task_runner.py:52} INFO - Started process 5652 to run task
[2022-05-18 08:55:04,543] {standard_task_runner.py:76} INFO - Running: ['***', 'tasks', 'run', 'UTE_THONG_BAO_V1', 't2', '2022-05-18T08:50:00+00:00', '--job-id', '192', '--pool', 'default_pool', '--raw', '--subdir', 'DAGS_FOLDER/test/test.py', '--cfg-path', '/tmp/tmpw8jrts1m', '--error-file', '/tmp/tmp86_1x9jk']
[2022-05-18 08:55:04,544] {standard_task_runner.py:77} INFO - Job 192: Subtask t2
[2022-05-18 08:55:04,584] {logging_mixin.py:104} INFO - Running <TaskInstance: UTE_THONG_BAO_V1.t2 2022-05-18T08:50:00+00:00 [running]> on host 0b42bd968922
[2022-05-18 08:55:04,633] {taskinstance.py:1300} INFO - Exporting the following env vars:
AIRFLOW_CTX_DAG_OWNER=UTE_THONG_BAO_V1
AIRFLOW_CTX_DAG_ID=UTE_THONG_BAO_V1
AIRFLOW_CTX_TASK_ID=t2
AIRFLOW_CTX_EXECUTION_DATE=2022-05-18T08:50:00+00:00
AIRFLOW_CTX_DAG_RUN_ID=scheduled__2022-05-18T08:50:00+00:00
[2022-05-18 08:55:04,645] {logging_mixin.py:104} INFO - 2050531200310 221CDPM02 Chuyên đề phần mềm
[2022-05-18 08:55:08,201] {logging_mixin.py:104} INFO - [+] Successfully sent the mail
[2022-05-18 08:55:08,201] {logging_mixin.py:104} INFO - 

[!] Done Send Mail :2050531200310
[2022-05-18 08:55:08,201] {logging_mixin.py:104} INFO - 2050531200335 221DHPC03 Đồ họa máy tính
[2022-05-18 08:55:08,203] {logging_mixin.py:104} INFO - 2050531200352 221CDPM02 Chuyên đề phần mềm
[2022-05-18 08:55:11,483] {logging_mixin.py:104} INFO - [+] Successfully sent the mail
[2022-05-18 08:55:11,483] {logging_mixin.py:104} INFO - 

[!] Done Send Mail :2050531200352
[2022-05-18 08:55:11,484] {logging_mixin.py:104} INFO - 2050531200310 221TLTTQ03 TH Lập trình trực quan
[2022-05-18 08:55:11,485] {logging_mixin.py:104} INFO - 2050531200310 221TTNT01 Trí tuệ nhân tạo
[2022-05-18 08:55:14,959] {logging_mixin.py:104} INFO - [+] Successfully sent the mail
[2022-05-18 08:55:14,959] {logging_mixin.py:104} INFO - 

[!] Done Send Mail :2050531200310
[2022-05-18 08:55:14,959] {logging_mixin.py:104} INFO - 2050531200310 221GDTC423 Giáo dục thể chất IV
[2022-05-18 08:55:14,960] {logging_mixin.py:104} INFO - 2050531200310 221OOAD02 Phân tích thiết kế hướng đối tượng
[2022-05-18 08:55:14,961] {logging_mixin.py:104} INFO - 2050531200310 221KTCT03 Kinh tế chính trị
[2022-05-18 08:55:14,962] {logging_mixin.py:104} INFO - 2050531200310 221LTJNC01 Lập trình Java nâng cao
[2022-05-18 08:55:14,963] {logging_mixin.py:104} INFO - 2050531200310 221TLTJNC06 TH Lập trình Java nâng cao
[2022-05-18 08:55:14,964] {logging_mixin.py:104} INFO - 2050531200310 221LTTQ01 Lập trình trực quan
[2022-05-18 08:55:14,965] {logging_mixin.py:104} INFO - 2050531200310 221NNCNC03 Ngoại ngữ chuyên ngành CNTT
[2022-05-18 08:55:14,966] {logging_mixin.py:104} INFO - 2050531200310 221DHPC03 Đồ họa máy tính
[2022-05-18 08:55:14,967] {logging_mixin.py:104} INFO - 2050531200310 221TDHMT01 TH Đồ họa máy tính
[2022-05-18 08:55:14,970] {logging_mixin.py:104} INFO - 

[+] DONE SEND MAIL !!
[2022-05-18 08:55:14,970] {python.py:151} INFO - Done. Returned value was: None
[2022-05-18 08:55:14,977] {taskinstance.py:1204} INFO - Marking task as SUCCESS. dag_id=UTE_THONG_BAO_V1, task_id=t2, execution_date=20220518T085000, start_date=20220518T085504, end_date=20220518T085514
[2022-05-18 08:55:15,001] {taskinstance.py:1265} INFO - 1 downstream tasks scheduled from follow-on schedule check
[2022-05-18 08:55:15,033] {local_task_job.py:151} INFO - Task exited with return code 0
