[2022-05-16 06:27:14,827] {taskinstance.py:896} INFO - Dependencies all met for <TaskInstance: bgg_crawler.schedule_bgg_crawler 2022-05-16T05:00:00+00:00 [queued]>
[2022-05-16 06:27:14,833] {taskinstance.py:896} INFO - Dependencies all met for <TaskInstance: bgg_crawler.schedule_bgg_crawler 2022-05-16T05:00:00+00:00 [queued]>
[2022-05-16 06:27:14,833] {taskinstance.py:1087} INFO - 
--------------------------------------------------------------------------------
[2022-05-16 06:27:14,833] {taskinstance.py:1088} INFO - Starting attempt 1 of 1
[2022-05-16 06:27:14,833] {taskinstance.py:1089} INFO - 
--------------------------------------------------------------------------------
[2022-05-16 06:27:14,840] {taskinstance.py:1107} INFO - Executing <Task(BashOperator): schedule_bgg_crawler> on 2022-05-16T05:00:00+00:00
[2022-05-16 06:27:14,841] {standard_task_runner.py:52} INFO - Started process 92 to run task
[2022-05-16 06:27:14,843] {standard_task_runner.py:76} INFO - Running: ['***', 'tasks', 'run', 'bgg_crawler', 'schedule_bgg_crawler', '2022-05-16T05:00:00+00:00', '--job-id', '6', '--pool', 'default_pool', '--raw', '--subdir', 'DAGS_FOLDER/test/test.py', '--cfg-path', '/tmp/tmp0a0u5nc5', '--error-file', '/tmp/tmp6vu9tjgh']
[2022-05-16 06:27:14,844] {standard_task_runner.py:77} INFO - Job 6: Subtask schedule_bgg_crawler
[2022-05-16 06:27:14,884] {logging_mixin.py:104} INFO - Running <TaskInstance: bgg_crawler.schedule_bgg_crawler 2022-05-16T05:00:00+00:00 [running]> on host f55524957fe2
[2022-05-16 06:27:14,913] {taskinstance.py:1300} INFO - Exporting the following env vars:
AIRFLOW_CTX_DAG_OWNER=***
AIRFLOW_CTX_DAG_ID=bgg_crawler
AIRFLOW_CTX_TASK_ID=schedule_bgg_crawler
AIRFLOW_CTX_EXECUTION_DATE=2022-05-16T05:00:00+00:00
AIRFLOW_CTX_DAG_RUN_ID=scheduled__2022-05-16T05:00:00+00:00
[2022-05-16 06:27:14,914] {subprocess.py:52} INFO - Tmp dir root location: 
 /tmp
[2022-05-16 06:27:14,914] {subprocess.py:63} INFO - Running command: ['bash', '-c', 'ls']
[2022-05-16 06:27:14,918] {subprocess.py:75} INFO - Output:
[2022-05-16 06:27:14,927] {subprocess.py:83} INFO - Command exited with return code 0
[2022-05-16 06:27:14,943] {taskinstance.py:1204} INFO - Marking task as SUCCESS. dag_id=bgg_crawler, task_id=schedule_bgg_crawler, execution_date=20220516T050000, start_date=20220516T062714, end_date=20220516T062714
[2022-05-16 06:27:14,955] {taskinstance.py:1265} INFO - 0 downstream tasks scheduled from follow-on schedule check
[2022-05-16 06:27:14,975] {local_task_job.py:151} INFO - Task exited with return code 0
