[2022-05-17 08:50:01,812] {taskinstance.py:896} INFO - Dependencies all met for <TaskInstance: UTE_THONG_BAO_V1.t2 2022-05-17T08:45:00+00:00 [queued]>
[2022-05-17 08:50:01,821] {taskinstance.py:896} INFO - Dependencies all met for <TaskInstance: UTE_THONG_BAO_V1.t2 2022-05-17T08:45:00+00:00 [queued]>
[2022-05-17 08:50:01,821] {taskinstance.py:1087} INFO - 
--------------------------------------------------------------------------------
[2022-05-17 08:50:01,821] {taskinstance.py:1088} INFO - Starting attempt 1 of 1
[2022-05-17 08:50:01,821] {taskinstance.py:1089} INFO - 
--------------------------------------------------------------------------------
[2022-05-17 08:50:01,835] {taskinstance.py:1107} INFO - Executing <Task(PythonOperator): t2> on 2022-05-17T08:45:00+00:00
[2022-05-17 08:50:01,838] {standard_task_runner.py:52} INFO - Started process 3160 to run task
[2022-05-17 08:50:01,842] {standard_task_runner.py:76} INFO - Running: ['***', 'tasks', 'run', 'UTE_THONG_BAO_V1', 't2', '2022-05-17T08:45:00+00:00', '--job-id', '164', '--pool', 'default_pool', '--raw', '--subdir', 'DAGS_FOLDER/test/test.py', '--cfg-path', '/tmp/tmp_bu_r768', '--error-file', '/tmp/tmpko_c63pa']
[2022-05-17 08:50:01,843] {standard_task_runner.py:77} INFO - Job 164: Subtask t2
[2022-05-17 08:50:01,879] {logging_mixin.py:104} INFO - Running <TaskInstance: UTE_THONG_BAO_V1.t2 2022-05-17T08:45:00+00:00 [running]> on host 0b42bd968922
[2022-05-17 08:50:01,911] {taskinstance.py:1300} INFO - Exporting the following env vars:
AIRFLOW_CTX_DAG_OWNER=UTE_THONG_BAO_V1
AIRFLOW_CTX_DAG_ID=UTE_THONG_BAO_V1
AIRFLOW_CTX_TASK_ID=t2
AIRFLOW_CTX_EXECUTION_DATE=2022-05-17T08:45:00+00:00
AIRFLOW_CTX_DAG_RUN_ID=scheduled__2022-05-17T08:45:00+00:00
[2022-05-17 08:50:01,916] {logging_mixin.py:104} INFO - 2050531200310 221CDPM02 Chuyên đề phần mềm
[2022-05-17 08:50:05,964] {logging_mixin.py:104} INFO - [+] Successfully sent the mail
[2022-05-17 08:50:05,965] {logging_mixin.py:104} INFO - 

[!] Done Send Mail :2050531200310
[2022-05-17 08:50:05,965] {logging_mixin.py:104} INFO - 2050531200360 221LTDT02 Lý thuyết đồ thị
[2022-05-17 08:50:05,970] {logging_mixin.py:104} INFO - 2050531200360 221CDPM02 Chuyên đề phần mềm
[2022-05-17 08:50:09,353] {logging_mixin.py:104} INFO - [+] Successfully sent the mail
[2022-05-17 08:50:09,354] {logging_mixin.py:104} INFO - 

[!] Done Send Mail :2050531200360
[2022-05-17 08:50:09,354] {logging_mixin.py:104} INFO - 2050531200310 221TTNT01 Trí tuệ nhân tạo
[2022-05-17 08:50:12,944] {logging_mixin.py:104} INFO - [+] Successfully sent the mail
[2022-05-17 08:50:12,945] {logging_mixin.py:104} INFO - 

[!] Done Send Mail :2050531200310
[2022-05-17 08:50:12,945] {logging_mixin.py:104} INFO - 2050531200310 221GDTC423 Giáo dục thể chất IV
[2022-05-17 08:50:12,949] {logging_mixin.py:104} INFO - 2050531200310 221OOAD02 Phân tích thiết kế hướng đối tượng
[2022-05-17 08:50:12,953] {logging_mixin.py:104} INFO - 2050531200310 221KTCT03 Kinh tế chính trị
[2022-05-17 08:50:12,957] {logging_mixin.py:104} INFO - 2050531200310 221LTJNC01 Lập trình Java nâng cao
[2022-05-17 08:50:12,960] {logging_mixin.py:104} INFO - 2050531200310 221TLTJNC06 TH Lập trình Java nâng cao
[2022-05-17 08:50:12,964] {logging_mixin.py:104} INFO - 2050531200310 221LTTQ01 Lập trình trực quan
[2022-05-17 08:50:12,967] {logging_mixin.py:104} INFO - 2050531200310 221NNCNC03 Ngoại ngữ chuyên ngành CNTT
[2022-05-17 08:50:12,971] {logging_mixin.py:104} INFO - 2050531200310 221TLTTQ03 TH Lập trình trực quan
[2022-05-17 08:50:12,975] {logging_mixin.py:104} INFO - 2050531200310 221DHPC03 Đồ họa máy tính
[2022-05-17 08:50:12,979] {logging_mixin.py:104} INFO - 2050531200310 221TDHMT01 TH Đồ họa máy tính
[2022-05-17 08:50:12,985] {logging_mixin.py:104} INFO - 

[+] DONE SEND MAIL !!
[2022-05-17 08:50:12,985] {python.py:151} INFO - Done. Returned value was: None
[2022-05-17 08:50:13,004] {taskinstance.py:1204} INFO - Marking task as SUCCESS. dag_id=UTE_THONG_BAO_V1, task_id=t2, execution_date=20220517T084500, start_date=20220517T085001, end_date=20220517T085013
[2022-05-17 08:50:13,065] {taskinstance.py:1265} INFO - 1 downstream tasks scheduled from follow-on schedule check
[2022-05-17 08:50:13,107] {local_task_job.py:151} INFO - Task exited with return code 0
