[2022-05-16 09:47:31,274] {taskinstance.py:896} INFO - Dependencies all met for <TaskInstance: a2.schedule_bgg_crawler 2022-05-16T09:40:00+00:00 [queued]>
[2022-05-16 09:47:31,280] {taskinstance.py:896} INFO - Dependencies all met for <TaskInstance: a2.schedule_bgg_crawler 2022-05-16T09:40:00+00:00 [queued]>
[2022-05-16 09:47:31,280] {taskinstance.py:1087} INFO - 
--------------------------------------------------------------------------------
[2022-05-16 09:47:31,280] {taskinstance.py:1088} INFO - Starting attempt 1 of 1
[2022-05-16 09:47:31,280] {taskinstance.py:1089} INFO - 
--------------------------------------------------------------------------------
[2022-05-16 09:47:31,286] {taskinstance.py:1107} INFO - Executing <Task(BashOperator): schedule_bgg_crawler> on 2022-05-16T09:40:00+00:00
[2022-05-16 09:47:31,288] {standard_task_runner.py:52} INFO - Started process 276 to run task
[2022-05-16 09:47:31,290] {standard_task_runner.py:76} INFO - Running: ['***', 'tasks', 'run', 'a2', 'schedule_bgg_crawler', '2022-05-16T09:40:00+00:00', '--job-id', '42', '--pool', 'default_pool', '--raw', '--subdir', 'DAGS_FOLDER/test/test.py', '--cfg-path', '/tmp/tmpycviupea', '--error-file', '/tmp/tmps62jpyiu']
[2022-05-16 09:47:31,291] {standard_task_runner.py:77} INFO - Job 42: Subtask schedule_bgg_crawler
[2022-05-16 09:47:31,317] {logging_mixin.py:104} INFO - Running <TaskInstance: a2.schedule_bgg_crawler 2022-05-16T09:40:00+00:00 [running]> on host 71b54ca55a18
[2022-05-16 09:47:31,347] {taskinstance.py:1300} INFO - Exporting the following env vars:
AIRFLOW_CTX_DAG_OWNER=***
AIRFLOW_CTX_DAG_ID=a2
AIRFLOW_CTX_TASK_ID=schedule_bgg_crawler
AIRFLOW_CTX_EXECUTION_DATE=2022-05-16T09:40:00+00:00
AIRFLOW_CTX_DAG_RUN_ID=scheduled__2022-05-16T09:40:00+00:00
[2022-05-16 09:47:31,347] {subprocess.py:52} INFO - Tmp dir root location: 
 /tmp
[2022-05-16 09:47:31,348] {subprocess.py:63} INFO - Running command: ['bash', '-c', 'cd /opt/***/dags && pip list && echo "xong t1"']
[2022-05-16 09:47:31,352] {subprocess.py:75} INFO - Output:
[2022-05-16 09:47:33,099] {subprocess.py:79} INFO - Package                                  Version
[2022-05-16 09:47:33,099] {subprocess.py:79} INFO - ---------------------------------------- ---------
[2022-05-16 09:47:33,099] {subprocess.py:79} INFO - adal                                     1.2.7
[2022-05-16 09:47:33,099] {subprocess.py:79} INFO - alembic                                  1.6.5
[2022-05-16 09:47:33,099] {subprocess.py:79} INFO - amqp                                     2.6.1
[2022-05-16 09:47:33,099] {subprocess.py:79} INFO - anyio                                    3.2.0
[2022-05-16 09:47:33,099] {subprocess.py:79} INFO - apache-***                           2.1.1
[2022-05-16 09:47:33,099] {subprocess.py:79} INFO - apache-***-providers-amazon          2.0.0
[2022-05-16 09:47:33,099] {subprocess.py:79} INFO - apache-***-providers-celery          2.0.0
[2022-05-16 09:47:33,099] {subprocess.py:79} INFO - apache-***-providers-cncf-kubernetes 2.0.0
[2022-05-16 09:47:33,099] {subprocess.py:79} INFO - apache-***-providers-docker          2.0.0
[2022-05-16 09:47:33,099] {subprocess.py:79} INFO - apache-***-providers-elasticsearch   2.0.1
[2022-05-16 09:47:33,099] {subprocess.py:79} INFO - apache-***-providers-ftp             2.0.0
[2022-05-16 09:47:33,099] {subprocess.py:79} INFO - apache-***-providers-google          4.0.0
[2022-05-16 09:47:33,099] {subprocess.py:79} INFO - apache-***-providers-grpc            2.0.0
[2022-05-16 09:47:33,099] {subprocess.py:79} INFO - apache-***-providers-hashicorp       2.0.0
[2022-05-16 09:47:33,099] {subprocess.py:79} INFO - apache-***-providers-http            2.0.0
[2022-05-16 09:47:33,099] {subprocess.py:79} INFO - apache-***-providers-imap            2.0.0
[2022-05-16 09:47:33,100] {subprocess.py:79} INFO - apache-***-providers-microsoft-azure 3.0.0
[2022-05-16 09:47:33,100] {subprocess.py:79} INFO - apache-***-providers-mysql           2.0.0
[2022-05-16 09:47:33,100] {subprocess.py:79} INFO - apache-***-providers-odbc            2.0.0
[2022-05-16 09:47:33,100] {subprocess.py:79} INFO - apache-***-providers-postgres        2.0.0
[2022-05-16 09:47:33,100] {subprocess.py:79} INFO - apache-***-providers-redis           2.0.0
[2022-05-16 09:47:33,100] {subprocess.py:79} INFO - apache-***-providers-sendgrid        2.0.0
[2022-05-16 09:47:33,100] {subprocess.py:79} INFO - apache-***-providers-sftp            2.0.0
[2022-05-16 09:47:33,100] {subprocess.py:79} INFO - apache-***-providers-slack           4.0.0
[2022-05-16 09:47:33,100] {subprocess.py:79} INFO - apache-***-providers-sqlite          2.0.0
[2022-05-16 09:47:33,100] {subprocess.py:79} INFO - apache-***-providers-ssh             2.0.0
[2022-05-16 09:47:33,100] {subprocess.py:79} INFO - apispec                                  3.3.2
[2022-05-16 09:47:33,100] {subprocess.py:79} INFO - appdirs                                  1.4.4
[2022-05-16 09:47:33,100] {subprocess.py:79} INFO - argcomplete                              1.12.3
[2022-05-16 09:47:33,100] {subprocess.py:79} INFO - attrs                                    20.3.0
[2022-05-16 09:47:33,100] {subprocess.py:79} INFO - azure-batch                              10.0.0
[2022-05-16 09:47:33,100] {subprocess.py:79} INFO - azure-common                             1.1.27
[2022-05-16 09:47:33,100] {subprocess.py:79} INFO - azure-core                               1.15.0
[2022-05-16 09:47:33,100] {subprocess.py:79} INFO - azure-cosmos                             3.2.0
[2022-05-16 09:47:33,100] {subprocess.py:79} INFO - azure-datalake-store                     0.0.52
[2022-05-16 09:47:33,100] {subprocess.py:79} INFO - azure-identity                           1.6.0
[2022-05-16 09:47:33,100] {subprocess.py:79} INFO - azure-keyvault                           4.1.0
[2022-05-16 09:47:33,100] {subprocess.py:79} INFO - azure-keyvault-certificates              4.3.0
[2022-05-16 09:47:33,100] {subprocess.py:79} INFO - azure-keyvault-keys                      4.4.0
[2022-05-16 09:47:33,100] {subprocess.py:79} INFO - azure-keyvault-secrets                   4.3.0
[2022-05-16 09:47:33,100] {subprocess.py:79} INFO - azure-kusto-data                         0.0.45
[2022-05-16 09:47:33,100] {subprocess.py:79} INFO - azure-mgmt-containerinstance             1.5.0
[2022-05-16 09:47:33,101] {subprocess.py:79} INFO - azure-mgmt-core                          1.2.2
[2022-05-16 09:47:33,101] {subprocess.py:79} INFO - azure-mgmt-datafactory                   1.1.0
[2022-05-16 09:47:33,101] {subprocess.py:79} INFO - azure-mgmt-datalake-nspkg                3.0.1
[2022-05-16 09:47:33,101] {subprocess.py:79} INFO - azure-mgmt-datalake-store                0.5.0
[2022-05-16 09:47:33,101] {subprocess.py:79} INFO - azure-mgmt-nspkg                         3.0.2
[2022-05-16 09:47:33,101] {subprocess.py:79} INFO - azure-mgmt-resource                      18.0.0
[2022-05-16 09:47:33,101] {subprocess.py:79} INFO - azure-nspkg                              3.0.2
[2022-05-16 09:47:33,101] {subprocess.py:79} INFO - azure-storage-blob                       12.8.1
[2022-05-16 09:47:33,101] {subprocess.py:79} INFO - azure-storage-common                     2.1.0
[2022-05-16 09:47:33,101] {subprocess.py:79} INFO - azure-storage-file                       2.1.0
[2022-05-16 09:47:33,101] {subprocess.py:79} INFO - Babel                                    2.9.1
[2022-05-16 09:47:33,101] {subprocess.py:79} INFO - bcrypt                                   3.2.0
[2022-05-16 09:47:33,101] {subprocess.py:79} INFO - billiard                                 3.6.4.0
[2022-05-16 09:47:33,101] {subprocess.py:79} INFO - blinker                                  1.4
[2022-05-16 09:47:33,101] {subprocess.py:79} INFO - boto3                                    1.17.98
[2022-05-16 09:47:33,101] {subprocess.py:79} INFO - botocore                                 1.20.98
[2022-05-16 09:47:33,101] {subprocess.py:79} INFO - cachetools                               4.2.2
[2022-05-16 09:47:33,101] {subprocess.py:79} INFO - cattrs                                   1.5.0
[2022-05-16 09:47:33,101] {subprocess.py:79} INFO - celery                                   4.4.7
[2022-05-16 09:47:33,101] {subprocess.py:79} INFO - certifi                                  2020.12.5
[2022-05-16 09:47:33,101] {subprocess.py:79} INFO - cffi                                     1.14.5
[2022-05-16 09:47:33,101] {subprocess.py:79} INFO - chardet                                  3.0.4
[2022-05-16 09:47:33,101] {subprocess.py:79} INFO - click                                    7.1.2
[2022-05-16 09:47:33,101] {subprocess.py:79} INFO - clickclick                               20.10.2
[2022-05-16 09:47:33,101] {subprocess.py:79} INFO - cloudpickle                              1.4.1
[2022-05-16 09:47:33,101] {subprocess.py:79} INFO - colorama                                 0.4.4
[2022-05-16 09:47:33,101] {subprocess.py:79} INFO - colorlog                                 5.0.1
[2022-05-16 09:47:33,102] {subprocess.py:79} INFO - commonmark                               0.9.1
[2022-05-16 09:47:33,102] {subprocess.py:79} INFO - croniter                                 1.0.13
[2022-05-16 09:47:33,102] {subprocess.py:79} INFO - cryptography                             3.4.7
[2022-05-16 09:47:33,102] {subprocess.py:79} INFO - dask                                     2021.6.0
[2022-05-16 09:47:33,102] {subprocess.py:79} INFO - defusedxml                               0.7.1
[2022-05-16 09:47:33,102] {subprocess.py:79} INFO - dill                                     0.3.1.1
[2022-05-16 09:47:33,102] {subprocess.py:79} INFO - distlib                                  0.3.2
[2022-05-16 09:47:33,102] {subprocess.py:79} INFO - distributed                              2.19.0
[2022-05-16 09:47:33,102] {subprocess.py:79} INFO - dnspython                                1.16.0
[2022-05-16 09:47:33,102] {subprocess.py:79} INFO - docker                                   5.0.0
[2022-05-16 09:47:33,102] {subprocess.py:79} INFO - docutils                                 0.16
[2022-05-16 09:47:33,102] {subprocess.py:79} INFO - elasticsearch                            7.5.1
[2022-05-16 09:47:33,102] {subprocess.py:79} INFO - elasticsearch-dbapi                      0.1.0
[2022-05-16 09:47:33,102] {subprocess.py:79} INFO - elasticsearch-dsl                        7.3.0
[2022-05-16 09:47:33,102] {subprocess.py:79} INFO - email-validator                          1.1.3
[2022-05-16 09:47:33,102] {subprocess.py:79} INFO - eventlet                                 0.31.0
[2022-05-16 09:47:33,102] {subprocess.py:79} INFO - filelock                                 3.0.12
[2022-05-16 09:47:33,102] {subprocess.py:79} INFO - Flask                                    1.1.4
[2022-05-16 09:47:33,102] {subprocess.py:79} INFO - Flask-AppBuilder                         3.3.1
[2022-05-16 09:47:33,102] {subprocess.py:79} INFO - Flask-Babel                              1.0.0
[2022-05-16 09:47:33,102] {subprocess.py:79} INFO - Flask-Caching                            1.10.1
[2022-05-16 09:47:33,102] {subprocess.py:79} INFO - Flask-JWT-Extended                       3.25.1
[2022-05-16 09:47:33,102] {subprocess.py:79} INFO - Flask-Login                              0.4.1
[2022-05-16 09:47:33,102] {subprocess.py:79} INFO - Flask-OAuthlib                           0.9.5
[2022-05-16 09:47:33,103] {subprocess.py:79} INFO - Flask-OpenID                             1.3.0
[2022-05-16 09:47:33,103] {subprocess.py:79} INFO - Flask-SQLAlchemy                         2.5.1
[2022-05-16 09:47:33,103] {subprocess.py:79} INFO - Flask-WTF                                0.14.3
[2022-05-16 09:47:33,103] {subprocess.py:79} INFO - flower                                   0.9.7
[2022-05-16 09:47:33,103] {subprocess.py:79} INFO - fsspec                                   2021.6.1
[2022-05-16 09:47:33,103] {subprocess.py:79} INFO - gevent                                   21.1.2
[2022-05-16 09:47:33,103] {subprocess.py:79} INFO - google-ads                               7.0.0
[2022-05-16 09:47:33,103] {subprocess.py:79} INFO - google-api-core                          1.30.0
[2022-05-16 09:47:33,103] {subprocess.py:79} INFO - google-api-python-client                 1.12.8
[2022-05-16 09:47:33,103] {subprocess.py:79} INFO - google-auth                              1.32.0
[2022-05-16 09:47:33,103] {subprocess.py:79} INFO - google-auth-httplib2                     0.1.0
[2022-05-16 09:47:33,103] {subprocess.py:79} INFO - google-auth-oauthlib                     0.4.4
[2022-05-16 09:47:33,103] {subprocess.py:79} INFO - google-cloud-appengine-logging           0.1.1
[2022-05-16 09:47:33,103] {subprocess.py:79} INFO - google-cloud-audit-log                   0.1.0
[2022-05-16 09:47:33,103] {subprocess.py:79} INFO - google-cloud-automl                      2.3.0
[2022-05-16 09:47:33,103] {subprocess.py:79} INFO - google-cloud-bigquery                    2.20.0
[2022-05-16 09:47:33,103] {subprocess.py:79} INFO - google-cloud-bigquery-datatransfer       3.2.0
[2022-05-16 09:47:33,103] {subprocess.py:79} INFO - google-cloud-bigquery-storage            2.4.0
[2022-05-16 09:47:33,103] {subprocess.py:79} INFO - google-cloud-bigtable                    1.7.0
[2022-05-16 09:47:33,103] {subprocess.py:79} INFO - google-cloud-container                   1.0.1
[2022-05-16 09:47:33,103] {subprocess.py:79} INFO - google-cloud-core                        1.7.0
[2022-05-16 09:47:33,103] {subprocess.py:79} INFO - google-cloud-datacatalog                 3.2.1
[2022-05-16 09:47:33,103] {subprocess.py:79} INFO - google-cloud-dataproc                    2.4.0
[2022-05-16 09:47:33,103] {subprocess.py:79} INFO - google-cloud-dlp                         1.0.0
[2022-05-16 09:47:33,103] {subprocess.py:79} INFO - google-cloud-kms                         2.3.0
[2022-05-16 09:47:33,103] {subprocess.py:79} INFO - google-cloud-language                    1.3.0
[2022-05-16 09:47:33,104] {subprocess.py:79} INFO - google-cloud-logging                     2.5.0
[2022-05-16 09:47:33,104] {subprocess.py:79} INFO - google-cloud-memcache                    1.0.0
[2022-05-16 09:47:33,104] {subprocess.py:79} INFO - google-cloud-monitoring                  2.3.0
[2022-05-16 09:47:33,104] {subprocess.py:79} INFO - google-cloud-os-login                    2.2.1
[2022-05-16 09:47:33,104] {subprocess.py:79} INFO - google-cloud-pubsub                      2.6.0
[2022-05-16 09:47:33,104] {subprocess.py:79} INFO - google-cloud-redis                       2.1.1
[2022-05-16 09:47:33,104] {subprocess.py:79} INFO - google-cloud-secret-manager              1.0.0
[2022-05-16 09:47:33,104] {subprocess.py:79} INFO - google-cloud-spanner                     1.19.1
[2022-05-16 09:47:33,104] {subprocess.py:79} INFO - google-cloud-speech                      1.3.2
[2022-05-16 09:47:33,104] {subprocess.py:79} INFO - google-cloud-storage                     1.39.0
[2022-05-16 09:47:33,104] {subprocess.py:79} INFO - google-cloud-tasks                       2.3.0
[2022-05-16 09:47:33,104] {subprocess.py:79} INFO - google-cloud-texttospeech                1.0.1
[2022-05-16 09:47:33,104] {subprocess.py:79} INFO - google-cloud-translate                   1.7.0
[2022-05-16 09:47:33,104] {subprocess.py:79} INFO - google-cloud-videointelligence           1.16.1
[2022-05-16 09:47:33,104] {subprocess.py:79} INFO - google-cloud-vision                      1.0.0
[2022-05-16 09:47:33,104] {subprocess.py:79} INFO - google-cloud-workflows                   1.1.0
[2022-05-16 09:47:33,104] {subprocess.py:79} INFO - google-crc32c                            1.1.2
[2022-05-16 09:47:33,104] {subprocess.py:79} INFO - google-resumable-media                   1.3.1
[2022-05-16 09:47:33,104] {subprocess.py:79} INFO - googleapis-common-protos                 1.53.0
[2022-05-16 09:47:33,104] {subprocess.py:79} INFO - graphviz                                 0.16
[2022-05-16 09:47:33,104] {subprocess.py:79} INFO - greenlet                                 1.1.0
[2022-05-16 09:47:33,104] {subprocess.py:79} INFO - grpc-google-iam-v1                       0.12.3
[2022-05-16 09:47:33,104] {subprocess.py:79} INFO - grpcio                                   1.38.1
[2022-05-16 09:47:33,104] {subprocess.py:79} INFO - grpcio-gcp                               0.2.2
[2022-05-16 09:47:33,104] {subprocess.py:79} INFO - gunicorn                                 20.1.0
[2022-05-16 09:47:33,104] {subprocess.py:79} INFO - h11                                      0.12.0
[2022-05-16 09:47:33,105] {subprocess.py:79} INFO - HeapDict                                 1.0.1
[2022-05-16 09:47:33,105] {subprocess.py:79} INFO - httpcore                                 0.13.6
[2022-05-16 09:47:33,105] {subprocess.py:79} INFO - httplib2                                 0.19.1
[2022-05-16 09:47:33,105] {subprocess.py:79} INFO - httpx                                    0.18.2
[2022-05-16 09:47:33,105] {subprocess.py:79} INFO - humanize                                 3.9.0
[2022-05-16 09:47:33,105] {subprocess.py:79} INFO - hvac                                     0.10.14
[2022-05-16 09:47:33,105] {subprocess.py:79} INFO - idna                                     2.10
[2022-05-16 09:47:33,105] {subprocess.py:79} INFO - importlib-metadata                       1.7.0
[2022-05-16 09:47:33,105] {subprocess.py:79} INFO - importlib-resources                      1.5.0
[2022-05-16 09:47:33,105] {subprocess.py:79} INFO - inflection                               0.5.1
[2022-05-16 09:47:33,105] {subprocess.py:79} INFO - iso8601                                  0.1.14
[2022-05-16 09:47:33,105] {subprocess.py:79} INFO - isodate                                  0.6.0
[2022-05-16 09:47:33,105] {subprocess.py:79} INFO - itsdangerous                             1.1.0
[2022-05-16 09:47:33,105] {subprocess.py:79} INFO - Jinja2                                   2.11.3
[2022-05-16 09:47:33,105] {subprocess.py:79} INFO - jmespath                                 0.10.0
[2022-05-16 09:47:33,105] {subprocess.py:79} INFO - json-merge-patch                         0.2
[2022-05-16 09:47:33,105] {subprocess.py:79} INFO - jsonschema                               3.2.0
[2022-05-16 09:47:33,105] {subprocess.py:79} INFO - kombu                                    4.6.11
[2022-05-16 09:47:33,105] {subprocess.py:79} INFO - kubernetes                               11.0.0
[2022-05-16 09:47:33,105] {subprocess.py:79} INFO - lazy-object-proxy                        1.4.3
[2022-05-16 09:47:33,105] {subprocess.py:79} INFO - ldap3                                    2.9
[2022-05-16 09:47:33,105] {subprocess.py:79} INFO - libcst                                   0.3.19
[2022-05-16 09:47:33,105] {subprocess.py:79} INFO - locket                                   0.2.1
[2022-05-16 09:47:33,105] {subprocess.py:79} INFO - lockfile                                 0.12.2
[2022-05-16 09:47:33,105] {subprocess.py:79} INFO - Mako                                     1.1.4
[2022-05-16 09:47:33,105] {subprocess.py:79} INFO - Markdown                                 3.3.4
[2022-05-16 09:47:33,105] {subprocess.py:79} INFO - MarkupSafe                               1.1.1
[2022-05-16 09:47:33,106] {subprocess.py:79} INFO - marshmallow                              3.12.1
[2022-05-16 09:47:33,106] {subprocess.py:79} INFO - marshmallow-enum                         1.5.1
[2022-05-16 09:47:33,106] {subprocess.py:79} INFO - marshmallow-oneofschema                  2.1.0
[2022-05-16 09:47:33,106] {subprocess.py:79} INFO - marshmallow-sqlalchemy                   0.23.1
[2022-05-16 09:47:33,106] {subprocess.py:79} INFO - msal                                     1.12.0
[2022-05-16 09:47:33,106] {subprocess.py:79} INFO - msal-extensions                          0.3.0
[2022-05-16 09:47:33,106] {subprocess.py:79} INFO - msgpack                                  1.0.2
[2022-05-16 09:47:33,106] {subprocess.py:79} INFO - msrest                                   0.6.21
[2022-05-16 09:47:33,106] {subprocess.py:79} INFO - msrestazure                              0.6.4
[2022-05-16 09:47:33,106] {subprocess.py:79} INFO - mypy-extensions                          0.4.3
[2022-05-16 09:47:33,106] {subprocess.py:79} INFO - mysql-connector-python                   8.0.22
[2022-05-16 09:47:33,106] {subprocess.py:79} INFO - mysqlclient                              2.0.3
[2022-05-16 09:47:33,106] {subprocess.py:79} INFO - numpy                                    1.20.3
[2022-05-16 09:47:33,106] {subprocess.py:79} INFO - oauthlib                                 2.1.0
[2022-05-16 09:47:33,106] {subprocess.py:79} INFO - openapi-schema-validator                 0.1.5
[2022-05-16 09:47:33,106] {subprocess.py:79} INFO - openapi-spec-validator                   0.3.1
[2022-05-16 09:47:33,106] {subprocess.py:79} INFO - packaging                                20.9
[2022-05-16 09:47:33,106] {subprocess.py:79} INFO - pandas                                   1.2.5
[2022-05-16 09:47:33,106] {subprocess.py:79} INFO - pandas-gbq                               0.14.1
[2022-05-16 09:47:33,106] {subprocess.py:79} INFO - paramiko                                 2.7.2
[2022-05-16 09:47:33,106] {subprocess.py:79} INFO - partd                                    1.2.0
[2022-05-16 09:47:33,106] {subprocess.py:79} INFO - pendulum                                 2.1.2
[2022-05-16 09:47:33,106] {subprocess.py:79} INFO - pip                                      21.3.1
[2022-05-16 09:47:33,106] {subprocess.py:79} INFO - portalocker                              1.7.1
[2022-05-16 09:47:33,106] {subprocess.py:79} INFO - prison                                   0.1.3
[2022-05-16 09:47:33,107] {subprocess.py:79} INFO - prometheus-client                        0.8.0
[2022-05-16 09:47:33,107] {subprocess.py:79} INFO - proto-plus                               1.18.1
[2022-05-16 09:47:33,107] {subprocess.py:79} INFO - protobuf                                 3.17.3
[2022-05-16 09:47:33,107] {subprocess.py:79} INFO - psutil                                   5.8.0
[2022-05-16 09:47:33,107] {subprocess.py:79} INFO - psycopg2-binary                          2.9.1
[2022-05-16 09:47:33,107] {subprocess.py:79} INFO - pyarrow                                  3.0.0
[2022-05-16 09:47:33,107] {subprocess.py:79} INFO - pyasn1                                   0.4.8
[2022-05-16 09:47:33,107] {subprocess.py:79} INFO - pyasn1-modules                           0.2.8
[2022-05-16 09:47:33,107] {subprocess.py:79} INFO - pycparser                                2.20
[2022-05-16 09:47:33,107] {subprocess.py:79} INFO - pydata-google-auth                       1.2.0
[2022-05-16 09:47:33,107] {subprocess.py:79} INFO - Pygments                                 2.9.0
[2022-05-16 09:47:33,107] {subprocess.py:79} INFO - PyJWT                                    1.7.1
[2022-05-16 09:47:33,107] {subprocess.py:79} INFO - PyNaCl                                   1.4.0
[2022-05-16 09:47:33,107] {subprocess.py:79} INFO - pyodbc                                   4.0.30
[2022-05-16 09:47:33,107] {subprocess.py:79} INFO - pyOpenSSL                                19.1.0
[2022-05-16 09:47:33,107] {subprocess.py:79} INFO - pyparsing                                2.4.7
[2022-05-16 09:47:33,107] {subprocess.py:79} INFO - pyrsistent                               0.17.3
[2022-05-16 09:47:33,107] {subprocess.py:79} INFO - pysftp                                   0.2.9
[2022-05-16 09:47:33,107] {subprocess.py:79} INFO - python-daemon                            2.3.0
[2022-05-16 09:47:33,107] {subprocess.py:79} INFO - python-dateutil                          2.8.1
[2022-05-16 09:47:33,107] {subprocess.py:79} INFO - python-editor                            1.0.4
[2022-05-16 09:47:33,107] {subprocess.py:79} INFO - python-http-client                       3.3.2
[2022-05-16 09:47:33,107] {subprocess.py:79} INFO - python-ldap                              3.3.1
[2022-05-16 09:47:33,107] {subprocess.py:79} INFO - python-nvd3                              0.15.0
[2022-05-16 09:47:33,107] {subprocess.py:79} INFO - python-slugify                           4.0.1
[2022-05-16 09:47:33,107] {subprocess.py:79} INFO - python3-openid                           3.2.0
[2022-05-16 09:47:33,108] {subprocess.py:79} INFO - pytz                                     2021.1
[2022-05-16 09:47:33,108] {subprocess.py:79} INFO - pytzdata                                 2020.1
[2022-05-16 09:47:33,108] {subprocess.py:79} INFO - PyYAML                                   5.4.1
[2022-05-16 09:47:33,108] {subprocess.py:79} INFO - redis                                    3.5.3
[2022-05-16 09:47:33,108] {subprocess.py:79} INFO - requests                                 2.25.1
[2022-05-16 09:47:33,108] {subprocess.py:79} INFO - requests-oauthlib                        1.1.0
[2022-05-16 09:47:33,108] {subprocess.py:79} INFO - rfc3986                                  1.5.0
[2022-05-16 09:47:33,108] {subprocess.py:79} INFO - rich                                     10.4.0
[2022-05-16 09:47:33,108] {subprocess.py:79} INFO - rsa                                      4.7.2
[2022-05-16 09:47:33,108] {subprocess.py:79} INFO - s3transfer                               0.4.2
[2022-05-16 09:47:33,108] {subprocess.py:79} INFO - sendgrid                                 6.7.1
[2022-05-16 09:47:33,108] {subprocess.py:79} INFO - setproctitle                             1.2.2
[2022-05-16 09:47:33,108] {subprocess.py:79} INFO - setuptools                               57.5.0
[2022-05-16 09:47:33,108] {subprocess.py:79} INFO - six                                      1.16.0
[2022-05-16 09:47:33,108] {subprocess.py:79} INFO - slack-sdk                                3.7.0
[2022-05-16 09:47:33,108] {subprocess.py:79} INFO - sniffio                                  1.2.0
[2022-05-16 09:47:33,108] {subprocess.py:79} INFO - sortedcontainers                         2.4.0
[2022-05-16 09:47:33,108] {subprocess.py:79} INFO - SQLAlchemy                               1.3.24
[2022-05-16 09:47:33,108] {subprocess.py:79} INFO - SQLAlchemy-JSONField                     1.0.0
[2022-05-16 09:47:33,108] {subprocess.py:79} INFO - SQLAlchemy-Utils                         0.37.7
[2022-05-16 09:47:33,108] {subprocess.py:79} INFO - sshtunnel                                0.1.5
[2022-05-16 09:47:33,108] {subprocess.py:79} INFO - starkbank-ecdsa                          1.1.1
[2022-05-16 09:47:33,108] {subprocess.py:79} INFO - statsd                                   3.3.0
[2022-05-16 09:47:33,108] {subprocess.py:79} INFO - swagger-ui-bundle                        0.0.8
[2022-05-16 09:47:33,108] {subprocess.py:79} INFO - tabulate                                 0.8.9
[2022-05-16 09:47:33,108] {subprocess.py:79} INFO - tblib                                    1.7.0
[2022-05-16 09:47:33,109] {subprocess.py:79} INFO - tenacity                                 6.2.0
[2022-05-16 09:47:33,109] {subprocess.py:79} INFO - termcolor                                1.1.0
[2022-05-16 09:47:33,109] {subprocess.py:79} INFO - text-unidecode                           1.3
[2022-05-16 09:47:33,109] {subprocess.py:79} INFO - toolz                                    0.11.1
[2022-05-16 09:47:33,109] {subprocess.py:79} INFO - tornado                                  6.1
[2022-05-16 09:47:33,109] {subprocess.py:79} INFO - typing-extensions                        3.7.4.3
[2022-05-16 09:47:33,109] {subprocess.py:79} INFO - typing-inspect                           0.7.1
[2022-05-16 09:47:33,109] {subprocess.py:79} INFO - unicodecsv                               0.14.1
[2022-05-16 09:47:33,109] {subprocess.py:79} INFO - uritemplate                              3.0.1
[2022-05-16 09:47:33,109] {subprocess.py:79} INFO - urllib3                                  1.25.11
[2022-05-16 09:47:33,109] {subprocess.py:79} INFO - vine                                     1.3.0
[2022-05-16 09:47:33,109] {subprocess.py:79} INFO - virtualenv                               20.4.7
[2022-05-16 09:47:33,109] {subprocess.py:79} INFO - watchtower                               1.0.6
[2022-05-16 09:47:33,109] {subprocess.py:79} INFO - websocket-client                         1.1.0
[2022-05-16 09:47:33,109] {subprocess.py:79} INFO - Werkzeug                                 1.0.1
[2022-05-16 09:47:33,109] {subprocess.py:79} INFO - wheel                                    0.37.0
[2022-05-16 09:47:33,109] {subprocess.py:79} INFO - WTForms                                  2.3.3
[2022-05-16 09:47:33,109] {subprocess.py:79} INFO - zict                                     2.0.0
[2022-05-16 09:47:33,109] {subprocess.py:79} INFO - zipp                                     3.4.1
[2022-05-16 09:47:33,109] {subprocess.py:79} INFO - zope.event                               4.5.0
[2022-05-16 09:47:33,109] {subprocess.py:79} INFO - zope.interface                           5.4.0
[2022-05-16 09:47:33,365] {subprocess.py:79} INFO - WARNING: You are using pip version 21.3.1; however, version 22.1 is available.
[2022-05-16 09:47:33,365] {subprocess.py:79} INFO - You should consider upgrading via the '/usr/local/bin/python -m pip install --upgrade pip' command.
[2022-05-16 09:47:33,407] {subprocess.py:79} INFO - xong t1
[2022-05-16 09:47:33,407] {subprocess.py:83} INFO - Command exited with return code 0
[2022-05-16 09:47:33,423] {taskinstance.py:1204} INFO - Marking task as SUCCESS. dag_id=a2, task_id=schedule_bgg_crawler, execution_date=20220516T094000, start_date=20220516T094731, end_date=20220516T094733
[2022-05-16 09:47:33,440] {taskinstance.py:1265} INFO - 1 downstream tasks scheduled from follow-on schedule check
[2022-05-16 09:47:33,467] {local_task_job.py:151} INFO - Task exited with return code 0
