[2022-05-17 08:30:02,493] {taskinstance.py:896} INFO - Dependencies all met for <TaskInstance: UTE_THONG_BAO_V1.t2 2022-05-17T08:25:00+00:00 [queued]>
[2022-05-17 08:30:02,501] {taskinstance.py:896} INFO - Dependencies all met for <TaskInstance: UTE_THONG_BAO_V1.t2 2022-05-17T08:25:00+00:00 [queued]>
[2022-05-17 08:30:02,502] {taskinstance.py:1087} INFO - 
--------------------------------------------------------------------------------
[2022-05-17 08:30:02,502] {taskinstance.py:1088} INFO - Starting attempt 1 of 1
[2022-05-17 08:30:02,502] {taskinstance.py:1089} INFO - 
--------------------------------------------------------------------------------
[2022-05-17 08:30:02,513] {taskinstance.py:1107} INFO - Executing <Task(PythonOperator): t2> on 2022-05-17T08:25:00+00:00
[2022-05-17 08:30:02,517] {standard_task_runner.py:52} INFO - Started process 838 to run task
[2022-05-17 08:30:02,519] {standard_task_runner.py:76} INFO - Running: ['***', 'tasks', 'run', 'UTE_THONG_BAO_V1', 't2', '2022-05-17T08:25:00+00:00', '--job-id', '156', '--pool', 'default_pool', '--raw', '--subdir', 'DAGS_FOLDER/test/test.py', '--cfg-path', '/tmp/tmpaanni_td', '--error-file', '/tmp/tmpkh61821t']
[2022-05-17 08:30:02,520] {standard_task_runner.py:77} INFO - Job 156: Subtask t2
[2022-05-17 08:30:02,546] {logging_mixin.py:104} INFO - Running <TaskInstance: UTE_THONG_BAO_V1.t2 2022-05-17T08:25:00+00:00 [running]> on host 0b42bd968922
[2022-05-17 08:30:02,610] {taskinstance.py:1300} INFO - Exporting the following env vars:
AIRFLOW_CTX_DAG_OWNER=UTE_THONG_BAO_V1
AIRFLOW_CTX_DAG_ID=UTE_THONG_BAO_V1
AIRFLOW_CTX_TASK_ID=t2
AIRFLOW_CTX_EXECUTION_DATE=2022-05-17T08:25:00+00:00
AIRFLOW_CTX_DAG_RUN_ID=scheduled__2022-05-17T08:25:00+00:00
[2022-05-17 08:30:02,622] {logging_mixin.py:104} INFO - 2050531200310 221CDPM02 Chuyên đề phần mềm
[2022-05-17 08:30:06,422] {logging_mixin.py:104} INFO - [+] Successfully sent the mail
[2022-05-17 08:30:06,422] {logging_mixin.py:104} INFO - 

[!] Done Send Mail :2050531200310
[2022-05-17 08:30:06,423] {logging_mixin.py:104} INFO - 2050531200360 221LTDT02 Lý thuyết đồ thị
[2022-05-17 08:30:06,427] {logging_mixin.py:104} INFO - 2050531200360 221CDPM02 Chuyên đề phần mềm
[2022-05-17 08:30:10,023] {logging_mixin.py:104} INFO - [+] Successfully sent the mail
[2022-05-17 08:30:10,024] {logging_mixin.py:104} INFO - 

[!] Done Send Mail :2050531200360
[2022-05-17 08:30:10,026] {logging_mixin.py:104} INFO - 

[+] DONE SEND MAIL !!
[2022-05-17 08:30:10,026] {python.py:151} INFO - Done. Returned value was: None
[2022-05-17 08:30:10,033] {taskinstance.py:1204} INFO - Marking task as SUCCESS. dag_id=UTE_THONG_BAO_V1, task_id=t2, execution_date=20220517T082500, start_date=20220517T083002, end_date=20220517T083010
[2022-05-17 08:30:10,085] {taskinstance.py:1265} INFO - 1 downstream tasks scheduled from follow-on schedule check
[2022-05-17 08:30:10,109] {local_task_job.py:151} INFO - Task exited with return code 0
