[2022-05-16 16:00:04,686] {taskinstance.py:896} INFO - Dependencies all met for <TaskInstance: UTE_THONG_BAO_V1.t2 2022-05-16T15:55:00+00:00 [queued]>
[2022-05-16 16:00:04,696] {taskinstance.py:896} INFO - Dependencies all met for <TaskInstance: UTE_THONG_BAO_V1.t2 2022-05-16T15:55:00+00:00 [queued]>
[2022-05-16 16:00:04,697] {taskinstance.py:1087} INFO - 
--------------------------------------------------------------------------------
[2022-05-16 16:00:04,697] {taskinstance.py:1088} INFO - Starting attempt 1 of 1
[2022-05-16 16:00:04,697] {taskinstance.py:1089} INFO - 
--------------------------------------------------------------------------------
[2022-05-16 16:00:04,705] {taskinstance.py:1107} INFO - Executing <Task(PythonOperator): t2> on 2022-05-16T15:55:00+00:00
[2022-05-16 16:00:04,710] {standard_task_runner.py:52} INFO - Started process 9015 to run task
[2022-05-16 16:00:04,714] {standard_task_runner.py:76} INFO - Running: ['***', 'tasks', 'run', 'UTE_THONG_BAO_V1', 't2', '2022-05-16T15:55:00+00:00', '--job-id', '75', '--pool', 'default_pool', '--raw', '--subdir', 'DAGS_FOLDER/test/test.py', '--cfg-path', '/tmp/tmp4ulak2qk', '--error-file', '/tmp/tmpice69jim']
[2022-05-16 16:00:04,714] {standard_task_runner.py:77} INFO - Job 75: Subtask t2
[2022-05-16 16:00:04,755] {logging_mixin.py:104} INFO - Running <TaskInstance: UTE_THONG_BAO_V1.t2 2022-05-16T15:55:00+00:00 [running]> on host 65d21844f899
[2022-05-16 16:00:04,802] {taskinstance.py:1300} INFO - Exporting the following env vars:
AIRFLOW_CTX_DAG_OWNER=UTE_THONG_BAO_V1
AIRFLOW_CTX_DAG_ID=UTE_THONG_BAO_V1
AIRFLOW_CTX_TASK_ID=t2
AIRFLOW_CTX_EXECUTION_DATE=2022-05-16T15:55:00+00:00
AIRFLOW_CTX_DAG_RUN_ID=scheduled__2022-05-16T15:55:00+00:00
[2022-05-16 16:00:04,803] {logging_mixin.py:104} INFO - [!] DATA CLEAR !!
[2022-05-16 16:00:04,803] {python.py:151} INFO - Done. Returned value was: None
[2022-05-16 16:00:04,810] {taskinstance.py:1204} INFO - Marking task as SUCCESS. dag_id=UTE_THONG_BAO_V1, task_id=t2, execution_date=20220516T155500, start_date=20220516T160004, end_date=20220516T160004
[2022-05-16 16:00:04,835] {taskinstance.py:1265} INFO - 1 downstream tasks scheduled from follow-on schedule check
[2022-05-16 16:00:04,844] {local_task_job.py:151} INFO - Task exited with return code 0
