[2022-05-16 14:42:31,367] {taskinstance.py:896} INFO - Dependencies all met for <TaskInstance: UTE_THONG_BAO_V1.t2 2022-05-16T14:35:00+00:00 [queued]>
[2022-05-16 14:42:31,395] {taskinstance.py:896} INFO - Dependencies all met for <TaskInstance: UTE_THONG_BAO_V1.t2 2022-05-16T14:35:00+00:00 [queued]>
[2022-05-16 14:42:31,396] {taskinstance.py:1087} INFO - 
--------------------------------------------------------------------------------
[2022-05-16 14:42:31,396] {taskinstance.py:1088} INFO - Starting attempt 1 of 1
[2022-05-16 14:42:31,396] {taskinstance.py:1089} INFO - 
--------------------------------------------------------------------------------
[2022-05-16 14:42:31,407] {taskinstance.py:1107} INFO - Executing <Task(PythonOperator): t2> on 2022-05-16T14:35:00+00:00
[2022-05-16 14:42:31,411] {standard_task_runner.py:52} INFO - Started process 829 to run task
[2022-05-16 14:42:31,414] {standard_task_runner.py:76} INFO - Running: ['***', 'tasks', 'run', 'UTE_THONG_BAO_V1', 't2', '2022-05-16T14:35:00+00:00', '--job-id', '69', '--pool', 'default_pool', '--raw', '--subdir', 'DAGS_FOLDER/test/test.py', '--cfg-path', '/tmp/tmphpczsl2w', '--error-file', '/tmp/tmpqjdd6mr4']
[2022-05-16 14:42:31,415] {standard_task_runner.py:77} INFO - Job 69: Subtask t2
[2022-05-16 14:42:31,461] {logging_mixin.py:104} INFO - Running <TaskInstance: UTE_THONG_BAO_V1.t2 2022-05-16T14:35:00+00:00 [running]> on host 65d21844f899
[2022-05-16 14:42:31,502] {taskinstance.py:1300} INFO - Exporting the following env vars:
AIRFLOW_CTX_DAG_OWNER=UTE_THONG_BAO_V1
AIRFLOW_CTX_DAG_ID=UTE_THONG_BAO_V1
AIRFLOW_CTX_TASK_ID=t2
AIRFLOW_CTX_EXECUTION_DATE=2022-05-16T14:35:00+00:00
AIRFLOW_CTX_DAG_RUN_ID=scheduled__2022-05-16T14:35:00+00:00
[2022-05-16 14:42:31,502] {logging_mixin.py:104} INFO - [!] DATA CLEAR !!
[2022-05-16 14:42:31,502] {python.py:151} INFO - Done. Returned value was: None
[2022-05-16 14:42:31,507] {taskinstance.py:1204} INFO - Marking task as SUCCESS. dag_id=UTE_THONG_BAO_V1, task_id=t2, execution_date=20220516T143500, start_date=20220516T144231, end_date=20220516T144231
[2022-05-16 14:42:31,524] {taskinstance.py:1265} INFO - 1 downstream tasks scheduled from follow-on schedule check
[2022-05-16 14:42:31,545] {local_task_job.py:151} INFO - Task exited with return code 0
