[2022-05-17 08:55:01,754] {taskinstance.py:896} INFO - Dependencies all met for <TaskInstance: UTE_THONG_BAO_V1.t2 2022-05-17T08:50:00+00:00 [queued]>
[2022-05-17 08:55:01,758] {taskinstance.py:896} INFO - Dependencies all met for <TaskInstance: UTE_THONG_BAO_V1.t2 2022-05-17T08:50:00+00:00 [queued]>
[2022-05-17 08:55:01,759] {taskinstance.py:1087} INFO - 
--------------------------------------------------------------------------------
[2022-05-17 08:55:01,759] {taskinstance.py:1088} INFO - Starting attempt 1 of 1
[2022-05-17 08:55:01,759] {taskinstance.py:1089} INFO - 
--------------------------------------------------------------------------------
[2022-05-17 08:55:01,767] {taskinstance.py:1107} INFO - Executing <Task(PythonOperator): t2> on 2022-05-17T08:50:00+00:00
[2022-05-17 08:55:01,769] {standard_task_runner.py:52} INFO - Started process 3767 to run task
[2022-05-17 08:55:01,771] {standard_task_runner.py:76} INFO - Running: ['***', 'tasks', 'run', 'UTE_THONG_BAO_V1', 't2', '2022-05-17T08:50:00+00:00', '--job-id', '166', '--pool', 'default_pool', '--raw', '--subdir', 'DAGS_FOLDER/test/test.py', '--cfg-path', '/tmp/tmp8r_r1yf2', '--error-file', '/tmp/tmpevasuri6']
[2022-05-17 08:55:01,771] {standard_task_runner.py:77} INFO - Job 166: Subtask t2
[2022-05-17 08:55:01,796] {logging_mixin.py:104} INFO - Running <TaskInstance: UTE_THONG_BAO_V1.t2 2022-05-17T08:50:00+00:00 [running]> on host 0b42bd968922
[2022-05-17 08:55:01,828] {taskinstance.py:1300} INFO - Exporting the following env vars:
AIRFLOW_CTX_DAG_OWNER=UTE_THONG_BAO_V1
AIRFLOW_CTX_DAG_ID=UTE_THONG_BAO_V1
AIRFLOW_CTX_TASK_ID=t2
AIRFLOW_CTX_EXECUTION_DATE=2022-05-17T08:50:00+00:00
AIRFLOW_CTX_DAG_RUN_ID=scheduled__2022-05-17T08:50:00+00:00
[2022-05-17 08:55:01,833] {logging_mixin.py:104} INFO - 2050531200310 221CDPM02 Chuyên đề phần mềm
[2022-05-17 08:55:05,079] {logging_mixin.py:104} INFO - [+] Successfully sent the mail
[2022-05-17 08:55:05,079] {logging_mixin.py:104} INFO - 

[!] Done Send Mail :2050531200310
[2022-05-17 08:55:05,080] {logging_mixin.py:104} INFO - 2050531200360 221LTDT02 Lý thuyết đồ thị
[2022-05-17 08:55:05,085] {logging_mixin.py:104} INFO - 2050531200360 221CDPM02 Chuyên đề phần mềm
[2022-05-17 08:55:08,426] {logging_mixin.py:104} INFO - [+] Successfully sent the mail
[2022-05-17 08:55:08,426] {logging_mixin.py:104} INFO - 

[!] Done Send Mail :2050531200360
[2022-05-17 08:55:08,426] {logging_mixin.py:104} INFO - 2050531200310 221TTNT01 Trí tuệ nhân tạo
[2022-05-17 08:55:11,536] {logging_mixin.py:104} INFO - [+] Successfully sent the mail
[2022-05-17 08:55:11,536] {logging_mixin.py:104} INFO - 

[!] Done Send Mail :2050531200310
[2022-05-17 08:55:11,536] {logging_mixin.py:104} INFO - 2050531200310 221GDTC423 Giáo dục thể chất IV
[2022-05-17 08:55:11,537] {logging_mixin.py:104} INFO - 2050531200310 221OOAD02 Phân tích thiết kế hướng đối tượng
[2022-05-17 08:55:11,538] {logging_mixin.py:104} INFO - 2050531200310 221KTCT03 Kinh tế chính trị
[2022-05-17 08:55:11,539] {logging_mixin.py:104} INFO - 2050531200310 221LTJNC01 Lập trình Java nâng cao
[2022-05-17 08:55:11,539] {logging_mixin.py:104} INFO - 2050531200310 221TLTJNC06 TH Lập trình Java nâng cao
[2022-05-17 08:55:11,540] {logging_mixin.py:104} INFO - 2050531200310 221LTTQ01 Lập trình trực quan
[2022-05-17 08:55:11,541] {logging_mixin.py:104} INFO - 2050531200310 221NNCNC03 Ngoại ngữ chuyên ngành CNTT
[2022-05-17 08:55:11,542] {logging_mixin.py:104} INFO - 2050531200310 221TLTTQ03 TH Lập trình trực quan
[2022-05-17 08:55:11,542] {logging_mixin.py:104} INFO - 2050531200310 221DHPC03 Đồ họa máy tính
[2022-05-17 08:55:11,543] {logging_mixin.py:104} INFO - 2050531200310 221TDHMT01 TH Đồ họa máy tính
[2022-05-17 08:55:11,545] {logging_mixin.py:104} INFO - 

[+] DONE SEND MAIL !!
[2022-05-17 08:55:11,545] {python.py:151} INFO - Done. Returned value was: None
[2022-05-17 08:55:11,550] {taskinstance.py:1204} INFO - Marking task as SUCCESS. dag_id=UTE_THONG_BAO_V1, task_id=t2, execution_date=20220517T085000, start_date=20220517T085501, end_date=20220517T085511
[2022-05-17 08:55:11,567] {taskinstance.py:1265} INFO - 1 downstream tasks scheduled from follow-on schedule check
[2022-05-17 08:55:11,601] {local_task_job.py:151} INFO - Task exited with return code 0
