[2022-05-15 16:47:37,410] {taskinstance.py:896} INFO - Dependencies all met for <TaskInstance: first_dag.second_function_execute 2022-05-14T00:00:00+00:00 [queued]>
[2022-05-15 16:47:37,419] {taskinstance.py:896} INFO - Dependencies all met for <TaskInstance: first_dag.second_function_execute 2022-05-14T00:00:00+00:00 [queued]>
[2022-05-15 16:47:37,419] {taskinstance.py:1087} INFO - 
--------------------------------------------------------------------------------
[2022-05-15 16:47:37,419] {taskinstance.py:1088} INFO - Starting attempt 1 of 2
[2022-05-15 16:47:37,419] {taskinstance.py:1089} INFO - 
--------------------------------------------------------------------------------
[2022-05-15 16:47:37,435] {taskinstance.py:1107} INFO - Executing <Task(PythonOperator): second_function_execute> on 2022-05-14T00:00:00+00:00
[2022-05-15 16:47:37,438] {standard_task_runner.py:52} INFO - Started process 275 to run task
[2022-05-15 16:47:37,443] {standard_task_runner.py:76} INFO - Running: ['***', 'tasks', 'run', 'first_dag', 'second_function_execute', '2022-05-14T00:00:00+00:00', '--job-id', '3', '--pool', 'default_pool', '--raw', '--subdir', 'DAGS_FOLDER/test/test.py', '--cfg-path', '/tmp/tmp0uvpfqz1', '--error-file', '/tmp/tmp7h4hfr2j']
[2022-05-15 16:47:37,443] {standard_task_runner.py:77} INFO - Job 3: Subtask second_function_execute
[2022-05-15 16:47:37,493] {logging_mixin.py:104} INFO - Running <TaskInstance: first_dag.second_function_execute 2022-05-14T00:00:00+00:00 [running]> on host f55524957fe2
[2022-05-15 16:47:37,570] {taskinstance.py:1300} INFO - Exporting the following env vars:
AIRFLOW_CTX_DAG_OWNER=***
AIRFLOW_CTX_DAG_ID=first_dag
AIRFLOW_CTX_TASK_ID=second_function_execute
AIRFLOW_CTX_EXECUTION_DATE=2022-05-14T00:00:00+00:00
AIRFLOW_CTX_DAG_RUN_ID=scheduled__2022-05-14T00:00:00+00:00
[2022-05-15 16:47:37,581] {logging_mixin.py:104} INFO - @@@@@@@@@@@@@@@@@@@@@@@@@@@@@@@@@@@@@@@@@@@@@@@@@@@@@@@@@@@@@@@@@@
[2022-05-15 16:47:37,593] {logging_mixin.py:104} INFO -      name                         title
0  Soumil  Full Stack Software Engineer
1   Nitin  Full Stack Software Engineer
[2022-05-15 16:47:37,593] {logging_mixin.py:104} INFO - @@@@@@@@@@@@@@@@@@@@@@@@@@@@@@@@@@@@@@@@@@@@@@@@@@@@@@@@@@@@@@@@@@
[2022-05-15 16:47:37,593] {logging_mixin.py:104} INFO - I am in second_function_execute got value :first_function_execute says Hello  from Function 1
[2022-05-15 16:47:37,594] {python.py:151} INFO - Done. Returned value was: None
[2022-05-15 16:47:37,598] {taskinstance.py:1204} INFO - Marking task as SUCCESS. dag_id=first_dag, task_id=second_function_execute, execution_date=20220514T000000, start_date=20220515T164737, end_date=20220515T164737
[2022-05-15 16:47:37,653] {taskinstance.py:1265} INFO - 0 downstream tasks scheduled from follow-on schedule check
[2022-05-15 16:47:37,693] {local_task_job.py:151} INFO - Task exited with return code 0
