[2022-05-18 08:45:09,716] {taskinstance.py:896} INFO - Dependencies all met for <TaskInstance: UTE_THONG_BAO_V1.schedule_bgg_crawler 2022-05-18T08:40:00+00:00 [queued]>
[2022-05-18 08:45:09,730] {taskinstance.py:896} INFO - Dependencies all met for <TaskInstance: UTE_THONG_BAO_V1.schedule_bgg_crawler 2022-05-18T08:40:00+00:00 [queued]>
[2022-05-18 08:45:09,730] {taskinstance.py:1087} INFO - 
--------------------------------------------------------------------------------
[2022-05-18 08:45:09,730] {taskinstance.py:1088} INFO - Starting attempt 1 of 1
[2022-05-18 08:45:09,730] {taskinstance.py:1089} INFO - 
--------------------------------------------------------------------------------
[2022-05-18 08:45:09,738] {taskinstance.py:1107} INFO - Executing <Task(BashOperator): schedule_bgg_crawler> on 2022-05-18T08:40:00+00:00
[2022-05-18 08:45:09,744] {standard_task_runner.py:52} INFO - Started process 4489 to run task
[2022-05-18 08:45:09,747] {standard_task_runner.py:76} INFO - Running: ['***', 'tasks', 'run', 'UTE_THONG_BAO_V1', 'schedule_bgg_crawler', '2022-05-18T08:40:00+00:00', '--job-id', '189', '--pool', 'default_pool', '--raw', '--subdir', 'DAGS_FOLDER/test/test.py', '--cfg-path', '/tmp/tmpzq35qr73', '--error-file', '/tmp/tmpojl85x8e']
[2022-05-18 08:45:09,748] {standard_task_runner.py:77} INFO - Job 189: Subtask schedule_bgg_crawler
[2022-05-18 08:45:09,793] {logging_mixin.py:104} INFO - Running <TaskInstance: UTE_THONG_BAO_V1.schedule_bgg_crawler 2022-05-18T08:40:00+00:00 [running]> on host 0b42bd968922
[2022-05-18 08:45:09,856] {taskinstance.py:1300} INFO - Exporting the following env vars:
AIRFLOW_CTX_DAG_OWNER=UTE_THONG_BAO_V1
AIRFLOW_CTX_DAG_ID=UTE_THONG_BAO_V1
AIRFLOW_CTX_TASK_ID=schedule_bgg_crawler
AIRFLOW_CTX_EXECUTION_DATE=2022-05-18T08:40:00+00:00
AIRFLOW_CTX_DAG_RUN_ID=scheduled__2022-05-18T08:40:00+00:00
[2022-05-18 08:45:09,857] {subprocess.py:52} INFO - Tmp dir root location: 
 /tmp
[2022-05-18 08:45:09,857] {subprocess.py:63} INFO - Running command: ['bash', '-c', 'cd /opt/***/dags/test && scrapy crawl thongbao && echo "xong t1"']
[2022-05-18 08:45:09,868] {subprocess.py:75} INFO - Output:
[2022-05-18 08:45:10,870] {subprocess.py:79} INFO - sh: 1: dags/test: not found
[2022-05-18 08:45:10,882] {subprocess.py:79} INFO - 2022-05-18 08:45:10 [scrapy.utils.log] INFO: Scrapy 2.6.1 started (bot: thongbao)
[2022-05-18 08:45:10,883] {subprocess.py:79} INFO - 2022-05-18 08:45:10 [scrapy.utils.log] INFO: Versions: lxml 4.8.0.0, libxml2 2.9.12, cssselect 1.1.0, parsel 1.6.0, w3lib 1.22.0, Twisted 22.4.0, Python 3.8.12 (default, Dec 21 2021, 11:15:53) - [GCC 8.3.0], pyOpenSSL 19.1.0 (OpenSSL 1.1.1k  25 Mar 2021), cryptography 3.4.7, Platform Linux-5.13.0-39-generic-x86_64-with-glibc2.2.5
[2022-05-18 08:45:10,889] {subprocess.py:79} INFO - 2022-05-18 08:45:10 [scrapy.crawler] INFO: Overridden settings:
[2022-05-18 08:45:10,889] {subprocess.py:79} INFO - {'BOT_NAME': 'thongbao',
[2022-05-18 08:45:10,889] {subprocess.py:79} INFO -  'FEED_EXPORT_ENCODING': 'utf-8',
[2022-05-18 08:45:10,889] {subprocess.py:79} INFO -  'NEWSPIDER_MODULE': 'thongbao.spiders',
[2022-05-18 08:45:10,890] {subprocess.py:79} INFO -  'SPIDER_MODULES': ['thongbao.spiders']}
[2022-05-18 08:45:10,893] {subprocess.py:79} INFO - 2022-05-18 08:45:10 [scrapy.utils.log] DEBUG: Using reactor: twisted.internet.epollreactor.EPollReactor
[2022-05-18 08:45:10,914] {subprocess.py:79} INFO - 2022-05-18 08:45:10 [scrapy.extensions.telnet] INFO: Telnet Password: 7c171139971634a7
[2022-05-18 08:45:10,938] {subprocess.py:79} INFO - 2022-05-18 08:45:10 [scrapy.middleware] INFO: Enabled extensions:
[2022-05-18 08:45:10,938] {subprocess.py:79} INFO - ['scrapy.extensions.corestats.CoreStats',
[2022-05-18 08:45:10,938] {subprocess.py:79} INFO -  'scrapy.extensions.telnet.TelnetConsole',
[2022-05-18 08:45:10,938] {subprocess.py:79} INFO -  'scrapy.extensions.memusage.MemoryUsage',
[2022-05-18 08:45:10,938] {subprocess.py:79} INFO -  'scrapy.extensions.logstats.LogStats']
[2022-05-18 08:45:11,063] {subprocess.py:79} INFO - 2022-05-18 08:45:11 [scrapy.middleware] INFO: Enabled downloader middlewares:
[2022-05-18 08:45:11,063] {subprocess.py:79} INFO - ['scrapy.downloadermiddlewares.httpauth.HttpAuthMiddleware',
[2022-05-18 08:45:11,064] {subprocess.py:79} INFO -  'scrapy.downloadermiddlewares.downloadtimeout.DownloadTimeoutMiddleware',
[2022-05-18 08:45:11,064] {subprocess.py:79} INFO -  'scrapy.downloadermiddlewares.defaultheaders.DefaultHeadersMiddleware',
[2022-05-18 08:45:11,064] {subprocess.py:79} INFO -  'scrapy.downloadermiddlewares.useragent.UserAgentMiddleware',
[2022-05-18 08:45:11,064] {subprocess.py:79} INFO -  'thongbao.middlewares.ThongbaoDownloaderMiddleware',
[2022-05-18 08:45:11,064] {subprocess.py:79} INFO -  'scrapy.downloadermiddlewares.retry.RetryMiddleware',
[2022-05-18 08:45:11,064] {subprocess.py:79} INFO -  'scrapy.downloadermiddlewares.redirect.MetaRefreshMiddleware',
[2022-05-18 08:45:11,064] {subprocess.py:79} INFO -  'scrapy.downloadermiddlewares.httpcompression.HttpCompressionMiddleware',
[2022-05-18 08:45:11,064] {subprocess.py:79} INFO -  'scrapy.downloadermiddlewares.redirect.RedirectMiddleware',
[2022-05-18 08:45:11,064] {subprocess.py:79} INFO -  'scrapy.downloadermiddlewares.cookies.CookiesMiddleware',
[2022-05-18 08:45:11,064] {subprocess.py:79} INFO -  'scrapy.downloadermiddlewares.httpproxy.HttpProxyMiddleware',
[2022-05-18 08:45:11,064] {subprocess.py:79} INFO -  'scrapy.downloadermiddlewares.stats.DownloaderStats']
[2022-05-18 08:45:11,067] {subprocess.py:79} INFO - 2022-05-18 08:45:11 [scrapy.middleware] INFO: Enabled spider middlewares:
[2022-05-18 08:45:11,067] {subprocess.py:79} INFO - ['scrapy.spidermiddlewares.httperror.HttpErrorMiddleware',
[2022-05-18 08:45:11,067] {subprocess.py:79} INFO -  'scrapy.spidermiddlewares.offsite.OffsiteMiddleware',
[2022-05-18 08:45:11,068] {subprocess.py:79} INFO -  'scrapy.spidermiddlewares.referer.RefererMiddleware',
[2022-05-18 08:45:11,068] {subprocess.py:79} INFO -  'scrapy.spidermiddlewares.urllength.UrlLengthMiddleware',
[2022-05-18 08:45:11,068] {subprocess.py:79} INFO -  'scrapy.spidermiddlewares.depth.DepthMiddleware']
[2022-05-18 08:45:11,082] {subprocess.py:79} INFO - 2022-05-18 08:45:11 [scrapy.middleware] INFO: Enabled item pipelines:
[2022-05-18 08:45:11,082] {subprocess.py:79} INFO - ['thongbao.pipelines.ThongbaoPipeline']
[2022-05-18 08:45:11,082] {subprocess.py:79} INFO - 2022-05-18 08:45:11 [scrapy.core.engine] INFO: Spider opened
[2022-05-18 08:45:11,230] {subprocess.py:79} INFO - 2022-05-18 08:45:11 [scrapy.extensions.logstats] INFO: Crawled 0 pages (at 0 pages/min), scraped 0 items (at 0 items/min)
[2022-05-18 08:45:11,230] {subprocess.py:79} INFO - 2022-05-18 08:45:11 [thongbao] INFO: Spider opened: thongbao
[2022-05-18 08:45:11,231] {subprocess.py:79} INFO - 2022-05-18 08:45:11 [scrapy.extensions.telnet] INFO: Telnet console listening on 127.0.0.1:6023
[2022-05-18 08:45:11,233] {subprocess.py:79} INFO - 2022-05-18 08:45:11 [root] DEBUG: current user-agent: L
[2022-05-18 08:45:11,630] {subprocess.py:79} INFO - 2022-05-18 08:45:11 [filelock] DEBUG: Attempting to acquire lock 140016181627776 on /home/***/.cache/python-tldextract/3.8.12.final__local__ecb11d__tldextract-3.3.0/publicsuffix.org-tlds/de84b5ca2167d4c83e38fb162f2e8738.tldextract.json.lock
[2022-05-18 08:45:11,630] {subprocess.py:79} INFO - 2022-05-18 08:45:11 [filelock] INFO: Lock 140016181627776 acquired on /home/***/.cache/python-tldextract/3.8.12.final__local__ecb11d__tldextract-3.3.0/publicsuffix.org-tlds/de84b5ca2167d4c83e38fb162f2e8738.tldextract.json.lock
[2022-05-18 08:45:11,632] {subprocess.py:79} INFO - 2022-05-18 08:45:11 [filelock] DEBUG: Attempting to release lock 140016181627776 on /home/***/.cache/python-tldextract/3.8.12.final__local__ecb11d__tldextract-3.3.0/publicsuffix.org-tlds/de84b5ca2167d4c83e38fb162f2e8738.tldextract.json.lock
[2022-05-18 08:45:11,633] {subprocess.py:79} INFO - 2022-05-18 08:45:11 [filelock] INFO: Lock 140016181627776 released on /home/***/.cache/python-tldextract/3.8.12.final__local__ecb11d__tldextract-3.3.0/publicsuffix.org-tlds/de84b5ca2167d4c83e38fb162f2e8738.tldextract.json.lock
[2022-05-18 08:45:11,636] {subprocess.py:79} INFO - 2022-05-18 08:45:11 [scrapy.core.engine] DEBUG: Crawled (200) <GET http://daotao.ute.udn.vn/> (referer: None)
[2022-05-18 08:45:11,755] {subprocess.py:79} INFO - 2022-05-18 08:45:11 [root] INFO: [!] OLD_DATA STOP !!
[2022-05-18 08:45:11,757] {subprocess.py:79} INFO - 2022-05-18 08:45:11 [scrapy.core.engine] INFO: Closing spider (finished)
[2022-05-18 08:45:11,758] {subprocess.py:79} INFO - 2022-05-18 08:45:11 [scrapy.statscollectors] INFO: Dumping Scrapy stats:
[2022-05-18 08:45:11,758] {subprocess.py:79} INFO - {'downloader/request_bytes': 217,
[2022-05-18 08:45:11,758] {subprocess.py:79} INFO -  'downloader/request_count': 1,
[2022-05-18 08:45:11,758] {subprocess.py:79} INFO -  'downloader/request_method_count/GET': 1,
[2022-05-18 08:45:11,758] {subprocess.py:79} INFO -  'downloader/response_bytes': 21457,
[2022-05-18 08:45:11,758] {subprocess.py:79} INFO -  'downloader/response_count': 1,
[2022-05-18 08:45:11,758] {subprocess.py:79} INFO -  'downloader/response_status_count/200': 1,
[2022-05-18 08:45:11,758] {subprocess.py:79} INFO -  'elapsed_time_seconds': 0.527684,
[2022-05-18 08:45:11,758] {subprocess.py:79} INFO -  'finish_reason': 'finished',
[2022-05-18 08:45:11,758] {subprocess.py:79} INFO -  'finish_time': datetime.datetime(2022, 5, 18, 8, 45, 11, 757831),
[2022-05-18 08:45:11,758] {subprocess.py:79} INFO -  'httpcompression/response_bytes': 86520,
[2022-05-18 08:45:11,759] {subprocess.py:79} INFO -  'httpcompression/response_count': 1,
[2022-05-18 08:45:11,759] {subprocess.py:79} INFO -  'log_count/DEBUG': 5,
[2022-05-18 08:45:11,759] {subprocess.py:79} INFO -  'log_count/INFO': 14,
[2022-05-18 08:45:11,759] {subprocess.py:79} INFO -  'memusage/max': 66854912,
[2022-05-18 08:45:11,759] {subprocess.py:79} INFO -  'memusage/startup': 66854912,
[2022-05-18 08:45:11,759] {subprocess.py:79} INFO -  'response_received_count': 1,
[2022-05-18 08:45:11,759] {subprocess.py:79} INFO -  'scheduler/dequeued': 1,
[2022-05-18 08:45:11,759] {subprocess.py:79} INFO -  'scheduler/dequeued/memory': 1,
[2022-05-18 08:45:11,759] {subprocess.py:79} INFO -  'scheduler/enqueued': 1,
[2022-05-18 08:45:11,759] {subprocess.py:79} INFO -  'scheduler/enqueued/memory': 1,
[2022-05-18 08:45:11,759] {subprocess.py:79} INFO -  'start_time': datetime.datetime(2022, 5, 18, 8, 45, 11, 230147)}
[2022-05-18 08:45:11,759] {subprocess.py:79} INFO - 2022-05-18 08:45:11 [scrapy.core.engine] INFO: Spider closed (finished)
[2022-05-18 08:45:11,759] {subprocess.py:79} INFO - current user-agent: L
[2022-05-18 08:45:11,759] {subprocess.py:79} INFO - viewMsg.asp?mid=20021
[2022-05-18 08:45:11,759] {subprocess.py:79} INFO - 20021
[2022-05-18 08:45:11,889] {subprocess.py:79} INFO - xong t1
[2022-05-18 08:45:11,889] {subprocess.py:83} INFO - Command exited with return code 0
[2022-05-18 08:45:11,912] {taskinstance.py:1204} INFO - Marking task as SUCCESS. dag_id=UTE_THONG_BAO_V1, task_id=schedule_bgg_crawler, execution_date=20220518T084000, start_date=20220518T084509, end_date=20220518T084511
[2022-05-18 08:45:11,936] {taskinstance.py:1265} INFO - 0 downstream tasks scheduled from follow-on schedule check
[2022-05-18 08:45:12,004] {local_task_job.py:151} INFO - Task exited with return code 0
