[2022-05-16 09:50:05,015] {taskinstance.py:896} INFO - Dependencies all met for <TaskInstance: a2.t2 2022-05-16T09:45:00+00:00 [queued]>
[2022-05-16 09:50:05,021] {taskinstance.py:896} INFO - Dependencies all met for <TaskInstance: a2.t2 2022-05-16T09:45:00+00:00 [queued]>
[2022-05-16 09:50:05,021] {taskinstance.py:1087} INFO - 
--------------------------------------------------------------------------------
[2022-05-16 09:50:05,021] {taskinstance.py:1088} INFO - Starting attempt 1 of 1
[2022-05-16 09:50:05,021] {taskinstance.py:1089} INFO - 
--------------------------------------------------------------------------------
[2022-05-16 09:50:05,030] {taskinstance.py:1107} INFO - Executing <Task(BashOperator): t2> on 2022-05-16T09:45:00+00:00
[2022-05-16 09:50:05,034] {standard_task_runner.py:52} INFO - Started process 475 to run task
[2022-05-16 09:50:05,039] {standard_task_runner.py:76} INFO - Running: ['***', 'tasks', 'run', 'a2', 't2', '2022-05-16T09:45:00+00:00', '--job-id', '45', '--pool', 'default_pool', '--raw', '--subdir', 'DAGS_FOLDER/test/test.py', '--cfg-path', '/tmp/tmpvqutrf5v', '--error-file', '/tmp/tmprqev1opb']
[2022-05-16 09:50:05,040] {standard_task_runner.py:77} INFO - Job 45: Subtask t2
[2022-05-16 09:50:05,086] {logging_mixin.py:104} INFO - Running <TaskInstance: a2.t2 2022-05-16T09:45:00+00:00 [running]> on host 71b54ca55a18
[2022-05-16 09:50:05,118] {taskinstance.py:1300} INFO - Exporting the following env vars:
AIRFLOW_CTX_DAG_OWNER=***
AIRFLOW_CTX_DAG_ID=a2
AIRFLOW_CTX_TASK_ID=t2
AIRFLOW_CTX_EXECUTION_DATE=2022-05-16T09:45:00+00:00
AIRFLOW_CTX_DAG_RUN_ID=scheduled__2022-05-16T09:45:00+00:00
[2022-05-16 09:50:05,118] {subprocess.py:52} INFO - Tmp dir root location: 
 /tmp
[2022-05-16 09:50:05,118] {subprocess.py:63} INFO - Running command: ['bash', '-c', 'echo "Tien Dep Zai"']
[2022-05-16 09:50:05,123] {subprocess.py:75} INFO - Output:
[2022-05-16 09:50:05,124] {subprocess.py:79} INFO - Tien Dep Zai
[2022-05-16 09:50:05,124] {subprocess.py:83} INFO - Command exited with return code 0
[2022-05-16 09:50:05,143] {taskinstance.py:1204} INFO - Marking task as SUCCESS. dag_id=a2, task_id=t2, execution_date=20220516T094500, start_date=20220516T095005, end_date=20220516T095005
[2022-05-16 09:50:05,156] {taskinstance.py:1265} INFO - 0 downstream tasks scheduled from follow-on schedule check
[2022-05-16 09:50:05,169] {local_task_job.py:151} INFO - Task exited with return code 0
