[2022-05-16 17:00:04,701] {taskinstance.py:896} INFO - Dependencies all met for <TaskInstance: UTE_THONG_BAO_V1.schedule_bgg_crawler 2022-05-16T16:55:00+00:00 [queued]>
[2022-05-16 17:00:04,712] {taskinstance.py:896} INFO - Dependencies all met for <TaskInstance: UTE_THONG_BAO_V1.schedule_bgg_crawler 2022-05-16T16:55:00+00:00 [queued]>
[2022-05-16 17:00:04,712] {taskinstance.py:1087} INFO - 
--------------------------------------------------------------------------------
[2022-05-16 17:00:04,713] {taskinstance.py:1088} INFO - Starting attempt 1 of 1
[2022-05-16 17:00:04,713] {taskinstance.py:1089} INFO - 
--------------------------------------------------------------------------------
[2022-05-16 17:00:04,724] {taskinstance.py:1107} INFO - Executing <Task(BashOperator): schedule_bgg_crawler> on 2022-05-16T16:55:00+00:00
[2022-05-16 17:00:04,728] {standard_task_runner.py:52} INFO - Started process 16221 to run task
[2022-05-16 17:00:04,731] {standard_task_runner.py:76} INFO - Running: ['***', 'tasks', 'run', 'UTE_THONG_BAO_V1', 'schedule_bgg_crawler', '2022-05-16T16:55:00+00:00', '--job-id', '100', '--pool', 'default_pool', '--raw', '--subdir', 'DAGS_FOLDER/test/test.py', '--cfg-path', '/tmp/tmph6mt8_a7', '--error-file', '/tmp/tmpgg9qrt_a']
[2022-05-16 17:00:04,732] {standard_task_runner.py:77} INFO - Job 100: Subtask schedule_bgg_crawler
[2022-05-16 17:00:04,762] {logging_mixin.py:104} INFO - Running <TaskInstance: UTE_THONG_BAO_V1.schedule_bgg_crawler 2022-05-16T16:55:00+00:00 [running]> on host 65d21844f899
[2022-05-16 17:00:04,845] {taskinstance.py:1300} INFO - Exporting the following env vars:
AIRFLOW_CTX_DAG_OWNER=UTE_THONG_BAO_V1
AIRFLOW_CTX_DAG_ID=UTE_THONG_BAO_V1
AIRFLOW_CTX_TASK_ID=schedule_bgg_crawler
AIRFLOW_CTX_EXECUTION_DATE=2022-05-16T16:55:00+00:00
AIRFLOW_CTX_DAG_RUN_ID=scheduled__2022-05-16T16:55:00+00:00
[2022-05-16 17:00:04,846] {subprocess.py:52} INFO - Tmp dir root location: 
 /tmp
[2022-05-16 17:00:04,846] {subprocess.py:63} INFO - Running command: ['bash', '-c', 'cd /opt/***/dags/test && scrapy crawl thongbao && echo "xong t1"']
[2022-05-16 17:00:04,856] {subprocess.py:75} INFO - Output:
[2022-05-16 17:00:05,854] {subprocess.py:79} INFO - sh: 1: dags/test: not found
[2022-05-16 17:00:05,863] {subprocess.py:79} INFO - 2022-05-16 17:00:05 [scrapy.utils.log] INFO: Scrapy 2.6.1 started (bot: thongbao)
[2022-05-16 17:00:05,864] {subprocess.py:79} INFO - 2022-05-16 17:00:05 [scrapy.utils.log] INFO: Versions: lxml 4.8.0.0, libxml2 2.9.12, cssselect 1.1.0, parsel 1.6.0, w3lib 1.22.0, Twisted 22.4.0, Python 3.8.12 (default, Dec 21 2021, 11:15:53) - [GCC 8.3.0], pyOpenSSL 19.1.0 (OpenSSL 1.1.1k  25 Mar 2021), cryptography 3.4.7, Platform Linux-5.13.0-39-generic-x86_64-with-glibc2.2.5
[2022-05-16 17:00:05,867] {subprocess.py:79} INFO - 2022-05-16 17:00:05 [scrapy.crawler] INFO: Overridden settings:
[2022-05-16 17:00:05,867] {subprocess.py:79} INFO - {'BOT_NAME': 'thongbao',
[2022-05-16 17:00:05,867] {subprocess.py:79} INFO -  'FEED_EXPORT_ENCODING': 'utf-8',
[2022-05-16 17:00:05,867] {subprocess.py:79} INFO -  'NEWSPIDER_MODULE': 'thongbao.spiders',
[2022-05-16 17:00:05,867] {subprocess.py:79} INFO -  'SPIDER_MODULES': ['thongbao.spiders']}
[2022-05-16 17:00:05,869] {subprocess.py:79} INFO - 2022-05-16 17:00:05 [scrapy.utils.log] DEBUG: Using reactor: twisted.internet.epollreactor.EPollReactor
[2022-05-16 17:00:05,883] {subprocess.py:79} INFO - 2022-05-16 17:00:05 [scrapy.extensions.telnet] INFO: Telnet Password: 3a0a2831dcbe6068
[2022-05-16 17:00:05,914] {subprocess.py:79} INFO - 2022-05-16 17:00:05 [scrapy.middleware] INFO: Enabled extensions:
[2022-05-16 17:00:05,914] {subprocess.py:79} INFO - ['scrapy.extensions.corestats.CoreStats',
[2022-05-16 17:00:05,914] {subprocess.py:79} INFO -  'scrapy.extensions.telnet.TelnetConsole',
[2022-05-16 17:00:05,914] {subprocess.py:79} INFO -  'scrapy.extensions.memusage.MemoryUsage',
[2022-05-16 17:00:05,914] {subprocess.py:79} INFO -  'scrapy.extensions.logstats.LogStats']
[2022-05-16 17:00:05,995] {subprocess.py:79} INFO - 2022-05-16 17:00:05 [scrapy.middleware] INFO: Enabled downloader middlewares:
[2022-05-16 17:00:05,995] {subprocess.py:79} INFO - ['scrapy.downloadermiddlewares.httpauth.HttpAuthMiddleware',
[2022-05-16 17:00:05,995] {subprocess.py:79} INFO -  'scrapy.downloadermiddlewares.downloadtimeout.DownloadTimeoutMiddleware',
[2022-05-16 17:00:05,995] {subprocess.py:79} INFO -  'scrapy.downloadermiddlewares.defaultheaders.DefaultHeadersMiddleware',
[2022-05-16 17:00:05,995] {subprocess.py:79} INFO -  'scrapy.downloadermiddlewares.useragent.UserAgentMiddleware',
[2022-05-16 17:00:05,995] {subprocess.py:79} INFO -  'thongbao.middlewares.ThongbaoDownloaderMiddleware',
[2022-05-16 17:00:05,995] {subprocess.py:79} INFO -  'scrapy.downloadermiddlewares.retry.RetryMiddleware',
[2022-05-16 17:00:05,995] {subprocess.py:79} INFO -  'scrapy.downloadermiddlewares.redirect.MetaRefreshMiddleware',
[2022-05-16 17:00:05,995] {subprocess.py:79} INFO -  'scrapy.downloadermiddlewares.httpcompression.HttpCompressionMiddleware',
[2022-05-16 17:00:05,995] {subprocess.py:79} INFO -  'scrapy.downloadermiddlewares.redirect.RedirectMiddleware',
[2022-05-16 17:00:05,995] {subprocess.py:79} INFO -  'scrapy.downloadermiddlewares.cookies.CookiesMiddleware',
[2022-05-16 17:00:05,995] {subprocess.py:79} INFO -  'scrapy.downloadermiddlewares.httpproxy.HttpProxyMiddleware',
[2022-05-16 17:00:05,995] {subprocess.py:79} INFO -  'scrapy.downloadermiddlewares.stats.DownloaderStats']
[2022-05-16 17:00:05,997] {subprocess.py:79} INFO - 2022-05-16 17:00:05 [scrapy.middleware] INFO: Enabled spider middlewares:
[2022-05-16 17:00:05,997] {subprocess.py:79} INFO - ['scrapy.spidermiddlewares.httperror.HttpErrorMiddleware',
[2022-05-16 17:00:05,997] {subprocess.py:79} INFO -  'scrapy.spidermiddlewares.offsite.OffsiteMiddleware',
[2022-05-16 17:00:05,997] {subprocess.py:79} INFO -  'scrapy.spidermiddlewares.referer.RefererMiddleware',
[2022-05-16 17:00:05,997] {subprocess.py:79} INFO -  'scrapy.spidermiddlewares.urllength.UrlLengthMiddleware',
[2022-05-16 17:00:05,997] {subprocess.py:79} INFO -  'scrapy.spidermiddlewares.depth.DepthMiddleware']
[2022-05-16 17:00:06,006] {subprocess.py:79} INFO - 2022-05-16 17:00:06 [scrapy.middleware] INFO: Enabled item pipelines:
[2022-05-16 17:00:06,006] {subprocess.py:79} INFO - ['thongbao.pipelines.ThongbaoPipeline']
[2022-05-16 17:00:06,006] {subprocess.py:79} INFO - 2022-05-16 17:00:06 [scrapy.core.engine] INFO: Spider opened
[2022-05-16 17:00:06,099] {subprocess.py:79} INFO - 2022-05-16 17:00:06 [scrapy.extensions.logstats] INFO: Crawled 0 pages (at 0 pages/min), scraped 0 items (at 0 items/min)
[2022-05-16 17:00:06,099] {subprocess.py:79} INFO - 2022-05-16 17:00:06 [thongbao] INFO: Spider opened: thongbao
[2022-05-16 17:00:06,100] {subprocess.py:79} INFO - 2022-05-16 17:00:06 [scrapy.extensions.telnet] INFO: Telnet console listening on 127.0.0.1:6023
[2022-05-16 17:00:06,102] {subprocess.py:79} INFO - 2022-05-16 17:00:06 [root] DEBUG: current user-agent: T
[2022-05-16 17:00:07,223] {subprocess.py:79} INFO - 2022-05-16 17:00:07 [filelock] DEBUG: Attempting to acquire lock 139706106398944 on /home/***/.cache/python-tldextract/3.8.12.final__local__ecb11d__tldextract-3.3.0/publicsuffix.org-tlds/de84b5ca2167d4c83e38fb162f2e8738.tldextract.json.lock
[2022-05-16 17:00:07,223] {subprocess.py:79} INFO - 2022-05-16 17:00:07 [filelock] INFO: Lock 139706106398944 acquired on /home/***/.cache/python-tldextract/3.8.12.final__local__ecb11d__tldextract-3.3.0/publicsuffix.org-tlds/de84b5ca2167d4c83e38fb162f2e8738.tldextract.json.lock
[2022-05-16 17:00:07,224] {subprocess.py:79} INFO - 2022-05-16 17:00:07 [filelock] DEBUG: Attempting to release lock 139706106398944 on /home/***/.cache/python-tldextract/3.8.12.final__local__ecb11d__tldextract-3.3.0/publicsuffix.org-tlds/de84b5ca2167d4c83e38fb162f2e8738.tldextract.json.lock
[2022-05-16 17:00:07,224] {subprocess.py:79} INFO - 2022-05-16 17:00:07 [filelock] INFO: Lock 139706106398944 released on /home/***/.cache/python-tldextract/3.8.12.final__local__ecb11d__tldextract-3.3.0/publicsuffix.org-tlds/de84b5ca2167d4c83e38fb162f2e8738.tldextract.json.lock
[2022-05-16 17:00:07,227] {subprocess.py:79} INFO - 2022-05-16 17:00:07 [scrapy.core.engine] DEBUG: Crawled (200) <GET http://daotao.ute.udn.vn/> (referer: None)
[2022-05-16 17:00:07,339] {subprocess.py:79} INFO - 2022-05-16 17:00:07 [root] INFO: [!] OLD_DATA STOP !!
[2022-05-16 17:00:07,340] {subprocess.py:79} INFO - 2022-05-16 17:00:07 [scrapy.core.engine] INFO: Closing spider (finished)
[2022-05-16 17:00:07,340] {subprocess.py:79} INFO - 2022-05-16 17:00:07 [scrapy.statscollectors] INFO: Dumping Scrapy stats:
[2022-05-16 17:00:07,341] {subprocess.py:79} INFO - {'downloader/request_bytes': 217,
[2022-05-16 17:00:07,341] {subprocess.py:79} INFO -  'downloader/request_count': 1,
[2022-05-16 17:00:07,341] {subprocess.py:79} INFO -  'downloader/request_method_count/GET': 1,
[2022-05-16 17:00:07,341] {subprocess.py:79} INFO -  'downloader/response_bytes': 21232,
[2022-05-16 17:00:07,341] {subprocess.py:79} INFO -  'downloader/response_count': 1,
[2022-05-16 17:00:07,341] {subprocess.py:79} INFO -  'downloader/response_status_count/200': 1,
[2022-05-16 17:00:07,341] {subprocess.py:79} INFO -  'elapsed_time_seconds': 1.241437,
[2022-05-16 17:00:07,341] {subprocess.py:79} INFO -  'finish_reason': 'finished',
[2022-05-16 17:00:07,341] {subprocess.py:79} INFO -  'finish_time': datetime.datetime(2022, 5, 16, 17, 0, 7, 340563),
[2022-05-16 17:00:07,341] {subprocess.py:79} INFO -  'httpcompression/response_bytes': 86164,
[2022-05-16 17:00:07,341] {subprocess.py:79} INFO -  'httpcompression/response_count': 1,
[2022-05-16 17:00:07,341] {subprocess.py:79} INFO -  'log_count/DEBUG': 5,
[2022-05-16 17:00:07,341] {subprocess.py:79} INFO -  'log_count/INFO': 14,
[2022-05-16 17:00:07,341] {subprocess.py:79} INFO -  'memusage/max': 67010560,
[2022-05-16 17:00:07,341] {subprocess.py:79} INFO -  'memusage/startup': 67010560,
[2022-05-16 17:00:07,341] {subprocess.py:79} INFO -  'response_received_count': 1,
[2022-05-16 17:00:07,341] {subprocess.py:79} INFO -  'scheduler/dequeued': 1,
[2022-05-16 17:00:07,341] {subprocess.py:79} INFO -  'scheduler/dequeued/memory': 1,
[2022-05-16 17:00:07,341] {subprocess.py:79} INFO -  'scheduler/enqueued': 1,
[2022-05-16 17:00:07,341] {subprocess.py:79} INFO -  'scheduler/enqueued/memory': 1,
[2022-05-16 17:00:07,341] {subprocess.py:79} INFO -  'start_time': datetime.datetime(2022, 5, 16, 17, 0, 6, 99126)}
[2022-05-16 17:00:07,342] {subprocess.py:79} INFO - 2022-05-16 17:00:07 [scrapy.core.engine] INFO: Spider closed (finished)
[2022-05-16 17:00:07,342] {subprocess.py:79} INFO - current user-agent: T
[2022-05-16 17:00:07,342] {subprocess.py:79} INFO - viewMsg.asp?mid=20016
[2022-05-16 17:00:07,342] {subprocess.py:79} INFO - 20016
[2022-05-16 17:00:07,420] {subprocess.py:79} INFO - xong t1
[2022-05-16 17:00:07,420] {subprocess.py:83} INFO - Command exited with return code 0
[2022-05-16 17:00:07,436] {taskinstance.py:1204} INFO - Marking task as SUCCESS. dag_id=UTE_THONG_BAO_V1, task_id=schedule_bgg_crawler, execution_date=20220516T165500, start_date=20220516T170004, end_date=20220516T170007
[2022-05-16 17:00:07,448] {taskinstance.py:1265} INFO - 0 downstream tasks scheduled from follow-on schedule check
[2022-05-16 17:00:07,470] {local_task_job.py:151} INFO - Task exited with return code 0
