[2022-05-15 16:44:58,572] {scheduler_job.py:182} INFO - Started process (PID=56) to work on /home/airflow/.local/lib/python3.8/site-packages/airflow/example_dags/example_python_operator.py
[2022-05-15 16:44:58,572] {scheduler_job.py:633} INFO - Processing file /home/airflow/.local/lib/python3.8/site-packages/airflow/example_dags/example_python_operator.py for tasks to queue
[2022-05-15 16:44:58,573] {logging_mixin.py:104} INFO - [2022-05-15 16:44:58,573] {dagbag.py:496} INFO - Filling up the DagBag from /home/airflow/.local/lib/python3.8/site-packages/airflow/example_dags/example_python_operator.py
[2022-05-15 16:44:58,580] {scheduler_job.py:643} INFO - DAG(s) dict_keys(['example_python_operator']) retrieved from /home/airflow/.local/lib/python3.8/site-packages/airflow/example_dags/example_python_operator.py
[2022-05-15 16:44:58,596] {logging_mixin.py:104} INFO - [2022-05-15 16:44:58,596] {dag.py:1833} INFO - Sync 1 DAGs
[2022-05-15 16:44:58,603] {logging_mixin.py:104} INFO - [2022-05-15 16:44:58,603] {dag.py:2306} INFO - Setting next_dagrun for example_python_operator to None
[2022-05-15 16:44:58,618] {scheduler_job.py:190} INFO - Processing /home/airflow/.local/lib/python3.8/site-packages/airflow/example_dags/example_python_operator.py took 0.048 seconds
[2022-05-15 16:45:31,422] {scheduler_job.py:182} INFO - Started process (PID=95) to work on /home/airflow/.local/lib/python3.8/site-packages/airflow/example_dags/example_python_operator.py
[2022-05-15 16:45:31,424] {scheduler_job.py:633} INFO - Processing file /home/airflow/.local/lib/python3.8/site-packages/airflow/example_dags/example_python_operator.py for tasks to queue
[2022-05-15 16:45:31,424] {logging_mixin.py:104} INFO - [2022-05-15 16:45:31,424] {dagbag.py:496} INFO - Filling up the DagBag from /home/airflow/.local/lib/python3.8/site-packages/airflow/example_dags/example_python_operator.py
[2022-05-15 16:45:31,435] {scheduler_job.py:643} INFO - DAG(s) dict_keys(['example_python_operator']) retrieved from /home/airflow/.local/lib/python3.8/site-packages/airflow/example_dags/example_python_operator.py
[2022-05-15 16:45:31,469] {logging_mixin.py:104} INFO - [2022-05-15 16:45:31,468] {dag.py:1833} INFO - Sync 1 DAGs
[2022-05-15 16:45:31,486] {logging_mixin.py:104} INFO - [2022-05-15 16:45:31,485] {dag.py:2306} INFO - Setting next_dagrun for example_python_operator to None
[2022-05-15 16:45:31,505] {scheduler_job.py:190} INFO - Processing /home/airflow/.local/lib/python3.8/site-packages/airflow/example_dags/example_python_operator.py took 0.085 seconds
[2022-05-15 16:46:02,903] {scheduler_job.py:182} INFO - Started process (PID=134) to work on /home/airflow/.local/lib/python3.8/site-packages/airflow/example_dags/example_python_operator.py
[2022-05-15 16:46:02,903] {scheduler_job.py:633} INFO - Processing file /home/airflow/.local/lib/python3.8/site-packages/airflow/example_dags/example_python_operator.py for tasks to queue
[2022-05-15 16:46:02,905] {logging_mixin.py:104} INFO - [2022-05-15 16:46:02,905] {dagbag.py:496} INFO - Filling up the DagBag from /home/airflow/.local/lib/python3.8/site-packages/airflow/example_dags/example_python_operator.py
[2022-05-15 16:46:02,941] {scheduler_job.py:643} INFO - DAG(s) dict_keys(['example_python_operator']) retrieved from /home/airflow/.local/lib/python3.8/site-packages/airflow/example_dags/example_python_operator.py
[2022-05-15 16:46:03,002] {logging_mixin.py:104} INFO - [2022-05-15 16:46:03,001] {dag.py:1833} INFO - Sync 1 DAGs
[2022-05-15 16:46:03,035] {logging_mixin.py:104} INFO - [2022-05-15 16:46:03,035] {dag.py:2306} INFO - Setting next_dagrun for example_python_operator to None
[2022-05-15 16:46:03,065] {scheduler_job.py:190} INFO - Processing /home/airflow/.local/lib/python3.8/site-packages/airflow/example_dags/example_python_operator.py took 0.164 seconds
[2022-05-15 16:46:33,146] {scheduler_job.py:182} INFO - Started process (PID=173) to work on /home/airflow/.local/lib/python3.8/site-packages/airflow/example_dags/example_python_operator.py
[2022-05-15 16:46:33,146] {scheduler_job.py:633} INFO - Processing file /home/airflow/.local/lib/python3.8/site-packages/airflow/example_dags/example_python_operator.py for tasks to queue
[2022-05-15 16:46:33,147] {logging_mixin.py:104} INFO - [2022-05-15 16:46:33,147] {dagbag.py:496} INFO - Filling up the DagBag from /home/airflow/.local/lib/python3.8/site-packages/airflow/example_dags/example_python_operator.py
[2022-05-15 16:46:33,153] {scheduler_job.py:643} INFO - DAG(s) dict_keys(['example_python_operator']) retrieved from /home/airflow/.local/lib/python3.8/site-packages/airflow/example_dags/example_python_operator.py
[2022-05-15 16:46:33,168] {logging_mixin.py:104} INFO - [2022-05-15 16:46:33,168] {dag.py:1833} INFO - Sync 1 DAGs
[2022-05-15 16:46:33,174] {logging_mixin.py:104} INFO - [2022-05-15 16:46:33,174] {dag.py:2306} INFO - Setting next_dagrun for example_python_operator to None
[2022-05-15 16:46:33,181] {scheduler_job.py:190} INFO - Processing /home/airflow/.local/lib/python3.8/site-packages/airflow/example_dags/example_python_operator.py took 0.037 seconds
[2022-05-15 16:47:04,089] {scheduler_job.py:182} INFO - Started process (PID=212) to work on /home/airflow/.local/lib/python3.8/site-packages/airflow/example_dags/example_python_operator.py
[2022-05-15 16:47:04,089] {scheduler_job.py:633} INFO - Processing file /home/airflow/.local/lib/python3.8/site-packages/airflow/example_dags/example_python_operator.py for tasks to queue
[2022-05-15 16:47:04,090] {logging_mixin.py:104} INFO - [2022-05-15 16:47:04,090] {dagbag.py:496} INFO - Filling up the DagBag from /home/airflow/.local/lib/python3.8/site-packages/airflow/example_dags/example_python_operator.py
[2022-05-15 16:47:04,097] {scheduler_job.py:643} INFO - DAG(s) dict_keys(['example_python_operator']) retrieved from /home/airflow/.local/lib/python3.8/site-packages/airflow/example_dags/example_python_operator.py
[2022-05-15 16:47:04,115] {logging_mixin.py:104} INFO - [2022-05-15 16:47:04,115] {dag.py:1833} INFO - Sync 1 DAGs
[2022-05-15 16:47:04,124] {logging_mixin.py:104} INFO - [2022-05-15 16:47:04,124] {dag.py:2306} INFO - Setting next_dagrun for example_python_operator to None
[2022-05-15 16:47:04,134] {scheduler_job.py:190} INFO - Processing /home/airflow/.local/lib/python3.8/site-packages/airflow/example_dags/example_python_operator.py took 0.046 seconds
[2022-05-15 16:47:35,437] {scheduler_job.py:182} INFO - Started process (PID=261) to work on /home/airflow/.local/lib/python3.8/site-packages/airflow/example_dags/example_python_operator.py
[2022-05-15 16:47:35,438] {scheduler_job.py:633} INFO - Processing file /home/airflow/.local/lib/python3.8/site-packages/airflow/example_dags/example_python_operator.py for tasks to queue
[2022-05-15 16:47:35,438] {logging_mixin.py:104} INFO - [2022-05-15 16:47:35,438] {dagbag.py:496} INFO - Filling up the DagBag from /home/airflow/.local/lib/python3.8/site-packages/airflow/example_dags/example_python_operator.py
[2022-05-15 16:47:35,446] {scheduler_job.py:643} INFO - DAG(s) dict_keys(['example_python_operator']) retrieved from /home/airflow/.local/lib/python3.8/site-packages/airflow/example_dags/example_python_operator.py
[2022-05-15 16:47:35,461] {logging_mixin.py:104} INFO - [2022-05-15 16:47:35,461] {dag.py:1833} INFO - Sync 1 DAGs
[2022-05-15 16:47:35,470] {logging_mixin.py:104} INFO - [2022-05-15 16:47:35,470] {dag.py:2306} INFO - Setting next_dagrun for example_python_operator to None
[2022-05-15 16:47:35,479] {scheduler_job.py:190} INFO - Processing /home/airflow/.local/lib/python3.8/site-packages/airflow/example_dags/example_python_operator.py took 0.044 seconds
[2022-05-15 16:48:06,202] {scheduler_job.py:182} INFO - Started process (PID=310) to work on /home/airflow/.local/lib/python3.8/site-packages/airflow/example_dags/example_python_operator.py
[2022-05-15 16:48:06,203] {scheduler_job.py:633} INFO - Processing file /home/airflow/.local/lib/python3.8/site-packages/airflow/example_dags/example_python_operator.py for tasks to queue
[2022-05-15 16:48:06,203] {logging_mixin.py:104} INFO - [2022-05-15 16:48:06,203] {dagbag.py:496} INFO - Filling up the DagBag from /home/airflow/.local/lib/python3.8/site-packages/airflow/example_dags/example_python_operator.py
[2022-05-15 16:48:06,210] {scheduler_job.py:643} INFO - DAG(s) dict_keys(['example_python_operator']) retrieved from /home/airflow/.local/lib/python3.8/site-packages/airflow/example_dags/example_python_operator.py
[2022-05-15 16:48:06,225] {logging_mixin.py:104} INFO - [2022-05-15 16:48:06,225] {dag.py:1833} INFO - Sync 1 DAGs
[2022-05-15 16:48:06,233] {logging_mixin.py:104} INFO - [2022-05-15 16:48:06,233] {dag.py:2306} INFO - Setting next_dagrun for example_python_operator to None
[2022-05-15 16:48:06,241] {scheduler_job.py:190} INFO - Processing /home/airflow/.local/lib/python3.8/site-packages/airflow/example_dags/example_python_operator.py took 0.040 seconds
[2022-05-15 16:48:36,898] {scheduler_job.py:182} INFO - Started process (PID=349) to work on /home/airflow/.local/lib/python3.8/site-packages/airflow/example_dags/example_python_operator.py
[2022-05-15 16:48:36,899] {scheduler_job.py:633} INFO - Processing file /home/airflow/.local/lib/python3.8/site-packages/airflow/example_dags/example_python_operator.py for tasks to queue
[2022-05-15 16:48:36,899] {logging_mixin.py:104} INFO - [2022-05-15 16:48:36,899] {dagbag.py:496} INFO - Filling up the DagBag from /home/airflow/.local/lib/python3.8/site-packages/airflow/example_dags/example_python_operator.py
[2022-05-15 16:48:36,906] {scheduler_job.py:643} INFO - DAG(s) dict_keys(['example_python_operator']) retrieved from /home/airflow/.local/lib/python3.8/site-packages/airflow/example_dags/example_python_operator.py
[2022-05-15 16:48:36,920] {logging_mixin.py:104} INFO - [2022-05-15 16:48:36,920] {dag.py:1833} INFO - Sync 1 DAGs
[2022-05-15 16:48:36,928] {logging_mixin.py:104} INFO - [2022-05-15 16:48:36,928] {dag.py:2306} INFO - Setting next_dagrun for example_python_operator to None
[2022-05-15 16:48:36,936] {scheduler_job.py:190} INFO - Processing /home/airflow/.local/lib/python3.8/site-packages/airflow/example_dags/example_python_operator.py took 0.041 seconds
[2022-05-15 16:49:07,817] {scheduler_job.py:182} INFO - Started process (PID=388) to work on /home/airflow/.local/lib/python3.8/site-packages/airflow/example_dags/example_python_operator.py
[2022-05-15 16:49:07,817] {scheduler_job.py:633} INFO - Processing file /home/airflow/.local/lib/python3.8/site-packages/airflow/example_dags/example_python_operator.py for tasks to queue
[2022-05-15 16:49:07,818] {logging_mixin.py:104} INFO - [2022-05-15 16:49:07,818] {dagbag.py:496} INFO - Filling up the DagBag from /home/airflow/.local/lib/python3.8/site-packages/airflow/example_dags/example_python_operator.py
[2022-05-15 16:49:07,824] {scheduler_job.py:643} INFO - DAG(s) dict_keys(['example_python_operator']) retrieved from /home/airflow/.local/lib/python3.8/site-packages/airflow/example_dags/example_python_operator.py
[2022-05-15 16:49:07,837] {logging_mixin.py:104} INFO - [2022-05-15 16:49:07,837] {dag.py:1833} INFO - Sync 1 DAGs
[2022-05-15 16:49:07,843] {logging_mixin.py:104} INFO - [2022-05-15 16:49:07,843] {dag.py:2306} INFO - Setting next_dagrun for example_python_operator to None
[2022-05-15 16:49:07,854] {scheduler_job.py:190} INFO - Processing /home/airflow/.local/lib/python3.8/site-packages/airflow/example_dags/example_python_operator.py took 0.039 seconds
[2022-05-15 16:49:38,055] {scheduler_job.py:182} INFO - Started process (PID=427) to work on /home/airflow/.local/lib/python3.8/site-packages/airflow/example_dags/example_python_operator.py
[2022-05-15 16:49:38,056] {scheduler_job.py:633} INFO - Processing file /home/airflow/.local/lib/python3.8/site-packages/airflow/example_dags/example_python_operator.py for tasks to queue
[2022-05-15 16:49:38,056] {logging_mixin.py:104} INFO - [2022-05-15 16:49:38,056] {dagbag.py:496} INFO - Filling up the DagBag from /home/airflow/.local/lib/python3.8/site-packages/airflow/example_dags/example_python_operator.py
[2022-05-15 16:49:38,063] {scheduler_job.py:643} INFO - DAG(s) dict_keys(['example_python_operator']) retrieved from /home/airflow/.local/lib/python3.8/site-packages/airflow/example_dags/example_python_operator.py
[2022-05-15 16:49:38,076] {logging_mixin.py:104} INFO - [2022-05-15 16:49:38,076] {dag.py:1833} INFO - Sync 1 DAGs
[2022-05-15 16:49:38,082] {logging_mixin.py:104} INFO - [2022-05-15 16:49:38,082] {dag.py:2306} INFO - Setting next_dagrun for example_python_operator to None
[2022-05-15 16:49:38,091] {scheduler_job.py:190} INFO - Processing /home/airflow/.local/lib/python3.8/site-packages/airflow/example_dags/example_python_operator.py took 0.037 seconds
[2022-05-15 16:50:09,143] {scheduler_job.py:182} INFO - Started process (PID=466) to work on /home/airflow/.local/lib/python3.8/site-packages/airflow/example_dags/example_python_operator.py
[2022-05-15 16:50:09,143] {scheduler_job.py:633} INFO - Processing file /home/airflow/.local/lib/python3.8/site-packages/airflow/example_dags/example_python_operator.py for tasks to queue
[2022-05-15 16:50:09,143] {logging_mixin.py:104} INFO - [2022-05-15 16:50:09,143] {dagbag.py:496} INFO - Filling up the DagBag from /home/airflow/.local/lib/python3.8/site-packages/airflow/example_dags/example_python_operator.py
[2022-05-15 16:50:09,156] {scheduler_job.py:643} INFO - DAG(s) dict_keys(['example_python_operator']) retrieved from /home/airflow/.local/lib/python3.8/site-packages/airflow/example_dags/example_python_operator.py
[2022-05-15 16:50:09,208] {logging_mixin.py:104} INFO - [2022-05-15 16:50:09,208] {dag.py:1833} INFO - Sync 1 DAGs
[2022-05-15 16:50:09,234] {logging_mixin.py:104} INFO - [2022-05-15 16:50:09,233] {dag.py:2306} INFO - Setting next_dagrun for example_python_operator to None
[2022-05-15 16:50:09,262] {scheduler_job.py:190} INFO - Processing /home/airflow/.local/lib/python3.8/site-packages/airflow/example_dags/example_python_operator.py took 0.121 seconds
[2022-05-15 16:50:40,444] {scheduler_job.py:182} INFO - Started process (PID=505) to work on /home/airflow/.local/lib/python3.8/site-packages/airflow/example_dags/example_python_operator.py
[2022-05-15 16:50:40,446] {scheduler_job.py:633} INFO - Processing file /home/airflow/.local/lib/python3.8/site-packages/airflow/example_dags/example_python_operator.py for tasks to queue
[2022-05-15 16:50:40,448] {logging_mixin.py:104} INFO - [2022-05-15 16:50:40,447] {dagbag.py:496} INFO - Filling up the DagBag from /home/airflow/.local/lib/python3.8/site-packages/airflow/example_dags/example_python_operator.py
[2022-05-15 16:50:40,467] {scheduler_job.py:643} INFO - DAG(s) dict_keys(['example_python_operator']) retrieved from /home/airflow/.local/lib/python3.8/site-packages/airflow/example_dags/example_python_operator.py
[2022-05-15 16:50:40,509] {logging_mixin.py:104} INFO - [2022-05-15 16:50:40,509] {dag.py:1833} INFO - Sync 1 DAGs
[2022-05-15 16:50:40,533] {logging_mixin.py:104} INFO - [2022-05-15 16:50:40,532] {dag.py:2306} INFO - Setting next_dagrun for example_python_operator to None
[2022-05-15 16:50:40,556] {scheduler_job.py:190} INFO - Processing /home/airflow/.local/lib/python3.8/site-packages/airflow/example_dags/example_python_operator.py took 0.117 seconds
[2022-05-15 16:51:10,898] {scheduler_job.py:182} INFO - Started process (PID=544) to work on /home/airflow/.local/lib/python3.8/site-packages/airflow/example_dags/example_python_operator.py
[2022-05-15 16:51:10,899] {scheduler_job.py:633} INFO - Processing file /home/airflow/.local/lib/python3.8/site-packages/airflow/example_dags/example_python_operator.py for tasks to queue
[2022-05-15 16:51:10,900] {logging_mixin.py:104} INFO - [2022-05-15 16:51:10,900] {dagbag.py:496} INFO - Filling up the DagBag from /home/airflow/.local/lib/python3.8/site-packages/airflow/example_dags/example_python_operator.py
[2022-05-15 16:51:10,918] {scheduler_job.py:643} INFO - DAG(s) dict_keys(['example_python_operator']) retrieved from /home/airflow/.local/lib/python3.8/site-packages/airflow/example_dags/example_python_operator.py
[2022-05-15 16:51:10,953] {logging_mixin.py:104} INFO - [2022-05-15 16:51:10,953] {dag.py:1833} INFO - Sync 1 DAGs
[2022-05-15 16:51:10,978] {logging_mixin.py:104} INFO - [2022-05-15 16:51:10,977] {dag.py:2306} INFO - Setting next_dagrun for example_python_operator to None
[2022-05-15 16:51:11,009] {scheduler_job.py:190} INFO - Processing /home/airflow/.local/lib/python3.8/site-packages/airflow/example_dags/example_python_operator.py took 0.115 seconds
[2022-05-15 16:51:41,309] {scheduler_job.py:182} INFO - Started process (PID=583) to work on /home/airflow/.local/lib/python3.8/site-packages/airflow/example_dags/example_python_operator.py
[2022-05-15 16:51:41,310] {scheduler_job.py:633} INFO - Processing file /home/airflow/.local/lib/python3.8/site-packages/airflow/example_dags/example_python_operator.py for tasks to queue
[2022-05-15 16:51:41,310] {logging_mixin.py:104} INFO - [2022-05-15 16:51:41,310] {dagbag.py:496} INFO - Filling up the DagBag from /home/airflow/.local/lib/python3.8/site-packages/airflow/example_dags/example_python_operator.py
[2022-05-15 16:51:41,318] {scheduler_job.py:643} INFO - DAG(s) dict_keys(['example_python_operator']) retrieved from /home/airflow/.local/lib/python3.8/site-packages/airflow/example_dags/example_python_operator.py
[2022-05-15 16:51:41,332] {logging_mixin.py:104} INFO - [2022-05-15 16:51:41,331] {dag.py:1833} INFO - Sync 1 DAGs
[2022-05-15 16:51:41,338] {logging_mixin.py:104} INFO - [2022-05-15 16:51:41,338] {dag.py:2306} INFO - Setting next_dagrun for example_python_operator to None
[2022-05-15 16:51:41,345] {scheduler_job.py:190} INFO - Processing /home/airflow/.local/lib/python3.8/site-packages/airflow/example_dags/example_python_operator.py took 0.037 seconds
[2022-05-15 16:52:12,094] {scheduler_job.py:182} INFO - Started process (PID=622) to work on /home/airflow/.local/lib/python3.8/site-packages/airflow/example_dags/example_python_operator.py
[2022-05-15 16:52:12,095] {scheduler_job.py:633} INFO - Processing file /home/airflow/.local/lib/python3.8/site-packages/airflow/example_dags/example_python_operator.py for tasks to queue
[2022-05-15 16:52:12,095] {logging_mixin.py:104} INFO - [2022-05-15 16:52:12,095] {dagbag.py:496} INFO - Filling up the DagBag from /home/airflow/.local/lib/python3.8/site-packages/airflow/example_dags/example_python_operator.py
[2022-05-15 16:52:12,101] {scheduler_job.py:643} INFO - DAG(s) dict_keys(['example_python_operator']) retrieved from /home/airflow/.local/lib/python3.8/site-packages/airflow/example_dags/example_python_operator.py
[2022-05-15 16:52:12,117] {logging_mixin.py:104} INFO - [2022-05-15 16:52:12,117] {dag.py:1833} INFO - Sync 1 DAGs
[2022-05-15 16:52:12,126] {logging_mixin.py:104} INFO - [2022-05-15 16:52:12,126] {dag.py:2306} INFO - Setting next_dagrun for example_python_operator to None
[2022-05-15 16:52:12,134] {scheduler_job.py:190} INFO - Processing /home/airflow/.local/lib/python3.8/site-packages/airflow/example_dags/example_python_operator.py took 0.041 seconds
[2022-05-15 16:52:42,597] {scheduler_job.py:182} INFO - Started process (PID=660) to work on /home/airflow/.local/lib/python3.8/site-packages/airflow/example_dags/example_python_operator.py
[2022-05-15 16:52:42,598] {scheduler_job.py:633} INFO - Processing file /home/airflow/.local/lib/python3.8/site-packages/airflow/example_dags/example_python_operator.py for tasks to queue
[2022-05-15 16:52:42,598] {logging_mixin.py:104} INFO - [2022-05-15 16:52:42,598] {dagbag.py:496} INFO - Filling up the DagBag from /home/airflow/.local/lib/python3.8/site-packages/airflow/example_dags/example_python_operator.py
[2022-05-15 16:52:42,605] {scheduler_job.py:643} INFO - DAG(s) dict_keys(['example_python_operator']) retrieved from /home/airflow/.local/lib/python3.8/site-packages/airflow/example_dags/example_python_operator.py
[2022-05-15 16:52:42,621] {logging_mixin.py:104} INFO - [2022-05-15 16:52:42,621] {dag.py:1833} INFO - Sync 1 DAGs
[2022-05-15 16:52:42,631] {logging_mixin.py:104} INFO - [2022-05-15 16:52:42,631] {dag.py:2306} INFO - Setting next_dagrun for example_python_operator to None
[2022-05-15 16:52:42,638] {scheduler_job.py:190} INFO - Processing /home/airflow/.local/lib/python3.8/site-packages/airflow/example_dags/example_python_operator.py took 0.043 seconds
[2022-05-15 16:53:12,871] {scheduler_job.py:182} INFO - Started process (PID=699) to work on /home/airflow/.local/lib/python3.8/site-packages/airflow/example_dags/example_python_operator.py
[2022-05-15 16:53:12,873] {scheduler_job.py:633} INFO - Processing file /home/airflow/.local/lib/python3.8/site-packages/airflow/example_dags/example_python_operator.py for tasks to queue
[2022-05-15 16:53:12,874] {logging_mixin.py:104} INFO - [2022-05-15 16:53:12,874] {dagbag.py:496} INFO - Filling up the DagBag from /home/airflow/.local/lib/python3.8/site-packages/airflow/example_dags/example_python_operator.py
[2022-05-15 16:53:12,890] {scheduler_job.py:643} INFO - DAG(s) dict_keys(['example_python_operator']) retrieved from /home/airflow/.local/lib/python3.8/site-packages/airflow/example_dags/example_python_operator.py
[2022-05-15 16:53:12,926] {logging_mixin.py:104} INFO - [2022-05-15 16:53:12,926] {dag.py:1833} INFO - Sync 1 DAGs
[2022-05-15 16:53:12,941] {logging_mixin.py:104} INFO - [2022-05-15 16:53:12,941] {dag.py:2306} INFO - Setting next_dagrun for example_python_operator to None
[2022-05-15 16:53:12,949] {scheduler_job.py:190} INFO - Processing /home/airflow/.local/lib/python3.8/site-packages/airflow/example_dags/example_python_operator.py took 0.082 seconds
[2022-05-15 16:53:43,543] {scheduler_job.py:182} INFO - Started process (PID=738) to work on /home/airflow/.local/lib/python3.8/site-packages/airflow/example_dags/example_python_operator.py
[2022-05-15 16:53:43,544] {scheduler_job.py:633} INFO - Processing file /home/airflow/.local/lib/python3.8/site-packages/airflow/example_dags/example_python_operator.py for tasks to queue
[2022-05-15 16:53:43,544] {logging_mixin.py:104} INFO - [2022-05-15 16:53:43,544] {dagbag.py:496} INFO - Filling up the DagBag from /home/airflow/.local/lib/python3.8/site-packages/airflow/example_dags/example_python_operator.py
[2022-05-15 16:53:43,551] {scheduler_job.py:643} INFO - DAG(s) dict_keys(['example_python_operator']) retrieved from /home/airflow/.local/lib/python3.8/site-packages/airflow/example_dags/example_python_operator.py
[2022-05-15 16:53:43,571] {logging_mixin.py:104} INFO - [2022-05-15 16:53:43,571] {dag.py:1833} INFO - Sync 1 DAGs
[2022-05-15 16:53:43,583] {logging_mixin.py:104} INFO - [2022-05-15 16:53:43,582] {dag.py:2306} INFO - Setting next_dagrun for example_python_operator to None
[2022-05-15 16:53:43,596] {scheduler_job.py:190} INFO - Processing /home/airflow/.local/lib/python3.8/site-packages/airflow/example_dags/example_python_operator.py took 0.055 seconds
[2022-05-15 16:54:15,502] {scheduler_job.py:182} INFO - Started process (PID=777) to work on /home/airflow/.local/lib/python3.8/site-packages/airflow/example_dags/example_python_operator.py
[2022-05-15 16:54:15,504] {scheduler_job.py:633} INFO - Processing file /home/airflow/.local/lib/python3.8/site-packages/airflow/example_dags/example_python_operator.py for tasks to queue
[2022-05-15 16:54:15,505] {logging_mixin.py:104} INFO - [2022-05-15 16:54:15,504] {dagbag.py:496} INFO - Filling up the DagBag from /home/airflow/.local/lib/python3.8/site-packages/airflow/example_dags/example_python_operator.py
[2022-05-15 16:54:15,519] {scheduler_job.py:643} INFO - DAG(s) dict_keys(['example_python_operator']) retrieved from /home/airflow/.local/lib/python3.8/site-packages/airflow/example_dags/example_python_operator.py
[2022-05-15 16:54:15,540] {logging_mixin.py:104} INFO - [2022-05-15 16:54:15,540] {dag.py:1833} INFO - Sync 1 DAGs
[2022-05-15 16:54:15,548] {logging_mixin.py:104} INFO - [2022-05-15 16:54:15,548] {dag.py:2306} INFO - Setting next_dagrun for example_python_operator to None
[2022-05-15 16:54:15,599] {scheduler_job.py:190} INFO - Processing /home/airflow/.local/lib/python3.8/site-packages/airflow/example_dags/example_python_operator.py took 0.100 seconds
[2022-05-15 16:54:46,712] {scheduler_job.py:182} INFO - Started process (PID=817) to work on /home/airflow/.local/lib/python3.8/site-packages/airflow/example_dags/example_python_operator.py
[2022-05-15 16:54:46,713] {scheduler_job.py:633} INFO - Processing file /home/airflow/.local/lib/python3.8/site-packages/airflow/example_dags/example_python_operator.py for tasks to queue
[2022-05-15 16:54:46,713] {logging_mixin.py:104} INFO - [2022-05-15 16:54:46,713] {dagbag.py:496} INFO - Filling up the DagBag from /home/airflow/.local/lib/python3.8/site-packages/airflow/example_dags/example_python_operator.py
[2022-05-15 16:54:46,720] {scheduler_job.py:643} INFO - DAG(s) dict_keys(['example_python_operator']) retrieved from /home/airflow/.local/lib/python3.8/site-packages/airflow/example_dags/example_python_operator.py
[2022-05-15 16:54:46,734] {logging_mixin.py:104} INFO - [2022-05-15 16:54:46,734] {dag.py:1833} INFO - Sync 1 DAGs
[2022-05-15 16:54:46,740] {logging_mixin.py:104} INFO - [2022-05-15 16:54:46,740] {dag.py:2306} INFO - Setting next_dagrun for example_python_operator to None
[2022-05-15 16:54:46,747] {scheduler_job.py:190} INFO - Processing /home/airflow/.local/lib/python3.8/site-packages/airflow/example_dags/example_python_operator.py took 0.036 seconds
[2022-05-15 16:55:47,752] {scheduler_job.py:182} INFO - Started process (PID=55) to work on /home/airflow/.local/lib/python3.8/site-packages/airflow/example_dags/example_python_operator.py
[2022-05-15 16:55:47,753] {scheduler_job.py:633} INFO - Processing file /home/airflow/.local/lib/python3.8/site-packages/airflow/example_dags/example_python_operator.py for tasks to queue
[2022-05-15 16:55:47,753] {logging_mixin.py:104} INFO - [2022-05-15 16:55:47,753] {dagbag.py:496} INFO - Filling up the DagBag from /home/airflow/.local/lib/python3.8/site-packages/airflow/example_dags/example_python_operator.py
[2022-05-15 16:55:47,760] {scheduler_job.py:643} INFO - DAG(s) dict_keys(['example_python_operator']) retrieved from /home/airflow/.local/lib/python3.8/site-packages/airflow/example_dags/example_python_operator.py
[2022-05-15 16:55:47,777] {logging_mixin.py:104} INFO - [2022-05-15 16:55:47,777] {dag.py:1833} INFO - Sync 1 DAGs
[2022-05-15 16:55:47,784] {logging_mixin.py:104} INFO - [2022-05-15 16:55:47,784] {dag.py:2306} INFO - Setting next_dagrun for example_python_operator to None
[2022-05-15 16:55:47,791] {scheduler_job.py:190} INFO - Processing /home/airflow/.local/lib/python3.8/site-packages/airflow/example_dags/example_python_operator.py took 0.041 seconds
[2022-05-15 16:56:19,606] {scheduler_job.py:182} INFO - Started process (PID=94) to work on /home/airflow/.local/lib/python3.8/site-packages/airflow/example_dags/example_python_operator.py
[2022-05-15 16:56:19,607] {scheduler_job.py:633} INFO - Processing file /home/airflow/.local/lib/python3.8/site-packages/airflow/example_dags/example_python_operator.py for tasks to queue
[2022-05-15 16:56:19,608] {logging_mixin.py:104} INFO - [2022-05-15 16:56:19,608] {dagbag.py:496} INFO - Filling up the DagBag from /home/airflow/.local/lib/python3.8/site-packages/airflow/example_dags/example_python_operator.py
[2022-05-15 16:56:19,622] {scheduler_job.py:643} INFO - DAG(s) dict_keys(['example_python_operator']) retrieved from /home/airflow/.local/lib/python3.8/site-packages/airflow/example_dags/example_python_operator.py
[2022-05-15 16:56:19,652] {logging_mixin.py:104} INFO - [2022-05-15 16:56:19,652] {dag.py:1833} INFO - Sync 1 DAGs
[2022-05-15 16:56:19,671] {logging_mixin.py:104} INFO - [2022-05-15 16:56:19,671] {dag.py:2306} INFO - Setting next_dagrun for example_python_operator to None
[2022-05-15 16:56:19,685] {scheduler_job.py:190} INFO - Processing /home/airflow/.local/lib/python3.8/site-packages/airflow/example_dags/example_python_operator.py took 0.082 seconds
[2022-05-15 16:56:50,902] {scheduler_job.py:182} INFO - Started process (PID=133) to work on /home/airflow/.local/lib/python3.8/site-packages/airflow/example_dags/example_python_operator.py
[2022-05-15 16:56:50,905] {scheduler_job.py:633} INFO - Processing file /home/airflow/.local/lib/python3.8/site-packages/airflow/example_dags/example_python_operator.py for tasks to queue
[2022-05-15 16:56:50,906] {logging_mixin.py:104} INFO - [2022-05-15 16:56:50,906] {dagbag.py:496} INFO - Filling up the DagBag from /home/airflow/.local/lib/python3.8/site-packages/airflow/example_dags/example_python_operator.py
[2022-05-15 16:56:50,924] {scheduler_job.py:643} INFO - DAG(s) dict_keys(['example_python_operator']) retrieved from /home/airflow/.local/lib/python3.8/site-packages/airflow/example_dags/example_python_operator.py
[2022-05-15 16:56:50,954] {logging_mixin.py:104} INFO - [2022-05-15 16:56:50,954] {dag.py:1833} INFO - Sync 1 DAGs
[2022-05-15 16:56:50,971] {logging_mixin.py:104} INFO - [2022-05-15 16:56:50,971] {dag.py:2306} INFO - Setting next_dagrun for example_python_operator to None
[2022-05-15 16:56:50,986] {scheduler_job.py:190} INFO - Processing /home/airflow/.local/lib/python3.8/site-packages/airflow/example_dags/example_python_operator.py took 0.089 seconds
[2022-05-15 16:57:22,650] {scheduler_job.py:182} INFO - Started process (PID=172) to work on /home/airflow/.local/lib/python3.8/site-packages/airflow/example_dags/example_python_operator.py
[2022-05-15 16:57:22,650] {scheduler_job.py:633} INFO - Processing file /home/airflow/.local/lib/python3.8/site-packages/airflow/example_dags/example_python_operator.py for tasks to queue
[2022-05-15 16:57:22,651] {logging_mixin.py:104} INFO - [2022-05-15 16:57:22,651] {dagbag.py:496} INFO - Filling up the DagBag from /home/airflow/.local/lib/python3.8/site-packages/airflow/example_dags/example_python_operator.py
[2022-05-15 16:57:22,662] {scheduler_job.py:643} INFO - DAG(s) dict_keys(['example_python_operator']) retrieved from /home/airflow/.local/lib/python3.8/site-packages/airflow/example_dags/example_python_operator.py
[2022-05-15 16:57:22,698] {logging_mixin.py:104} INFO - [2022-05-15 16:57:22,698] {dag.py:1833} INFO - Sync 1 DAGs
[2022-05-15 16:57:22,710] {logging_mixin.py:104} INFO - [2022-05-15 16:57:22,709] {dag.py:2306} INFO - Setting next_dagrun for example_python_operator to None
[2022-05-15 16:57:22,722] {scheduler_job.py:190} INFO - Processing /home/airflow/.local/lib/python3.8/site-packages/airflow/example_dags/example_python_operator.py took 0.074 seconds
