[2022-05-15 16:44:58,224] {scheduler_job.py:182} INFO - Started process (PID=48) to work on /home/airflow/.local/lib/python3.8/site-packages/airflow/example_dags/example_branch_python_dop_operator_3.py
[2022-05-15 16:44:58,225] {scheduler_job.py:633} INFO - Processing file /home/airflow/.local/lib/python3.8/site-packages/airflow/example_dags/example_branch_python_dop_operator_3.py for tasks to queue
[2022-05-15 16:44:58,225] {logging_mixin.py:104} INFO - [2022-05-15 16:44:58,225] {dagbag.py:496} INFO - Filling up the DagBag from /home/airflow/.local/lib/python3.8/site-packages/airflow/example_dags/example_branch_python_dop_operator_3.py
[2022-05-15 16:44:58,235] {scheduler_job.py:643} INFO - DAG(s) dict_keys(['example_branch_dop_operator_v3']) retrieved from /home/airflow/.local/lib/python3.8/site-packages/airflow/example_dags/example_branch_python_dop_operator_3.py
[2022-05-15 16:44:58,254] {logging_mixin.py:104} INFO - [2022-05-15 16:44:58,254] {dag.py:1833} INFO - Sync 1 DAGs
[2022-05-15 16:44:58,268] {logging_mixin.py:104} INFO - [2022-05-15 16:44:58,268] {dag.py:2306} INFO - Setting next_dagrun for example_branch_dop_operator_v3 to 2022-05-13 00:00:00+00:00
[2022-05-15 16:44:58,277] {scheduler_job.py:190} INFO - Processing /home/airflow/.local/lib/python3.8/site-packages/airflow/example_dags/example_branch_python_dop_operator_3.py took 0.055 seconds
[2022-05-15 16:45:30,774] {scheduler_job.py:182} INFO - Started process (PID=87) to work on /home/airflow/.local/lib/python3.8/site-packages/airflow/example_dags/example_branch_python_dop_operator_3.py
[2022-05-15 16:45:30,775] {scheduler_job.py:633} INFO - Processing file /home/airflow/.local/lib/python3.8/site-packages/airflow/example_dags/example_branch_python_dop_operator_3.py for tasks to queue
[2022-05-15 16:45:30,776] {logging_mixin.py:104} INFO - [2022-05-15 16:45:30,776] {dagbag.py:496} INFO - Filling up the DagBag from /home/airflow/.local/lib/python3.8/site-packages/airflow/example_dags/example_branch_python_dop_operator_3.py
[2022-05-15 16:45:30,791] {scheduler_job.py:643} INFO - DAG(s) dict_keys(['example_branch_dop_operator_v3']) retrieved from /home/airflow/.local/lib/python3.8/site-packages/airflow/example_dags/example_branch_python_dop_operator_3.py
[2022-05-15 16:45:30,820] {logging_mixin.py:104} INFO - [2022-05-15 16:45:30,819] {dag.py:1833} INFO - Sync 1 DAGs
[2022-05-15 16:45:30,843] {logging_mixin.py:104} INFO - [2022-05-15 16:45:30,842] {dag.py:2306} INFO - Setting next_dagrun for example_branch_dop_operator_v3 to 2022-05-13 00:00:00+00:00
[2022-05-15 16:45:30,859] {scheduler_job.py:190} INFO - Processing /home/airflow/.local/lib/python3.8/site-packages/airflow/example_dags/example_branch_python_dop_operator_3.py took 0.087 seconds
[2022-05-15 16:46:01,147] {scheduler_job.py:182} INFO - Started process (PID=126) to work on /home/airflow/.local/lib/python3.8/site-packages/airflow/example_dags/example_branch_python_dop_operator_3.py
[2022-05-15 16:46:01,147] {scheduler_job.py:633} INFO - Processing file /home/airflow/.local/lib/python3.8/site-packages/airflow/example_dags/example_branch_python_dop_operator_3.py for tasks to queue
[2022-05-15 16:46:01,148] {logging_mixin.py:104} INFO - [2022-05-15 16:46:01,148] {dagbag.py:496} INFO - Filling up the DagBag from /home/airflow/.local/lib/python3.8/site-packages/airflow/example_dags/example_branch_python_dop_operator_3.py
[2022-05-15 16:46:01,157] {scheduler_job.py:643} INFO - DAG(s) dict_keys(['example_branch_dop_operator_v3']) retrieved from /home/airflow/.local/lib/python3.8/site-packages/airflow/example_dags/example_branch_python_dop_operator_3.py
[2022-05-15 16:46:01,171] {logging_mixin.py:104} INFO - [2022-05-15 16:46:01,171] {dag.py:1833} INFO - Sync 1 DAGs
[2022-05-15 16:46:01,184] {logging_mixin.py:104} INFO - [2022-05-15 16:46:01,184] {dag.py:2306} INFO - Setting next_dagrun for example_branch_dop_operator_v3 to 2022-05-13 00:00:00+00:00
[2022-05-15 16:46:01,193] {scheduler_job.py:190} INFO - Processing /home/airflow/.local/lib/python3.8/site-packages/airflow/example_dags/example_branch_python_dop_operator_3.py took 0.048 seconds
[2022-05-15 16:46:32,561] {scheduler_job.py:182} INFO - Started process (PID=165) to work on /home/airflow/.local/lib/python3.8/site-packages/airflow/example_dags/example_branch_python_dop_operator_3.py
[2022-05-15 16:46:32,562] {scheduler_job.py:633} INFO - Processing file /home/airflow/.local/lib/python3.8/site-packages/airflow/example_dags/example_branch_python_dop_operator_3.py for tasks to queue
[2022-05-15 16:46:32,562] {logging_mixin.py:104} INFO - [2022-05-15 16:46:32,562] {dagbag.py:496} INFO - Filling up the DagBag from /home/airflow/.local/lib/python3.8/site-packages/airflow/example_dags/example_branch_python_dop_operator_3.py
[2022-05-15 16:46:32,583] {scheduler_job.py:643} INFO - DAG(s) dict_keys(['example_branch_dop_operator_v3']) retrieved from /home/airflow/.local/lib/python3.8/site-packages/airflow/example_dags/example_branch_python_dop_operator_3.py
[2022-05-15 16:46:32,627] {logging_mixin.py:104} INFO - [2022-05-15 16:46:32,627] {dag.py:1833} INFO - Sync 1 DAGs
[2022-05-15 16:46:32,663] {logging_mixin.py:104} INFO - [2022-05-15 16:46:32,663] {dag.py:2306} INFO - Setting next_dagrun for example_branch_dop_operator_v3 to 2022-05-13 00:00:00+00:00
[2022-05-15 16:46:32,678] {scheduler_job.py:190} INFO - Processing /home/airflow/.local/lib/python3.8/site-packages/airflow/example_dags/example_branch_python_dop_operator_3.py took 0.120 seconds
[2022-05-15 16:47:03,085] {scheduler_job.py:182} INFO - Started process (PID=204) to work on /home/airflow/.local/lib/python3.8/site-packages/airflow/example_dags/example_branch_python_dop_operator_3.py
[2022-05-15 16:47:03,086] {scheduler_job.py:633} INFO - Processing file /home/airflow/.local/lib/python3.8/site-packages/airflow/example_dags/example_branch_python_dop_operator_3.py for tasks to queue
[2022-05-15 16:47:03,087] {logging_mixin.py:104} INFO - [2022-05-15 16:47:03,087] {dagbag.py:496} INFO - Filling up the DagBag from /home/airflow/.local/lib/python3.8/site-packages/airflow/example_dags/example_branch_python_dop_operator_3.py
[2022-05-15 16:47:03,096] {scheduler_job.py:643} INFO - DAG(s) dict_keys(['example_branch_dop_operator_v3']) retrieved from /home/airflow/.local/lib/python3.8/site-packages/airflow/example_dags/example_branch_python_dop_operator_3.py
[2022-05-15 16:47:03,116] {logging_mixin.py:104} INFO - [2022-05-15 16:47:03,115] {dag.py:1833} INFO - Sync 1 DAGs
[2022-05-15 16:47:03,133] {logging_mixin.py:104} INFO - [2022-05-15 16:47:03,133] {dag.py:2306} INFO - Setting next_dagrun for example_branch_dop_operator_v3 to 2022-05-13 00:00:00+00:00
[2022-05-15 16:47:03,143] {scheduler_job.py:190} INFO - Processing /home/airflow/.local/lib/python3.8/site-packages/airflow/example_dags/example_branch_python_dop_operator_3.py took 0.061 seconds
[2022-05-15 16:47:33,660] {scheduler_job.py:182} INFO - Started process (PID=245) to work on /home/airflow/.local/lib/python3.8/site-packages/airflow/example_dags/example_branch_python_dop_operator_3.py
[2022-05-15 16:47:33,660] {scheduler_job.py:633} INFO - Processing file /home/airflow/.local/lib/python3.8/site-packages/airflow/example_dags/example_branch_python_dop_operator_3.py for tasks to queue
[2022-05-15 16:47:33,661] {logging_mixin.py:104} INFO - [2022-05-15 16:47:33,661] {dagbag.py:496} INFO - Filling up the DagBag from /home/airflow/.local/lib/python3.8/site-packages/airflow/example_dags/example_branch_python_dop_operator_3.py
[2022-05-15 16:47:33,668] {scheduler_job.py:643} INFO - DAG(s) dict_keys(['example_branch_dop_operator_v3']) retrieved from /home/airflow/.local/lib/python3.8/site-packages/airflow/example_dags/example_branch_python_dop_operator_3.py
[2022-05-15 16:47:33,681] {logging_mixin.py:104} INFO - [2022-05-15 16:47:33,681] {dag.py:1833} INFO - Sync 1 DAGs
[2022-05-15 16:47:33,693] {logging_mixin.py:104} INFO - [2022-05-15 16:47:33,693] {dag.py:2306} INFO - Setting next_dagrun for example_branch_dop_operator_v3 to 2022-05-13 00:00:00+00:00
[2022-05-15 16:47:33,701] {scheduler_job.py:190} INFO - Processing /home/airflow/.local/lib/python3.8/site-packages/airflow/example_dags/example_branch_python_dop_operator_3.py took 0.042 seconds
[2022-05-15 16:48:04,813] {scheduler_job.py:182} INFO - Started process (PID=302) to work on /home/airflow/.local/lib/python3.8/site-packages/airflow/example_dags/example_branch_python_dop_operator_3.py
[2022-05-15 16:48:04,813] {scheduler_job.py:633} INFO - Processing file /home/airflow/.local/lib/python3.8/site-packages/airflow/example_dags/example_branch_python_dop_operator_3.py for tasks to queue
[2022-05-15 16:48:04,814] {logging_mixin.py:104} INFO - [2022-05-15 16:48:04,814] {dagbag.py:496} INFO - Filling up the DagBag from /home/airflow/.local/lib/python3.8/site-packages/airflow/example_dags/example_branch_python_dop_operator_3.py
[2022-05-15 16:48:04,823] {scheduler_job.py:643} INFO - DAG(s) dict_keys(['example_branch_dop_operator_v3']) retrieved from /home/airflow/.local/lib/python3.8/site-packages/airflow/example_dags/example_branch_python_dop_operator_3.py
[2022-05-15 16:48:04,837] {logging_mixin.py:104} INFO - [2022-05-15 16:48:04,836] {dag.py:1833} INFO - Sync 1 DAGs
[2022-05-15 16:48:04,849] {logging_mixin.py:104} INFO - [2022-05-15 16:48:04,849] {dag.py:2306} INFO - Setting next_dagrun for example_branch_dop_operator_v3 to 2022-05-13 00:00:00+00:00
[2022-05-15 16:48:04,857] {scheduler_job.py:190} INFO - Processing /home/airflow/.local/lib/python3.8/site-packages/airflow/example_dags/example_branch_python_dop_operator_3.py took 0.046 seconds
[2022-05-15 16:48:35,443] {scheduler_job.py:182} INFO - Started process (PID=341) to work on /home/airflow/.local/lib/python3.8/site-packages/airflow/example_dags/example_branch_python_dop_operator_3.py
[2022-05-15 16:48:35,444] {scheduler_job.py:633} INFO - Processing file /home/airflow/.local/lib/python3.8/site-packages/airflow/example_dags/example_branch_python_dop_operator_3.py for tasks to queue
[2022-05-15 16:48:35,444] {logging_mixin.py:104} INFO - [2022-05-15 16:48:35,444] {dagbag.py:496} INFO - Filling up the DagBag from /home/airflow/.local/lib/python3.8/site-packages/airflow/example_dags/example_branch_python_dop_operator_3.py
[2022-05-15 16:48:35,451] {scheduler_job.py:643} INFO - DAG(s) dict_keys(['example_branch_dop_operator_v3']) retrieved from /home/airflow/.local/lib/python3.8/site-packages/airflow/example_dags/example_branch_python_dop_operator_3.py
[2022-05-15 16:48:35,464] {logging_mixin.py:104} INFO - [2022-05-15 16:48:35,464] {dag.py:1833} INFO - Sync 1 DAGs
[2022-05-15 16:48:35,475] {logging_mixin.py:104} INFO - [2022-05-15 16:48:35,475] {dag.py:2306} INFO - Setting next_dagrun for example_branch_dop_operator_v3 to 2022-05-13 00:00:00+00:00
[2022-05-15 16:48:35,484] {scheduler_job.py:190} INFO - Processing /home/airflow/.local/lib/python3.8/site-packages/airflow/example_dags/example_branch_python_dop_operator_3.py took 0.042 seconds
[2022-05-15 16:49:06,168] {scheduler_job.py:182} INFO - Started process (PID=380) to work on /home/airflow/.local/lib/python3.8/site-packages/airflow/example_dags/example_branch_python_dop_operator_3.py
[2022-05-15 16:49:06,169] {scheduler_job.py:633} INFO - Processing file /home/airflow/.local/lib/python3.8/site-packages/airflow/example_dags/example_branch_python_dop_operator_3.py for tasks to queue
[2022-05-15 16:49:06,170] {logging_mixin.py:104} INFO - [2022-05-15 16:49:06,170] {dagbag.py:496} INFO - Filling up the DagBag from /home/airflow/.local/lib/python3.8/site-packages/airflow/example_dags/example_branch_python_dop_operator_3.py
[2022-05-15 16:49:06,177] {scheduler_job.py:643} INFO - DAG(s) dict_keys(['example_branch_dop_operator_v3']) retrieved from /home/airflow/.local/lib/python3.8/site-packages/airflow/example_dags/example_branch_python_dop_operator_3.py
[2022-05-15 16:49:06,191] {logging_mixin.py:104} INFO - [2022-05-15 16:49:06,191] {dag.py:1833} INFO - Sync 1 DAGs
[2022-05-15 16:49:06,205] {logging_mixin.py:104} INFO - [2022-05-15 16:49:06,205] {dag.py:2306} INFO - Setting next_dagrun for example_branch_dop_operator_v3 to 2022-05-13 00:00:00+00:00
[2022-05-15 16:49:06,213] {scheduler_job.py:190} INFO - Processing /home/airflow/.local/lib/python3.8/site-packages/airflow/example_dags/example_branch_python_dop_operator_3.py took 0.046 seconds
[2022-05-15 16:49:36,459] {scheduler_job.py:182} INFO - Started process (PID=418) to work on /home/airflow/.local/lib/python3.8/site-packages/airflow/example_dags/example_branch_python_dop_operator_3.py
[2022-05-15 16:49:36,460] {scheduler_job.py:633} INFO - Processing file /home/airflow/.local/lib/python3.8/site-packages/airflow/example_dags/example_branch_python_dop_operator_3.py for tasks to queue
[2022-05-15 16:49:36,460] {logging_mixin.py:104} INFO - [2022-05-15 16:49:36,460] {dagbag.py:496} INFO - Filling up the DagBag from /home/airflow/.local/lib/python3.8/site-packages/airflow/example_dags/example_branch_python_dop_operator_3.py
[2022-05-15 16:49:36,467] {scheduler_job.py:643} INFO - DAG(s) dict_keys(['example_branch_dop_operator_v3']) retrieved from /home/airflow/.local/lib/python3.8/site-packages/airflow/example_dags/example_branch_python_dop_operator_3.py
[2022-05-15 16:49:36,485] {logging_mixin.py:104} INFO - [2022-05-15 16:49:36,484] {dag.py:1833} INFO - Sync 1 DAGs
[2022-05-15 16:49:36,506] {logging_mixin.py:104} INFO - [2022-05-15 16:49:36,506] {dag.py:2306} INFO - Setting next_dagrun for example_branch_dop_operator_v3 to 2022-05-13 00:00:00+00:00
[2022-05-15 16:49:36,519] {scheduler_job.py:190} INFO - Processing /home/airflow/.local/lib/python3.8/site-packages/airflow/example_dags/example_branch_python_dop_operator_3.py took 0.062 seconds
[2022-05-15 16:50:07,663] {scheduler_job.py:182} INFO - Started process (PID=458) to work on /home/airflow/.local/lib/python3.8/site-packages/airflow/example_dags/example_branch_python_dop_operator_3.py
[2022-05-15 16:50:07,664] {scheduler_job.py:633} INFO - Processing file /home/airflow/.local/lib/python3.8/site-packages/airflow/example_dags/example_branch_python_dop_operator_3.py for tasks to queue
[2022-05-15 16:50:07,664] {logging_mixin.py:104} INFO - [2022-05-15 16:50:07,664] {dagbag.py:496} INFO - Filling up the DagBag from /home/airflow/.local/lib/python3.8/site-packages/airflow/example_dags/example_branch_python_dop_operator_3.py
[2022-05-15 16:50:07,671] {scheduler_job.py:643} INFO - DAG(s) dict_keys(['example_branch_dop_operator_v3']) retrieved from /home/airflow/.local/lib/python3.8/site-packages/airflow/example_dags/example_branch_python_dop_operator_3.py
[2022-05-15 16:50:07,686] {logging_mixin.py:104} INFO - [2022-05-15 16:50:07,686] {dag.py:1833} INFO - Sync 1 DAGs
[2022-05-15 16:50:07,699] {logging_mixin.py:104} INFO - [2022-05-15 16:50:07,699] {dag.py:2306} INFO - Setting next_dagrun for example_branch_dop_operator_v3 to 2022-05-13 00:00:00+00:00
[2022-05-15 16:50:07,707] {scheduler_job.py:190} INFO - Processing /home/airflow/.local/lib/python3.8/site-packages/airflow/example_dags/example_branch_python_dop_operator_3.py took 0.045 seconds
[2022-05-15 16:50:38,431] {scheduler_job.py:182} INFO - Started process (PID=497) to work on /home/airflow/.local/lib/python3.8/site-packages/airflow/example_dags/example_branch_python_dop_operator_3.py
[2022-05-15 16:50:38,431] {scheduler_job.py:633} INFO - Processing file /home/airflow/.local/lib/python3.8/site-packages/airflow/example_dags/example_branch_python_dop_operator_3.py for tasks to queue
[2022-05-15 16:50:38,432] {logging_mixin.py:104} INFO - [2022-05-15 16:50:38,432] {dagbag.py:496} INFO - Filling up the DagBag from /home/airflow/.local/lib/python3.8/site-packages/airflow/example_dags/example_branch_python_dop_operator_3.py
[2022-05-15 16:50:38,439] {scheduler_job.py:643} INFO - DAG(s) dict_keys(['example_branch_dop_operator_v3']) retrieved from /home/airflow/.local/lib/python3.8/site-packages/airflow/example_dags/example_branch_python_dop_operator_3.py
[2022-05-15 16:50:38,456] {logging_mixin.py:104} INFO - [2022-05-15 16:50:38,456] {dag.py:1833} INFO - Sync 1 DAGs
[2022-05-15 16:50:38,469] {logging_mixin.py:104} INFO - [2022-05-15 16:50:38,469] {dag.py:2306} INFO - Setting next_dagrun for example_branch_dop_operator_v3 to 2022-05-13 00:00:00+00:00
[2022-05-15 16:50:38,477] {scheduler_job.py:190} INFO - Processing /home/airflow/.local/lib/python3.8/site-packages/airflow/example_dags/example_branch_python_dop_operator_3.py took 0.047 seconds
[2022-05-15 16:51:09,817] {scheduler_job.py:182} INFO - Started process (PID=536) to work on /home/airflow/.local/lib/python3.8/site-packages/airflow/example_dags/example_branch_python_dop_operator_3.py
[2022-05-15 16:51:09,820] {scheduler_job.py:633} INFO - Processing file /home/airflow/.local/lib/python3.8/site-packages/airflow/example_dags/example_branch_python_dop_operator_3.py for tasks to queue
[2022-05-15 16:51:09,822] {logging_mixin.py:104} INFO - [2022-05-15 16:51:09,822] {dagbag.py:496} INFO - Filling up the DagBag from /home/airflow/.local/lib/python3.8/site-packages/airflow/example_dags/example_branch_python_dop_operator_3.py
[2022-05-15 16:51:09,862] {scheduler_job.py:643} INFO - DAG(s) dict_keys(['example_branch_dop_operator_v3']) retrieved from /home/airflow/.local/lib/python3.8/site-packages/airflow/example_dags/example_branch_python_dop_operator_3.py
[2022-05-15 16:51:09,932] {logging_mixin.py:104} INFO - [2022-05-15 16:51:09,931] {dag.py:1833} INFO - Sync 1 DAGs
[2022-05-15 16:51:09,988] {logging_mixin.py:104} INFO - [2022-05-15 16:51:09,988] {dag.py:2306} INFO - Setting next_dagrun for example_branch_dop_operator_v3 to 2022-05-13 00:00:00+00:00
[2022-05-15 16:51:10,028] {scheduler_job.py:190} INFO - Processing /home/airflow/.local/lib/python3.8/site-packages/airflow/example_dags/example_branch_python_dop_operator_3.py took 0.218 seconds
[2022-05-15 16:51:40,788] {scheduler_job.py:182} INFO - Started process (PID=575) to work on /home/airflow/.local/lib/python3.8/site-packages/airflow/example_dags/example_branch_python_dop_operator_3.py
[2022-05-15 16:51:40,793] {scheduler_job.py:633} INFO - Processing file /home/airflow/.local/lib/python3.8/site-packages/airflow/example_dags/example_branch_python_dop_operator_3.py for tasks to queue
[2022-05-15 16:51:40,793] {logging_mixin.py:104} INFO - [2022-05-15 16:51:40,793] {dagbag.py:496} INFO - Filling up the DagBag from /home/airflow/.local/lib/python3.8/site-packages/airflow/example_dags/example_branch_python_dop_operator_3.py
[2022-05-15 16:51:40,820] {scheduler_job.py:643} INFO - DAG(s) dict_keys(['example_branch_dop_operator_v3']) retrieved from /home/airflow/.local/lib/python3.8/site-packages/airflow/example_dags/example_branch_python_dop_operator_3.py
[2022-05-15 16:51:40,867] {logging_mixin.py:104} INFO - [2022-05-15 16:51:40,866] {dag.py:1833} INFO - Sync 1 DAGs
[2022-05-15 16:51:40,889] {logging_mixin.py:104} INFO - [2022-05-15 16:51:40,888] {dag.py:2306} INFO - Setting next_dagrun for example_branch_dop_operator_v3 to 2022-05-13 00:00:00+00:00
[2022-05-15 16:51:40,905] {scheduler_job.py:190} INFO - Processing /home/airflow/.local/lib/python3.8/site-packages/airflow/example_dags/example_branch_python_dop_operator_3.py took 0.124 seconds
[2022-05-15 16:52:11,601] {scheduler_job.py:182} INFO - Started process (PID=614) to work on /home/airflow/.local/lib/python3.8/site-packages/airflow/example_dags/example_branch_python_dop_operator_3.py
[2022-05-15 16:52:11,602] {scheduler_job.py:633} INFO - Processing file /home/airflow/.local/lib/python3.8/site-packages/airflow/example_dags/example_branch_python_dop_operator_3.py for tasks to queue
[2022-05-15 16:52:11,602] {logging_mixin.py:104} INFO - [2022-05-15 16:52:11,602] {dagbag.py:496} INFO - Filling up the DagBag from /home/airflow/.local/lib/python3.8/site-packages/airflow/example_dags/example_branch_python_dop_operator_3.py
[2022-05-15 16:52:11,609] {scheduler_job.py:643} INFO - DAG(s) dict_keys(['example_branch_dop_operator_v3']) retrieved from /home/airflow/.local/lib/python3.8/site-packages/airflow/example_dags/example_branch_python_dop_operator_3.py
[2022-05-15 16:52:11,621] {logging_mixin.py:104} INFO - [2022-05-15 16:52:11,621] {dag.py:1833} INFO - Sync 1 DAGs
[2022-05-15 16:52:11,634] {logging_mixin.py:104} INFO - [2022-05-15 16:52:11,634] {dag.py:2306} INFO - Setting next_dagrun for example_branch_dop_operator_v3 to 2022-05-13 00:00:00+00:00
[2022-05-15 16:52:11,642] {scheduler_job.py:190} INFO - Processing /home/airflow/.local/lib/python3.8/site-packages/airflow/example_dags/example_branch_python_dop_operator_3.py took 0.042 seconds
[2022-05-15 16:52:41,968] {scheduler_job.py:182} INFO - Started process (PID=653) to work on /home/airflow/.local/lib/python3.8/site-packages/airflow/example_dags/example_branch_python_dop_operator_3.py
[2022-05-15 16:52:41,969] {scheduler_job.py:633} INFO - Processing file /home/airflow/.local/lib/python3.8/site-packages/airflow/example_dags/example_branch_python_dop_operator_3.py for tasks to queue
[2022-05-15 16:52:41,969] {logging_mixin.py:104} INFO - [2022-05-15 16:52:41,969] {dagbag.py:496} INFO - Filling up the DagBag from /home/airflow/.local/lib/python3.8/site-packages/airflow/example_dags/example_branch_python_dop_operator_3.py
[2022-05-15 16:52:41,977] {scheduler_job.py:643} INFO - DAG(s) dict_keys(['example_branch_dop_operator_v3']) retrieved from /home/airflow/.local/lib/python3.8/site-packages/airflow/example_dags/example_branch_python_dop_operator_3.py
[2022-05-15 16:52:41,991] {logging_mixin.py:104} INFO - [2022-05-15 16:52:41,991] {dag.py:1833} INFO - Sync 1 DAGs
[2022-05-15 16:52:42,006] {logging_mixin.py:104} INFO - [2022-05-15 16:52:42,006] {dag.py:2306} INFO - Setting next_dagrun for example_branch_dop_operator_v3 to 2022-05-13 00:00:00+00:00
[2022-05-15 16:52:42,015] {scheduler_job.py:190} INFO - Processing /home/airflow/.local/lib/python3.8/site-packages/airflow/example_dags/example_branch_python_dop_operator_3.py took 0.048 seconds
[2022-05-15 16:53:12,394] {scheduler_job.py:182} INFO - Started process (PID=691) to work on /home/airflow/.local/lib/python3.8/site-packages/airflow/example_dags/example_branch_python_dop_operator_3.py
[2022-05-15 16:53:12,396] {scheduler_job.py:633} INFO - Processing file /home/airflow/.local/lib/python3.8/site-packages/airflow/example_dags/example_branch_python_dop_operator_3.py for tasks to queue
[2022-05-15 16:53:12,397] {logging_mixin.py:104} INFO - [2022-05-15 16:53:12,397] {dagbag.py:496} INFO - Filling up the DagBag from /home/airflow/.local/lib/python3.8/site-packages/airflow/example_dags/example_branch_python_dop_operator_3.py
[2022-05-15 16:53:12,415] {scheduler_job.py:643} INFO - DAG(s) dict_keys(['example_branch_dop_operator_v3']) retrieved from /home/airflow/.local/lib/python3.8/site-packages/airflow/example_dags/example_branch_python_dop_operator_3.py
[2022-05-15 16:53:12,441] {logging_mixin.py:104} INFO - [2022-05-15 16:53:12,441] {dag.py:1833} INFO - Sync 1 DAGs
[2022-05-15 16:53:12,456] {logging_mixin.py:104} INFO - [2022-05-15 16:53:12,456] {dag.py:2306} INFO - Setting next_dagrun for example_branch_dop_operator_v3 to 2022-05-13 00:00:00+00:00
[2022-05-15 16:53:12,463] {scheduler_job.py:190} INFO - Processing /home/airflow/.local/lib/python3.8/site-packages/airflow/example_dags/example_branch_python_dop_operator_3.py took 0.074 seconds
[2022-05-15 16:53:43,238] {scheduler_job.py:182} INFO - Started process (PID=731) to work on /home/airflow/.local/lib/python3.8/site-packages/airflow/example_dags/example_branch_python_dop_operator_3.py
[2022-05-15 16:53:43,238] {scheduler_job.py:633} INFO - Processing file /home/airflow/.local/lib/python3.8/site-packages/airflow/example_dags/example_branch_python_dop_operator_3.py for tasks to queue
[2022-05-15 16:53:43,239] {logging_mixin.py:104} INFO - [2022-05-15 16:53:43,238] {dagbag.py:496} INFO - Filling up the DagBag from /home/airflow/.local/lib/python3.8/site-packages/airflow/example_dags/example_branch_python_dop_operator_3.py
[2022-05-15 16:53:43,246] {scheduler_job.py:643} INFO - DAG(s) dict_keys(['example_branch_dop_operator_v3']) retrieved from /home/airflow/.local/lib/python3.8/site-packages/airflow/example_dags/example_branch_python_dop_operator_3.py
[2022-05-15 16:53:43,259] {logging_mixin.py:104} INFO - [2022-05-15 16:53:43,259] {dag.py:1833} INFO - Sync 1 DAGs
[2022-05-15 16:53:43,271] {logging_mixin.py:104} INFO - [2022-05-15 16:53:43,271] {dag.py:2306} INFO - Setting next_dagrun for example_branch_dop_operator_v3 to 2022-05-13 00:00:00+00:00
[2022-05-15 16:53:43,278] {scheduler_job.py:190} INFO - Processing /home/airflow/.local/lib/python3.8/site-packages/airflow/example_dags/example_branch_python_dop_operator_3.py took 0.042 seconds
[2022-05-15 16:54:14,890] {scheduler_job.py:182} INFO - Started process (PID=770) to work on /home/airflow/.local/lib/python3.8/site-packages/airflow/example_dags/example_branch_python_dop_operator_3.py
[2022-05-15 16:54:14,892] {scheduler_job.py:633} INFO - Processing file /home/airflow/.local/lib/python3.8/site-packages/airflow/example_dags/example_branch_python_dop_operator_3.py for tasks to queue
[2022-05-15 16:54:14,893] {logging_mixin.py:104} INFO - [2022-05-15 16:54:14,893] {dagbag.py:496} INFO - Filling up the DagBag from /home/airflow/.local/lib/python3.8/site-packages/airflow/example_dags/example_branch_python_dop_operator_3.py
[2022-05-15 16:54:14,924] {scheduler_job.py:643} INFO - DAG(s) dict_keys(['example_branch_dop_operator_v3']) retrieved from /home/airflow/.local/lib/python3.8/site-packages/airflow/example_dags/example_branch_python_dop_operator_3.py
[2022-05-15 16:54:14,981] {logging_mixin.py:104} INFO - [2022-05-15 16:54:14,981] {dag.py:1833} INFO - Sync 1 DAGs
[2022-05-15 16:54:15,010] {logging_mixin.py:104} INFO - [2022-05-15 16:54:15,010] {dag.py:2306} INFO - Setting next_dagrun for example_branch_dop_operator_v3 to 2022-05-13 00:00:00+00:00
[2022-05-15 16:54:15,082] {scheduler_job.py:190} INFO - Processing /home/airflow/.local/lib/python3.8/site-packages/airflow/example_dags/example_branch_python_dop_operator_3.py took 0.198 seconds
[2022-05-15 16:54:45,162] {scheduler_job.py:182} INFO - Started process (PID=809) to work on /home/airflow/.local/lib/python3.8/site-packages/airflow/example_dags/example_branch_python_dop_operator_3.py
[2022-05-15 16:54:45,163] {scheduler_job.py:633} INFO - Processing file /home/airflow/.local/lib/python3.8/site-packages/airflow/example_dags/example_branch_python_dop_operator_3.py for tasks to queue
[2022-05-15 16:54:45,163] {logging_mixin.py:104} INFO - [2022-05-15 16:54:45,163] {dagbag.py:496} INFO - Filling up the DagBag from /home/airflow/.local/lib/python3.8/site-packages/airflow/example_dags/example_branch_python_dop_operator_3.py
[2022-05-15 16:54:45,170] {scheduler_job.py:643} INFO - DAG(s) dict_keys(['example_branch_dop_operator_v3']) retrieved from /home/airflow/.local/lib/python3.8/site-packages/airflow/example_dags/example_branch_python_dop_operator_3.py
[2022-05-15 16:54:45,189] {logging_mixin.py:104} INFO - [2022-05-15 16:54:45,189] {dag.py:1833} INFO - Sync 1 DAGs
[2022-05-15 16:54:45,208] {logging_mixin.py:104} INFO - [2022-05-15 16:54:45,208] {dag.py:2306} INFO - Setting next_dagrun for example_branch_dop_operator_v3 to 2022-05-13 00:00:00+00:00
[2022-05-15 16:54:45,219] {scheduler_job.py:190} INFO - Processing /home/airflow/.local/lib/python3.8/site-packages/airflow/example_dags/example_branch_python_dop_operator_3.py took 0.058 seconds
[2022-05-15 16:55:47,462] {scheduler_job.py:182} INFO - Started process (PID=47) to work on /home/airflow/.local/lib/python3.8/site-packages/airflow/example_dags/example_branch_python_dop_operator_3.py
[2022-05-15 16:55:47,463] {scheduler_job.py:633} INFO - Processing file /home/airflow/.local/lib/python3.8/site-packages/airflow/example_dags/example_branch_python_dop_operator_3.py for tasks to queue
[2022-05-15 16:55:47,463] {logging_mixin.py:104} INFO - [2022-05-15 16:55:47,463] {dagbag.py:496} INFO - Filling up the DagBag from /home/airflow/.local/lib/python3.8/site-packages/airflow/example_dags/example_branch_python_dop_operator_3.py
[2022-05-15 16:55:47,473] {scheduler_job.py:643} INFO - DAG(s) dict_keys(['example_branch_dop_operator_v3']) retrieved from /home/airflow/.local/lib/python3.8/site-packages/airflow/example_dags/example_branch_python_dop_operator_3.py
[2022-05-15 16:55:47,491] {logging_mixin.py:104} INFO - [2022-05-15 16:55:47,491] {dag.py:1833} INFO - Sync 1 DAGs
[2022-05-15 16:55:47,506] {logging_mixin.py:104} INFO - [2022-05-15 16:55:47,506] {dag.py:2306} INFO - Setting next_dagrun for example_branch_dop_operator_v3 to 2022-05-13 00:00:00+00:00
[2022-05-15 16:55:47,514] {scheduler_job.py:190} INFO - Processing /home/airflow/.local/lib/python3.8/site-packages/airflow/example_dags/example_branch_python_dop_operator_3.py took 0.057 seconds
[2022-05-15 16:56:18,864] {scheduler_job.py:182} INFO - Started process (PID=86) to work on /home/airflow/.local/lib/python3.8/site-packages/airflow/example_dags/example_branch_python_dop_operator_3.py
[2022-05-15 16:56:18,865] {scheduler_job.py:633} INFO - Processing file /home/airflow/.local/lib/python3.8/site-packages/airflow/example_dags/example_branch_python_dop_operator_3.py for tasks to queue
[2022-05-15 16:56:18,867] {logging_mixin.py:104} INFO - [2022-05-15 16:56:18,866] {dagbag.py:496} INFO - Filling up the DagBag from /home/airflow/.local/lib/python3.8/site-packages/airflow/example_dags/example_branch_python_dop_operator_3.py
[2022-05-15 16:56:18,887] {scheduler_job.py:643} INFO - DAG(s) dict_keys(['example_branch_dop_operator_v3']) retrieved from /home/airflow/.local/lib/python3.8/site-packages/airflow/example_dags/example_branch_python_dop_operator_3.py
[2022-05-15 16:56:18,978] {logging_mixin.py:104} INFO - [2022-05-15 16:56:18,978] {dag.py:1833} INFO - Sync 1 DAGs
[2022-05-15 16:56:19,023] {logging_mixin.py:104} INFO - [2022-05-15 16:56:19,022] {dag.py:2306} INFO - Setting next_dagrun for example_branch_dop_operator_v3 to 2022-05-13 00:00:00+00:00
[2022-05-15 16:56:19,045] {scheduler_job.py:190} INFO - Processing /home/airflow/.local/lib/python3.8/site-packages/airflow/example_dags/example_branch_python_dop_operator_3.py took 0.184 seconds
[2022-05-15 16:56:49,323] {scheduler_job.py:182} INFO - Started process (PID=125) to work on /home/airflow/.local/lib/python3.8/site-packages/airflow/example_dags/example_branch_python_dop_operator_3.py
[2022-05-15 16:56:49,324] {scheduler_job.py:633} INFO - Processing file /home/airflow/.local/lib/python3.8/site-packages/airflow/example_dags/example_branch_python_dop_operator_3.py for tasks to queue
[2022-05-15 16:56:49,324] {logging_mixin.py:104} INFO - [2022-05-15 16:56:49,324] {dagbag.py:496} INFO - Filling up the DagBag from /home/airflow/.local/lib/python3.8/site-packages/airflow/example_dags/example_branch_python_dop_operator_3.py
[2022-05-15 16:56:49,334] {scheduler_job.py:643} INFO - DAG(s) dict_keys(['example_branch_dop_operator_v3']) retrieved from /home/airflow/.local/lib/python3.8/site-packages/airflow/example_dags/example_branch_python_dop_operator_3.py
[2022-05-15 16:56:49,351] {logging_mixin.py:104} INFO - [2022-05-15 16:56:49,351] {dag.py:1833} INFO - Sync 1 DAGs
[2022-05-15 16:56:49,364] {logging_mixin.py:104} INFO - [2022-05-15 16:56:49,364] {dag.py:2306} INFO - Setting next_dagrun for example_branch_dop_operator_v3 to 2022-05-13 00:00:00+00:00
[2022-05-15 16:56:49,371] {scheduler_job.py:190} INFO - Processing /home/airflow/.local/lib/python3.8/site-packages/airflow/example_dags/example_branch_python_dop_operator_3.py took 0.051 seconds
[2022-05-15 16:57:21,942] {scheduler_job.py:182} INFO - Started process (PID=164) to work on /home/airflow/.local/lib/python3.8/site-packages/airflow/example_dags/example_branch_python_dop_operator_3.py
[2022-05-15 16:57:21,943] {scheduler_job.py:633} INFO - Processing file /home/airflow/.local/lib/python3.8/site-packages/airflow/example_dags/example_branch_python_dop_operator_3.py for tasks to queue
[2022-05-15 16:57:21,944] {logging_mixin.py:104} INFO - [2022-05-15 16:57:21,944] {dagbag.py:496} INFO - Filling up the DagBag from /home/airflow/.local/lib/python3.8/site-packages/airflow/example_dags/example_branch_python_dop_operator_3.py
[2022-05-15 16:57:21,967] {scheduler_job.py:643} INFO - DAG(s) dict_keys(['example_branch_dop_operator_v3']) retrieved from /home/airflow/.local/lib/python3.8/site-packages/airflow/example_dags/example_branch_python_dop_operator_3.py
[2022-05-15 16:57:22,017] {logging_mixin.py:104} INFO - [2022-05-15 16:57:22,017] {dag.py:1833} INFO - Sync 1 DAGs
[2022-05-15 16:57:22,051] {logging_mixin.py:104} INFO - [2022-05-15 16:57:22,051] {dag.py:2306} INFO - Setting next_dagrun for example_branch_dop_operator_v3 to 2022-05-13 00:00:00+00:00
[2022-05-15 16:57:22,073] {scheduler_job.py:190} INFO - Processing /home/airflow/.local/lib/python3.8/site-packages/airflow/example_dags/example_branch_python_dop_operator_3.py took 0.136 seconds
