[2022-05-15 16:44:58,427] {scheduler_job.py:182} INFO - Started process (PID=51) to work on /home/airflow/.local/lib/python3.8/site-packages/airflow/example_dags/example_short_circuit_operator.py
[2022-05-15 16:44:58,428] {scheduler_job.py:633} INFO - Processing file /home/airflow/.local/lib/python3.8/site-packages/airflow/example_dags/example_short_circuit_operator.py for tasks to queue
[2022-05-15 16:44:58,428] {logging_mixin.py:104} INFO - [2022-05-15 16:44:58,428] {dagbag.py:496} INFO - Filling up the DagBag from /home/airflow/.local/lib/python3.8/site-packages/airflow/example_dags/example_short_circuit_operator.py
[2022-05-15 16:44:58,436] {scheduler_job.py:643} INFO - DAG(s) dict_keys(['example_short_circuit_operator']) retrieved from /home/airflow/.local/lib/python3.8/site-packages/airflow/example_dags/example_short_circuit_operator.py
[2022-05-15 16:44:58,457] {logging_mixin.py:104} INFO - [2022-05-15 16:44:58,457] {dag.py:1833} INFO - Sync 1 DAGs
[2022-05-15 16:44:58,466] {logging_mixin.py:104} INFO - [2022-05-15 16:44:58,466] {dag.py:2306} INFO - Setting next_dagrun for example_short_circuit_operator to 2022-05-13 00:00:00+00:00
[2022-05-15 16:44:58,476] {scheduler_job.py:190} INFO - Processing /home/airflow/.local/lib/python3.8/site-packages/airflow/example_dags/example_short_circuit_operator.py took 0.051 seconds
[2022-05-15 16:45:30,997] {scheduler_job.py:182} INFO - Started process (PID=90) to work on /home/airflow/.local/lib/python3.8/site-packages/airflow/example_dags/example_short_circuit_operator.py
[2022-05-15 16:45:30,999] {scheduler_job.py:633} INFO - Processing file /home/airflow/.local/lib/python3.8/site-packages/airflow/example_dags/example_short_circuit_operator.py for tasks to queue
[2022-05-15 16:45:30,999] {logging_mixin.py:104} INFO - [2022-05-15 16:45:30,999] {dagbag.py:496} INFO - Filling up the DagBag from /home/airflow/.local/lib/python3.8/site-packages/airflow/example_dags/example_short_circuit_operator.py
[2022-05-15 16:45:31,018] {scheduler_job.py:643} INFO - DAG(s) dict_keys(['example_short_circuit_operator']) retrieved from /home/airflow/.local/lib/python3.8/site-packages/airflow/example_dags/example_short_circuit_operator.py
[2022-05-15 16:45:31,050] {logging_mixin.py:104} INFO - [2022-05-15 16:45:31,050] {dag.py:1833} INFO - Sync 1 DAGs
[2022-05-15 16:45:31,063] {logging_mixin.py:104} INFO - [2022-05-15 16:45:31,063] {dag.py:2306} INFO - Setting next_dagrun for example_short_circuit_operator to 2022-05-13 00:00:00+00:00
[2022-05-15 16:45:31,079] {scheduler_job.py:190} INFO - Processing /home/airflow/.local/lib/python3.8/site-packages/airflow/example_dags/example_short_circuit_operator.py took 0.087 seconds
[2022-05-15 16:46:01,199] {scheduler_job.py:182} INFO - Started process (PID=128) to work on /home/airflow/.local/lib/python3.8/site-packages/airflow/example_dags/example_short_circuit_operator.py
[2022-05-15 16:46:01,199] {scheduler_job.py:633} INFO - Processing file /home/airflow/.local/lib/python3.8/site-packages/airflow/example_dags/example_short_circuit_operator.py for tasks to queue
[2022-05-15 16:46:01,199] {logging_mixin.py:104} INFO - [2022-05-15 16:46:01,199] {dagbag.py:496} INFO - Filling up the DagBag from /home/airflow/.local/lib/python3.8/site-packages/airflow/example_dags/example_short_circuit_operator.py
[2022-05-15 16:46:01,207] {scheduler_job.py:643} INFO - DAG(s) dict_keys(['example_short_circuit_operator']) retrieved from /home/airflow/.local/lib/python3.8/site-packages/airflow/example_dags/example_short_circuit_operator.py
[2022-05-15 16:46:01,223] {logging_mixin.py:104} INFO - [2022-05-15 16:46:01,223] {dag.py:1833} INFO - Sync 1 DAGs
[2022-05-15 16:46:01,229] {logging_mixin.py:104} INFO - [2022-05-15 16:46:01,229] {dag.py:2306} INFO - Setting next_dagrun for example_short_circuit_operator to 2022-05-13 00:00:00+00:00
[2022-05-15 16:46:01,237] {scheduler_job.py:190} INFO - Processing /home/airflow/.local/lib/python3.8/site-packages/airflow/example_dags/example_short_circuit_operator.py took 0.039 seconds
[2022-05-15 16:46:32,692] {scheduler_job.py:182} INFO - Started process (PID=167) to work on /home/airflow/.local/lib/python3.8/site-packages/airflow/example_dags/example_short_circuit_operator.py
[2022-05-15 16:46:32,692] {scheduler_job.py:633} INFO - Processing file /home/airflow/.local/lib/python3.8/site-packages/airflow/example_dags/example_short_circuit_operator.py for tasks to queue
[2022-05-15 16:46:32,693] {logging_mixin.py:104} INFO - [2022-05-15 16:46:32,693] {dagbag.py:496} INFO - Filling up the DagBag from /home/airflow/.local/lib/python3.8/site-packages/airflow/example_dags/example_short_circuit_operator.py
[2022-05-15 16:46:32,704] {scheduler_job.py:643} INFO - DAG(s) dict_keys(['example_short_circuit_operator']) retrieved from /home/airflow/.local/lib/python3.8/site-packages/airflow/example_dags/example_short_circuit_operator.py
[2022-05-15 16:46:32,725] {logging_mixin.py:104} INFO - [2022-05-15 16:46:32,725] {dag.py:1833} INFO - Sync 1 DAGs
[2022-05-15 16:46:32,737] {logging_mixin.py:104} INFO - [2022-05-15 16:46:32,736] {dag.py:2306} INFO - Setting next_dagrun for example_short_circuit_operator to 2022-05-13 00:00:00+00:00
[2022-05-15 16:46:32,744] {scheduler_job.py:190} INFO - Processing /home/airflow/.local/lib/python3.8/site-packages/airflow/example_dags/example_short_circuit_operator.py took 0.055 seconds
[2022-05-15 16:47:03,204] {scheduler_job.py:182} INFO - Started process (PID=207) to work on /home/airflow/.local/lib/python3.8/site-packages/airflow/example_dags/example_short_circuit_operator.py
[2022-05-15 16:47:03,205] {scheduler_job.py:633} INFO - Processing file /home/airflow/.local/lib/python3.8/site-packages/airflow/example_dags/example_short_circuit_operator.py for tasks to queue
[2022-05-15 16:47:03,205] {logging_mixin.py:104} INFO - [2022-05-15 16:47:03,205] {dagbag.py:496} INFO - Filling up the DagBag from /home/airflow/.local/lib/python3.8/site-packages/airflow/example_dags/example_short_circuit_operator.py
[2022-05-15 16:47:03,218] {scheduler_job.py:643} INFO - DAG(s) dict_keys(['example_short_circuit_operator']) retrieved from /home/airflow/.local/lib/python3.8/site-packages/airflow/example_dags/example_short_circuit_operator.py
[2022-05-15 16:47:03,241] {logging_mixin.py:104} INFO - [2022-05-15 16:47:03,241] {dag.py:1833} INFO - Sync 1 DAGs
[2022-05-15 16:47:03,248] {logging_mixin.py:104} INFO - [2022-05-15 16:47:03,248] {dag.py:2306} INFO - Setting next_dagrun for example_short_circuit_operator to 2022-05-13 00:00:00+00:00
[2022-05-15 16:47:03,261] {scheduler_job.py:190} INFO - Processing /home/airflow/.local/lib/python3.8/site-packages/airflow/example_dags/example_short_circuit_operator.py took 0.058 seconds
[2022-05-15 16:47:33,712] {scheduler_job.py:182} INFO - Started process (PID=247) to work on /home/airflow/.local/lib/python3.8/site-packages/airflow/example_dags/example_short_circuit_operator.py
[2022-05-15 16:47:33,713] {scheduler_job.py:633} INFO - Processing file /home/airflow/.local/lib/python3.8/site-packages/airflow/example_dags/example_short_circuit_operator.py for tasks to queue
[2022-05-15 16:47:33,713] {logging_mixin.py:104} INFO - [2022-05-15 16:47:33,713] {dagbag.py:496} INFO - Filling up the DagBag from /home/airflow/.local/lib/python3.8/site-packages/airflow/example_dags/example_short_circuit_operator.py
[2022-05-15 16:47:33,720] {scheduler_job.py:643} INFO - DAG(s) dict_keys(['example_short_circuit_operator']) retrieved from /home/airflow/.local/lib/python3.8/site-packages/airflow/example_dags/example_short_circuit_operator.py
[2022-05-15 16:47:33,734] {logging_mixin.py:104} INFO - [2022-05-15 16:47:33,734] {dag.py:1833} INFO - Sync 1 DAGs
[2022-05-15 16:47:33,740] {logging_mixin.py:104} INFO - [2022-05-15 16:47:33,740] {dag.py:2306} INFO - Setting next_dagrun for example_short_circuit_operator to 2022-05-13 00:00:00+00:00
[2022-05-15 16:47:33,747] {scheduler_job.py:190} INFO - Processing /home/airflow/.local/lib/python3.8/site-packages/airflow/example_dags/example_short_circuit_operator.py took 0.037 seconds
[2022-05-15 16:48:04,861] {scheduler_job.py:182} INFO - Started process (PID=304) to work on /home/airflow/.local/lib/python3.8/site-packages/airflow/example_dags/example_short_circuit_operator.py
[2022-05-15 16:48:04,862] {scheduler_job.py:633} INFO - Processing file /home/airflow/.local/lib/python3.8/site-packages/airflow/example_dags/example_short_circuit_operator.py for tasks to queue
[2022-05-15 16:48:04,862] {logging_mixin.py:104} INFO - [2022-05-15 16:48:04,862] {dagbag.py:496} INFO - Filling up the DagBag from /home/airflow/.local/lib/python3.8/site-packages/airflow/example_dags/example_short_circuit_operator.py
[2022-05-15 16:48:04,869] {scheduler_job.py:643} INFO - DAG(s) dict_keys(['example_short_circuit_operator']) retrieved from /home/airflow/.local/lib/python3.8/site-packages/airflow/example_dags/example_short_circuit_operator.py
[2022-05-15 16:48:04,882] {logging_mixin.py:104} INFO - [2022-05-15 16:48:04,882] {dag.py:1833} INFO - Sync 1 DAGs
[2022-05-15 16:48:04,888] {logging_mixin.py:104} INFO - [2022-05-15 16:48:04,888] {dag.py:2306} INFO - Setting next_dagrun for example_short_circuit_operator to 2022-05-13 00:00:00+00:00
[2022-05-15 16:48:04,899] {scheduler_job.py:190} INFO - Processing /home/airflow/.local/lib/python3.8/site-packages/airflow/example_dags/example_short_circuit_operator.py took 0.039 seconds
[2022-05-15 16:48:35,493] {scheduler_job.py:182} INFO - Started process (PID=343) to work on /home/airflow/.local/lib/python3.8/site-packages/airflow/example_dags/example_short_circuit_operator.py
[2022-05-15 16:48:35,493] {scheduler_job.py:633} INFO - Processing file /home/airflow/.local/lib/python3.8/site-packages/airflow/example_dags/example_short_circuit_operator.py for tasks to queue
[2022-05-15 16:48:35,493] {logging_mixin.py:104} INFO - [2022-05-15 16:48:35,493] {dagbag.py:496} INFO - Filling up the DagBag from /home/airflow/.local/lib/python3.8/site-packages/airflow/example_dags/example_short_circuit_operator.py
[2022-05-15 16:48:35,500] {scheduler_job.py:643} INFO - DAG(s) dict_keys(['example_short_circuit_operator']) retrieved from /home/airflow/.local/lib/python3.8/site-packages/airflow/example_dags/example_short_circuit_operator.py
[2022-05-15 16:48:35,515] {logging_mixin.py:104} INFO - [2022-05-15 16:48:35,515] {dag.py:1833} INFO - Sync 1 DAGs
[2022-05-15 16:48:35,521] {logging_mixin.py:104} INFO - [2022-05-15 16:48:35,521] {dag.py:2306} INFO - Setting next_dagrun for example_short_circuit_operator to 2022-05-13 00:00:00+00:00
[2022-05-15 16:48:35,529] {scheduler_job.py:190} INFO - Processing /home/airflow/.local/lib/python3.8/site-packages/airflow/example_dags/example_short_circuit_operator.py took 0.038 seconds
[2022-05-15 16:49:06,280] {scheduler_job.py:182} INFO - Started process (PID=382) to work on /home/airflow/.local/lib/python3.8/site-packages/airflow/example_dags/example_short_circuit_operator.py
[2022-05-15 16:49:06,280] {scheduler_job.py:633} INFO - Processing file /home/airflow/.local/lib/python3.8/site-packages/airflow/example_dags/example_short_circuit_operator.py for tasks to queue
[2022-05-15 16:49:06,281] {logging_mixin.py:104} INFO - [2022-05-15 16:49:06,281] {dagbag.py:496} INFO - Filling up the DagBag from /home/airflow/.local/lib/python3.8/site-packages/airflow/example_dags/example_short_circuit_operator.py
[2022-05-15 16:49:06,290] {scheduler_job.py:643} INFO - DAG(s) dict_keys(['example_short_circuit_operator']) retrieved from /home/airflow/.local/lib/python3.8/site-packages/airflow/example_dags/example_short_circuit_operator.py
[2022-05-15 16:49:06,304] {logging_mixin.py:104} INFO - [2022-05-15 16:49:06,304] {dag.py:1833} INFO - Sync 1 DAGs
[2022-05-15 16:49:06,310] {logging_mixin.py:104} INFO - [2022-05-15 16:49:06,310] {dag.py:2306} INFO - Setting next_dagrun for example_short_circuit_operator to 2022-05-13 00:00:00+00:00
[2022-05-15 16:49:06,317] {scheduler_job.py:190} INFO - Processing /home/airflow/.local/lib/python3.8/site-packages/airflow/example_dags/example_short_circuit_operator.py took 0.039 seconds
[2022-05-15 16:49:36,616] {scheduler_job.py:182} INFO - Started process (PID=421) to work on /home/airflow/.local/lib/python3.8/site-packages/airflow/example_dags/example_short_circuit_operator.py
[2022-05-15 16:49:36,617] {scheduler_job.py:633} INFO - Processing file /home/airflow/.local/lib/python3.8/site-packages/airflow/example_dags/example_short_circuit_operator.py for tasks to queue
[2022-05-15 16:49:36,618] {logging_mixin.py:104} INFO - [2022-05-15 16:49:36,617] {dagbag.py:496} INFO - Filling up the DagBag from /home/airflow/.local/lib/python3.8/site-packages/airflow/example_dags/example_short_circuit_operator.py
[2022-05-15 16:49:36,627] {scheduler_job.py:643} INFO - DAG(s) dict_keys(['example_short_circuit_operator']) retrieved from /home/airflow/.local/lib/python3.8/site-packages/airflow/example_dags/example_short_circuit_operator.py
[2022-05-15 16:49:36,643] {logging_mixin.py:104} INFO - [2022-05-15 16:49:36,643] {dag.py:1833} INFO - Sync 1 DAGs
[2022-05-15 16:49:36,651] {logging_mixin.py:104} INFO - [2022-05-15 16:49:36,651] {dag.py:2306} INFO - Setting next_dagrun for example_short_circuit_operator to 2022-05-13 00:00:00+00:00
[2022-05-15 16:49:36,659] {scheduler_job.py:190} INFO - Processing /home/airflow/.local/lib/python3.8/site-packages/airflow/example_dags/example_short_circuit_operator.py took 0.045 seconds
[2022-05-15 16:50:07,718] {scheduler_job.py:182} INFO - Started process (PID=460) to work on /home/airflow/.local/lib/python3.8/site-packages/airflow/example_dags/example_short_circuit_operator.py
[2022-05-15 16:50:07,719] {scheduler_job.py:633} INFO - Processing file /home/airflow/.local/lib/python3.8/site-packages/airflow/example_dags/example_short_circuit_operator.py for tasks to queue
[2022-05-15 16:50:07,719] {logging_mixin.py:104} INFO - [2022-05-15 16:50:07,719] {dagbag.py:496} INFO - Filling up the DagBag from /home/airflow/.local/lib/python3.8/site-packages/airflow/example_dags/example_short_circuit_operator.py
[2022-05-15 16:50:07,727] {scheduler_job.py:643} INFO - DAG(s) dict_keys(['example_short_circuit_operator']) retrieved from /home/airflow/.local/lib/python3.8/site-packages/airflow/example_dags/example_short_circuit_operator.py
[2022-05-15 16:50:07,740] {logging_mixin.py:104} INFO - [2022-05-15 16:50:07,740] {dag.py:1833} INFO - Sync 1 DAGs
[2022-05-15 16:50:07,748] {logging_mixin.py:104} INFO - [2022-05-15 16:50:07,748] {dag.py:2306} INFO - Setting next_dagrun for example_short_circuit_operator to 2022-05-13 00:00:00+00:00
[2022-05-15 16:50:07,757] {scheduler_job.py:190} INFO - Processing /home/airflow/.local/lib/python3.8/site-packages/airflow/example_dags/example_short_circuit_operator.py took 0.041 seconds
[2022-05-15 16:50:38,488] {scheduler_job.py:182} INFO - Started process (PID=499) to work on /home/airflow/.local/lib/python3.8/site-packages/airflow/example_dags/example_short_circuit_operator.py
[2022-05-15 16:50:38,488] {scheduler_job.py:633} INFO - Processing file /home/airflow/.local/lib/python3.8/site-packages/airflow/example_dags/example_short_circuit_operator.py for tasks to queue
[2022-05-15 16:50:38,489] {logging_mixin.py:104} INFO - [2022-05-15 16:50:38,489] {dagbag.py:496} INFO - Filling up the DagBag from /home/airflow/.local/lib/python3.8/site-packages/airflow/example_dags/example_short_circuit_operator.py
[2022-05-15 16:50:38,497] {scheduler_job.py:643} INFO - DAG(s) dict_keys(['example_short_circuit_operator']) retrieved from /home/airflow/.local/lib/python3.8/site-packages/airflow/example_dags/example_short_circuit_operator.py
[2022-05-15 16:50:38,512] {logging_mixin.py:104} INFO - [2022-05-15 16:50:38,512] {dag.py:1833} INFO - Sync 1 DAGs
[2022-05-15 16:50:38,520] {logging_mixin.py:104} INFO - [2022-05-15 16:50:38,520] {dag.py:2306} INFO - Setting next_dagrun for example_short_circuit_operator to 2022-05-13 00:00:00+00:00
[2022-05-15 16:50:38,528] {scheduler_job.py:190} INFO - Processing /home/airflow/.local/lib/python3.8/site-packages/airflow/example_dags/example_short_circuit_operator.py took 0.042 seconds
[2022-05-15 16:51:10,076] {scheduler_job.py:182} INFO - Started process (PID=538) to work on /home/airflow/.local/lib/python3.8/site-packages/airflow/example_dags/example_short_circuit_operator.py
[2022-05-15 16:51:10,078] {scheduler_job.py:633} INFO - Processing file /home/airflow/.local/lib/python3.8/site-packages/airflow/example_dags/example_short_circuit_operator.py for tasks to queue
[2022-05-15 16:51:10,080] {logging_mixin.py:104} INFO - [2022-05-15 16:51:10,079] {dagbag.py:496} INFO - Filling up the DagBag from /home/airflow/.local/lib/python3.8/site-packages/airflow/example_dags/example_short_circuit_operator.py
[2022-05-15 16:51:10,115] {scheduler_job.py:643} INFO - DAG(s) dict_keys(['example_short_circuit_operator']) retrieved from /home/airflow/.local/lib/python3.8/site-packages/airflow/example_dags/example_short_circuit_operator.py
[2022-05-15 16:51:10,162] {logging_mixin.py:104} INFO - [2022-05-15 16:51:10,161] {dag.py:1833} INFO - Sync 1 DAGs
[2022-05-15 16:51:10,184] {logging_mixin.py:104} INFO - [2022-05-15 16:51:10,184] {dag.py:2306} INFO - Setting next_dagrun for example_short_circuit_operator to 2022-05-13 00:00:00+00:00
[2022-05-15 16:51:10,214] {scheduler_job.py:190} INFO - Processing /home/airflow/.local/lib/python3.8/site-packages/airflow/example_dags/example_short_circuit_operator.py took 0.146 seconds
[2022-05-15 16:51:40,977] {scheduler_job.py:182} INFO - Started process (PID=577) to work on /home/airflow/.local/lib/python3.8/site-packages/airflow/example_dags/example_short_circuit_operator.py
[2022-05-15 16:51:40,978] {scheduler_job.py:633} INFO - Processing file /home/airflow/.local/lib/python3.8/site-packages/airflow/example_dags/example_short_circuit_operator.py for tasks to queue
[2022-05-15 16:51:40,978] {logging_mixin.py:104} INFO - [2022-05-15 16:51:40,978] {dagbag.py:496} INFO - Filling up the DagBag from /home/airflow/.local/lib/python3.8/site-packages/airflow/example_dags/example_short_circuit_operator.py
[2022-05-15 16:51:40,985] {scheduler_job.py:643} INFO - DAG(s) dict_keys(['example_short_circuit_operator']) retrieved from /home/airflow/.local/lib/python3.8/site-packages/airflow/example_dags/example_short_circuit_operator.py
[2022-05-15 16:51:40,999] {logging_mixin.py:104} INFO - [2022-05-15 16:51:40,999] {dag.py:1833} INFO - Sync 1 DAGs
[2022-05-15 16:51:41,006] {logging_mixin.py:104} INFO - [2022-05-15 16:51:41,005] {dag.py:2306} INFO - Setting next_dagrun for example_short_circuit_operator to 2022-05-13 00:00:00+00:00
[2022-05-15 16:51:41,012] {scheduler_job.py:190} INFO - Processing /home/airflow/.local/lib/python3.8/site-packages/airflow/example_dags/example_short_circuit_operator.py took 0.037 seconds
[2022-05-15 16:52:11,937] {scheduler_job.py:182} INFO - Started process (PID=617) to work on /home/airflow/.local/lib/python3.8/site-packages/airflow/example_dags/example_short_circuit_operator.py
[2022-05-15 16:52:11,937] {scheduler_job.py:633} INFO - Processing file /home/airflow/.local/lib/python3.8/site-packages/airflow/example_dags/example_short_circuit_operator.py for tasks to queue
[2022-05-15 16:52:11,938] {logging_mixin.py:104} INFO - [2022-05-15 16:52:11,938] {dagbag.py:496} INFO - Filling up the DagBag from /home/airflow/.local/lib/python3.8/site-packages/airflow/example_dags/example_short_circuit_operator.py
[2022-05-15 16:52:11,946] {scheduler_job.py:643} INFO - DAG(s) dict_keys(['example_short_circuit_operator']) retrieved from /home/airflow/.local/lib/python3.8/site-packages/airflow/example_dags/example_short_circuit_operator.py
[2022-05-15 16:52:11,960] {logging_mixin.py:104} INFO - [2022-05-15 16:52:11,960] {dag.py:1833} INFO - Sync 1 DAGs
[2022-05-15 16:52:11,966] {logging_mixin.py:104} INFO - [2022-05-15 16:52:11,966] {dag.py:2306} INFO - Setting next_dagrun for example_short_circuit_operator to 2022-05-13 00:00:00+00:00
[2022-05-15 16:52:11,977] {scheduler_job.py:190} INFO - Processing /home/airflow/.local/lib/python3.8/site-packages/airflow/example_dags/example_short_circuit_operator.py took 0.042 seconds
[2022-05-15 16:52:42,285] {scheduler_job.py:182} INFO - Started process (PID=656) to work on /home/airflow/.local/lib/python3.8/site-packages/airflow/example_dags/example_short_circuit_operator.py
[2022-05-15 16:52:42,286] {scheduler_job.py:633} INFO - Processing file /home/airflow/.local/lib/python3.8/site-packages/airflow/example_dags/example_short_circuit_operator.py for tasks to queue
[2022-05-15 16:52:42,287] {logging_mixin.py:104} INFO - [2022-05-15 16:52:42,286] {dagbag.py:496} INFO - Filling up the DagBag from /home/airflow/.local/lib/python3.8/site-packages/airflow/example_dags/example_short_circuit_operator.py
[2022-05-15 16:52:42,300] {scheduler_job.py:643} INFO - DAG(s) dict_keys(['example_short_circuit_operator']) retrieved from /home/airflow/.local/lib/python3.8/site-packages/airflow/example_dags/example_short_circuit_operator.py
[2022-05-15 16:52:42,324] {logging_mixin.py:104} INFO - [2022-05-15 16:52:42,324] {dag.py:1833} INFO - Sync 1 DAGs
[2022-05-15 16:52:42,338] {logging_mixin.py:104} INFO - [2022-05-15 16:52:42,338] {dag.py:2306} INFO - Setting next_dagrun for example_short_circuit_operator to 2022-05-13 00:00:00+00:00
[2022-05-15 16:52:42,361] {scheduler_job.py:190} INFO - Processing /home/airflow/.local/lib/python3.8/site-packages/airflow/example_dags/example_short_circuit_operator.py took 0.079 seconds
[2022-05-15 16:53:12,679] {scheduler_job.py:182} INFO - Started process (PID=694) to work on /home/airflow/.local/lib/python3.8/site-packages/airflow/example_dags/example_short_circuit_operator.py
[2022-05-15 16:53:12,679] {scheduler_job.py:633} INFO - Processing file /home/airflow/.local/lib/python3.8/site-packages/airflow/example_dags/example_short_circuit_operator.py for tasks to queue
[2022-05-15 16:53:12,680] {logging_mixin.py:104} INFO - [2022-05-15 16:53:12,680] {dagbag.py:496} INFO - Filling up the DagBag from /home/airflow/.local/lib/python3.8/site-packages/airflow/example_dags/example_short_circuit_operator.py
[2022-05-15 16:53:12,685] {scheduler_job.py:643} INFO - DAG(s) dict_keys(['example_short_circuit_operator']) retrieved from /home/airflow/.local/lib/python3.8/site-packages/airflow/example_dags/example_short_circuit_operator.py
[2022-05-15 16:53:12,697] {logging_mixin.py:104} INFO - [2022-05-15 16:53:12,697] {dag.py:1833} INFO - Sync 1 DAGs
[2022-05-15 16:53:12,702] {logging_mixin.py:104} INFO - [2022-05-15 16:53:12,702] {dag.py:2306} INFO - Setting next_dagrun for example_short_circuit_operator to 2022-05-13 00:00:00+00:00
[2022-05-15 16:53:12,709] {scheduler_job.py:190} INFO - Processing /home/airflow/.local/lib/python3.8/site-packages/airflow/example_dags/example_short_circuit_operator.py took 0.031 seconds
[2022-05-15 16:53:43,365] {scheduler_job.py:182} INFO - Started process (PID=734) to work on /home/airflow/.local/lib/python3.8/site-packages/airflow/example_dags/example_short_circuit_operator.py
[2022-05-15 16:53:43,365] {scheduler_job.py:633} INFO - Processing file /home/airflow/.local/lib/python3.8/site-packages/airflow/example_dags/example_short_circuit_operator.py for tasks to queue
[2022-05-15 16:53:43,365] {logging_mixin.py:104} INFO - [2022-05-15 16:53:43,365] {dagbag.py:496} INFO - Filling up the DagBag from /home/airflow/.local/lib/python3.8/site-packages/airflow/example_dags/example_short_circuit_operator.py
[2022-05-15 16:53:43,372] {scheduler_job.py:643} INFO - DAG(s) dict_keys(['example_short_circuit_operator']) retrieved from /home/airflow/.local/lib/python3.8/site-packages/airflow/example_dags/example_short_circuit_operator.py
[2022-05-15 16:53:43,385] {logging_mixin.py:104} INFO - [2022-05-15 16:53:43,385] {dag.py:1833} INFO - Sync 1 DAGs
[2022-05-15 16:53:43,391] {logging_mixin.py:104} INFO - [2022-05-15 16:53:43,391] {dag.py:2306} INFO - Setting next_dagrun for example_short_circuit_operator to 2022-05-13 00:00:00+00:00
[2022-05-15 16:53:43,398] {scheduler_job.py:190} INFO - Processing /home/airflow/.local/lib/python3.8/site-packages/airflow/example_dags/example_short_circuit_operator.py took 0.035 seconds
[2022-05-15 16:54:15,205] {scheduler_job.py:182} INFO - Started process (PID=773) to work on /home/airflow/.local/lib/python3.8/site-packages/airflow/example_dags/example_short_circuit_operator.py
[2022-05-15 16:54:15,205] {scheduler_job.py:633} INFO - Processing file /home/airflow/.local/lib/python3.8/site-packages/airflow/example_dags/example_short_circuit_operator.py for tasks to queue
[2022-05-15 16:54:15,206] {logging_mixin.py:104} INFO - [2022-05-15 16:54:15,206] {dagbag.py:496} INFO - Filling up the DagBag from /home/airflow/.local/lib/python3.8/site-packages/airflow/example_dags/example_short_circuit_operator.py
[2022-05-15 16:54:15,214] {scheduler_job.py:643} INFO - DAG(s) dict_keys(['example_short_circuit_operator']) retrieved from /home/airflow/.local/lib/python3.8/site-packages/airflow/example_dags/example_short_circuit_operator.py
[2022-05-15 16:54:15,230] {logging_mixin.py:104} INFO - [2022-05-15 16:54:15,230] {dag.py:1833} INFO - Sync 1 DAGs
[2022-05-15 16:54:15,238] {logging_mixin.py:104} INFO - [2022-05-15 16:54:15,238] {dag.py:2306} INFO - Setting next_dagrun for example_short_circuit_operator to 2022-05-13 00:00:00+00:00
[2022-05-15 16:54:15,280] {scheduler_job.py:190} INFO - Processing /home/airflow/.local/lib/python3.8/site-packages/airflow/example_dags/example_short_circuit_operator.py took 0.077 seconds
[2022-05-15 16:54:45,383] {scheduler_job.py:182} INFO - Started process (PID=811) to work on /home/airflow/.local/lib/python3.8/site-packages/airflow/example_dags/example_short_circuit_operator.py
[2022-05-15 16:54:45,384] {scheduler_job.py:633} INFO - Processing file /home/airflow/.local/lib/python3.8/site-packages/airflow/example_dags/example_short_circuit_operator.py for tasks to queue
[2022-05-15 16:54:45,384] {logging_mixin.py:104} INFO - [2022-05-15 16:54:45,384] {dagbag.py:496} INFO - Filling up the DagBag from /home/airflow/.local/lib/python3.8/site-packages/airflow/example_dags/example_short_circuit_operator.py
[2022-05-15 16:54:45,394] {scheduler_job.py:643} INFO - DAG(s) dict_keys(['example_short_circuit_operator']) retrieved from /home/airflow/.local/lib/python3.8/site-packages/airflow/example_dags/example_short_circuit_operator.py
[2022-05-15 16:54:45,421] {logging_mixin.py:104} INFO - [2022-05-15 16:54:45,421] {dag.py:1833} INFO - Sync 1 DAGs
[2022-05-15 16:54:45,433] {logging_mixin.py:104} INFO - [2022-05-15 16:54:45,433] {dag.py:2306} INFO - Setting next_dagrun for example_short_circuit_operator to 2022-05-13 00:00:00+00:00
[2022-05-15 16:54:45,451] {scheduler_job.py:190} INFO - Processing /home/airflow/.local/lib/python3.8/site-packages/airflow/example_dags/example_short_circuit_operator.py took 0.071 seconds
[2022-05-15 16:55:47,570] {scheduler_job.py:182} INFO - Started process (PID=50) to work on /home/airflow/.local/lib/python3.8/site-packages/airflow/example_dags/example_short_circuit_operator.py
[2022-05-15 16:55:47,571] {scheduler_job.py:633} INFO - Processing file /home/airflow/.local/lib/python3.8/site-packages/airflow/example_dags/example_short_circuit_operator.py for tasks to queue
[2022-05-15 16:55:47,572] {logging_mixin.py:104} INFO - [2022-05-15 16:55:47,572] {dagbag.py:496} INFO - Filling up the DagBag from /home/airflow/.local/lib/python3.8/site-packages/airflow/example_dags/example_short_circuit_operator.py
[2022-05-15 16:55:47,581] {scheduler_job.py:643} INFO - DAG(s) dict_keys(['example_short_circuit_operator']) retrieved from /home/airflow/.local/lib/python3.8/site-packages/airflow/example_dags/example_short_circuit_operator.py
[2022-05-15 16:55:47,601] {logging_mixin.py:104} INFO - [2022-05-15 16:55:47,600] {dag.py:1833} INFO - Sync 1 DAGs
[2022-05-15 16:55:47,614] {logging_mixin.py:104} INFO - [2022-05-15 16:55:47,614] {dag.py:2306} INFO - Setting next_dagrun for example_short_circuit_operator to 2022-05-13 00:00:00+00:00
[2022-05-15 16:55:47,624] {scheduler_job.py:190} INFO - Processing /home/airflow/.local/lib/python3.8/site-packages/airflow/example_dags/example_short_circuit_operator.py took 0.055 seconds
[2022-05-15 16:56:19,205] {scheduler_job.py:182} INFO - Started process (PID=89) to work on /home/airflow/.local/lib/python3.8/site-packages/airflow/example_dags/example_short_circuit_operator.py
[2022-05-15 16:56:19,206] {scheduler_job.py:633} INFO - Processing file /home/airflow/.local/lib/python3.8/site-packages/airflow/example_dags/example_short_circuit_operator.py for tasks to queue
[2022-05-15 16:56:19,206] {logging_mixin.py:104} INFO - [2022-05-15 16:56:19,206] {dagbag.py:496} INFO - Filling up the DagBag from /home/airflow/.local/lib/python3.8/site-packages/airflow/example_dags/example_short_circuit_operator.py
[2022-05-15 16:56:19,221] {scheduler_job.py:643} INFO - DAG(s) dict_keys(['example_short_circuit_operator']) retrieved from /home/airflow/.local/lib/python3.8/site-packages/airflow/example_dags/example_short_circuit_operator.py
[2022-05-15 16:56:19,267] {logging_mixin.py:104} INFO - [2022-05-15 16:56:19,267] {dag.py:1833} INFO - Sync 1 DAGs
[2022-05-15 16:56:19,283] {logging_mixin.py:104} INFO - [2022-05-15 16:56:19,283] {dag.py:2306} INFO - Setting next_dagrun for example_short_circuit_operator to 2022-05-13 00:00:00+00:00
[2022-05-15 16:56:19,298] {scheduler_job.py:190} INFO - Processing /home/airflow/.local/lib/python3.8/site-packages/airflow/example_dags/example_short_circuit_operator.py took 0.095 seconds
[2022-05-15 16:56:49,381] {scheduler_job.py:182} INFO - Started process (PID=127) to work on /home/airflow/.local/lib/python3.8/site-packages/airflow/example_dags/example_short_circuit_operator.py
[2022-05-15 16:56:49,382] {scheduler_job.py:633} INFO - Processing file /home/airflow/.local/lib/python3.8/site-packages/airflow/example_dags/example_short_circuit_operator.py for tasks to queue
[2022-05-15 16:56:49,382] {logging_mixin.py:104} INFO - [2022-05-15 16:56:49,382] {dagbag.py:496} INFO - Filling up the DagBag from /home/airflow/.local/lib/python3.8/site-packages/airflow/example_dags/example_short_circuit_operator.py
[2022-05-15 16:56:49,389] {scheduler_job.py:643} INFO - DAG(s) dict_keys(['example_short_circuit_operator']) retrieved from /home/airflow/.local/lib/python3.8/site-packages/airflow/example_dags/example_short_circuit_operator.py
[2022-05-15 16:56:49,410] {logging_mixin.py:104} INFO - [2022-05-15 16:56:49,410] {dag.py:1833} INFO - Sync 1 DAGs
[2022-05-15 16:56:49,417] {logging_mixin.py:104} INFO - [2022-05-15 16:56:49,416] {dag.py:2306} INFO - Setting next_dagrun for example_short_circuit_operator to 2022-05-13 00:00:00+00:00
[2022-05-15 16:56:49,424] {scheduler_job.py:190} INFO - Processing /home/airflow/.local/lib/python3.8/site-packages/airflow/example_dags/example_short_circuit_operator.py took 0.045 seconds
[2022-05-15 16:57:22,095] {scheduler_job.py:182} INFO - Started process (PID=166) to work on /home/airflow/.local/lib/python3.8/site-packages/airflow/example_dags/example_short_circuit_operator.py
[2022-05-15 16:57:22,097] {scheduler_job.py:633} INFO - Processing file /home/airflow/.local/lib/python3.8/site-packages/airflow/example_dags/example_short_circuit_operator.py for tasks to queue
[2022-05-15 16:57:22,098] {logging_mixin.py:104} INFO - [2022-05-15 16:57:22,098] {dagbag.py:496} INFO - Filling up the DagBag from /home/airflow/.local/lib/python3.8/site-packages/airflow/example_dags/example_short_circuit_operator.py
[2022-05-15 16:57:22,107] {scheduler_job.py:643} INFO - DAG(s) dict_keys(['example_short_circuit_operator']) retrieved from /home/airflow/.local/lib/python3.8/site-packages/airflow/example_dags/example_short_circuit_operator.py
[2022-05-15 16:57:22,127] {logging_mixin.py:104} INFO - [2022-05-15 16:57:22,127] {dag.py:1833} INFO - Sync 1 DAGs
[2022-05-15 16:57:22,134] {logging_mixin.py:104} INFO - [2022-05-15 16:57:22,134] {dag.py:2306} INFO - Setting next_dagrun for example_short_circuit_operator to 2022-05-13 00:00:00+00:00
[2022-05-15 16:57:22,144] {scheduler_job.py:190} INFO - Processing /home/airflow/.local/lib/python3.8/site-packages/airflow/example_dags/example_short_circuit_operator.py took 0.054 seconds
