[2022-05-15 16:44:56,956] {scheduler_job.py:182} INFO - Started process (PID=31) to work on /home/airflow/.local/lib/python3.8/site-packages/airflow/example_dags/example_task_group.py
[2022-05-15 16:44:56,957] {scheduler_job.py:633} INFO - Processing file /home/airflow/.local/lib/python3.8/site-packages/airflow/example_dags/example_task_group.py for tasks to queue
[2022-05-15 16:44:56,957] {logging_mixin.py:104} INFO - [2022-05-15 16:44:56,957] {dagbag.py:496} INFO - Filling up the DagBag from /home/airflow/.local/lib/python3.8/site-packages/airflow/example_dags/example_task_group.py
[2022-05-15 16:44:56,973] {scheduler_job.py:643} INFO - DAG(s) dict_keys(['example_task_group']) retrieved from /home/airflow/.local/lib/python3.8/site-packages/airflow/example_dags/example_task_group.py
[2022-05-15 16:44:56,989] {logging_mixin.py:104} INFO - [2022-05-15 16:44:56,989] {dag.py:1833} INFO - Sync 1 DAGs
[2022-05-15 16:44:57,005] {logging_mixin.py:104} INFO - [2022-05-15 16:44:57,005] {dag.py:2306} INFO - Setting next_dagrun for example_task_group to 2022-05-13 00:00:00+00:00
[2022-05-15 16:44:57,037] {scheduler_job.py:190} INFO - Processing /home/airflow/.local/lib/python3.8/site-packages/airflow/example_dags/example_task_group.py took 0.083 seconds
[2022-05-15 16:45:27,930] {scheduler_job.py:182} INFO - Started process (PID=62) to work on /home/airflow/.local/lib/python3.8/site-packages/airflow/example_dags/example_task_group.py
[2022-05-15 16:45:27,932] {scheduler_job.py:633} INFO - Processing file /home/airflow/.local/lib/python3.8/site-packages/airflow/example_dags/example_task_group.py for tasks to queue
[2022-05-15 16:45:27,933] {logging_mixin.py:104} INFO - [2022-05-15 16:45:27,933] {dagbag.py:496} INFO - Filling up the DagBag from /home/airflow/.local/lib/python3.8/site-packages/airflow/example_dags/example_task_group.py
[2022-05-15 16:45:27,955] {scheduler_job.py:643} INFO - DAG(s) dict_keys(['example_task_group']) retrieved from /home/airflow/.local/lib/python3.8/site-packages/airflow/example_dags/example_task_group.py
[2022-05-15 16:45:29,005] {logging_mixin.py:104} INFO - [2022-05-15 16:45:29,005] {dag.py:1833} INFO - Sync 1 DAGs
[2022-05-15 16:45:29,021] {logging_mixin.py:104} INFO - [2022-05-15 16:45:29,021] {dag.py:2306} INFO - Setting next_dagrun for example_task_group to 2022-05-13 00:00:00+00:00
[2022-05-15 16:45:29,216] {scheduler_job.py:190} INFO - Processing /home/airflow/.local/lib/python3.8/site-packages/airflow/example_dags/example_task_group.py took 1.288 seconds
[2022-05-15 16:45:59,322] {scheduler_job.py:182} INFO - Started process (PID=104) to work on /home/airflow/.local/lib/python3.8/site-packages/airflow/example_dags/example_task_group.py
[2022-05-15 16:45:59,322] {scheduler_job.py:633} INFO - Processing file /home/airflow/.local/lib/python3.8/site-packages/airflow/example_dags/example_task_group.py for tasks to queue
[2022-05-15 16:45:59,323] {logging_mixin.py:104} INFO - [2022-05-15 16:45:59,323] {dagbag.py:496} INFO - Filling up the DagBag from /home/airflow/.local/lib/python3.8/site-packages/airflow/example_dags/example_task_group.py
[2022-05-15 16:45:59,330] {scheduler_job.py:643} INFO - DAG(s) dict_keys(['example_task_group']) retrieved from /home/airflow/.local/lib/python3.8/site-packages/airflow/example_dags/example_task_group.py
[2022-05-15 16:45:59,344] {logging_mixin.py:104} INFO - [2022-05-15 16:45:59,344] {dag.py:1833} INFO - Sync 1 DAGs
[2022-05-15 16:45:59,351] {logging_mixin.py:104} INFO - [2022-05-15 16:45:59,351] {dag.py:2306} INFO - Setting next_dagrun for example_task_group to 2022-05-13 00:00:00+00:00
[2022-05-15 16:45:59,361] {scheduler_job.py:190} INFO - Processing /home/airflow/.local/lib/python3.8/site-packages/airflow/example_dags/example_task_group.py took 0.042 seconds
[2022-05-15 16:46:29,750] {scheduler_job.py:182} INFO - Started process (PID=141) to work on /home/airflow/.local/lib/python3.8/site-packages/airflow/example_dags/example_task_group.py
[2022-05-15 16:46:29,752] {scheduler_job.py:633} INFO - Processing file /home/airflow/.local/lib/python3.8/site-packages/airflow/example_dags/example_task_group.py for tasks to queue
[2022-05-15 16:46:29,753] {logging_mixin.py:104} INFO - [2022-05-15 16:46:29,753] {dagbag.py:496} INFO - Filling up the DagBag from /home/airflow/.local/lib/python3.8/site-packages/airflow/example_dags/example_task_group.py
[2022-05-15 16:46:29,806] {scheduler_job.py:643} INFO - DAG(s) dict_keys(['example_task_group']) retrieved from /home/airflow/.local/lib/python3.8/site-packages/airflow/example_dags/example_task_group.py
[2022-05-15 16:46:29,857] {logging_mixin.py:104} INFO - [2022-05-15 16:46:29,856] {dag.py:1833} INFO - Sync 1 DAGs
[2022-05-15 16:46:29,886] {logging_mixin.py:104} INFO - [2022-05-15 16:46:29,885] {dag.py:2306} INFO - Setting next_dagrun for example_task_group to 2022-05-13 00:00:00+00:00
[2022-05-15 16:46:29,910] {scheduler_job.py:190} INFO - Processing /home/airflow/.local/lib/python3.8/site-packages/airflow/example_dags/example_task_group.py took 0.166 seconds
[2022-05-15 16:47:00,531] {scheduler_job.py:182} INFO - Started process (PID=180) to work on /home/airflow/.local/lib/python3.8/site-packages/airflow/example_dags/example_task_group.py
[2022-05-15 16:47:00,534] {scheduler_job.py:633} INFO - Processing file /home/airflow/.local/lib/python3.8/site-packages/airflow/example_dags/example_task_group.py for tasks to queue
[2022-05-15 16:47:00,536] {logging_mixin.py:104} INFO - [2022-05-15 16:47:00,536] {dagbag.py:496} INFO - Filling up the DagBag from /home/airflow/.local/lib/python3.8/site-packages/airflow/example_dags/example_task_group.py
[2022-05-15 16:47:00,583] {scheduler_job.py:643} INFO - DAG(s) dict_keys(['example_task_group']) retrieved from /home/airflow/.local/lib/python3.8/site-packages/airflow/example_dags/example_task_group.py
[2022-05-15 16:47:00,645] {logging_mixin.py:104} INFO - [2022-05-15 16:47:00,644] {dag.py:1833} INFO - Sync 1 DAGs
[2022-05-15 16:47:00,671] {logging_mixin.py:104} INFO - [2022-05-15 16:47:00,671] {dag.py:2306} INFO - Setting next_dagrun for example_task_group to 2022-05-13 00:00:00+00:00
[2022-05-15 16:47:00,699] {scheduler_job.py:190} INFO - Processing /home/airflow/.local/lib/python3.8/site-packages/airflow/example_dags/example_task_group.py took 0.179 seconds
[2022-05-15 16:47:31,456] {scheduler_job.py:182} INFO - Started process (PID=219) to work on /home/airflow/.local/lib/python3.8/site-packages/airflow/example_dags/example_task_group.py
[2022-05-15 16:47:31,457] {scheduler_job.py:633} INFO - Processing file /home/airflow/.local/lib/python3.8/site-packages/airflow/example_dags/example_task_group.py for tasks to queue
[2022-05-15 16:47:31,458] {logging_mixin.py:104} INFO - [2022-05-15 16:47:31,458] {dagbag.py:496} INFO - Filling up the DagBag from /home/airflow/.local/lib/python3.8/site-packages/airflow/example_dags/example_task_group.py
[2022-05-15 16:47:31,470] {scheduler_job.py:643} INFO - DAG(s) dict_keys(['example_task_group']) retrieved from /home/airflow/.local/lib/python3.8/site-packages/airflow/example_dags/example_task_group.py
[2022-05-15 16:47:31,504] {logging_mixin.py:104} INFO - [2022-05-15 16:47:31,504] {dag.py:1833} INFO - Sync 1 DAGs
[2022-05-15 16:47:31,518] {logging_mixin.py:104} INFO - [2022-05-15 16:47:31,518] {dag.py:2306} INFO - Setting next_dagrun for example_task_group to 2022-05-13 00:00:00+00:00
[2022-05-15 16:47:31,548] {scheduler_job.py:190} INFO - Processing /home/airflow/.local/lib/python3.8/site-packages/airflow/example_dags/example_task_group.py took 0.095 seconds
[2022-05-15 16:48:01,781] {scheduler_job.py:182} INFO - Started process (PID=278) to work on /home/airflow/.local/lib/python3.8/site-packages/airflow/example_dags/example_task_group.py
[2022-05-15 16:48:01,783] {scheduler_job.py:633} INFO - Processing file /home/airflow/.local/lib/python3.8/site-packages/airflow/example_dags/example_task_group.py for tasks to queue
[2022-05-15 16:48:01,784] {logging_mixin.py:104} INFO - [2022-05-15 16:48:01,784] {dagbag.py:496} INFO - Filling up the DagBag from /home/airflow/.local/lib/python3.8/site-packages/airflow/example_dags/example_task_group.py
[2022-05-15 16:48:01,806] {scheduler_job.py:643} INFO - DAG(s) dict_keys(['example_task_group']) retrieved from /home/airflow/.local/lib/python3.8/site-packages/airflow/example_dags/example_task_group.py
[2022-05-15 16:48:01,836] {logging_mixin.py:104} INFO - [2022-05-15 16:48:01,836] {dag.py:1833} INFO - Sync 1 DAGs
[2022-05-15 16:48:01,853] {logging_mixin.py:104} INFO - [2022-05-15 16:48:01,853] {dag.py:2306} INFO - Setting next_dagrun for example_task_group to 2022-05-13 00:00:00+00:00
[2022-05-15 16:48:01,879] {scheduler_job.py:190} INFO - Processing /home/airflow/.local/lib/python3.8/site-packages/airflow/example_dags/example_task_group.py took 0.105 seconds
[2022-05-15 16:48:32,521] {scheduler_job.py:182} INFO - Started process (PID=317) to work on /home/airflow/.local/lib/python3.8/site-packages/airflow/example_dags/example_task_group.py
[2022-05-15 16:48:32,523] {scheduler_job.py:633} INFO - Processing file /home/airflow/.local/lib/python3.8/site-packages/airflow/example_dags/example_task_group.py for tasks to queue
[2022-05-15 16:48:32,525] {logging_mixin.py:104} INFO - [2022-05-15 16:48:32,524] {dagbag.py:496} INFO - Filling up the DagBag from /home/airflow/.local/lib/python3.8/site-packages/airflow/example_dags/example_task_group.py
[2022-05-15 16:48:32,551] {scheduler_job.py:643} INFO - DAG(s) dict_keys(['example_task_group']) retrieved from /home/airflow/.local/lib/python3.8/site-packages/airflow/example_dags/example_task_group.py
[2022-05-15 16:48:32,571] {logging_mixin.py:104} INFO - [2022-05-15 16:48:32,571] {dag.py:1833} INFO - Sync 1 DAGs
[2022-05-15 16:48:32,577] {logging_mixin.py:104} INFO - [2022-05-15 16:48:32,577] {dag.py:2306} INFO - Setting next_dagrun for example_task_group to 2022-05-13 00:00:00+00:00
[2022-05-15 16:48:32,598] {scheduler_job.py:190} INFO - Processing /home/airflow/.local/lib/python3.8/site-packages/airflow/example_dags/example_task_group.py took 0.084 seconds
[2022-05-15 16:49:03,232] {scheduler_job.py:182} INFO - Started process (PID=356) to work on /home/airflow/.local/lib/python3.8/site-packages/airflow/example_dags/example_task_group.py
[2022-05-15 16:49:03,232] {scheduler_job.py:633} INFO - Processing file /home/airflow/.local/lib/python3.8/site-packages/airflow/example_dags/example_task_group.py for tasks to queue
[2022-05-15 16:49:03,232] {logging_mixin.py:104} INFO - [2022-05-15 16:49:03,232] {dagbag.py:496} INFO - Filling up the DagBag from /home/airflow/.local/lib/python3.8/site-packages/airflow/example_dags/example_task_group.py
[2022-05-15 16:49:03,243] {scheduler_job.py:643} INFO - DAG(s) dict_keys(['example_task_group']) retrieved from /home/airflow/.local/lib/python3.8/site-packages/airflow/example_dags/example_task_group.py
[2022-05-15 16:49:03,259] {logging_mixin.py:104} INFO - [2022-05-15 16:49:03,259] {dag.py:1833} INFO - Sync 1 DAGs
[2022-05-15 16:49:03,271] {logging_mixin.py:104} INFO - [2022-05-15 16:49:03,271] {dag.py:2306} INFO - Setting next_dagrun for example_task_group to 2022-05-13 00:00:00+00:00
[2022-05-15 16:49:03,293] {scheduler_job.py:190} INFO - Processing /home/airflow/.local/lib/python3.8/site-packages/airflow/example_dags/example_task_group.py took 0.064 seconds
[2022-05-15 16:49:33,400] {scheduler_job.py:182} INFO - Started process (PID=395) to work on /home/airflow/.local/lib/python3.8/site-packages/airflow/example_dags/example_task_group.py
[2022-05-15 16:49:33,404] {scheduler_job.py:633} INFO - Processing file /home/airflow/.local/lib/python3.8/site-packages/airflow/example_dags/example_task_group.py for tasks to queue
[2022-05-15 16:49:33,405] {logging_mixin.py:104} INFO - [2022-05-15 16:49:33,405] {dagbag.py:496} INFO - Filling up the DagBag from /home/airflow/.local/lib/python3.8/site-packages/airflow/example_dags/example_task_group.py
[2022-05-15 16:49:33,428] {scheduler_job.py:643} INFO - DAG(s) dict_keys(['example_task_group']) retrieved from /home/airflow/.local/lib/python3.8/site-packages/airflow/example_dags/example_task_group.py
[2022-05-15 16:49:33,448] {logging_mixin.py:104} INFO - [2022-05-15 16:49:33,448] {dag.py:1833} INFO - Sync 1 DAGs
[2022-05-15 16:49:33,455] {logging_mixin.py:104} INFO - [2022-05-15 16:49:33,455] {dag.py:2306} INFO - Setting next_dagrun for example_task_group to 2022-05-13 00:00:00+00:00
[2022-05-15 16:49:33,477] {scheduler_job.py:190} INFO - Processing /home/airflow/.local/lib/python3.8/site-packages/airflow/example_dags/example_task_group.py took 0.084 seconds
[2022-05-15 16:50:03,631] {scheduler_job.py:182} INFO - Started process (PID=434) to work on /home/airflow/.local/lib/python3.8/site-packages/airflow/example_dags/example_task_group.py
[2022-05-15 16:50:03,633] {scheduler_job.py:633} INFO - Processing file /home/airflow/.local/lib/python3.8/site-packages/airflow/example_dags/example_task_group.py for tasks to queue
[2022-05-15 16:50:03,635] {logging_mixin.py:104} INFO - [2022-05-15 16:50:03,634] {dagbag.py:496} INFO - Filling up the DagBag from /home/airflow/.local/lib/python3.8/site-packages/airflow/example_dags/example_task_group.py
[2022-05-15 16:50:03,661] {scheduler_job.py:643} INFO - DAG(s) dict_keys(['example_task_group']) retrieved from /home/airflow/.local/lib/python3.8/site-packages/airflow/example_dags/example_task_group.py
[2022-05-15 16:50:03,682] {logging_mixin.py:104} INFO - [2022-05-15 16:50:03,682] {dag.py:1833} INFO - Sync 1 DAGs
[2022-05-15 16:50:03,689] {logging_mixin.py:104} INFO - [2022-05-15 16:50:03,689] {dag.py:2306} INFO - Setting next_dagrun for example_task_group to 2022-05-13 00:00:00+00:00
[2022-05-15 16:50:03,724] {scheduler_job.py:190} INFO - Processing /home/airflow/.local/lib/python3.8/site-packages/airflow/example_dags/example_task_group.py took 0.099 seconds
[2022-05-15 16:50:34,651] {scheduler_job.py:182} INFO - Started process (PID=473) to work on /home/airflow/.local/lib/python3.8/site-packages/airflow/example_dags/example_task_group.py
[2022-05-15 16:50:34,653] {scheduler_job.py:633} INFO - Processing file /home/airflow/.local/lib/python3.8/site-packages/airflow/example_dags/example_task_group.py for tasks to queue
[2022-05-15 16:50:34,654] {logging_mixin.py:104} INFO - [2022-05-15 16:50:34,654] {dagbag.py:496} INFO - Filling up the DagBag from /home/airflow/.local/lib/python3.8/site-packages/airflow/example_dags/example_task_group.py
[2022-05-15 16:50:34,676] {scheduler_job.py:643} INFO - DAG(s) dict_keys(['example_task_group']) retrieved from /home/airflow/.local/lib/python3.8/site-packages/airflow/example_dags/example_task_group.py
[2022-05-15 16:50:34,697] {logging_mixin.py:104} INFO - [2022-05-15 16:50:34,697] {dag.py:1833} INFO - Sync 1 DAGs
[2022-05-15 16:50:34,704] {logging_mixin.py:104} INFO - [2022-05-15 16:50:34,703] {dag.py:2306} INFO - Setting next_dagrun for example_task_group to 2022-05-13 00:00:00+00:00
[2022-05-15 16:50:34,712] {scheduler_job.py:190} INFO - Processing /home/airflow/.local/lib/python3.8/site-packages/airflow/example_dags/example_task_group.py took 0.068 seconds
[2022-05-15 16:51:05,179] {scheduler_job.py:182} INFO - Started process (PID=512) to work on /home/airflow/.local/lib/python3.8/site-packages/airflow/example_dags/example_task_group.py
[2022-05-15 16:51:05,181] {scheduler_job.py:633} INFO - Processing file /home/airflow/.local/lib/python3.8/site-packages/airflow/example_dags/example_task_group.py for tasks to queue
[2022-05-15 16:51:05,183] {logging_mixin.py:104} INFO - [2022-05-15 16:51:05,183] {dagbag.py:496} INFO - Filling up the DagBag from /home/airflow/.local/lib/python3.8/site-packages/airflow/example_dags/example_task_group.py
[2022-05-15 16:51:05,207] {scheduler_job.py:643} INFO - DAG(s) dict_keys(['example_task_group']) retrieved from /home/airflow/.local/lib/python3.8/site-packages/airflow/example_dags/example_task_group.py
[2022-05-15 16:51:05,255] {logging_mixin.py:104} INFO - [2022-05-15 16:51:05,254] {dag.py:1833} INFO - Sync 1 DAGs
[2022-05-15 16:51:05,279] {logging_mixin.py:104} INFO - [2022-05-15 16:51:05,279] {dag.py:2306} INFO - Setting next_dagrun for example_task_group to 2022-05-13 00:00:00+00:00
[2022-05-15 16:51:05,317] {scheduler_job.py:190} INFO - Processing /home/airflow/.local/lib/python3.8/site-packages/airflow/example_dags/example_task_group.py took 0.143 seconds
[2022-05-15 16:51:35,471] {scheduler_job.py:182} INFO - Started process (PID=551) to work on /home/airflow/.local/lib/python3.8/site-packages/airflow/example_dags/example_task_group.py
[2022-05-15 16:51:35,475] {scheduler_job.py:633} INFO - Processing file /home/airflow/.local/lib/python3.8/site-packages/airflow/example_dags/example_task_group.py for tasks to queue
[2022-05-15 16:51:35,476] {logging_mixin.py:104} INFO - [2022-05-15 16:51:35,476] {dagbag.py:496} INFO - Filling up the DagBag from /home/airflow/.local/lib/python3.8/site-packages/airflow/example_dags/example_task_group.py
[2022-05-15 16:51:35,497] {scheduler_job.py:643} INFO - DAG(s) dict_keys(['example_task_group']) retrieved from /home/airflow/.local/lib/python3.8/site-packages/airflow/example_dags/example_task_group.py
[2022-05-15 16:51:35,529] {logging_mixin.py:104} INFO - [2022-05-15 16:51:35,529] {dag.py:1833} INFO - Sync 1 DAGs
[2022-05-15 16:51:35,543] {logging_mixin.py:104} INFO - [2022-05-15 16:51:35,543] {dag.py:2306} INFO - Setting next_dagrun for example_task_group to 2022-05-13 00:00:00+00:00
[2022-05-15 16:51:35,573] {scheduler_job.py:190} INFO - Processing /home/airflow/.local/lib/python3.8/site-packages/airflow/example_dags/example_task_group.py took 0.110 seconds
[2022-05-15 16:52:06,593] {scheduler_job.py:182} INFO - Started process (PID=590) to work on /home/airflow/.local/lib/python3.8/site-packages/airflow/example_dags/example_task_group.py
[2022-05-15 16:52:06,594] {scheduler_job.py:633} INFO - Processing file /home/airflow/.local/lib/python3.8/site-packages/airflow/example_dags/example_task_group.py for tasks to queue
[2022-05-15 16:52:06,595] {logging_mixin.py:104} INFO - [2022-05-15 16:52:06,595] {dagbag.py:496} INFO - Filling up the DagBag from /home/airflow/.local/lib/python3.8/site-packages/airflow/example_dags/example_task_group.py
[2022-05-15 16:52:06,602] {scheduler_job.py:643} INFO - DAG(s) dict_keys(['example_task_group']) retrieved from /home/airflow/.local/lib/python3.8/site-packages/airflow/example_dags/example_task_group.py
[2022-05-15 16:52:06,621] {logging_mixin.py:104} INFO - [2022-05-15 16:52:06,621] {dag.py:1833} INFO - Sync 1 DAGs
[2022-05-15 16:52:06,632] {logging_mixin.py:104} INFO - [2022-05-15 16:52:06,632] {dag.py:2306} INFO - Setting next_dagrun for example_task_group to 2022-05-13 00:00:00+00:00
[2022-05-15 16:52:06,654] {scheduler_job.py:190} INFO - Processing /home/airflow/.local/lib/python3.8/site-packages/airflow/example_dags/example_task_group.py took 0.063 seconds
[2022-05-15 16:52:36,699] {scheduler_job.py:182} INFO - Started process (PID=629) to work on /home/airflow/.local/lib/python3.8/site-packages/airflow/example_dags/example_task_group.py
[2022-05-15 16:52:36,700] {scheduler_job.py:633} INFO - Processing file /home/airflow/.local/lib/python3.8/site-packages/airflow/example_dags/example_task_group.py for tasks to queue
[2022-05-15 16:52:36,701] {logging_mixin.py:104} INFO - [2022-05-15 16:52:36,701] {dagbag.py:496} INFO - Filling up the DagBag from /home/airflow/.local/lib/python3.8/site-packages/airflow/example_dags/example_task_group.py
[2022-05-15 16:52:36,717] {scheduler_job.py:643} INFO - DAG(s) dict_keys(['example_task_group']) retrieved from /home/airflow/.local/lib/python3.8/site-packages/airflow/example_dags/example_task_group.py
[2022-05-15 16:52:36,761] {logging_mixin.py:104} INFO - [2022-05-15 16:52:36,761] {dag.py:1833} INFO - Sync 1 DAGs
[2022-05-15 16:52:36,769] {logging_mixin.py:104} INFO - [2022-05-15 16:52:36,769] {dag.py:2306} INFO - Setting next_dagrun for example_task_group to 2022-05-13 00:00:00+00:00
[2022-05-15 16:52:36,782] {scheduler_job.py:190} INFO - Processing /home/airflow/.local/lib/python3.8/site-packages/airflow/example_dags/example_task_group.py took 0.086 seconds
[2022-05-15 16:53:07,517] {scheduler_job.py:182} INFO - Started process (PID=668) to work on /home/airflow/.local/lib/python3.8/site-packages/airflow/example_dags/example_task_group.py
[2022-05-15 16:53:07,519] {scheduler_job.py:633} INFO - Processing file /home/airflow/.local/lib/python3.8/site-packages/airflow/example_dags/example_task_group.py for tasks to queue
[2022-05-15 16:53:07,520] {logging_mixin.py:104} INFO - [2022-05-15 16:53:07,520] {dagbag.py:496} INFO - Filling up the DagBag from /home/airflow/.local/lib/python3.8/site-packages/airflow/example_dags/example_task_group.py
[2022-05-15 16:53:07,544] {scheduler_job.py:643} INFO - DAG(s) dict_keys(['example_task_group']) retrieved from /home/airflow/.local/lib/python3.8/site-packages/airflow/example_dags/example_task_group.py
[2022-05-15 16:53:07,566] {logging_mixin.py:104} INFO - [2022-05-15 16:53:07,566] {dag.py:1833} INFO - Sync 1 DAGs
[2022-05-15 16:53:07,572] {logging_mixin.py:104} INFO - [2022-05-15 16:53:07,572] {dag.py:2306} INFO - Setting next_dagrun for example_task_group to 2022-05-13 00:00:00+00:00
[2022-05-15 16:53:07,594] {scheduler_job.py:190} INFO - Processing /home/airflow/.local/lib/python3.8/site-packages/airflow/example_dags/example_task_group.py took 0.083 seconds
[2022-05-15 16:53:38,457] {scheduler_job.py:182} INFO - Started process (PID=707) to work on /home/airflow/.local/lib/python3.8/site-packages/airflow/example_dags/example_task_group.py
[2022-05-15 16:53:38,458] {scheduler_job.py:633} INFO - Processing file /home/airflow/.local/lib/python3.8/site-packages/airflow/example_dags/example_task_group.py for tasks to queue
[2022-05-15 16:53:38,458] {logging_mixin.py:104} INFO - [2022-05-15 16:53:38,458] {dagbag.py:496} INFO - Filling up the DagBag from /home/airflow/.local/lib/python3.8/site-packages/airflow/example_dags/example_task_group.py
[2022-05-15 16:53:38,466] {scheduler_job.py:643} INFO - DAG(s) dict_keys(['example_task_group']) retrieved from /home/airflow/.local/lib/python3.8/site-packages/airflow/example_dags/example_task_group.py
[2022-05-15 16:53:38,481] {logging_mixin.py:104} INFO - [2022-05-15 16:53:38,481] {dag.py:1833} INFO - Sync 1 DAGs
[2022-05-15 16:53:38,489] {logging_mixin.py:104} INFO - [2022-05-15 16:53:38,489] {dag.py:2306} INFO - Setting next_dagrun for example_task_group to 2022-05-13 00:00:00+00:00
[2022-05-15 16:53:38,508] {scheduler_job.py:190} INFO - Processing /home/airflow/.local/lib/python3.8/site-packages/airflow/example_dags/example_task_group.py took 0.052 seconds
[2022-05-15 16:54:09,094] {scheduler_job.py:182} INFO - Started process (PID=746) to work on /home/airflow/.local/lib/python3.8/site-packages/airflow/example_dags/example_task_group.py
[2022-05-15 16:54:09,096] {scheduler_job.py:633} INFO - Processing file /home/airflow/.local/lib/python3.8/site-packages/airflow/example_dags/example_task_group.py for tasks to queue
[2022-05-15 16:54:09,096] {logging_mixin.py:104} INFO - [2022-05-15 16:54:09,096] {dagbag.py:496} INFO - Filling up the DagBag from /home/airflow/.local/lib/python3.8/site-packages/airflow/example_dags/example_task_group.py
[2022-05-15 16:54:09,109] {scheduler_job.py:643} INFO - DAG(s) dict_keys(['example_task_group']) retrieved from /home/airflow/.local/lib/python3.8/site-packages/airflow/example_dags/example_task_group.py
[2022-05-15 16:54:09,137] {logging_mixin.py:104} INFO - [2022-05-15 16:54:09,137] {dag.py:1833} INFO - Sync 1 DAGs
[2022-05-15 16:54:09,155] {logging_mixin.py:104} INFO - [2022-05-15 16:54:09,155] {dag.py:2306} INFO - Setting next_dagrun for example_task_group to 2022-05-13 00:00:00+00:00
[2022-05-15 16:54:09,171] {scheduler_job.py:190} INFO - Processing /home/airflow/.local/lib/python3.8/site-packages/airflow/example_dags/example_task_group.py took 0.080 seconds
[2022-05-15 16:54:40,014] {scheduler_job.py:182} INFO - Started process (PID=785) to work on /home/airflow/.local/lib/python3.8/site-packages/airflow/example_dags/example_task_group.py
[2022-05-15 16:54:40,016] {scheduler_job.py:633} INFO - Processing file /home/airflow/.local/lib/python3.8/site-packages/airflow/example_dags/example_task_group.py for tasks to queue
[2022-05-15 16:54:40,016] {logging_mixin.py:104} INFO - [2022-05-15 16:54:40,016] {dagbag.py:496} INFO - Filling up the DagBag from /home/airflow/.local/lib/python3.8/site-packages/airflow/example_dags/example_task_group.py
[2022-05-15 16:54:40,027] {scheduler_job.py:643} INFO - DAG(s) dict_keys(['example_task_group']) retrieved from /home/airflow/.local/lib/python3.8/site-packages/airflow/example_dags/example_task_group.py
[2022-05-15 16:54:40,041] {logging_mixin.py:104} INFO - [2022-05-15 16:54:40,041] {dag.py:1833} INFO - Sync 1 DAGs
[2022-05-15 16:54:40,048] {logging_mixin.py:104} INFO - [2022-05-15 16:54:40,047] {dag.py:2306} INFO - Setting next_dagrun for example_task_group to 2022-05-13 00:00:00+00:00
[2022-05-15 16:54:40,055] {scheduler_job.py:190} INFO - Processing /home/airflow/.local/lib/python3.8/site-packages/airflow/example_dags/example_task_group.py took 0.043 seconds
[2022-05-15 16:55:46,744] {scheduler_job.py:182} INFO - Started process (PID=30) to work on /home/airflow/.local/lib/python3.8/site-packages/airflow/example_dags/example_task_group.py
[2022-05-15 16:55:46,745] {scheduler_job.py:633} INFO - Processing file /home/airflow/.local/lib/python3.8/site-packages/airflow/example_dags/example_task_group.py for tasks to queue
[2022-05-15 16:55:46,745] {logging_mixin.py:104} INFO - [2022-05-15 16:55:46,745] {dagbag.py:496} INFO - Filling up the DagBag from /home/airflow/.local/lib/python3.8/site-packages/airflow/example_dags/example_task_group.py
[2022-05-15 16:55:46,758] {scheduler_job.py:643} INFO - DAG(s) dict_keys(['example_task_group']) retrieved from /home/airflow/.local/lib/python3.8/site-packages/airflow/example_dags/example_task_group.py
[2022-05-15 16:55:46,778] {logging_mixin.py:104} INFO - [2022-05-15 16:55:46,777] {dag.py:1833} INFO - Sync 1 DAGs
[2022-05-15 16:55:46,787] {logging_mixin.py:104} INFO - [2022-05-15 16:55:46,787] {dag.py:2306} INFO - Setting next_dagrun for example_task_group to 2022-05-13 00:00:00+00:00
[2022-05-15 16:55:46,797] {scheduler_job.py:190} INFO - Processing /home/airflow/.local/lib/python3.8/site-packages/airflow/example_dags/example_task_group.py took 0.056 seconds
[2022-05-15 16:56:17,016] {scheduler_job.py:182} INFO - Started process (PID=61) to work on /home/airflow/.local/lib/python3.8/site-packages/airflow/example_dags/example_task_group.py
[2022-05-15 16:56:17,017] {scheduler_job.py:633} INFO - Processing file /home/airflow/.local/lib/python3.8/site-packages/airflow/example_dags/example_task_group.py for tasks to queue
[2022-05-15 16:56:17,018] {logging_mixin.py:104} INFO - [2022-05-15 16:56:17,017] {dagbag.py:496} INFO - Filling up the DagBag from /home/airflow/.local/lib/python3.8/site-packages/airflow/example_dags/example_task_group.py
[2022-05-15 16:56:17,029] {scheduler_job.py:643} INFO - DAG(s) dict_keys(['example_task_group']) retrieved from /home/airflow/.local/lib/python3.8/site-packages/airflow/example_dags/example_task_group.py
[2022-05-15 16:56:17,215] {logging_mixin.py:104} INFO - [2022-05-15 16:56:17,215] {dag.py:1833} INFO - Sync 1 DAGs
[2022-05-15 16:56:17,222] {logging_mixin.py:104} INFO - [2022-05-15 16:56:17,222] {dag.py:2306} INFO - Setting next_dagrun for example_task_group to 2022-05-13 00:00:00+00:00
[2022-05-15 16:56:17,235] {scheduler_job.py:190} INFO - Processing /home/airflow/.local/lib/python3.8/site-packages/airflow/example_dags/example_task_group.py took 0.223 seconds
[2022-05-15 16:56:47,251] {scheduler_job.py:182} INFO - Started process (PID=101) to work on /home/airflow/.local/lib/python3.8/site-packages/airflow/example_dags/example_task_group.py
[2022-05-15 16:56:47,252] {scheduler_job.py:633} INFO - Processing file /home/airflow/.local/lib/python3.8/site-packages/airflow/example_dags/example_task_group.py for tasks to queue
[2022-05-15 16:56:47,252] {logging_mixin.py:104} INFO - [2022-05-15 16:56:47,252] {dagbag.py:496} INFO - Filling up the DagBag from /home/airflow/.local/lib/python3.8/site-packages/airflow/example_dags/example_task_group.py
[2022-05-15 16:56:47,260] {scheduler_job.py:643} INFO - DAG(s) dict_keys(['example_task_group']) retrieved from /home/airflow/.local/lib/python3.8/site-packages/airflow/example_dags/example_task_group.py
[2022-05-15 16:56:47,274] {logging_mixin.py:104} INFO - [2022-05-15 16:56:47,274] {dag.py:1833} INFO - Sync 1 DAGs
[2022-05-15 16:56:47,280] {logging_mixin.py:104} INFO - [2022-05-15 16:56:47,280] {dag.py:2306} INFO - Setting next_dagrun for example_task_group to 2022-05-13 00:00:00+00:00
[2022-05-15 16:56:47,288] {scheduler_job.py:190} INFO - Processing /home/airflow/.local/lib/python3.8/site-packages/airflow/example_dags/example_task_group.py took 0.038 seconds
[2022-05-15 16:57:17,360] {scheduler_job.py:182} INFO - Started process (PID=139) to work on /home/airflow/.local/lib/python3.8/site-packages/airflow/example_dags/example_task_group.py
[2022-05-15 16:57:17,361] {scheduler_job.py:633} INFO - Processing file /home/airflow/.local/lib/python3.8/site-packages/airflow/example_dags/example_task_group.py for tasks to queue
[2022-05-15 16:57:17,362] {logging_mixin.py:104} INFO - [2022-05-15 16:57:17,362] {dagbag.py:496} INFO - Filling up the DagBag from /home/airflow/.local/lib/python3.8/site-packages/airflow/example_dags/example_task_group.py
[2022-05-15 16:57:17,375] {scheduler_job.py:643} INFO - DAG(s) dict_keys(['example_task_group']) retrieved from /home/airflow/.local/lib/python3.8/site-packages/airflow/example_dags/example_task_group.py
[2022-05-15 16:57:17,393] {logging_mixin.py:104} INFO - [2022-05-15 16:57:17,393] {dag.py:1833} INFO - Sync 1 DAGs
[2022-05-15 16:57:17,400] {logging_mixin.py:104} INFO - [2022-05-15 16:57:17,400] {dag.py:2306} INFO - Setting next_dagrun for example_task_group to 2022-05-13 00:00:00+00:00
[2022-05-15 16:57:17,414] {scheduler_job.py:190} INFO - Processing /home/airflow/.local/lib/python3.8/site-packages/airflow/example_dags/example_task_group.py took 0.058 seconds
