[2022-05-15 16:44:58,566] {scheduler_job.py:182} INFO - Started process (PID=55) to work on /home/airflow/.local/lib/python3.8/site-packages/airflow/example_dags/example_latest_only.py
[2022-05-15 16:44:58,566] {scheduler_job.py:633} INFO - Processing file /home/airflow/.local/lib/python3.8/site-packages/airflow/example_dags/example_latest_only.py for tasks to queue
[2022-05-15 16:44:58,567] {logging_mixin.py:104} INFO - [2022-05-15 16:44:58,567] {dagbag.py:496} INFO - Filling up the DagBag from /home/airflow/.local/lib/python3.8/site-packages/airflow/example_dags/example_latest_only.py
[2022-05-15 16:44:58,573] {scheduler_job.py:643} INFO - DAG(s) dict_keys(['latest_only']) retrieved from /home/airflow/.local/lib/python3.8/site-packages/airflow/example_dags/example_latest_only.py
[2022-05-15 16:44:58,589] {logging_mixin.py:104} INFO - [2022-05-15 16:44:58,589] {dag.py:1833} INFO - Sync 1 DAGs
[2022-05-15 16:44:58,600] {logging_mixin.py:104} INFO - [2022-05-15 16:44:58,600] {dag.py:2306} INFO - Setting next_dagrun for latest_only to 2022-05-13 00:00:00+00:00
[2022-05-15 16:44:58,615] {scheduler_job.py:190} INFO - Processing /home/airflow/.local/lib/python3.8/site-packages/airflow/example_dags/example_latest_only.py took 0.051 seconds
[2022-05-15 16:45:31,312] {scheduler_job.py:182} INFO - Started process (PID=94) to work on /home/airflow/.local/lib/python3.8/site-packages/airflow/example_dags/example_latest_only.py
[2022-05-15 16:45:31,313] {scheduler_job.py:633} INFO - Processing file /home/airflow/.local/lib/python3.8/site-packages/airflow/example_dags/example_latest_only.py for tasks to queue
[2022-05-15 16:45:31,314] {logging_mixin.py:104} INFO - [2022-05-15 16:45:31,314] {dagbag.py:496} INFO - Filling up the DagBag from /home/airflow/.local/lib/python3.8/site-packages/airflow/example_dags/example_latest_only.py
[2022-05-15 16:45:31,326] {scheduler_job.py:643} INFO - DAG(s) dict_keys(['latest_only']) retrieved from /home/airflow/.local/lib/python3.8/site-packages/airflow/example_dags/example_latest_only.py
[2022-05-15 16:45:31,365] {logging_mixin.py:104} INFO - [2022-05-15 16:45:31,364] {dag.py:1833} INFO - Sync 1 DAGs
[2022-05-15 16:45:31,384] {logging_mixin.py:104} INFO - [2022-05-15 16:45:31,384] {dag.py:2306} INFO - Setting next_dagrun for latest_only to 2022-05-13 00:00:00+00:00
[2022-05-15 16:45:31,404] {scheduler_job.py:190} INFO - Processing /home/airflow/.local/lib/python3.8/site-packages/airflow/example_dags/example_latest_only.py took 0.096 seconds
[2022-05-15 16:46:02,733] {scheduler_job.py:182} INFO - Started process (PID=133) to work on /home/airflow/.local/lib/python3.8/site-packages/airflow/example_dags/example_latest_only.py
[2022-05-15 16:46:02,734] {scheduler_job.py:633} INFO - Processing file /home/airflow/.local/lib/python3.8/site-packages/airflow/example_dags/example_latest_only.py for tasks to queue
[2022-05-15 16:46:02,735] {logging_mixin.py:104} INFO - [2022-05-15 16:46:02,735] {dagbag.py:496} INFO - Filling up the DagBag from /home/airflow/.local/lib/python3.8/site-packages/airflow/example_dags/example_latest_only.py
[2022-05-15 16:46:02,747] {scheduler_job.py:643} INFO - DAG(s) dict_keys(['latest_only']) retrieved from /home/airflow/.local/lib/python3.8/site-packages/airflow/example_dags/example_latest_only.py
[2022-05-15 16:46:02,798] {logging_mixin.py:104} INFO - [2022-05-15 16:46:02,797] {dag.py:1833} INFO - Sync 1 DAGs
[2022-05-15 16:46:02,830] {logging_mixin.py:104} INFO - [2022-05-15 16:46:02,829] {dag.py:2306} INFO - Setting next_dagrun for latest_only to 2022-05-13 00:00:00+00:00
[2022-05-15 16:46:02,867] {scheduler_job.py:190} INFO - Processing /home/airflow/.local/lib/python3.8/site-packages/airflow/example_dags/example_latest_only.py took 0.137 seconds
[2022-05-15 16:46:32,960] {scheduler_job.py:182} INFO - Started process (PID=172) to work on /home/airflow/.local/lib/python3.8/site-packages/airflow/example_dags/example_latest_only.py
[2022-05-15 16:46:32,960] {scheduler_job.py:633} INFO - Processing file /home/airflow/.local/lib/python3.8/site-packages/airflow/example_dags/example_latest_only.py for tasks to queue
[2022-05-15 16:46:32,961] {logging_mixin.py:104} INFO - [2022-05-15 16:46:32,961] {dagbag.py:496} INFO - Filling up the DagBag from /home/airflow/.local/lib/python3.8/site-packages/airflow/example_dags/example_latest_only.py
[2022-05-15 16:46:32,968] {scheduler_job.py:643} INFO - DAG(s) dict_keys(['latest_only']) retrieved from /home/airflow/.local/lib/python3.8/site-packages/airflow/example_dags/example_latest_only.py
[2022-05-15 16:46:32,981] {logging_mixin.py:104} INFO - [2022-05-15 16:46:32,981] {dag.py:1833} INFO - Sync 1 DAGs
[2022-05-15 16:46:32,989] {logging_mixin.py:104} INFO - [2022-05-15 16:46:32,989] {dag.py:2306} INFO - Setting next_dagrun for latest_only to 2022-05-13 00:00:00+00:00
[2022-05-15 16:46:32,998] {scheduler_job.py:190} INFO - Processing /home/airflow/.local/lib/python3.8/site-packages/airflow/example_dags/example_latest_only.py took 0.040 seconds
[2022-05-15 16:47:03,919] {scheduler_job.py:182} INFO - Started process (PID=211) to work on /home/airflow/.local/lib/python3.8/site-packages/airflow/example_dags/example_latest_only.py
[2022-05-15 16:47:03,921] {scheduler_job.py:633} INFO - Processing file /home/airflow/.local/lib/python3.8/site-packages/airflow/example_dags/example_latest_only.py for tasks to queue
[2022-05-15 16:47:03,923] {logging_mixin.py:104} INFO - [2022-05-15 16:47:03,922] {dagbag.py:496} INFO - Filling up the DagBag from /home/airflow/.local/lib/python3.8/site-packages/airflow/example_dags/example_latest_only.py
[2022-05-15 16:47:03,940] {scheduler_job.py:643} INFO - DAG(s) dict_keys(['latest_only']) retrieved from /home/airflow/.local/lib/python3.8/site-packages/airflow/example_dags/example_latest_only.py
[2022-05-15 16:47:04,002] {logging_mixin.py:104} INFO - [2022-05-15 16:47:04,001] {dag.py:1833} INFO - Sync 1 DAGs
[2022-05-15 16:47:04,033] {logging_mixin.py:104} INFO - [2022-05-15 16:47:04,031] {dag.py:2306} INFO - Setting next_dagrun for latest_only to 2022-05-13 00:00:00+00:00
[2022-05-15 16:47:04,070] {scheduler_job.py:190} INFO - Processing /home/airflow/.local/lib/python3.8/site-packages/airflow/example_dags/example_latest_only.py took 0.157 seconds
[2022-05-15 16:47:35,371] {scheduler_job.py:182} INFO - Started process (PID=260) to work on /home/airflow/.local/lib/python3.8/site-packages/airflow/example_dags/example_latest_only.py
[2022-05-15 16:47:35,372] {scheduler_job.py:633} INFO - Processing file /home/airflow/.local/lib/python3.8/site-packages/airflow/example_dags/example_latest_only.py for tasks to queue
[2022-05-15 16:47:35,373] {logging_mixin.py:104} INFO - [2022-05-15 16:47:35,372] {dagbag.py:496} INFO - Filling up the DagBag from /home/airflow/.local/lib/python3.8/site-packages/airflow/example_dags/example_latest_only.py
[2022-05-15 16:47:35,383] {scheduler_job.py:643} INFO - DAG(s) dict_keys(['latest_only']) retrieved from /home/airflow/.local/lib/python3.8/site-packages/airflow/example_dags/example_latest_only.py
[2022-05-15 16:47:35,412] {logging_mixin.py:104} INFO - [2022-05-15 16:47:35,412] {dag.py:1833} INFO - Sync 1 DAGs
[2022-05-15 16:47:35,421] {logging_mixin.py:104} INFO - [2022-05-15 16:47:35,421] {dag.py:2306} INFO - Setting next_dagrun for latest_only to 2022-05-13 00:00:00+00:00
[2022-05-15 16:47:35,428] {scheduler_job.py:190} INFO - Processing /home/airflow/.local/lib/python3.8/site-packages/airflow/example_dags/example_latest_only.py took 0.061 seconds
[2022-05-15 16:48:06,197] {scheduler_job.py:182} INFO - Started process (PID=309) to work on /home/airflow/.local/lib/python3.8/site-packages/airflow/example_dags/example_latest_only.py
[2022-05-15 16:48:06,198] {scheduler_job.py:633} INFO - Processing file /home/airflow/.local/lib/python3.8/site-packages/airflow/example_dags/example_latest_only.py for tasks to queue
[2022-05-15 16:48:06,198] {logging_mixin.py:104} INFO - [2022-05-15 16:48:06,198] {dagbag.py:496} INFO - Filling up the DagBag from /home/airflow/.local/lib/python3.8/site-packages/airflow/example_dags/example_latest_only.py
[2022-05-15 16:48:06,204] {scheduler_job.py:643} INFO - DAG(s) dict_keys(['latest_only']) retrieved from /home/airflow/.local/lib/python3.8/site-packages/airflow/example_dags/example_latest_only.py
[2022-05-15 16:48:06,218] {logging_mixin.py:104} INFO - [2022-05-15 16:48:06,218] {dag.py:1833} INFO - Sync 1 DAGs
[2022-05-15 16:48:06,227] {logging_mixin.py:104} INFO - [2022-05-15 16:48:06,227] {dag.py:2306} INFO - Setting next_dagrun for latest_only to 2022-05-13 00:00:00+00:00
[2022-05-15 16:48:06,236] {scheduler_job.py:190} INFO - Processing /home/airflow/.local/lib/python3.8/site-packages/airflow/example_dags/example_latest_only.py took 0.040 seconds
[2022-05-15 16:48:36,880] {scheduler_job.py:182} INFO - Started process (PID=348) to work on /home/airflow/.local/lib/python3.8/site-packages/airflow/example_dags/example_latest_only.py
[2022-05-15 16:48:36,881] {scheduler_job.py:633} INFO - Processing file /home/airflow/.local/lib/python3.8/site-packages/airflow/example_dags/example_latest_only.py for tasks to queue
[2022-05-15 16:48:36,881] {logging_mixin.py:104} INFO - [2022-05-15 16:48:36,881] {dagbag.py:496} INFO - Filling up the DagBag from /home/airflow/.local/lib/python3.8/site-packages/airflow/example_dags/example_latest_only.py
[2022-05-15 16:48:36,891] {scheduler_job.py:643} INFO - DAG(s) dict_keys(['latest_only']) retrieved from /home/airflow/.local/lib/python3.8/site-packages/airflow/example_dags/example_latest_only.py
[2022-05-15 16:48:36,906] {logging_mixin.py:104} INFO - [2022-05-15 16:48:36,906] {dag.py:1833} INFO - Sync 1 DAGs
[2022-05-15 16:48:36,914] {logging_mixin.py:104} INFO - [2022-05-15 16:48:36,914] {dag.py:2306} INFO - Setting next_dagrun for latest_only to 2022-05-13 00:00:00+00:00
[2022-05-15 16:48:36,921] {scheduler_job.py:190} INFO - Processing /home/airflow/.local/lib/python3.8/site-packages/airflow/example_dags/example_latest_only.py took 0.043 seconds
[2022-05-15 16:49:07,776] {scheduler_job.py:182} INFO - Started process (PID=387) to work on /home/airflow/.local/lib/python3.8/site-packages/airflow/example_dags/example_latest_only.py
[2022-05-15 16:49:07,777] {scheduler_job.py:633} INFO - Processing file /home/airflow/.local/lib/python3.8/site-packages/airflow/example_dags/example_latest_only.py for tasks to queue
[2022-05-15 16:49:07,777] {logging_mixin.py:104} INFO - [2022-05-15 16:49:07,777] {dagbag.py:496} INFO - Filling up the DagBag from /home/airflow/.local/lib/python3.8/site-packages/airflow/example_dags/example_latest_only.py
[2022-05-15 16:49:07,783] {scheduler_job.py:643} INFO - DAG(s) dict_keys(['latest_only']) retrieved from /home/airflow/.local/lib/python3.8/site-packages/airflow/example_dags/example_latest_only.py
[2022-05-15 16:49:07,796] {logging_mixin.py:104} INFO - [2022-05-15 16:49:07,796] {dag.py:1833} INFO - Sync 1 DAGs
[2022-05-15 16:49:07,802] {logging_mixin.py:104} INFO - [2022-05-15 16:49:07,801] {dag.py:2306} INFO - Setting next_dagrun for latest_only to 2022-05-13 00:00:00+00:00
[2022-05-15 16:49:07,809] {scheduler_job.py:190} INFO - Processing /home/airflow/.local/lib/python3.8/site-packages/airflow/example_dags/example_latest_only.py took 0.034 seconds
[2022-05-15 16:49:38,008] {scheduler_job.py:182} INFO - Started process (PID=426) to work on /home/airflow/.local/lib/python3.8/site-packages/airflow/example_dags/example_latest_only.py
[2022-05-15 16:49:38,009] {scheduler_job.py:633} INFO - Processing file /home/airflow/.local/lib/python3.8/site-packages/airflow/example_dags/example_latest_only.py for tasks to queue
[2022-05-15 16:49:38,009] {logging_mixin.py:104} INFO - [2022-05-15 16:49:38,009] {dagbag.py:496} INFO - Filling up the DagBag from /home/airflow/.local/lib/python3.8/site-packages/airflow/example_dags/example_latest_only.py
[2022-05-15 16:49:38,014] {scheduler_job.py:643} INFO - DAG(s) dict_keys(['latest_only']) retrieved from /home/airflow/.local/lib/python3.8/site-packages/airflow/example_dags/example_latest_only.py
[2022-05-15 16:49:38,027] {logging_mixin.py:104} INFO - [2022-05-15 16:49:38,027] {dag.py:1833} INFO - Sync 1 DAGs
[2022-05-15 16:49:38,036] {logging_mixin.py:104} INFO - [2022-05-15 16:49:38,036] {dag.py:2306} INFO - Setting next_dagrun for latest_only to 2022-05-13 00:00:00+00:00
[2022-05-15 16:49:38,047] {scheduler_job.py:190} INFO - Processing /home/airflow/.local/lib/python3.8/site-packages/airflow/example_dags/example_latest_only.py took 0.040 seconds
[2022-05-15 16:50:09,088] {scheduler_job.py:182} INFO - Started process (PID=465) to work on /home/airflow/.local/lib/python3.8/site-packages/airflow/example_dags/example_latest_only.py
[2022-05-15 16:50:09,089] {scheduler_job.py:633} INFO - Processing file /home/airflow/.local/lib/python3.8/site-packages/airflow/example_dags/example_latest_only.py for tasks to queue
[2022-05-15 16:50:09,089] {logging_mixin.py:104} INFO - [2022-05-15 16:50:09,089] {dagbag.py:496} INFO - Filling up the DagBag from /home/airflow/.local/lib/python3.8/site-packages/airflow/example_dags/example_latest_only.py
[2022-05-15 16:50:09,095] {scheduler_job.py:643} INFO - DAG(s) dict_keys(['latest_only']) retrieved from /home/airflow/.local/lib/python3.8/site-packages/airflow/example_dags/example_latest_only.py
[2022-05-15 16:50:09,110] {logging_mixin.py:104} INFO - [2022-05-15 16:50:09,110] {dag.py:1833} INFO - Sync 1 DAGs
[2022-05-15 16:50:09,121] {logging_mixin.py:104} INFO - [2022-05-15 16:50:09,121] {dag.py:2306} INFO - Setting next_dagrun for latest_only to 2022-05-13 00:00:00+00:00
[2022-05-15 16:50:09,131] {scheduler_job.py:190} INFO - Processing /home/airflow/.local/lib/python3.8/site-packages/airflow/example_dags/example_latest_only.py took 0.045 seconds
[2022-05-15 16:50:40,323] {scheduler_job.py:182} INFO - Started process (PID=504) to work on /home/airflow/.local/lib/python3.8/site-packages/airflow/example_dags/example_latest_only.py
[2022-05-15 16:50:40,325] {scheduler_job.py:633} INFO - Processing file /home/airflow/.local/lib/python3.8/site-packages/airflow/example_dags/example_latest_only.py for tasks to queue
[2022-05-15 16:50:40,328] {logging_mixin.py:104} INFO - [2022-05-15 16:50:40,327] {dagbag.py:496} INFO - Filling up the DagBag from /home/airflow/.local/lib/python3.8/site-packages/airflow/example_dags/example_latest_only.py
[2022-05-15 16:50:40,344] {scheduler_job.py:643} INFO - DAG(s) dict_keys(['latest_only']) retrieved from /home/airflow/.local/lib/python3.8/site-packages/airflow/example_dags/example_latest_only.py
[2022-05-15 16:50:40,381] {logging_mixin.py:104} INFO - [2022-05-15 16:50:40,381] {dag.py:1833} INFO - Sync 1 DAGs
[2022-05-15 16:50:40,398] {logging_mixin.py:104} INFO - [2022-05-15 16:50:40,398] {dag.py:2306} INFO - Setting next_dagrun for latest_only to 2022-05-13 00:00:00+00:00
[2022-05-15 16:50:40,415] {scheduler_job.py:190} INFO - Processing /home/airflow/.local/lib/python3.8/site-packages/airflow/example_dags/example_latest_only.py took 0.098 seconds
[2022-05-15 16:51:10,820] {scheduler_job.py:182} INFO - Started process (PID=543) to work on /home/airflow/.local/lib/python3.8/site-packages/airflow/example_dags/example_latest_only.py
[2022-05-15 16:51:10,822] {scheduler_job.py:633} INFO - Processing file /home/airflow/.local/lib/python3.8/site-packages/airflow/example_dags/example_latest_only.py for tasks to queue
[2022-05-15 16:51:10,824] {logging_mixin.py:104} INFO - [2022-05-15 16:51:10,823] {dagbag.py:496} INFO - Filling up the DagBag from /home/airflow/.local/lib/python3.8/site-packages/airflow/example_dags/example_latest_only.py
[2022-05-15 16:51:10,846] {scheduler_job.py:643} INFO - DAG(s) dict_keys(['latest_only']) retrieved from /home/airflow/.local/lib/python3.8/site-packages/airflow/example_dags/example_latest_only.py
[2022-05-15 16:51:10,900] {logging_mixin.py:104} INFO - [2022-05-15 16:51:10,900] {dag.py:1833} INFO - Sync 1 DAGs
[2022-05-15 16:51:10,922] {logging_mixin.py:104} INFO - [2022-05-15 16:51:10,921] {dag.py:2306} INFO - Setting next_dagrun for latest_only to 2022-05-13 00:00:00+00:00
[2022-05-15 16:51:10,942] {scheduler_job.py:190} INFO - Processing /home/airflow/.local/lib/python3.8/site-packages/airflow/example_dags/example_latest_only.py took 0.130 seconds
[2022-05-15 16:51:41,276] {scheduler_job.py:182} INFO - Started process (PID=582) to work on /home/airflow/.local/lib/python3.8/site-packages/airflow/example_dags/example_latest_only.py
[2022-05-15 16:51:41,277] {scheduler_job.py:633} INFO - Processing file /home/airflow/.local/lib/python3.8/site-packages/airflow/example_dags/example_latest_only.py for tasks to queue
[2022-05-15 16:51:41,277] {logging_mixin.py:104} INFO - [2022-05-15 16:51:41,277] {dagbag.py:496} INFO - Filling up the DagBag from /home/airflow/.local/lib/python3.8/site-packages/airflow/example_dags/example_latest_only.py
[2022-05-15 16:51:41,282] {scheduler_job.py:643} INFO - DAG(s) dict_keys(['latest_only']) retrieved from /home/airflow/.local/lib/python3.8/site-packages/airflow/example_dags/example_latest_only.py
[2022-05-15 16:51:41,298] {logging_mixin.py:104} INFO - [2022-05-15 16:51:41,298] {dag.py:1833} INFO - Sync 1 DAGs
[2022-05-15 16:51:41,305] {logging_mixin.py:104} INFO - [2022-05-15 16:51:41,305] {dag.py:2306} INFO - Setting next_dagrun for latest_only to 2022-05-13 00:00:00+00:00
[2022-05-15 16:51:41,313] {scheduler_job.py:190} INFO - Processing /home/airflow/.local/lib/python3.8/site-packages/airflow/example_dags/example_latest_only.py took 0.039 seconds
[2022-05-15 16:52:12,045] {scheduler_job.py:182} INFO - Started process (PID=621) to work on /home/airflow/.local/lib/python3.8/site-packages/airflow/example_dags/example_latest_only.py
[2022-05-15 16:52:12,046] {scheduler_job.py:633} INFO - Processing file /home/airflow/.local/lib/python3.8/site-packages/airflow/example_dags/example_latest_only.py for tasks to queue
[2022-05-15 16:52:12,046] {logging_mixin.py:104} INFO - [2022-05-15 16:52:12,046] {dagbag.py:496} INFO - Filling up the DagBag from /home/airflow/.local/lib/python3.8/site-packages/airflow/example_dags/example_latest_only.py
[2022-05-15 16:52:12,052] {scheduler_job.py:643} INFO - DAG(s) dict_keys(['latest_only']) retrieved from /home/airflow/.local/lib/python3.8/site-packages/airflow/example_dags/example_latest_only.py
[2022-05-15 16:52:12,067] {logging_mixin.py:104} INFO - [2022-05-15 16:52:12,067] {dag.py:1833} INFO - Sync 1 DAGs
[2022-05-15 16:52:12,076] {logging_mixin.py:104} INFO - [2022-05-15 16:52:12,076] {dag.py:2306} INFO - Setting next_dagrun for latest_only to 2022-05-13 00:00:00+00:00
[2022-05-15 16:52:12,085] {scheduler_job.py:190} INFO - Processing /home/airflow/.local/lib/python3.8/site-packages/airflow/example_dags/example_latest_only.py took 0.042 seconds
[2022-05-15 16:52:42,553] {scheduler_job.py:182} INFO - Started process (PID=659) to work on /home/airflow/.local/lib/python3.8/site-packages/airflow/example_dags/example_latest_only.py
[2022-05-15 16:52:42,553] {scheduler_job.py:633} INFO - Processing file /home/airflow/.local/lib/python3.8/site-packages/airflow/example_dags/example_latest_only.py for tasks to queue
[2022-05-15 16:52:42,554] {logging_mixin.py:104} INFO - [2022-05-15 16:52:42,554] {dagbag.py:496} INFO - Filling up the DagBag from /home/airflow/.local/lib/python3.8/site-packages/airflow/example_dags/example_latest_only.py
[2022-05-15 16:52:42,562] {scheduler_job.py:643} INFO - DAG(s) dict_keys(['latest_only']) retrieved from /home/airflow/.local/lib/python3.8/site-packages/airflow/example_dags/example_latest_only.py
[2022-05-15 16:52:42,578] {logging_mixin.py:104} INFO - [2022-05-15 16:52:42,578] {dag.py:1833} INFO - Sync 1 DAGs
[2022-05-15 16:52:42,587] {logging_mixin.py:104} INFO - [2022-05-15 16:52:42,587] {dag.py:2306} INFO - Setting next_dagrun for latest_only to 2022-05-13 00:00:00+00:00
[2022-05-15 16:52:42,596] {scheduler_job.py:190} INFO - Processing /home/airflow/.local/lib/python3.8/site-packages/airflow/example_dags/example_latest_only.py took 0.045 seconds
[2022-05-15 16:53:12,807] {scheduler_job.py:182} INFO - Started process (PID=698) to work on /home/airflow/.local/lib/python3.8/site-packages/airflow/example_dags/example_latest_only.py
[2022-05-15 16:53:12,807] {scheduler_job.py:633} INFO - Processing file /home/airflow/.local/lib/python3.8/site-packages/airflow/example_dags/example_latest_only.py for tasks to queue
[2022-05-15 16:53:12,808] {logging_mixin.py:104} INFO - [2022-05-15 16:53:12,808] {dagbag.py:496} INFO - Filling up the DagBag from /home/airflow/.local/lib/python3.8/site-packages/airflow/example_dags/example_latest_only.py
[2022-05-15 16:53:12,813] {scheduler_job.py:643} INFO - DAG(s) dict_keys(['latest_only']) retrieved from /home/airflow/.local/lib/python3.8/site-packages/airflow/example_dags/example_latest_only.py
[2022-05-15 16:53:12,826] {logging_mixin.py:104} INFO - [2022-05-15 16:53:12,826] {dag.py:1833} INFO - Sync 1 DAGs
[2022-05-15 16:53:12,835] {logging_mixin.py:104} INFO - [2022-05-15 16:53:12,835] {dag.py:2306} INFO - Setting next_dagrun for latest_only to 2022-05-13 00:00:00+00:00
[2022-05-15 16:53:12,848] {scheduler_job.py:190} INFO - Processing /home/airflow/.local/lib/python3.8/site-packages/airflow/example_dags/example_latest_only.py took 0.043 seconds
[2022-05-15 16:53:43,499] {scheduler_job.py:182} INFO - Started process (PID=737) to work on /home/airflow/.local/lib/python3.8/site-packages/airflow/example_dags/example_latest_only.py
[2022-05-15 16:53:43,499] {scheduler_job.py:633} INFO - Processing file /home/airflow/.local/lib/python3.8/site-packages/airflow/example_dags/example_latest_only.py for tasks to queue
[2022-05-15 16:53:43,499] {logging_mixin.py:104} INFO - [2022-05-15 16:53:43,499] {dagbag.py:496} INFO - Filling up the DagBag from /home/airflow/.local/lib/python3.8/site-packages/airflow/example_dags/example_latest_only.py
[2022-05-15 16:53:43,506] {scheduler_job.py:643} INFO - DAG(s) dict_keys(['latest_only']) retrieved from /home/airflow/.local/lib/python3.8/site-packages/airflow/example_dags/example_latest_only.py
[2022-05-15 16:53:43,520] {logging_mixin.py:104} INFO - [2022-05-15 16:53:43,520] {dag.py:1833} INFO - Sync 1 DAGs
[2022-05-15 16:53:43,527] {logging_mixin.py:104} INFO - [2022-05-15 16:53:43,527] {dag.py:2306} INFO - Setting next_dagrun for latest_only to 2022-05-13 00:00:00+00:00
[2022-05-15 16:53:43,534] {scheduler_job.py:190} INFO - Processing /home/airflow/.local/lib/python3.8/site-packages/airflow/example_dags/example_latest_only.py took 0.037 seconds
[2022-05-15 16:54:15,491] {scheduler_job.py:182} INFO - Started process (PID=776) to work on /home/airflow/.local/lib/python3.8/site-packages/airflow/example_dags/example_latest_only.py
[2022-05-15 16:54:15,493] {scheduler_job.py:633} INFO - Processing file /home/airflow/.local/lib/python3.8/site-packages/airflow/example_dags/example_latest_only.py for tasks to queue
[2022-05-15 16:54:15,494] {logging_mixin.py:104} INFO - [2022-05-15 16:54:15,494] {dagbag.py:496} INFO - Filling up the DagBag from /home/airflow/.local/lib/python3.8/site-packages/airflow/example_dags/example_latest_only.py
[2022-05-15 16:54:15,509] {scheduler_job.py:643} INFO - DAG(s) dict_keys(['latest_only']) retrieved from /home/airflow/.local/lib/python3.8/site-packages/airflow/example_dags/example_latest_only.py
[2022-05-15 16:54:15,533] {logging_mixin.py:104} INFO - [2022-05-15 16:54:15,533] {dag.py:1833} INFO - Sync 1 DAGs
[2022-05-15 16:54:15,542] {logging_mixin.py:104} INFO - [2022-05-15 16:54:15,542] {dag.py:2306} INFO - Setting next_dagrun for latest_only to 2022-05-13 00:00:00+00:00
[2022-05-15 16:54:15,570] {scheduler_job.py:190} INFO - Processing /home/airflow/.local/lib/python3.8/site-packages/airflow/example_dags/example_latest_only.py took 0.086 seconds
[2022-05-15 16:54:46,665] {scheduler_job.py:182} INFO - Started process (PID=816) to work on /home/airflow/.local/lib/python3.8/site-packages/airflow/example_dags/example_latest_only.py
[2022-05-15 16:54:46,665] {scheduler_job.py:633} INFO - Processing file /home/airflow/.local/lib/python3.8/site-packages/airflow/example_dags/example_latest_only.py for tasks to queue
[2022-05-15 16:54:46,666] {logging_mixin.py:104} INFO - [2022-05-15 16:54:46,666] {dagbag.py:496} INFO - Filling up the DagBag from /home/airflow/.local/lib/python3.8/site-packages/airflow/example_dags/example_latest_only.py
[2022-05-15 16:54:46,673] {scheduler_job.py:643} INFO - DAG(s) dict_keys(['latest_only']) retrieved from /home/airflow/.local/lib/python3.8/site-packages/airflow/example_dags/example_latest_only.py
[2022-05-15 16:54:46,690] {logging_mixin.py:104} INFO - [2022-05-15 16:54:46,690] {dag.py:1833} INFO - Sync 1 DAGs
[2022-05-15 16:54:46,696] {logging_mixin.py:104} INFO - [2022-05-15 16:54:46,696] {dag.py:2306} INFO - Setting next_dagrun for latest_only to 2022-05-13 00:00:00+00:00
[2022-05-15 16:54:46,703] {scheduler_job.py:190} INFO - Processing /home/airflow/.local/lib/python3.8/site-packages/airflow/example_dags/example_latest_only.py took 0.041 seconds
[2022-05-15 16:55:47,698] {scheduler_job.py:182} INFO - Started process (PID=54) to work on /home/airflow/.local/lib/python3.8/site-packages/airflow/example_dags/example_latest_only.py
[2022-05-15 16:55:47,699] {scheduler_job.py:633} INFO - Processing file /home/airflow/.local/lib/python3.8/site-packages/airflow/example_dags/example_latest_only.py for tasks to queue
[2022-05-15 16:55:47,699] {logging_mixin.py:104} INFO - [2022-05-15 16:55:47,699] {dagbag.py:496} INFO - Filling up the DagBag from /home/airflow/.local/lib/python3.8/site-packages/airflow/example_dags/example_latest_only.py
[2022-05-15 16:55:47,709] {scheduler_job.py:643} INFO - DAG(s) dict_keys(['latest_only']) retrieved from /home/airflow/.local/lib/python3.8/site-packages/airflow/example_dags/example_latest_only.py
[2022-05-15 16:55:47,724] {logging_mixin.py:104} INFO - [2022-05-15 16:55:47,724] {dag.py:1833} INFO - Sync 1 DAGs
[2022-05-15 16:55:47,731] {logging_mixin.py:104} INFO - [2022-05-15 16:55:47,731] {dag.py:2306} INFO - Setting next_dagrun for latest_only to 2022-05-13 00:00:00+00:00
[2022-05-15 16:55:47,743] {scheduler_job.py:190} INFO - Processing /home/airflow/.local/lib/python3.8/site-packages/airflow/example_dags/example_latest_only.py took 0.048 seconds
[2022-05-15 16:56:19,512] {scheduler_job.py:182} INFO - Started process (PID=93) to work on /home/airflow/.local/lib/python3.8/site-packages/airflow/example_dags/example_latest_only.py
[2022-05-15 16:56:19,514] {scheduler_job.py:633} INFO - Processing file /home/airflow/.local/lib/python3.8/site-packages/airflow/example_dags/example_latest_only.py for tasks to queue
[2022-05-15 16:56:19,515] {logging_mixin.py:104} INFO - [2022-05-15 16:56:19,515] {dagbag.py:496} INFO - Filling up the DagBag from /home/airflow/.local/lib/python3.8/site-packages/airflow/example_dags/example_latest_only.py
[2022-05-15 16:56:19,527] {scheduler_job.py:643} INFO - DAG(s) dict_keys(['latest_only']) retrieved from /home/airflow/.local/lib/python3.8/site-packages/airflow/example_dags/example_latest_only.py
[2022-05-15 16:56:19,561] {logging_mixin.py:104} INFO - [2022-05-15 16:56:19,561] {dag.py:1833} INFO - Sync 1 DAGs
[2022-05-15 16:56:19,575] {logging_mixin.py:104} INFO - [2022-05-15 16:56:19,575] {dag.py:2306} INFO - Setting next_dagrun for latest_only to 2022-05-13 00:00:00+00:00
[2022-05-15 16:56:19,589] {scheduler_job.py:190} INFO - Processing /home/airflow/.local/lib/python3.8/site-packages/airflow/example_dags/example_latest_only.py took 0.080 seconds
[2022-05-15 16:56:50,823] {scheduler_job.py:182} INFO - Started process (PID=132) to work on /home/airflow/.local/lib/python3.8/site-packages/airflow/example_dags/example_latest_only.py
[2022-05-15 16:56:50,824] {scheduler_job.py:633} INFO - Processing file /home/airflow/.local/lib/python3.8/site-packages/airflow/example_dags/example_latest_only.py for tasks to queue
[2022-05-15 16:56:50,825] {logging_mixin.py:104} INFO - [2022-05-15 16:56:50,825] {dagbag.py:496} INFO - Filling up the DagBag from /home/airflow/.local/lib/python3.8/site-packages/airflow/example_dags/example_latest_only.py
[2022-05-15 16:56:50,837] {scheduler_job.py:643} INFO - DAG(s) dict_keys(['latest_only']) retrieved from /home/airflow/.local/lib/python3.8/site-packages/airflow/example_dags/example_latest_only.py
[2022-05-15 16:56:50,858] {logging_mixin.py:104} INFO - [2022-05-15 16:56:50,858] {dag.py:1833} INFO - Sync 1 DAGs
[2022-05-15 16:56:50,865] {logging_mixin.py:104} INFO - [2022-05-15 16:56:50,865] {dag.py:2306} INFO - Setting next_dagrun for latest_only to 2022-05-13 00:00:00+00:00
[2022-05-15 16:56:50,881] {scheduler_job.py:190} INFO - Processing /home/airflow/.local/lib/python3.8/site-packages/airflow/example_dags/example_latest_only.py took 0.060 seconds
[2022-05-15 16:57:22,570] {scheduler_job.py:182} INFO - Started process (PID=171) to work on /home/airflow/.local/lib/python3.8/site-packages/airflow/example_dags/example_latest_only.py
[2022-05-15 16:57:22,571] {scheduler_job.py:633} INFO - Processing file /home/airflow/.local/lib/python3.8/site-packages/airflow/example_dags/example_latest_only.py for tasks to queue
[2022-05-15 16:57:22,572] {logging_mixin.py:104} INFO - [2022-05-15 16:57:22,572] {dagbag.py:496} INFO - Filling up the DagBag from /home/airflow/.local/lib/python3.8/site-packages/airflow/example_dags/example_latest_only.py
[2022-05-15 16:57:22,583] {scheduler_job.py:643} INFO - DAG(s) dict_keys(['latest_only']) retrieved from /home/airflow/.local/lib/python3.8/site-packages/airflow/example_dags/example_latest_only.py
[2022-05-15 16:57:22,612] {logging_mixin.py:104} INFO - [2022-05-15 16:57:22,612] {dag.py:1833} INFO - Sync 1 DAGs
[2022-05-15 16:57:22,622] {logging_mixin.py:104} INFO - [2022-05-15 16:57:22,622] {dag.py:2306} INFO - Setting next_dagrun for latest_only to 2022-05-13 00:00:00+00:00
[2022-05-15 16:57:22,634] {scheduler_job.py:190} INFO - Processing /home/airflow/.local/lib/python3.8/site-packages/airflow/example_dags/example_latest_only.py took 0.068 seconds
