[2022-05-15 16:44:57,399] {scheduler_job.py:182} INFO - Started process (PID=37) to work on /home/airflow/.local/lib/python3.8/site-packages/airflow/example_dags/example_kubernetes_executor_config.py
[2022-05-15 16:44:57,399] {scheduler_job.py:633} INFO - Processing file /home/airflow/.local/lib/python3.8/site-packages/airflow/example_dags/example_kubernetes_executor_config.py for tasks to queue
[2022-05-15 16:44:57,400] {logging_mixin.py:104} INFO - [2022-05-15 16:44:57,400] {dagbag.py:496} INFO - Filling up the DagBag from /home/airflow/.local/lib/python3.8/site-packages/airflow/example_dags/example_kubernetes_executor_config.py
[2022-05-15 16:44:57,407] {scheduler_job.py:643} INFO - DAG(s) dict_keys(['example_kubernetes_executor_config']) retrieved from /home/airflow/.local/lib/python3.8/site-packages/airflow/example_dags/example_kubernetes_executor_config.py
[2022-05-15 16:44:57,423] {logging_mixin.py:104} INFO - [2022-05-15 16:44:57,423] {dag.py:1833} INFO - Sync 1 DAGs
[2022-05-15 16:44:57,429] {logging_mixin.py:104} INFO - [2022-05-15 16:44:57,429] {dag.py:2306} INFO - Setting next_dagrun for example_kubernetes_executor_config to None
[2022-05-15 16:44:57,436] {scheduler_job.py:190} INFO - Processing /home/airflow/.local/lib/python3.8/site-packages/airflow/example_dags/example_kubernetes_executor_config.py took 0.039 seconds
[2022-05-15 16:45:29,489] {scheduler_job.py:182} INFO - Started process (PID=68) to work on /home/airflow/.local/lib/python3.8/site-packages/airflow/example_dags/example_kubernetes_executor_config.py
[2022-05-15 16:45:29,490] {scheduler_job.py:633} INFO - Processing file /home/airflow/.local/lib/python3.8/site-packages/airflow/example_dags/example_kubernetes_executor_config.py for tasks to queue
[2022-05-15 16:45:29,490] {logging_mixin.py:104} INFO - [2022-05-15 16:45:29,490] {dagbag.py:496} INFO - Filling up the DagBag from /home/airflow/.local/lib/python3.8/site-packages/airflow/example_dags/example_kubernetes_executor_config.py
[2022-05-15 16:45:29,505] {scheduler_job.py:643} INFO - DAG(s) dict_keys(['example_kubernetes_executor_config']) retrieved from /home/airflow/.local/lib/python3.8/site-packages/airflow/example_dags/example_kubernetes_executor_config.py
[2022-05-15 16:45:29,550] {logging_mixin.py:104} INFO - [2022-05-15 16:45:29,550] {dag.py:1833} INFO - Sync 1 DAGs
[2022-05-15 16:45:29,573] {logging_mixin.py:104} INFO - [2022-05-15 16:45:29,573] {dag.py:2306} INFO - Setting next_dagrun for example_kubernetes_executor_config to None
[2022-05-15 16:45:29,595] {scheduler_job.py:190} INFO - Processing /home/airflow/.local/lib/python3.8/site-packages/airflow/example_dags/example_kubernetes_executor_config.py took 0.110 seconds
[2022-05-15 16:46:00,398] {scheduler_job.py:182} INFO - Started process (PID=107) to work on /home/airflow/.local/lib/python3.8/site-packages/airflow/example_dags/example_kubernetes_executor_config.py
[2022-05-15 16:46:00,400] {scheduler_job.py:633} INFO - Processing file /home/airflow/.local/lib/python3.8/site-packages/airflow/example_dags/example_kubernetes_executor_config.py for tasks to queue
[2022-05-15 16:46:00,401] {logging_mixin.py:104} INFO - [2022-05-15 16:46:00,401] {dagbag.py:496} INFO - Filling up the DagBag from /home/airflow/.local/lib/python3.8/site-packages/airflow/example_dags/example_kubernetes_executor_config.py
[2022-05-15 16:46:00,419] {scheduler_job.py:643} INFO - DAG(s) dict_keys(['example_kubernetes_executor_config']) retrieved from /home/airflow/.local/lib/python3.8/site-packages/airflow/example_dags/example_kubernetes_executor_config.py
[2022-05-15 16:46:00,438] {logging_mixin.py:104} INFO - [2022-05-15 16:46:00,438] {dag.py:1833} INFO - Sync 1 DAGs
[2022-05-15 16:46:00,446] {logging_mixin.py:104} INFO - [2022-05-15 16:46:00,446] {dag.py:2306} INFO - Setting next_dagrun for example_kubernetes_executor_config to None
[2022-05-15 16:46:00,465] {scheduler_job.py:190} INFO - Processing /home/airflow/.local/lib/python3.8/site-packages/airflow/example_dags/example_kubernetes_executor_config.py took 0.074 seconds
[2022-05-15 16:46:30,715] {scheduler_job.py:182} INFO - Started process (PID=146) to work on /home/airflow/.local/lib/python3.8/site-packages/airflow/example_dags/example_kubernetes_executor_config.py
[2022-05-15 16:46:30,716] {scheduler_job.py:633} INFO - Processing file /home/airflow/.local/lib/python3.8/site-packages/airflow/example_dags/example_kubernetes_executor_config.py for tasks to queue
[2022-05-15 16:46:30,717] {logging_mixin.py:104} INFO - [2022-05-15 16:46:30,717] {dagbag.py:496} INFO - Filling up the DagBag from /home/airflow/.local/lib/python3.8/site-packages/airflow/example_dags/example_kubernetes_executor_config.py
[2022-05-15 16:46:30,736] {scheduler_job.py:643} INFO - DAG(s) dict_keys(['example_kubernetes_executor_config']) retrieved from /home/airflow/.local/lib/python3.8/site-packages/airflow/example_dags/example_kubernetes_executor_config.py
[2022-05-15 16:46:30,768] {logging_mixin.py:104} INFO - [2022-05-15 16:46:30,768] {dag.py:1833} INFO - Sync 1 DAGs
[2022-05-15 16:46:30,784] {logging_mixin.py:104} INFO - [2022-05-15 16:46:30,784] {dag.py:2306} INFO - Setting next_dagrun for example_kubernetes_executor_config to None
[2022-05-15 16:46:30,804] {scheduler_job.py:190} INFO - Processing /home/airflow/.local/lib/python3.8/site-packages/airflow/example_dags/example_kubernetes_executor_config.py took 0.092 seconds
[2022-05-15 16:47:00,850] {scheduler_job.py:182} INFO - Started process (PID=184) to work on /home/airflow/.local/lib/python3.8/site-packages/airflow/example_dags/example_kubernetes_executor_config.py
[2022-05-15 16:47:00,852] {scheduler_job.py:633} INFO - Processing file /home/airflow/.local/lib/python3.8/site-packages/airflow/example_dags/example_kubernetes_executor_config.py for tasks to queue
[2022-05-15 16:47:00,853] {logging_mixin.py:104} INFO - [2022-05-15 16:47:00,853] {dagbag.py:496} INFO - Filling up the DagBag from /home/airflow/.local/lib/python3.8/site-packages/airflow/example_dags/example_kubernetes_executor_config.py
[2022-05-15 16:47:00,873] {scheduler_job.py:643} INFO - DAG(s) dict_keys(['example_kubernetes_executor_config']) retrieved from /home/airflow/.local/lib/python3.8/site-packages/airflow/example_dags/example_kubernetes_executor_config.py
[2022-05-15 16:47:00,923] {logging_mixin.py:104} INFO - [2022-05-15 16:47:00,922] {dag.py:1833} INFO - Sync 1 DAGs
[2022-05-15 16:47:00,935] {logging_mixin.py:104} INFO - [2022-05-15 16:47:00,935] {dag.py:2306} INFO - Setting next_dagrun for example_kubernetes_executor_config to None
[2022-05-15 16:47:00,944] {scheduler_job.py:190} INFO - Processing /home/airflow/.local/lib/python3.8/site-packages/airflow/example_dags/example_kubernetes_executor_config.py took 0.100 seconds
[2022-05-15 16:47:31,703] {scheduler_job.py:182} INFO - Started process (PID=223) to work on /home/airflow/.local/lib/python3.8/site-packages/airflow/example_dags/example_kubernetes_executor_config.py
[2022-05-15 16:47:31,704] {scheduler_job.py:633} INFO - Processing file /home/airflow/.local/lib/python3.8/site-packages/airflow/example_dags/example_kubernetes_executor_config.py for tasks to queue
[2022-05-15 16:47:31,705] {logging_mixin.py:104} INFO - [2022-05-15 16:47:31,705] {dagbag.py:496} INFO - Filling up the DagBag from /home/airflow/.local/lib/python3.8/site-packages/airflow/example_dags/example_kubernetes_executor_config.py
[2022-05-15 16:47:31,721] {scheduler_job.py:643} INFO - DAG(s) dict_keys(['example_kubernetes_executor_config']) retrieved from /home/airflow/.local/lib/python3.8/site-packages/airflow/example_dags/example_kubernetes_executor_config.py
[2022-05-15 16:47:31,761] {logging_mixin.py:104} INFO - [2022-05-15 16:47:31,761] {dag.py:1833} INFO - Sync 1 DAGs
[2022-05-15 16:47:31,781] {logging_mixin.py:104} INFO - [2022-05-15 16:47:31,781] {dag.py:2306} INFO - Setting next_dagrun for example_kubernetes_executor_config to None
[2022-05-15 16:47:31,797] {scheduler_job.py:190} INFO - Processing /home/airflow/.local/lib/python3.8/site-packages/airflow/example_dags/example_kubernetes_executor_config.py took 0.097 seconds
[2022-05-15 16:48:01,972] {scheduler_job.py:182} INFO - Started process (PID=281) to work on /home/airflow/.local/lib/python3.8/site-packages/airflow/example_dags/example_kubernetes_executor_config.py
[2022-05-15 16:48:01,973] {scheduler_job.py:633} INFO - Processing file /home/airflow/.local/lib/python3.8/site-packages/airflow/example_dags/example_kubernetes_executor_config.py for tasks to queue
[2022-05-15 16:48:01,973] {logging_mixin.py:104} INFO - [2022-05-15 16:48:01,973] {dagbag.py:496} INFO - Filling up the DagBag from /home/airflow/.local/lib/python3.8/site-packages/airflow/example_dags/example_kubernetes_executor_config.py
[2022-05-15 16:48:01,984] {scheduler_job.py:643} INFO - DAG(s) dict_keys(['example_kubernetes_executor_config']) retrieved from /home/airflow/.local/lib/python3.8/site-packages/airflow/example_dags/example_kubernetes_executor_config.py
[2022-05-15 16:48:02,001] {logging_mixin.py:104} INFO - [2022-05-15 16:48:02,001] {dag.py:1833} INFO - Sync 1 DAGs
[2022-05-15 16:48:02,008] {logging_mixin.py:104} INFO - [2022-05-15 16:48:02,008] {dag.py:2306} INFO - Setting next_dagrun for example_kubernetes_executor_config to None
[2022-05-15 16:48:02,015] {scheduler_job.py:190} INFO - Processing /home/airflow/.local/lib/python3.8/site-packages/airflow/example_dags/example_kubernetes_executor_config.py took 0.045 seconds
[2022-05-15 16:48:32,689] {scheduler_job.py:182} INFO - Started process (PID=320) to work on /home/airflow/.local/lib/python3.8/site-packages/airflow/example_dags/example_kubernetes_executor_config.py
[2022-05-15 16:48:32,689] {scheduler_job.py:633} INFO - Processing file /home/airflow/.local/lib/python3.8/site-packages/airflow/example_dags/example_kubernetes_executor_config.py for tasks to queue
[2022-05-15 16:48:32,689] {logging_mixin.py:104} INFO - [2022-05-15 16:48:32,689] {dagbag.py:496} INFO - Filling up the DagBag from /home/airflow/.local/lib/python3.8/site-packages/airflow/example_dags/example_kubernetes_executor_config.py
[2022-05-15 16:48:32,696] {scheduler_job.py:643} INFO - DAG(s) dict_keys(['example_kubernetes_executor_config']) retrieved from /home/airflow/.local/lib/python3.8/site-packages/airflow/example_dags/example_kubernetes_executor_config.py
[2022-05-15 16:48:32,711] {logging_mixin.py:104} INFO - [2022-05-15 16:48:32,711] {dag.py:1833} INFO - Sync 1 DAGs
[2022-05-15 16:48:32,716] {logging_mixin.py:104} INFO - [2022-05-15 16:48:32,716] {dag.py:2306} INFO - Setting next_dagrun for example_kubernetes_executor_config to None
[2022-05-15 16:48:32,727] {scheduler_job.py:190} INFO - Processing /home/airflow/.local/lib/python3.8/site-packages/airflow/example_dags/example_kubernetes_executor_config.py took 0.039 seconds
[2022-05-15 16:49:03,358] {scheduler_job.py:182} INFO - Started process (PID=359) to work on /home/airflow/.local/lib/python3.8/site-packages/airflow/example_dags/example_kubernetes_executor_config.py
[2022-05-15 16:49:03,359] {scheduler_job.py:633} INFO - Processing file /home/airflow/.local/lib/python3.8/site-packages/airflow/example_dags/example_kubernetes_executor_config.py for tasks to queue
[2022-05-15 16:49:03,359] {logging_mixin.py:104} INFO - [2022-05-15 16:49:03,359] {dagbag.py:496} INFO - Filling up the DagBag from /home/airflow/.local/lib/python3.8/site-packages/airflow/example_dags/example_kubernetes_executor_config.py
[2022-05-15 16:49:03,367] {scheduler_job.py:643} INFO - DAG(s) dict_keys(['example_kubernetes_executor_config']) retrieved from /home/airflow/.local/lib/python3.8/site-packages/airflow/example_dags/example_kubernetes_executor_config.py
[2022-05-15 16:49:03,382] {logging_mixin.py:104} INFO - [2022-05-15 16:49:03,382] {dag.py:1833} INFO - Sync 1 DAGs
[2022-05-15 16:49:03,389] {logging_mixin.py:104} INFO - [2022-05-15 16:49:03,388] {dag.py:2306} INFO - Setting next_dagrun for example_kubernetes_executor_config to None
[2022-05-15 16:49:03,396] {scheduler_job.py:190} INFO - Processing /home/airflow/.local/lib/python3.8/site-packages/airflow/example_dags/example_kubernetes_executor_config.py took 0.039 seconds
[2022-05-15 16:49:33,555] {scheduler_job.py:182} INFO - Started process (PID=398) to work on /home/airflow/.local/lib/python3.8/site-packages/airflow/example_dags/example_kubernetes_executor_config.py
[2022-05-15 16:49:33,556] {scheduler_job.py:633} INFO - Processing file /home/airflow/.local/lib/python3.8/site-packages/airflow/example_dags/example_kubernetes_executor_config.py for tasks to queue
[2022-05-15 16:49:33,557] {logging_mixin.py:104} INFO - [2022-05-15 16:49:33,557] {dagbag.py:496} INFO - Filling up the DagBag from /home/airflow/.local/lib/python3.8/site-packages/airflow/example_dags/example_kubernetes_executor_config.py
[2022-05-15 16:49:33,565] {scheduler_job.py:643} INFO - DAG(s) dict_keys(['example_kubernetes_executor_config']) retrieved from /home/airflow/.local/lib/python3.8/site-packages/airflow/example_dags/example_kubernetes_executor_config.py
[2022-05-15 16:49:33,581] {logging_mixin.py:104} INFO - [2022-05-15 16:49:33,581] {dag.py:1833} INFO - Sync 1 DAGs
[2022-05-15 16:49:33,588] {logging_mixin.py:104} INFO - [2022-05-15 16:49:33,587] {dag.py:2306} INFO - Setting next_dagrun for example_kubernetes_executor_config to None
[2022-05-15 16:49:33,596] {scheduler_job.py:190} INFO - Processing /home/airflow/.local/lib/python3.8/site-packages/airflow/example_dags/example_kubernetes_executor_config.py took 0.042 seconds
[2022-05-15 16:50:03,771] {scheduler_job.py:182} INFO - Started process (PID=437) to work on /home/airflow/.local/lib/python3.8/site-packages/airflow/example_dags/example_kubernetes_executor_config.py
[2022-05-15 16:50:03,772] {scheduler_job.py:633} INFO - Processing file /home/airflow/.local/lib/python3.8/site-packages/airflow/example_dags/example_kubernetes_executor_config.py for tasks to queue
[2022-05-15 16:50:03,772] {logging_mixin.py:104} INFO - [2022-05-15 16:50:03,772] {dagbag.py:496} INFO - Filling up the DagBag from /home/airflow/.local/lib/python3.8/site-packages/airflow/example_dags/example_kubernetes_executor_config.py
[2022-05-15 16:50:03,784] {scheduler_job.py:643} INFO - DAG(s) dict_keys(['example_kubernetes_executor_config']) retrieved from /home/airflow/.local/lib/python3.8/site-packages/airflow/example_dags/example_kubernetes_executor_config.py
[2022-05-15 16:50:03,799] {logging_mixin.py:104} INFO - [2022-05-15 16:50:03,799] {dag.py:1833} INFO - Sync 1 DAGs
[2022-05-15 16:50:03,806] {logging_mixin.py:104} INFO - [2022-05-15 16:50:03,806] {dag.py:2306} INFO - Setting next_dagrun for example_kubernetes_executor_config to None
[2022-05-15 16:50:03,863] {scheduler_job.py:190} INFO - Processing /home/airflow/.local/lib/python3.8/site-packages/airflow/example_dags/example_kubernetes_executor_config.py took 0.096 seconds
[2022-05-15 16:50:34,775] {scheduler_job.py:182} INFO - Started process (PID=476) to work on /home/airflow/.local/lib/python3.8/site-packages/airflow/example_dags/example_kubernetes_executor_config.py
[2022-05-15 16:50:34,775] {scheduler_job.py:633} INFO - Processing file /home/airflow/.local/lib/python3.8/site-packages/airflow/example_dags/example_kubernetes_executor_config.py for tasks to queue
[2022-05-15 16:50:34,776] {logging_mixin.py:104} INFO - [2022-05-15 16:50:34,775] {dagbag.py:496} INFO - Filling up the DagBag from /home/airflow/.local/lib/python3.8/site-packages/airflow/example_dags/example_kubernetes_executor_config.py
[2022-05-15 16:50:34,783] {scheduler_job.py:643} INFO - DAG(s) dict_keys(['example_kubernetes_executor_config']) retrieved from /home/airflow/.local/lib/python3.8/site-packages/airflow/example_dags/example_kubernetes_executor_config.py
[2022-05-15 16:50:34,800] {logging_mixin.py:104} INFO - [2022-05-15 16:50:34,800] {dag.py:1833} INFO - Sync 1 DAGs
[2022-05-15 16:50:34,807] {logging_mixin.py:104} INFO - [2022-05-15 16:50:34,807] {dag.py:2306} INFO - Setting next_dagrun for example_kubernetes_executor_config to None
[2022-05-15 16:50:34,815] {scheduler_job.py:190} INFO - Processing /home/airflow/.local/lib/python3.8/site-packages/airflow/example_dags/example_kubernetes_executor_config.py took 0.042 seconds
[2022-05-15 16:51:05,385] {scheduler_job.py:182} INFO - Started process (PID=515) to work on /home/airflow/.local/lib/python3.8/site-packages/airflow/example_dags/example_kubernetes_executor_config.py
[2022-05-15 16:51:05,388] {scheduler_job.py:633} INFO - Processing file /home/airflow/.local/lib/python3.8/site-packages/airflow/example_dags/example_kubernetes_executor_config.py for tasks to queue
[2022-05-15 16:51:05,390] {logging_mixin.py:104} INFO - [2022-05-15 16:51:05,389] {dagbag.py:496} INFO - Filling up the DagBag from /home/airflow/.local/lib/python3.8/site-packages/airflow/example_dags/example_kubernetes_executor_config.py
[2022-05-15 16:51:05,424] {scheduler_job.py:643} INFO - DAG(s) dict_keys(['example_kubernetes_executor_config']) retrieved from /home/airflow/.local/lib/python3.8/site-packages/airflow/example_dags/example_kubernetes_executor_config.py
[2022-05-15 16:51:05,476] {logging_mixin.py:104} INFO - [2022-05-15 16:51:05,476] {dag.py:1833} INFO - Sync 1 DAGs
[2022-05-15 16:51:05,498] {logging_mixin.py:104} INFO - [2022-05-15 16:51:05,498] {dag.py:2306} INFO - Setting next_dagrun for example_kubernetes_executor_config to None
[2022-05-15 16:51:05,518] {scheduler_job.py:190} INFO - Processing /home/airflow/.local/lib/python3.8/site-packages/airflow/example_dags/example_kubernetes_executor_config.py took 0.142 seconds
[2022-05-15 16:51:35,743] {scheduler_job.py:182} INFO - Started process (PID=554) to work on /home/airflow/.local/lib/python3.8/site-packages/airflow/example_dags/example_kubernetes_executor_config.py
[2022-05-15 16:51:35,745] {scheduler_job.py:633} INFO - Processing file /home/airflow/.local/lib/python3.8/site-packages/airflow/example_dags/example_kubernetes_executor_config.py for tasks to queue
[2022-05-15 16:51:35,745] {logging_mixin.py:104} INFO - [2022-05-15 16:51:35,745] {dagbag.py:496} INFO - Filling up the DagBag from /home/airflow/.local/lib/python3.8/site-packages/airflow/example_dags/example_kubernetes_executor_config.py
[2022-05-15 16:51:35,758] {scheduler_job.py:643} INFO - DAG(s) dict_keys(['example_kubernetes_executor_config']) retrieved from /home/airflow/.local/lib/python3.8/site-packages/airflow/example_dags/example_kubernetes_executor_config.py
[2022-05-15 16:51:35,784] {logging_mixin.py:104} INFO - [2022-05-15 16:51:35,784] {dag.py:1833} INFO - Sync 1 DAGs
[2022-05-15 16:51:35,796] {logging_mixin.py:104} INFO - [2022-05-15 16:51:35,796] {dag.py:2306} INFO - Setting next_dagrun for example_kubernetes_executor_config to None
[2022-05-15 16:51:35,810] {scheduler_job.py:190} INFO - Processing /home/airflow/.local/lib/python3.8/site-packages/airflow/example_dags/example_kubernetes_executor_config.py took 0.069 seconds
[2022-05-15 16:52:06,727] {scheduler_job.py:182} INFO - Started process (PID=593) to work on /home/airflow/.local/lib/python3.8/site-packages/airflow/example_dags/example_kubernetes_executor_config.py
[2022-05-15 16:52:06,727] {scheduler_job.py:633} INFO - Processing file /home/airflow/.local/lib/python3.8/site-packages/airflow/example_dags/example_kubernetes_executor_config.py for tasks to queue
[2022-05-15 16:52:06,727] {logging_mixin.py:104} INFO - [2022-05-15 16:52:06,727] {dagbag.py:496} INFO - Filling up the DagBag from /home/airflow/.local/lib/python3.8/site-packages/airflow/example_dags/example_kubernetes_executor_config.py
[2022-05-15 16:52:06,734] {scheduler_job.py:643} INFO - DAG(s) dict_keys(['example_kubernetes_executor_config']) retrieved from /home/airflow/.local/lib/python3.8/site-packages/airflow/example_dags/example_kubernetes_executor_config.py
[2022-05-15 16:52:06,752] {logging_mixin.py:104} INFO - [2022-05-15 16:52:06,751] {dag.py:1833} INFO - Sync 1 DAGs
[2022-05-15 16:52:06,758] {logging_mixin.py:104} INFO - [2022-05-15 16:52:06,758] {dag.py:2306} INFO - Setting next_dagrun for example_kubernetes_executor_config to None
[2022-05-15 16:52:06,765] {scheduler_job.py:190} INFO - Processing /home/airflow/.local/lib/python3.8/site-packages/airflow/example_dags/example_kubernetes_executor_config.py took 0.040 seconds
[2022-05-15 16:52:36,798] {scheduler_job.py:182} INFO - Started process (PID=632) to work on /home/airflow/.local/lib/python3.8/site-packages/airflow/example_dags/example_kubernetes_executor_config.py
[2022-05-15 16:52:36,799] {scheduler_job.py:633} INFO - Processing file /home/airflow/.local/lib/python3.8/site-packages/airflow/example_dags/example_kubernetes_executor_config.py for tasks to queue
[2022-05-15 16:52:36,799] {logging_mixin.py:104} INFO - [2022-05-15 16:52:36,799] {dagbag.py:496} INFO - Filling up the DagBag from /home/airflow/.local/lib/python3.8/site-packages/airflow/example_dags/example_kubernetes_executor_config.py
[2022-05-15 16:52:36,807] {scheduler_job.py:643} INFO - DAG(s) dict_keys(['example_kubernetes_executor_config']) retrieved from /home/airflow/.local/lib/python3.8/site-packages/airflow/example_dags/example_kubernetes_executor_config.py
[2022-05-15 16:52:36,825] {logging_mixin.py:104} INFO - [2022-05-15 16:52:36,825] {dag.py:1833} INFO - Sync 1 DAGs
[2022-05-15 16:52:36,830] {logging_mixin.py:104} INFO - [2022-05-15 16:52:36,830] {dag.py:2306} INFO - Setting next_dagrun for example_kubernetes_executor_config to None
[2022-05-15 16:52:36,838] {scheduler_job.py:190} INFO - Processing /home/airflow/.local/lib/python3.8/site-packages/airflow/example_dags/example_kubernetes_executor_config.py took 0.042 seconds
[2022-05-15 16:53:07,675] {scheduler_job.py:182} INFO - Started process (PID=671) to work on /home/airflow/.local/lib/python3.8/site-packages/airflow/example_dags/example_kubernetes_executor_config.py
[2022-05-15 16:53:07,675] {scheduler_job.py:633} INFO - Processing file /home/airflow/.local/lib/python3.8/site-packages/airflow/example_dags/example_kubernetes_executor_config.py for tasks to queue
[2022-05-15 16:53:07,675] {logging_mixin.py:104} INFO - [2022-05-15 16:53:07,675] {dagbag.py:496} INFO - Filling up the DagBag from /home/airflow/.local/lib/python3.8/site-packages/airflow/example_dags/example_kubernetes_executor_config.py
[2022-05-15 16:53:07,682] {scheduler_job.py:643} INFO - DAG(s) dict_keys(['example_kubernetes_executor_config']) retrieved from /home/airflow/.local/lib/python3.8/site-packages/airflow/example_dags/example_kubernetes_executor_config.py
[2022-05-15 16:53:07,698] {logging_mixin.py:104} INFO - [2022-05-15 16:53:07,698] {dag.py:1833} INFO - Sync 1 DAGs
[2022-05-15 16:53:07,705] {logging_mixin.py:104} INFO - [2022-05-15 16:53:07,705] {dag.py:2306} INFO - Setting next_dagrun for example_kubernetes_executor_config to None
[2022-05-15 16:53:07,713] {scheduler_job.py:190} INFO - Processing /home/airflow/.local/lib/python3.8/site-packages/airflow/example_dags/example_kubernetes_executor_config.py took 0.040 seconds
[2022-05-15 16:53:38,562] {scheduler_job.py:182} INFO - Started process (PID=710) to work on /home/airflow/.local/lib/python3.8/site-packages/airflow/example_dags/example_kubernetes_executor_config.py
[2022-05-15 16:53:38,563] {scheduler_job.py:633} INFO - Processing file /home/airflow/.local/lib/python3.8/site-packages/airflow/example_dags/example_kubernetes_executor_config.py for tasks to queue
[2022-05-15 16:53:38,563] {logging_mixin.py:104} INFO - [2022-05-15 16:53:38,563] {dagbag.py:496} INFO - Filling up the DagBag from /home/airflow/.local/lib/python3.8/site-packages/airflow/example_dags/example_kubernetes_executor_config.py
[2022-05-15 16:53:38,570] {scheduler_job.py:643} INFO - DAG(s) dict_keys(['example_kubernetes_executor_config']) retrieved from /home/airflow/.local/lib/python3.8/site-packages/airflow/example_dags/example_kubernetes_executor_config.py
[2022-05-15 16:53:38,584] {logging_mixin.py:104} INFO - [2022-05-15 16:53:38,584] {dag.py:1833} INFO - Sync 1 DAGs
[2022-05-15 16:53:38,590] {logging_mixin.py:104} INFO - [2022-05-15 16:53:38,590] {dag.py:2306} INFO - Setting next_dagrun for example_kubernetes_executor_config to None
[2022-05-15 16:53:38,596] {scheduler_job.py:190} INFO - Processing /home/airflow/.local/lib/python3.8/site-packages/airflow/example_dags/example_kubernetes_executor_config.py took 0.036 seconds
[2022-05-15 16:54:09,280] {scheduler_job.py:182} INFO - Started process (PID=749) to work on /home/airflow/.local/lib/python3.8/site-packages/airflow/example_dags/example_kubernetes_executor_config.py
[2022-05-15 16:54:09,283] {scheduler_job.py:633} INFO - Processing file /home/airflow/.local/lib/python3.8/site-packages/airflow/example_dags/example_kubernetes_executor_config.py for tasks to queue
[2022-05-15 16:54:09,285] {logging_mixin.py:104} INFO - [2022-05-15 16:54:09,285] {dagbag.py:496} INFO - Filling up the DagBag from /home/airflow/.local/lib/python3.8/site-packages/airflow/example_dags/example_kubernetes_executor_config.py
[2022-05-15 16:54:09,298] {scheduler_job.py:643} INFO - DAG(s) dict_keys(['example_kubernetes_executor_config']) retrieved from /home/airflow/.local/lib/python3.8/site-packages/airflow/example_dags/example_kubernetes_executor_config.py
[2022-05-15 16:54:09,325] {logging_mixin.py:104} INFO - [2022-05-15 16:54:09,325] {dag.py:1833} INFO - Sync 1 DAGs
[2022-05-15 16:54:09,334] {logging_mixin.py:104} INFO - [2022-05-15 16:54:09,334] {dag.py:2306} INFO - Setting next_dagrun for example_kubernetes_executor_config to None
[2022-05-15 16:54:09,352] {scheduler_job.py:190} INFO - Processing /home/airflow/.local/lib/python3.8/site-packages/airflow/example_dags/example_kubernetes_executor_config.py took 0.076 seconds
[2022-05-15 16:54:40,113] {scheduler_job.py:182} INFO - Started process (PID=788) to work on /home/airflow/.local/lib/python3.8/site-packages/airflow/example_dags/example_kubernetes_executor_config.py
[2022-05-15 16:54:40,113] {scheduler_job.py:633} INFO - Processing file /home/airflow/.local/lib/python3.8/site-packages/airflow/example_dags/example_kubernetes_executor_config.py for tasks to queue
[2022-05-15 16:54:40,114] {logging_mixin.py:104} INFO - [2022-05-15 16:54:40,113] {dagbag.py:496} INFO - Filling up the DagBag from /home/airflow/.local/lib/python3.8/site-packages/airflow/example_dags/example_kubernetes_executor_config.py
[2022-05-15 16:54:40,120] {scheduler_job.py:643} INFO - DAG(s) dict_keys(['example_kubernetes_executor_config']) retrieved from /home/airflow/.local/lib/python3.8/site-packages/airflow/example_dags/example_kubernetes_executor_config.py
[2022-05-15 16:54:40,137] {logging_mixin.py:104} INFO - [2022-05-15 16:54:40,137] {dag.py:1833} INFO - Sync 1 DAGs
[2022-05-15 16:54:40,145] {logging_mixin.py:104} INFO - [2022-05-15 16:54:40,145] {dag.py:2306} INFO - Setting next_dagrun for example_kubernetes_executor_config to None
[2022-05-15 16:54:40,153] {scheduler_job.py:190} INFO - Processing /home/airflow/.local/lib/python3.8/site-packages/airflow/example_dags/example_kubernetes_executor_config.py took 0.042 seconds
[2022-05-15 16:55:47,083] {scheduler_job.py:182} INFO - Started process (PID=36) to work on /home/airflow/.local/lib/python3.8/site-packages/airflow/example_dags/example_kubernetes_executor_config.py
[2022-05-15 16:55:47,083] {scheduler_job.py:633} INFO - Processing file /home/airflow/.local/lib/python3.8/site-packages/airflow/example_dags/example_kubernetes_executor_config.py for tasks to queue
[2022-05-15 16:55:47,084] {logging_mixin.py:104} INFO - [2022-05-15 16:55:47,084] {dagbag.py:496} INFO - Filling up the DagBag from /home/airflow/.local/lib/python3.8/site-packages/airflow/example_dags/example_kubernetes_executor_config.py
[2022-05-15 16:55:47,092] {scheduler_job.py:643} INFO - DAG(s) dict_keys(['example_kubernetes_executor_config']) retrieved from /home/airflow/.local/lib/python3.8/site-packages/airflow/example_dags/example_kubernetes_executor_config.py
[2022-05-15 16:55:47,114] {logging_mixin.py:104} INFO - [2022-05-15 16:55:47,113] {dag.py:1833} INFO - Sync 1 DAGs
[2022-05-15 16:55:47,121] {logging_mixin.py:104} INFO - [2022-05-15 16:55:47,121] {dag.py:2306} INFO - Setting next_dagrun for example_kubernetes_executor_config to None
[2022-05-15 16:55:47,130] {scheduler_job.py:190} INFO - Processing /home/airflow/.local/lib/python3.8/site-packages/airflow/example_dags/example_kubernetes_executor_config.py took 0.049 seconds
[2022-05-15 16:56:17,990] {scheduler_job.py:182} INFO - Started process (PID=75) to work on /home/airflow/.local/lib/python3.8/site-packages/airflow/example_dags/example_kubernetes_executor_config.py
[2022-05-15 16:56:17,992] {scheduler_job.py:633} INFO - Processing file /home/airflow/.local/lib/python3.8/site-packages/airflow/example_dags/example_kubernetes_executor_config.py for tasks to queue
[2022-05-15 16:56:17,992] {logging_mixin.py:104} INFO - [2022-05-15 16:56:17,992] {dagbag.py:496} INFO - Filling up the DagBag from /home/airflow/.local/lib/python3.8/site-packages/airflow/example_dags/example_kubernetes_executor_config.py
[2022-05-15 16:56:18,009] {scheduler_job.py:643} INFO - DAG(s) dict_keys(['example_kubernetes_executor_config']) retrieved from /home/airflow/.local/lib/python3.8/site-packages/airflow/example_dags/example_kubernetes_executor_config.py
[2022-05-15 16:56:18,044] {logging_mixin.py:104} INFO - [2022-05-15 16:56:18,044] {dag.py:1833} INFO - Sync 1 DAGs
[2022-05-15 16:56:18,061] {logging_mixin.py:104} INFO - [2022-05-15 16:56:18,061] {dag.py:2306} INFO - Setting next_dagrun for example_kubernetes_executor_config to None
[2022-05-15 16:56:18,077] {scheduler_job.py:190} INFO - Processing /home/airflow/.local/lib/python3.8/site-packages/airflow/example_dags/example_kubernetes_executor_config.py took 0.092 seconds
[2022-05-15 16:56:48,703] {scheduler_job.py:182} INFO - Started process (PID=113) to work on /home/airflow/.local/lib/python3.8/site-packages/airflow/example_dags/example_kubernetes_executor_config.py
[2022-05-15 16:56:48,704] {scheduler_job.py:633} INFO - Processing file /home/airflow/.local/lib/python3.8/site-packages/airflow/example_dags/example_kubernetes_executor_config.py for tasks to queue
[2022-05-15 16:56:48,704] {logging_mixin.py:104} INFO - [2022-05-15 16:56:48,704] {dagbag.py:496} INFO - Filling up the DagBag from /home/airflow/.local/lib/python3.8/site-packages/airflow/example_dags/example_kubernetes_executor_config.py
[2022-05-15 16:56:48,712] {scheduler_job.py:643} INFO - DAG(s) dict_keys(['example_kubernetes_executor_config']) retrieved from /home/airflow/.local/lib/python3.8/site-packages/airflow/example_dags/example_kubernetes_executor_config.py
[2022-05-15 16:56:48,727] {logging_mixin.py:104} INFO - [2022-05-15 16:56:48,727] {dag.py:1833} INFO - Sync 1 DAGs
[2022-05-15 16:56:48,735] {logging_mixin.py:104} INFO - [2022-05-15 16:56:48,734] {dag.py:2306} INFO - Setting next_dagrun for example_kubernetes_executor_config to None
[2022-05-15 16:56:48,743] {scheduler_job.py:190} INFO - Processing /home/airflow/.local/lib/python3.8/site-packages/airflow/example_dags/example_kubernetes_executor_config.py took 0.041 seconds
[2022-05-15 16:57:20,443] {scheduler_job.py:182} INFO - Started process (PID=153) to work on /home/airflow/.local/lib/python3.8/site-packages/airflow/example_dags/example_kubernetes_executor_config.py
[2022-05-15 16:57:20,444] {scheduler_job.py:633} INFO - Processing file /home/airflow/.local/lib/python3.8/site-packages/airflow/example_dags/example_kubernetes_executor_config.py for tasks to queue
[2022-05-15 16:57:20,447] {logging_mixin.py:104} INFO - [2022-05-15 16:57:20,446] {dagbag.py:496} INFO - Filling up the DagBag from /home/airflow/.local/lib/python3.8/site-packages/airflow/example_dags/example_kubernetes_executor_config.py
[2022-05-15 16:57:20,469] {scheduler_job.py:643} INFO - DAG(s) dict_keys(['example_kubernetes_executor_config']) retrieved from /home/airflow/.local/lib/python3.8/site-packages/airflow/example_dags/example_kubernetes_executor_config.py
[2022-05-15 16:57:20,528] {logging_mixin.py:104} INFO - [2022-05-15 16:57:20,528] {dag.py:1833} INFO - Sync 1 DAGs
[2022-05-15 16:57:20,553] {logging_mixin.py:104} INFO - [2022-05-15 16:57:20,553] {dag.py:2306} INFO - Setting next_dagrun for example_kubernetes_executor_config to None
[2022-05-15 16:57:20,577] {scheduler_job.py:190} INFO - Processing /home/airflow/.local/lib/python3.8/site-packages/airflow/example_dags/example_kubernetes_executor_config.py took 0.138 seconds
