[2022-05-15 16:44:57,909] {scheduler_job.py:182} INFO - Started process (PID=44) to work on /home/airflow/.local/lib/python3.8/site-packages/airflow/example_dags/example_trigger_target_dag.py
[2022-05-15 16:44:57,910] {scheduler_job.py:633} INFO - Processing file /home/airflow/.local/lib/python3.8/site-packages/airflow/example_dags/example_trigger_target_dag.py for tasks to queue
[2022-05-15 16:44:57,910] {logging_mixin.py:104} INFO - [2022-05-15 16:44:57,910] {dagbag.py:496} INFO - Filling up the DagBag from /home/airflow/.local/lib/python3.8/site-packages/airflow/example_dags/example_trigger_target_dag.py
[2022-05-15 16:44:57,924] {scheduler_job.py:643} INFO - DAG(s) dict_keys(['example_trigger_target_dag']) retrieved from /home/airflow/.local/lib/python3.8/site-packages/airflow/example_dags/example_trigger_target_dag.py
[2022-05-15 16:44:57,958] {logging_mixin.py:104} INFO - [2022-05-15 16:44:57,958] {dag.py:1833} INFO - Sync 1 DAGs
[2022-05-15 16:44:57,974] {logging_mixin.py:104} INFO - [2022-05-15 16:44:57,974] {dag.py:2306} INFO - Setting next_dagrun for example_trigger_target_dag to None
[2022-05-15 16:44:57,992] {scheduler_job.py:190} INFO - Processing /home/airflow/.local/lib/python3.8/site-packages/airflow/example_dags/example_trigger_target_dag.py took 0.089 seconds
[2022-05-15 16:45:30,505] {scheduler_job.py:182} INFO - Started process (PID=83) to work on /home/airflow/.local/lib/python3.8/site-packages/airflow/example_dags/example_trigger_target_dag.py
[2022-05-15 16:45:30,507] {scheduler_job.py:633} INFO - Processing file /home/airflow/.local/lib/python3.8/site-packages/airflow/example_dags/example_trigger_target_dag.py for tasks to queue
[2022-05-15 16:45:30,507] {logging_mixin.py:104} INFO - [2022-05-15 16:45:30,507] {dagbag.py:496} INFO - Filling up the DagBag from /home/airflow/.local/lib/python3.8/site-packages/airflow/example_dags/example_trigger_target_dag.py
[2022-05-15 16:45:30,520] {scheduler_job.py:643} INFO - DAG(s) dict_keys(['example_trigger_target_dag']) retrieved from /home/airflow/.local/lib/python3.8/site-packages/airflow/example_dags/example_trigger_target_dag.py
[2022-05-15 16:45:30,543] {logging_mixin.py:104} INFO - [2022-05-15 16:45:30,543] {dag.py:1833} INFO - Sync 1 DAGs
[2022-05-15 16:45:30,555] {logging_mixin.py:104} INFO - [2022-05-15 16:45:30,555] {dag.py:2306} INFO - Setting next_dagrun for example_trigger_target_dag to None
[2022-05-15 16:45:30,569] {scheduler_job.py:190} INFO - Processing /home/airflow/.local/lib/python3.8/site-packages/airflow/example_dags/example_trigger_target_dag.py took 0.068 seconds
[2022-05-15 16:46:01,032] {scheduler_job.py:182} INFO - Started process (PID=122) to work on /home/airflow/.local/lib/python3.8/site-packages/airflow/example_dags/example_trigger_target_dag.py
[2022-05-15 16:46:01,032] {scheduler_job.py:633} INFO - Processing file /home/airflow/.local/lib/python3.8/site-packages/airflow/example_dags/example_trigger_target_dag.py for tasks to queue
[2022-05-15 16:46:01,033] {logging_mixin.py:104} INFO - [2022-05-15 16:46:01,033] {dagbag.py:496} INFO - Filling up the DagBag from /home/airflow/.local/lib/python3.8/site-packages/airflow/example_dags/example_trigger_target_dag.py
[2022-05-15 16:46:01,041] {scheduler_job.py:643} INFO - DAG(s) dict_keys(['example_trigger_target_dag']) retrieved from /home/airflow/.local/lib/python3.8/site-packages/airflow/example_dags/example_trigger_target_dag.py
[2022-05-15 16:46:01,058] {logging_mixin.py:104} INFO - [2022-05-15 16:46:01,058] {dag.py:1833} INFO - Sync 1 DAGs
[2022-05-15 16:46:01,064] {logging_mixin.py:104} INFO - [2022-05-15 16:46:01,064] {dag.py:2306} INFO - Setting next_dagrun for example_trigger_target_dag to None
[2022-05-15 16:46:01,072] {scheduler_job.py:190} INFO - Processing /home/airflow/.local/lib/python3.8/site-packages/airflow/example_dags/example_trigger_target_dag.py took 0.041 seconds
[2022-05-15 16:46:32,431] {scheduler_job.py:182} INFO - Started process (PID=161) to work on /home/airflow/.local/lib/python3.8/site-packages/airflow/example_dags/example_trigger_target_dag.py
[2022-05-15 16:46:32,432] {scheduler_job.py:633} INFO - Processing file /home/airflow/.local/lib/python3.8/site-packages/airflow/example_dags/example_trigger_target_dag.py for tasks to queue
[2022-05-15 16:46:32,432] {logging_mixin.py:104} INFO - [2022-05-15 16:46:32,432] {dagbag.py:496} INFO - Filling up the DagBag from /home/airflow/.local/lib/python3.8/site-packages/airflow/example_dags/example_trigger_target_dag.py
[2022-05-15 16:46:32,441] {scheduler_job.py:643} INFO - DAG(s) dict_keys(['example_trigger_target_dag']) retrieved from /home/airflow/.local/lib/python3.8/site-packages/airflow/example_dags/example_trigger_target_dag.py
[2022-05-15 16:46:32,458] {logging_mixin.py:104} INFO - [2022-05-15 16:46:32,458] {dag.py:1833} INFO - Sync 1 DAGs
[2022-05-15 16:46:32,465] {logging_mixin.py:104} INFO - [2022-05-15 16:46:32,465] {dag.py:2306} INFO - Setting next_dagrun for example_trigger_target_dag to None
[2022-05-15 16:46:32,473] {scheduler_job.py:190} INFO - Processing /home/airflow/.local/lib/python3.8/site-packages/airflow/example_dags/example_trigger_target_dag.py took 0.044 seconds
[2022-05-15 16:47:02,941] {scheduler_job.py:182} INFO - Started process (PID=200) to work on /home/airflow/.local/lib/python3.8/site-packages/airflow/example_dags/example_trigger_target_dag.py
[2022-05-15 16:47:02,941] {scheduler_job.py:633} INFO - Processing file /home/airflow/.local/lib/python3.8/site-packages/airflow/example_dags/example_trigger_target_dag.py for tasks to queue
[2022-05-15 16:47:02,942] {logging_mixin.py:104} INFO - [2022-05-15 16:47:02,942] {dagbag.py:496} INFO - Filling up the DagBag from /home/airflow/.local/lib/python3.8/site-packages/airflow/example_dags/example_trigger_target_dag.py
[2022-05-15 16:47:02,948] {scheduler_job.py:643} INFO - DAG(s) dict_keys(['example_trigger_target_dag']) retrieved from /home/airflow/.local/lib/python3.8/site-packages/airflow/example_dags/example_trigger_target_dag.py
[2022-05-15 16:47:02,961] {logging_mixin.py:104} INFO - [2022-05-15 16:47:02,961] {dag.py:1833} INFO - Sync 1 DAGs
[2022-05-15 16:47:02,968] {logging_mixin.py:104} INFO - [2022-05-15 16:47:02,968] {dag.py:2306} INFO - Setting next_dagrun for example_trigger_target_dag to None
[2022-05-15 16:47:02,979] {scheduler_job.py:190} INFO - Processing /home/airflow/.local/lib/python3.8/site-packages/airflow/example_dags/example_trigger_target_dag.py took 0.040 seconds
[2022-05-15 16:47:33,457] {scheduler_job.py:182} INFO - Started process (PID=241) to work on /home/airflow/.local/lib/python3.8/site-packages/airflow/example_dags/example_trigger_target_dag.py
[2022-05-15 16:47:33,458] {scheduler_job.py:633} INFO - Processing file /home/airflow/.local/lib/python3.8/site-packages/airflow/example_dags/example_trigger_target_dag.py for tasks to queue
[2022-05-15 16:47:33,458] {logging_mixin.py:104} INFO - [2022-05-15 16:47:33,458] {dagbag.py:496} INFO - Filling up the DagBag from /home/airflow/.local/lib/python3.8/site-packages/airflow/example_dags/example_trigger_target_dag.py
[2022-05-15 16:47:33,465] {scheduler_job.py:643} INFO - DAG(s) dict_keys(['example_trigger_target_dag']) retrieved from /home/airflow/.local/lib/python3.8/site-packages/airflow/example_dags/example_trigger_target_dag.py
[2022-05-15 16:47:33,479] {logging_mixin.py:104} INFO - [2022-05-15 16:47:33,479] {dag.py:1833} INFO - Sync 1 DAGs
[2022-05-15 16:47:33,486] {logging_mixin.py:104} INFO - [2022-05-15 16:47:33,486] {dag.py:2306} INFO - Setting next_dagrun for example_trigger_target_dag to None
[2022-05-15 16:47:33,493] {scheduler_job.py:190} INFO - Processing /home/airflow/.local/lib/python3.8/site-packages/airflow/example_dags/example_trigger_target_dag.py took 0.037 seconds
[2022-05-15 16:48:04,600] {scheduler_job.py:182} INFO - Started process (PID=298) to work on /home/airflow/.local/lib/python3.8/site-packages/airflow/example_dags/example_trigger_target_dag.py
[2022-05-15 16:48:04,600] {scheduler_job.py:633} INFO - Processing file /home/airflow/.local/lib/python3.8/site-packages/airflow/example_dags/example_trigger_target_dag.py for tasks to queue
[2022-05-15 16:48:04,600] {logging_mixin.py:104} INFO - [2022-05-15 16:48:04,600] {dagbag.py:496} INFO - Filling up the DagBag from /home/airflow/.local/lib/python3.8/site-packages/airflow/example_dags/example_trigger_target_dag.py
[2022-05-15 16:48:04,609] {scheduler_job.py:643} INFO - DAG(s) dict_keys(['example_trigger_target_dag']) retrieved from /home/airflow/.local/lib/python3.8/site-packages/airflow/example_dags/example_trigger_target_dag.py
[2022-05-15 16:48:04,623] {logging_mixin.py:104} INFO - [2022-05-15 16:48:04,623] {dag.py:1833} INFO - Sync 1 DAGs
[2022-05-15 16:48:04,631] {logging_mixin.py:104} INFO - [2022-05-15 16:48:04,631] {dag.py:2306} INFO - Setting next_dagrun for example_trigger_target_dag to None
[2022-05-15 16:48:04,640] {scheduler_job.py:190} INFO - Processing /home/airflow/.local/lib/python3.8/site-packages/airflow/example_dags/example_trigger_target_dag.py took 0.042 seconds
[2022-05-15 16:48:35,262] {scheduler_job.py:182} INFO - Started process (PID=337) to work on /home/airflow/.local/lib/python3.8/site-packages/airflow/example_dags/example_trigger_target_dag.py
[2022-05-15 16:48:35,262] {scheduler_job.py:633} INFO - Processing file /home/airflow/.local/lib/python3.8/site-packages/airflow/example_dags/example_trigger_target_dag.py for tasks to queue
[2022-05-15 16:48:35,262] {logging_mixin.py:104} INFO - [2022-05-15 16:48:35,262] {dagbag.py:496} INFO - Filling up the DagBag from /home/airflow/.local/lib/python3.8/site-packages/airflow/example_dags/example_trigger_target_dag.py
[2022-05-15 16:48:35,269] {scheduler_job.py:643} INFO - DAG(s) dict_keys(['example_trigger_target_dag']) retrieved from /home/airflow/.local/lib/python3.8/site-packages/airflow/example_dags/example_trigger_target_dag.py
[2022-05-15 16:48:35,281] {logging_mixin.py:104} INFO - [2022-05-15 16:48:35,281] {dag.py:1833} INFO - Sync 1 DAGs
[2022-05-15 16:48:35,287] {logging_mixin.py:104} INFO - [2022-05-15 16:48:35,287] {dag.py:2306} INFO - Setting next_dagrun for example_trigger_target_dag to None
[2022-05-15 16:48:35,294] {scheduler_job.py:190} INFO - Processing /home/airflow/.local/lib/python3.8/site-packages/airflow/example_dags/example_trigger_target_dag.py took 0.034 seconds
[2022-05-15 16:49:05,892] {scheduler_job.py:182} INFO - Started process (PID=375) to work on /home/airflow/.local/lib/python3.8/site-packages/airflow/example_dags/example_trigger_target_dag.py
[2022-05-15 16:49:05,893] {scheduler_job.py:633} INFO - Processing file /home/airflow/.local/lib/python3.8/site-packages/airflow/example_dags/example_trigger_target_dag.py for tasks to queue
[2022-05-15 16:49:05,893] {logging_mixin.py:104} INFO - [2022-05-15 16:49:05,893] {dagbag.py:496} INFO - Filling up the DagBag from /home/airflow/.local/lib/python3.8/site-packages/airflow/example_dags/example_trigger_target_dag.py
[2022-05-15 16:49:05,908] {scheduler_job.py:643} INFO - DAG(s) dict_keys(['example_trigger_target_dag']) retrieved from /home/airflow/.local/lib/python3.8/site-packages/airflow/example_dags/example_trigger_target_dag.py
[2022-05-15 16:49:05,939] {logging_mixin.py:104} INFO - [2022-05-15 16:49:05,939] {dag.py:1833} INFO - Sync 1 DAGs
[2022-05-15 16:49:05,954] {logging_mixin.py:104} INFO - [2022-05-15 16:49:05,954] {dag.py:2306} INFO - Setting next_dagrun for example_trigger_target_dag to None
[2022-05-15 16:49:05,967] {scheduler_job.py:190} INFO - Processing /home/airflow/.local/lib/python3.8/site-packages/airflow/example_dags/example_trigger_target_dag.py took 0.078 seconds
[2022-05-15 16:49:36,332] {scheduler_job.py:182} INFO - Started process (PID=414) to work on /home/airflow/.local/lib/python3.8/site-packages/airflow/example_dags/example_trigger_target_dag.py
[2022-05-15 16:49:36,333] {scheduler_job.py:633} INFO - Processing file /home/airflow/.local/lib/python3.8/site-packages/airflow/example_dags/example_trigger_target_dag.py for tasks to queue
[2022-05-15 16:49:36,334] {logging_mixin.py:104} INFO - [2022-05-15 16:49:36,333] {dagbag.py:496} INFO - Filling up the DagBag from /home/airflow/.local/lib/python3.8/site-packages/airflow/example_dags/example_trigger_target_dag.py
[2022-05-15 16:49:36,341] {scheduler_job.py:643} INFO - DAG(s) dict_keys(['example_trigger_target_dag']) retrieved from /home/airflow/.local/lib/python3.8/site-packages/airflow/example_dags/example_trigger_target_dag.py
[2022-05-15 16:49:36,355] {logging_mixin.py:104} INFO - [2022-05-15 16:49:36,355] {dag.py:1833} INFO - Sync 1 DAGs
[2022-05-15 16:49:36,364] {logging_mixin.py:104} INFO - [2022-05-15 16:49:36,364] {dag.py:2306} INFO - Setting next_dagrun for example_trigger_target_dag to None
[2022-05-15 16:49:36,373] {scheduler_job.py:190} INFO - Processing /home/airflow/.local/lib/python3.8/site-packages/airflow/example_dags/example_trigger_target_dag.py took 0.044 seconds
[2022-05-15 16:50:07,443] {scheduler_job.py:182} INFO - Started process (PID=454) to work on /home/airflow/.local/lib/python3.8/site-packages/airflow/example_dags/example_trigger_target_dag.py
[2022-05-15 16:50:07,444] {scheduler_job.py:633} INFO - Processing file /home/airflow/.local/lib/python3.8/site-packages/airflow/example_dags/example_trigger_target_dag.py for tasks to queue
[2022-05-15 16:50:07,444] {logging_mixin.py:104} INFO - [2022-05-15 16:50:07,444] {dagbag.py:496} INFO - Filling up the DagBag from /home/airflow/.local/lib/python3.8/site-packages/airflow/example_dags/example_trigger_target_dag.py
[2022-05-15 16:50:07,453] {scheduler_job.py:643} INFO - DAG(s) dict_keys(['example_trigger_target_dag']) retrieved from /home/airflow/.local/lib/python3.8/site-packages/airflow/example_dags/example_trigger_target_dag.py
[2022-05-15 16:50:07,466] {logging_mixin.py:104} INFO - [2022-05-15 16:50:07,466] {dag.py:1833} INFO - Sync 1 DAGs
[2022-05-15 16:50:07,473] {logging_mixin.py:104} INFO - [2022-05-15 16:50:07,473] {dag.py:2306} INFO - Setting next_dagrun for example_trigger_target_dag to None
[2022-05-15 16:50:07,481] {scheduler_job.py:190} INFO - Processing /home/airflow/.local/lib/python3.8/site-packages/airflow/example_dags/example_trigger_target_dag.py took 0.040 seconds
[2022-05-15 16:50:38,263] {scheduler_job.py:182} INFO - Started process (PID=493) to work on /home/airflow/.local/lib/python3.8/site-packages/airflow/example_dags/example_trigger_target_dag.py
[2022-05-15 16:50:38,263] {scheduler_job.py:633} INFO - Processing file /home/airflow/.local/lib/python3.8/site-packages/airflow/example_dags/example_trigger_target_dag.py for tasks to queue
[2022-05-15 16:50:38,263] {logging_mixin.py:104} INFO - [2022-05-15 16:50:38,263] {dagbag.py:496} INFO - Filling up the DagBag from /home/airflow/.local/lib/python3.8/site-packages/airflow/example_dags/example_trigger_target_dag.py
[2022-05-15 16:50:38,270] {scheduler_job.py:643} INFO - DAG(s) dict_keys(['example_trigger_target_dag']) retrieved from /home/airflow/.local/lib/python3.8/site-packages/airflow/example_dags/example_trigger_target_dag.py
[2022-05-15 16:50:38,285] {logging_mixin.py:104} INFO - [2022-05-15 16:50:38,285] {dag.py:1833} INFO - Sync 1 DAGs
[2022-05-15 16:50:38,293] {logging_mixin.py:104} INFO - [2022-05-15 16:50:38,293] {dag.py:2306} INFO - Setting next_dagrun for example_trigger_target_dag to None
[2022-05-15 16:50:38,301] {scheduler_job.py:190} INFO - Processing /home/airflow/.local/lib/python3.8/site-packages/airflow/example_dags/example_trigger_target_dag.py took 0.040 seconds
[2022-05-15 16:51:09,079] {scheduler_job.py:182} INFO - Started process (PID=531) to work on /home/airflow/.local/lib/python3.8/site-packages/airflow/example_dags/example_trigger_target_dag.py
[2022-05-15 16:51:09,083] {scheduler_job.py:633} INFO - Processing file /home/airflow/.local/lib/python3.8/site-packages/airflow/example_dags/example_trigger_target_dag.py for tasks to queue
[2022-05-15 16:51:09,084] {logging_mixin.py:104} INFO - [2022-05-15 16:51:09,084] {dagbag.py:496} INFO - Filling up the DagBag from /home/airflow/.local/lib/python3.8/site-packages/airflow/example_dags/example_trigger_target_dag.py
[2022-05-15 16:51:09,113] {scheduler_job.py:643} INFO - DAG(s) dict_keys(['example_trigger_target_dag']) retrieved from /home/airflow/.local/lib/python3.8/site-packages/airflow/example_dags/example_trigger_target_dag.py
[2022-05-15 16:51:09,157] {logging_mixin.py:104} INFO - [2022-05-15 16:51:09,156] {dag.py:1833} INFO - Sync 1 DAGs
[2022-05-15 16:51:09,177] {logging_mixin.py:104} INFO - [2022-05-15 16:51:09,177] {dag.py:2306} INFO - Setting next_dagrun for example_trigger_target_dag to None
[2022-05-15 16:51:09,196] {scheduler_job.py:190} INFO - Processing /home/airflow/.local/lib/python3.8/site-packages/airflow/example_dags/example_trigger_target_dag.py took 0.123 seconds
[2022-05-15 16:51:39,393] {scheduler_job.py:182} INFO - Started process (PID=570) to work on /home/airflow/.local/lib/python3.8/site-packages/airflow/example_dags/example_trigger_target_dag.py
[2022-05-15 16:51:39,394] {scheduler_job.py:633} INFO - Processing file /home/airflow/.local/lib/python3.8/site-packages/airflow/example_dags/example_trigger_target_dag.py for tasks to queue
[2022-05-15 16:51:39,394] {logging_mixin.py:104} INFO - [2022-05-15 16:51:39,394] {dagbag.py:496} INFO - Filling up the DagBag from /home/airflow/.local/lib/python3.8/site-packages/airflow/example_dags/example_trigger_target_dag.py
[2022-05-15 16:51:39,401] {scheduler_job.py:643} INFO - DAG(s) dict_keys(['example_trigger_target_dag']) retrieved from /home/airflow/.local/lib/python3.8/site-packages/airflow/example_dags/example_trigger_target_dag.py
[2022-05-15 16:51:39,413] {logging_mixin.py:104} INFO - [2022-05-15 16:51:39,413] {dag.py:1833} INFO - Sync 1 DAGs
[2022-05-15 16:51:39,419] {logging_mixin.py:104} INFO - [2022-05-15 16:51:39,419] {dag.py:2306} INFO - Setting next_dagrun for example_trigger_target_dag to None
[2022-05-15 16:51:39,426] {scheduler_job.py:190} INFO - Processing /home/airflow/.local/lib/python3.8/site-packages/airflow/example_dags/example_trigger_target_dag.py took 0.035 seconds
[2022-05-15 16:52:10,261] {scheduler_job.py:182} INFO - Started process (PID=609) to work on /home/airflow/.local/lib/python3.8/site-packages/airflow/example_dags/example_trigger_target_dag.py
[2022-05-15 16:52:10,261] {scheduler_job.py:633} INFO - Processing file /home/airflow/.local/lib/python3.8/site-packages/airflow/example_dags/example_trigger_target_dag.py for tasks to queue
[2022-05-15 16:52:10,261] {logging_mixin.py:104} INFO - [2022-05-15 16:52:10,261] {dagbag.py:496} INFO - Filling up the DagBag from /home/airflow/.local/lib/python3.8/site-packages/airflow/example_dags/example_trigger_target_dag.py
[2022-05-15 16:52:10,268] {scheduler_job.py:643} INFO - DAG(s) dict_keys(['example_trigger_target_dag']) retrieved from /home/airflow/.local/lib/python3.8/site-packages/airflow/example_dags/example_trigger_target_dag.py
[2022-05-15 16:52:10,282] {logging_mixin.py:104} INFO - [2022-05-15 16:52:10,282] {dag.py:1833} INFO - Sync 1 DAGs
[2022-05-15 16:52:10,287] {logging_mixin.py:104} INFO - [2022-05-15 16:52:10,287] {dag.py:2306} INFO - Setting next_dagrun for example_trigger_target_dag to None
[2022-05-15 16:52:10,295] {scheduler_job.py:190} INFO - Processing /home/airflow/.local/lib/python3.8/site-packages/airflow/example_dags/example_trigger_target_dag.py took 0.035 seconds
[2022-05-15 16:52:40,741] {scheduler_job.py:182} INFO - Started process (PID=648) to work on /home/airflow/.local/lib/python3.8/site-packages/airflow/example_dags/example_trigger_target_dag.py
[2022-05-15 16:52:40,742] {scheduler_job.py:633} INFO - Processing file /home/airflow/.local/lib/python3.8/site-packages/airflow/example_dags/example_trigger_target_dag.py for tasks to queue
[2022-05-15 16:52:40,742] {logging_mixin.py:104} INFO - [2022-05-15 16:52:40,742] {dagbag.py:496} INFO - Filling up the DagBag from /home/airflow/.local/lib/python3.8/site-packages/airflow/example_dags/example_trigger_target_dag.py
[2022-05-15 16:52:40,750] {scheduler_job.py:643} INFO - DAG(s) dict_keys(['example_trigger_target_dag']) retrieved from /home/airflow/.local/lib/python3.8/site-packages/airflow/example_dags/example_trigger_target_dag.py
[2022-05-15 16:52:40,766] {logging_mixin.py:104} INFO - [2022-05-15 16:52:40,766] {dag.py:1833} INFO - Sync 1 DAGs
[2022-05-15 16:52:40,773] {logging_mixin.py:104} INFO - [2022-05-15 16:52:40,773] {dag.py:2306} INFO - Setting next_dagrun for example_trigger_target_dag to None
[2022-05-15 16:52:40,780] {scheduler_job.py:190} INFO - Processing /home/airflow/.local/lib/python3.8/site-packages/airflow/example_dags/example_trigger_target_dag.py took 0.041 seconds
[2022-05-15 16:53:11,161] {scheduler_job.py:182} INFO - Started process (PID=687) to work on /home/airflow/.local/lib/python3.8/site-packages/airflow/example_dags/example_trigger_target_dag.py
[2022-05-15 16:53:11,161] {scheduler_job.py:633} INFO - Processing file /home/airflow/.local/lib/python3.8/site-packages/airflow/example_dags/example_trigger_target_dag.py for tasks to queue
[2022-05-15 16:53:11,162] {logging_mixin.py:104} INFO - [2022-05-15 16:53:11,162] {dagbag.py:496} INFO - Filling up the DagBag from /home/airflow/.local/lib/python3.8/site-packages/airflow/example_dags/example_trigger_target_dag.py
[2022-05-15 16:53:11,170] {scheduler_job.py:643} INFO - DAG(s) dict_keys(['example_trigger_target_dag']) retrieved from /home/airflow/.local/lib/python3.8/site-packages/airflow/example_dags/example_trigger_target_dag.py
[2022-05-15 16:53:11,186] {logging_mixin.py:104} INFO - [2022-05-15 16:53:11,186] {dag.py:1833} INFO - Sync 1 DAGs
[2022-05-15 16:53:11,193] {logging_mixin.py:104} INFO - [2022-05-15 16:53:11,193] {dag.py:2306} INFO - Setting next_dagrun for example_trigger_target_dag to None
[2022-05-15 16:53:11,200] {scheduler_job.py:190} INFO - Processing /home/airflow/.local/lib/python3.8/site-packages/airflow/example_dags/example_trigger_target_dag.py took 0.041 seconds
[2022-05-15 16:53:42,051] {scheduler_job.py:182} INFO - Started process (PID=726) to work on /home/airflow/.local/lib/python3.8/site-packages/airflow/example_dags/example_trigger_target_dag.py
[2022-05-15 16:53:42,051] {scheduler_job.py:633} INFO - Processing file /home/airflow/.local/lib/python3.8/site-packages/airflow/example_dags/example_trigger_target_dag.py for tasks to queue
[2022-05-15 16:53:42,051] {logging_mixin.py:104} INFO - [2022-05-15 16:53:42,051] {dagbag.py:496} INFO - Filling up the DagBag from /home/airflow/.local/lib/python3.8/site-packages/airflow/example_dags/example_trigger_target_dag.py
[2022-05-15 16:53:42,059] {scheduler_job.py:643} INFO - DAG(s) dict_keys(['example_trigger_target_dag']) retrieved from /home/airflow/.local/lib/python3.8/site-packages/airflow/example_dags/example_trigger_target_dag.py
[2022-05-15 16:53:42,073] {logging_mixin.py:104} INFO - [2022-05-15 16:53:42,073] {dag.py:1833} INFO - Sync 1 DAGs
[2022-05-15 16:53:42,082] {logging_mixin.py:104} INFO - [2022-05-15 16:53:42,082] {dag.py:2306} INFO - Setting next_dagrun for example_trigger_target_dag to None
[2022-05-15 16:53:42,091] {scheduler_job.py:190} INFO - Processing /home/airflow/.local/lib/python3.8/site-packages/airflow/example_dags/example_trigger_target_dag.py took 0.042 seconds
[2022-05-15 16:54:13,863] {scheduler_job.py:182} INFO - Started process (PID=765) to work on /home/airflow/.local/lib/python3.8/site-packages/airflow/example_dags/example_trigger_target_dag.py
[2022-05-15 16:54:13,865] {scheduler_job.py:633} INFO - Processing file /home/airflow/.local/lib/python3.8/site-packages/airflow/example_dags/example_trigger_target_dag.py for tasks to queue
[2022-05-15 16:54:13,866] {logging_mixin.py:104} INFO - [2022-05-15 16:54:13,865] {dagbag.py:496} INFO - Filling up the DagBag from /home/airflow/.local/lib/python3.8/site-packages/airflow/example_dags/example_trigger_target_dag.py
[2022-05-15 16:54:13,897] {scheduler_job.py:643} INFO - DAG(s) dict_keys(['example_trigger_target_dag']) retrieved from /home/airflow/.local/lib/python3.8/site-packages/airflow/example_dags/example_trigger_target_dag.py
[2022-05-15 16:54:13,979] {logging_mixin.py:104} INFO - [2022-05-15 16:54:13,979] {dag.py:1833} INFO - Sync 1 DAGs
[2022-05-15 16:54:14,009] {logging_mixin.py:104} INFO - [2022-05-15 16:54:14,008] {dag.py:2306} INFO - Setting next_dagrun for example_trigger_target_dag to None
[2022-05-15 16:54:14,146] {scheduler_job.py:190} INFO - Processing /home/airflow/.local/lib/python3.8/site-packages/airflow/example_dags/example_trigger_target_dag.py took 0.286 seconds
[2022-05-15 16:54:44,826] {scheduler_job.py:182} INFO - Started process (PID=804) to work on /home/airflow/.local/lib/python3.8/site-packages/airflow/example_dags/example_trigger_target_dag.py
[2022-05-15 16:54:44,827] {scheduler_job.py:633} INFO - Processing file /home/airflow/.local/lib/python3.8/site-packages/airflow/example_dags/example_trigger_target_dag.py for tasks to queue
[2022-05-15 16:54:44,827] {logging_mixin.py:104} INFO - [2022-05-15 16:54:44,827] {dagbag.py:496} INFO - Filling up the DagBag from /home/airflow/.local/lib/python3.8/site-packages/airflow/example_dags/example_trigger_target_dag.py
[2022-05-15 16:54:44,851] {scheduler_job.py:643} INFO - DAG(s) dict_keys(['example_trigger_target_dag']) retrieved from /home/airflow/.local/lib/python3.8/site-packages/airflow/example_dags/example_trigger_target_dag.py
[2022-05-15 16:54:44,872] {logging_mixin.py:104} INFO - [2022-05-15 16:54:44,872] {dag.py:1833} INFO - Sync 1 DAGs
[2022-05-15 16:54:44,880] {logging_mixin.py:104} INFO - [2022-05-15 16:54:44,880] {dag.py:2306} INFO - Setting next_dagrun for example_trigger_target_dag to None
[2022-05-15 16:54:44,889] {scheduler_job.py:190} INFO - Processing /home/airflow/.local/lib/python3.8/site-packages/airflow/example_dags/example_trigger_target_dag.py took 0.065 seconds
[2022-05-15 16:55:47,326] {scheduler_job.py:182} INFO - Started process (PID=43) to work on /home/airflow/.local/lib/python3.8/site-packages/airflow/example_dags/example_trigger_target_dag.py
[2022-05-15 16:55:47,326] {scheduler_job.py:633} INFO - Processing file /home/airflow/.local/lib/python3.8/site-packages/airflow/example_dags/example_trigger_target_dag.py for tasks to queue
[2022-05-15 16:55:47,326] {logging_mixin.py:104} INFO - [2022-05-15 16:55:47,326] {dagbag.py:496} INFO - Filling up the DagBag from /home/airflow/.local/lib/python3.8/site-packages/airflow/example_dags/example_trigger_target_dag.py
[2022-05-15 16:55:47,335] {scheduler_job.py:643} INFO - DAG(s) dict_keys(['example_trigger_target_dag']) retrieved from /home/airflow/.local/lib/python3.8/site-packages/airflow/example_dags/example_trigger_target_dag.py
[2022-05-15 16:55:47,353] {logging_mixin.py:104} INFO - [2022-05-15 16:55:47,353] {dag.py:1833} INFO - Sync 1 DAGs
[2022-05-15 16:55:47,361] {logging_mixin.py:104} INFO - [2022-05-15 16:55:47,361] {dag.py:2306} INFO - Setting next_dagrun for example_trigger_target_dag to None
[2022-05-15 16:55:47,370] {scheduler_job.py:190} INFO - Processing /home/airflow/.local/lib/python3.8/site-packages/airflow/example_dags/example_trigger_target_dag.py took 0.047 seconds
[2022-05-15 16:56:18,561] {scheduler_job.py:182} INFO - Started process (PID=82) to work on /home/airflow/.local/lib/python3.8/site-packages/airflow/example_dags/example_trigger_target_dag.py
[2022-05-15 16:56:18,562] {scheduler_job.py:633} INFO - Processing file /home/airflow/.local/lib/python3.8/site-packages/airflow/example_dags/example_trigger_target_dag.py for tasks to queue
[2022-05-15 16:56:18,562] {logging_mixin.py:104} INFO - [2022-05-15 16:56:18,562] {dagbag.py:496} INFO - Filling up the DagBag from /home/airflow/.local/lib/python3.8/site-packages/airflow/example_dags/example_trigger_target_dag.py
[2022-05-15 16:56:18,569] {scheduler_job.py:643} INFO - DAG(s) dict_keys(['example_trigger_target_dag']) retrieved from /home/airflow/.local/lib/python3.8/site-packages/airflow/example_dags/example_trigger_target_dag.py
[2022-05-15 16:56:18,588] {logging_mixin.py:104} INFO - [2022-05-15 16:56:18,588] {dag.py:1833} INFO - Sync 1 DAGs
[2022-05-15 16:56:18,598] {logging_mixin.py:104} INFO - [2022-05-15 16:56:18,598] {dag.py:2306} INFO - Setting next_dagrun for example_trigger_target_dag to None
[2022-05-15 16:56:18,609] {scheduler_job.py:190} INFO - Processing /home/airflow/.local/lib/python3.8/site-packages/airflow/example_dags/example_trigger_target_dag.py took 0.050 seconds
[2022-05-15 16:56:48,978] {scheduler_job.py:182} INFO - Started process (PID=120) to work on /home/airflow/.local/lib/python3.8/site-packages/airflow/example_dags/example_trigger_target_dag.py
[2022-05-15 16:56:48,979] {scheduler_job.py:633} INFO - Processing file /home/airflow/.local/lib/python3.8/site-packages/airflow/example_dags/example_trigger_target_dag.py for tasks to queue
[2022-05-15 16:56:48,979] {logging_mixin.py:104} INFO - [2022-05-15 16:56:48,979] {dagbag.py:496} INFO - Filling up the DagBag from /home/airflow/.local/lib/python3.8/site-packages/airflow/example_dags/example_trigger_target_dag.py
[2022-05-15 16:56:48,986] {scheduler_job.py:643} INFO - DAG(s) dict_keys(['example_trigger_target_dag']) retrieved from /home/airflow/.local/lib/python3.8/site-packages/airflow/example_dags/example_trigger_target_dag.py
[2022-05-15 16:56:48,999] {logging_mixin.py:104} INFO - [2022-05-15 16:56:48,999] {dag.py:1833} INFO - Sync 1 DAGs
[2022-05-15 16:56:49,006] {logging_mixin.py:104} INFO - [2022-05-15 16:56:49,006] {dag.py:2306} INFO - Setting next_dagrun for example_trigger_target_dag to None
[2022-05-15 16:56:49,013] {scheduler_job.py:190} INFO - Processing /home/airflow/.local/lib/python3.8/site-packages/airflow/example_dags/example_trigger_target_dag.py took 0.036 seconds
[2022-05-15 16:57:21,342] {scheduler_job.py:182} INFO - Started process (PID=160) to work on /home/airflow/.local/lib/python3.8/site-packages/airflow/example_dags/example_trigger_target_dag.py
[2022-05-15 16:57:21,343] {scheduler_job.py:633} INFO - Processing file /home/airflow/.local/lib/python3.8/site-packages/airflow/example_dags/example_trigger_target_dag.py for tasks to queue
[2022-05-15 16:57:21,344] {logging_mixin.py:104} INFO - [2022-05-15 16:57:21,344] {dagbag.py:496} INFO - Filling up the DagBag from /home/airflow/.local/lib/python3.8/site-packages/airflow/example_dags/example_trigger_target_dag.py
[2022-05-15 16:57:21,362] {scheduler_job.py:643} INFO - DAG(s) dict_keys(['example_trigger_target_dag']) retrieved from /home/airflow/.local/lib/python3.8/site-packages/airflow/example_dags/example_trigger_target_dag.py
[2022-05-15 16:57:21,406] {logging_mixin.py:104} INFO - [2022-05-15 16:57:21,405] {dag.py:1833} INFO - Sync 1 DAGs
[2022-05-15 16:57:21,428] {logging_mixin.py:104} INFO - [2022-05-15 16:57:21,428] {dag.py:2306} INFO - Setting next_dagrun for example_trigger_target_dag to None
[2022-05-15 16:57:21,454] {scheduler_job.py:190} INFO - Processing /home/airflow/.local/lib/python3.8/site-packages/airflow/example_dags/example_trigger_target_dag.py took 0.116 seconds
