[2022-05-15 16:44:57,064] {scheduler_job.py:182} INFO - Started process (PID=32) to work on /home/airflow/.local/lib/python3.8/site-packages/airflow/example_dags/example_complex.py
[2022-05-15 16:44:57,064] {scheduler_job.py:633} INFO - Processing file /home/airflow/.local/lib/python3.8/site-packages/airflow/example_dags/example_complex.py for tasks to queue
[2022-05-15 16:44:57,065] {logging_mixin.py:104} INFO - [2022-05-15 16:44:57,065] {dagbag.py:496} INFO - Filling up the DagBag from /home/airflow/.local/lib/python3.8/site-packages/airflow/example_dags/example_complex.py
[2022-05-15 16:44:57,084] {scheduler_job.py:643} INFO - DAG(s) dict_keys(['example_complex']) retrieved from /home/airflow/.local/lib/python3.8/site-packages/airflow/example_dags/example_complex.py
[2022-05-15 16:44:57,107] {logging_mixin.py:104} INFO - [2022-05-15 16:44:57,107] {dag.py:1833} INFO - Sync 1 DAGs
[2022-05-15 16:44:57,118] {logging_mixin.py:104} INFO - [2022-05-15 16:44:57,118] {dag.py:2306} INFO - Setting next_dagrun for example_complex to None
[2022-05-15 16:44:57,137] {scheduler_job.py:190} INFO - Processing /home/airflow/.local/lib/python3.8/site-packages/airflow/example_dags/example_complex.py took 0.075 seconds
[2022-05-15 16:45:28,067] {scheduler_job.py:182} INFO - Started process (PID=63) to work on /home/airflow/.local/lib/python3.8/site-packages/airflow/example_dags/example_complex.py
[2022-05-15 16:45:28,068] {scheduler_job.py:633} INFO - Processing file /home/airflow/.local/lib/python3.8/site-packages/airflow/example_dags/example_complex.py for tasks to queue
[2022-05-15 16:45:28,068] {logging_mixin.py:104} INFO - [2022-05-15 16:45:28,068] {dagbag.py:496} INFO - Filling up the DagBag from /home/airflow/.local/lib/python3.8/site-packages/airflow/example_dags/example_complex.py
[2022-05-15 16:45:28,099] {scheduler_job.py:643} INFO - DAG(s) dict_keys(['example_complex']) retrieved from /home/airflow/.local/lib/python3.8/site-packages/airflow/example_dags/example_complex.py
[2022-05-15 16:45:28,144] {logging_mixin.py:104} INFO - [2022-05-15 16:45:28,144] {dag.py:1833} INFO - Sync 1 DAGs
[2022-05-15 16:45:28,165] {logging_mixin.py:104} INFO - [2022-05-15 16:45:28,165] {dag.py:2306} INFO - Setting next_dagrun for example_complex to None
[2022-05-15 16:45:28,189] {scheduler_job.py:190} INFO - Processing /home/airflow/.local/lib/python3.8/site-packages/airflow/example_dags/example_complex.py took 0.125 seconds
[2022-05-15 16:45:58,228] {scheduler_job.py:182} INFO - Started process (PID=101) to work on /home/airflow/.local/lib/python3.8/site-packages/airflow/example_dags/example_complex.py
[2022-05-15 16:45:58,229] {scheduler_job.py:633} INFO - Processing file /home/airflow/.local/lib/python3.8/site-packages/airflow/example_dags/example_complex.py for tasks to queue
[2022-05-15 16:45:58,230] {logging_mixin.py:104} INFO - [2022-05-15 16:45:58,230] {dagbag.py:496} INFO - Filling up the DagBag from /home/airflow/.local/lib/python3.8/site-packages/airflow/example_dags/example_complex.py
[2022-05-15 16:45:58,247] {scheduler_job.py:643} INFO - DAG(s) dict_keys(['example_complex']) retrieved from /home/airflow/.local/lib/python3.8/site-packages/airflow/example_dags/example_complex.py
[2022-05-15 16:45:58,265] {logging_mixin.py:104} INFO - [2022-05-15 16:45:58,265] {dag.py:1833} INFO - Sync 1 DAGs
[2022-05-15 16:45:58,272] {logging_mixin.py:104} INFO - [2022-05-15 16:45:58,272] {dag.py:2306} INFO - Setting next_dagrun for example_complex to None
[2022-05-15 16:45:58,280] {scheduler_job.py:190} INFO - Processing /home/airflow/.local/lib/python3.8/site-packages/airflow/example_dags/example_complex.py took 0.056 seconds
[2022-05-15 16:46:28,576] {scheduler_job.py:182} INFO - Started process (PID=140) to work on /home/airflow/.local/lib/python3.8/site-packages/airflow/example_dags/example_complex.py
[2022-05-15 16:46:28,579] {scheduler_job.py:633} INFO - Processing file /home/airflow/.local/lib/python3.8/site-packages/airflow/example_dags/example_complex.py for tasks to queue
[2022-05-15 16:46:28,580] {logging_mixin.py:104} INFO - [2022-05-15 16:46:28,580] {dagbag.py:496} INFO - Filling up the DagBag from /home/airflow/.local/lib/python3.8/site-packages/airflow/example_dags/example_complex.py
[2022-05-15 16:46:28,610] {scheduler_job.py:643} INFO - DAG(s) dict_keys(['example_complex']) retrieved from /home/airflow/.local/lib/python3.8/site-packages/airflow/example_dags/example_complex.py
[2022-05-15 16:46:28,660] {logging_mixin.py:104} INFO - [2022-05-15 16:46:28,659] {dag.py:1833} INFO - Sync 1 DAGs
[2022-05-15 16:46:28,682] {logging_mixin.py:104} INFO - [2022-05-15 16:46:28,682] {dag.py:2306} INFO - Setting next_dagrun for example_complex to None
[2022-05-15 16:46:28,706] {scheduler_job.py:190} INFO - Processing /home/airflow/.local/lib/python3.8/site-packages/airflow/example_dags/example_complex.py took 0.136 seconds
[2022-05-15 16:46:59,493] {scheduler_job.py:182} INFO - Started process (PID=179) to work on /home/airflow/.local/lib/python3.8/site-packages/airflow/example_dags/example_complex.py
[2022-05-15 16:46:59,496] {scheduler_job.py:633} INFO - Processing file /home/airflow/.local/lib/python3.8/site-packages/airflow/example_dags/example_complex.py for tasks to queue
[2022-05-15 16:46:59,497] {logging_mixin.py:104} INFO - [2022-05-15 16:46:59,497] {dagbag.py:496} INFO - Filling up the DagBag from /home/airflow/.local/lib/python3.8/site-packages/airflow/example_dags/example_complex.py
[2022-05-15 16:46:59,519] {scheduler_job.py:643} INFO - DAG(s) dict_keys(['example_complex']) retrieved from /home/airflow/.local/lib/python3.8/site-packages/airflow/example_dags/example_complex.py
[2022-05-15 16:46:59,540] {logging_mixin.py:104} INFO - [2022-05-15 16:46:59,540] {dag.py:1833} INFO - Sync 1 DAGs
[2022-05-15 16:46:59,553] {logging_mixin.py:104} INFO - [2022-05-15 16:46:59,553] {dag.py:2306} INFO - Setting next_dagrun for example_complex to None
[2022-05-15 16:46:59,571] {scheduler_job.py:190} INFO - Processing /home/airflow/.local/lib/python3.8/site-packages/airflow/example_dags/example_complex.py took 0.084 seconds
[2022-05-15 16:47:30,451] {scheduler_job.py:182} INFO - Started process (PID=218) to work on /home/airflow/.local/lib/python3.8/site-packages/airflow/example_dags/example_complex.py
[2022-05-15 16:47:30,453] {scheduler_job.py:633} INFO - Processing file /home/airflow/.local/lib/python3.8/site-packages/airflow/example_dags/example_complex.py for tasks to queue
[2022-05-15 16:47:30,453] {logging_mixin.py:104} INFO - [2022-05-15 16:47:30,453] {dagbag.py:496} INFO - Filling up the DagBag from /home/airflow/.local/lib/python3.8/site-packages/airflow/example_dags/example_complex.py
[2022-05-15 16:47:30,469] {scheduler_job.py:643} INFO - DAG(s) dict_keys(['example_complex']) retrieved from /home/airflow/.local/lib/python3.8/site-packages/airflow/example_dags/example_complex.py
[2022-05-15 16:47:30,486] {logging_mixin.py:104} INFO - [2022-05-15 16:47:30,486] {dag.py:1833} INFO - Sync 1 DAGs
[2022-05-15 16:47:30,491] {logging_mixin.py:104} INFO - [2022-05-15 16:47:30,491] {dag.py:2306} INFO - Setting next_dagrun for example_complex to None
[2022-05-15 16:47:30,506] {scheduler_job.py:190} INFO - Processing /home/airflow/.local/lib/python3.8/site-packages/airflow/example_dags/example_complex.py took 0.057 seconds
[2022-05-15 16:48:00,706] {scheduler_job.py:182} INFO - Started process (PID=277) to work on /home/airflow/.local/lib/python3.8/site-packages/airflow/example_dags/example_complex.py
[2022-05-15 16:48:00,707] {scheduler_job.py:633} INFO - Processing file /home/airflow/.local/lib/python3.8/site-packages/airflow/example_dags/example_complex.py for tasks to queue
[2022-05-15 16:48:00,707] {logging_mixin.py:104} INFO - [2022-05-15 16:48:00,707] {dagbag.py:496} INFO - Filling up the DagBag from /home/airflow/.local/lib/python3.8/site-packages/airflow/example_dags/example_complex.py
[2022-05-15 16:48:00,721] {scheduler_job.py:643} INFO - DAG(s) dict_keys(['example_complex']) retrieved from /home/airflow/.local/lib/python3.8/site-packages/airflow/example_dags/example_complex.py
[2022-05-15 16:48:00,744] {logging_mixin.py:104} INFO - [2022-05-15 16:48:00,744] {dag.py:1833} INFO - Sync 1 DAGs
[2022-05-15 16:48:00,753] {logging_mixin.py:104} INFO - [2022-05-15 16:48:00,753] {dag.py:2306} INFO - Setting next_dagrun for example_complex to None
[2022-05-15 16:48:00,763] {scheduler_job.py:190} INFO - Processing /home/airflow/.local/lib/python3.8/site-packages/airflow/example_dags/example_complex.py took 0.059 seconds
[2022-05-15 16:48:31,442] {scheduler_job.py:182} INFO - Started process (PID=316) to work on /home/airflow/.local/lib/python3.8/site-packages/airflow/example_dags/example_complex.py
[2022-05-15 16:48:31,443] {scheduler_job.py:633} INFO - Processing file /home/airflow/.local/lib/python3.8/site-packages/airflow/example_dags/example_complex.py for tasks to queue
[2022-05-15 16:48:31,444] {logging_mixin.py:104} INFO - [2022-05-15 16:48:31,444] {dagbag.py:496} INFO - Filling up the DagBag from /home/airflow/.local/lib/python3.8/site-packages/airflow/example_dags/example_complex.py
[2022-05-15 16:48:31,455] {scheduler_job.py:643} INFO - DAG(s) dict_keys(['example_complex']) retrieved from /home/airflow/.local/lib/python3.8/site-packages/airflow/example_dags/example_complex.py
[2022-05-15 16:48:31,489] {logging_mixin.py:104} INFO - [2022-05-15 16:48:31,489] {dag.py:1833} INFO - Sync 1 DAGs
[2022-05-15 16:48:31,501] {logging_mixin.py:104} INFO - [2022-05-15 16:48:31,501] {dag.py:2306} INFO - Setting next_dagrun for example_complex to None
[2022-05-15 16:48:31,510] {scheduler_job.py:190} INFO - Processing /home/airflow/.local/lib/python3.8/site-packages/airflow/example_dags/example_complex.py took 0.070 seconds
[2022-05-15 16:49:02,176] {scheduler_job.py:182} INFO - Started process (PID=355) to work on /home/airflow/.local/lib/python3.8/site-packages/airflow/example_dags/example_complex.py
[2022-05-15 16:49:02,177] {scheduler_job.py:633} INFO - Processing file /home/airflow/.local/lib/python3.8/site-packages/airflow/example_dags/example_complex.py for tasks to queue
[2022-05-15 16:49:02,178] {logging_mixin.py:104} INFO - [2022-05-15 16:49:02,178] {dagbag.py:496} INFO - Filling up the DagBag from /home/airflow/.local/lib/python3.8/site-packages/airflow/example_dags/example_complex.py
[2022-05-15 16:49:02,203] {scheduler_job.py:643} INFO - DAG(s) dict_keys(['example_complex']) retrieved from /home/airflow/.local/lib/python3.8/site-packages/airflow/example_dags/example_complex.py
[2022-05-15 16:49:02,223] {logging_mixin.py:104} INFO - [2022-05-15 16:49:02,223] {dag.py:1833} INFO - Sync 1 DAGs
[2022-05-15 16:49:02,229] {logging_mixin.py:104} INFO - [2022-05-15 16:49:02,229] {dag.py:2306} INFO - Setting next_dagrun for example_complex to None
[2022-05-15 16:49:02,244] {scheduler_job.py:190} INFO - Processing /home/airflow/.local/lib/python3.8/site-packages/airflow/example_dags/example_complex.py took 0.073 seconds
[2022-05-15 16:49:32,308] {scheduler_job.py:182} INFO - Started process (PID=394) to work on /home/airflow/.local/lib/python3.8/site-packages/airflow/example_dags/example_complex.py
[2022-05-15 16:49:32,311] {scheduler_job.py:633} INFO - Processing file /home/airflow/.local/lib/python3.8/site-packages/airflow/example_dags/example_complex.py for tasks to queue
[2022-05-15 16:49:32,311] {logging_mixin.py:104} INFO - [2022-05-15 16:49:32,311] {dagbag.py:496} INFO - Filling up the DagBag from /home/airflow/.local/lib/python3.8/site-packages/airflow/example_dags/example_complex.py
[2022-05-15 16:49:32,331] {scheduler_job.py:643} INFO - DAG(s) dict_keys(['example_complex']) retrieved from /home/airflow/.local/lib/python3.8/site-packages/airflow/example_dags/example_complex.py
[2022-05-15 16:49:32,354] {logging_mixin.py:104} INFO - [2022-05-15 16:49:32,354] {dag.py:1833} INFO - Sync 1 DAGs
[2022-05-15 16:49:32,362] {logging_mixin.py:104} INFO - [2022-05-15 16:49:32,362] {dag.py:2306} INFO - Setting next_dagrun for example_complex to None
[2022-05-15 16:49:32,373] {scheduler_job.py:190} INFO - Processing /home/airflow/.local/lib/python3.8/site-packages/airflow/example_dags/example_complex.py took 0.072 seconds
[2022-05-15 16:50:02,503] {scheduler_job.py:182} INFO - Started process (PID=433) to work on /home/airflow/.local/lib/python3.8/site-packages/airflow/example_dags/example_complex.py
[2022-05-15 16:50:02,505] {scheduler_job.py:633} INFO - Processing file /home/airflow/.local/lib/python3.8/site-packages/airflow/example_dags/example_complex.py for tasks to queue
[2022-05-15 16:50:02,507] {logging_mixin.py:104} INFO - [2022-05-15 16:50:02,506] {dagbag.py:496} INFO - Filling up the DagBag from /home/airflow/.local/lib/python3.8/site-packages/airflow/example_dags/example_complex.py
[2022-05-15 16:50:02,533] {scheduler_job.py:643} INFO - DAG(s) dict_keys(['example_complex']) retrieved from /home/airflow/.local/lib/python3.8/site-packages/airflow/example_dags/example_complex.py
[2022-05-15 16:50:02,552] {logging_mixin.py:104} INFO - [2022-05-15 16:50:02,552] {dag.py:1833} INFO - Sync 1 DAGs
[2022-05-15 16:50:02,557] {logging_mixin.py:104} INFO - [2022-05-15 16:50:02,557] {dag.py:2306} INFO - Setting next_dagrun for example_complex to None
[2022-05-15 16:50:02,634] {scheduler_job.py:190} INFO - Processing /home/airflow/.local/lib/python3.8/site-packages/airflow/example_dags/example_complex.py took 0.136 seconds
[2022-05-15 16:50:33,513] {scheduler_job.py:182} INFO - Started process (PID=472) to work on /home/airflow/.local/lib/python3.8/site-packages/airflow/example_dags/example_complex.py
[2022-05-15 16:50:33,515] {scheduler_job.py:633} INFO - Processing file /home/airflow/.local/lib/python3.8/site-packages/airflow/example_dags/example_complex.py for tasks to queue
[2022-05-15 16:50:33,516] {logging_mixin.py:104} INFO - [2022-05-15 16:50:33,516] {dagbag.py:496} INFO - Filling up the DagBag from /home/airflow/.local/lib/python3.8/site-packages/airflow/example_dags/example_complex.py
[2022-05-15 16:50:33,566] {scheduler_job.py:643} INFO - DAG(s) dict_keys(['example_complex']) retrieved from /home/airflow/.local/lib/python3.8/site-packages/airflow/example_dags/example_complex.py
[2022-05-15 16:50:33,603] {logging_mixin.py:104} INFO - [2022-05-15 16:50:33,603] {dag.py:1833} INFO - Sync 1 DAGs
[2022-05-15 16:50:33,612] {logging_mixin.py:104} INFO - [2022-05-15 16:50:33,612] {dag.py:2306} INFO - Setting next_dagrun for example_complex to None
[2022-05-15 16:50:33,624] {scheduler_job.py:190} INFO - Processing /home/airflow/.local/lib/python3.8/site-packages/airflow/example_dags/example_complex.py took 0.118 seconds
[2022-05-15 16:51:03,975] {scheduler_job.py:182} INFO - Started process (PID=511) to work on /home/airflow/.local/lib/python3.8/site-packages/airflow/example_dags/example_complex.py
[2022-05-15 16:51:03,980] {scheduler_job.py:633} INFO - Processing file /home/airflow/.local/lib/python3.8/site-packages/airflow/example_dags/example_complex.py for tasks to queue
[2022-05-15 16:51:03,981] {logging_mixin.py:104} INFO - [2022-05-15 16:51:03,980] {dagbag.py:496} INFO - Filling up the DagBag from /home/airflow/.local/lib/python3.8/site-packages/airflow/example_dags/example_complex.py
[2022-05-15 16:51:04,041] {scheduler_job.py:643} INFO - DAG(s) dict_keys(['example_complex']) retrieved from /home/airflow/.local/lib/python3.8/site-packages/airflow/example_dags/example_complex.py
[2022-05-15 16:51:04,126] {logging_mixin.py:104} INFO - [2022-05-15 16:51:04,125] {dag.py:1833} INFO - Sync 1 DAGs
[2022-05-15 16:51:04,147] {logging_mixin.py:104} INFO - [2022-05-15 16:51:04,147] {dag.py:2306} INFO - Setting next_dagrun for example_complex to None
[2022-05-15 16:51:04,172] {scheduler_job.py:190} INFO - Processing /home/airflow/.local/lib/python3.8/site-packages/airflow/example_dags/example_complex.py took 0.206 seconds
[2022-05-15 16:51:34,353] {scheduler_job.py:182} INFO - Started process (PID=550) to work on /home/airflow/.local/lib/python3.8/site-packages/airflow/example_dags/example_complex.py
[2022-05-15 16:51:34,356] {scheduler_job.py:633} INFO - Processing file /home/airflow/.local/lib/python3.8/site-packages/airflow/example_dags/example_complex.py for tasks to queue
[2022-05-15 16:51:34,358] {logging_mixin.py:104} INFO - [2022-05-15 16:51:34,358] {dagbag.py:496} INFO - Filling up the DagBag from /home/airflow/.local/lib/python3.8/site-packages/airflow/example_dags/example_complex.py
[2022-05-15 16:51:34,383] {scheduler_job.py:643} INFO - DAG(s) dict_keys(['example_complex']) retrieved from /home/airflow/.local/lib/python3.8/site-packages/airflow/example_dags/example_complex.py
[2022-05-15 16:51:34,409] {logging_mixin.py:104} INFO - [2022-05-15 16:51:34,409] {dag.py:1833} INFO - Sync 1 DAGs
[2022-05-15 16:51:34,430] {logging_mixin.py:104} INFO - [2022-05-15 16:51:34,430] {dag.py:2306} INFO - Setting next_dagrun for example_complex to None
[2022-05-15 16:51:34,444] {scheduler_job.py:190} INFO - Processing /home/airflow/.local/lib/python3.8/site-packages/airflow/example_dags/example_complex.py took 0.097 seconds
[2022-05-15 16:52:04,525] {scheduler_job.py:182} INFO - Started process (PID=589) to work on /home/airflow/.local/lib/python3.8/site-packages/airflow/example_dags/example_complex.py
[2022-05-15 16:52:04,526] {scheduler_job.py:633} INFO - Processing file /home/airflow/.local/lib/python3.8/site-packages/airflow/example_dags/example_complex.py for tasks to queue
[2022-05-15 16:52:04,527] {logging_mixin.py:104} INFO - [2022-05-15 16:52:04,527] {dagbag.py:496} INFO - Filling up the DagBag from /home/airflow/.local/lib/python3.8/site-packages/airflow/example_dags/example_complex.py
[2022-05-15 16:52:04,545] {scheduler_job.py:643} INFO - DAG(s) dict_keys(['example_complex']) retrieved from /home/airflow/.local/lib/python3.8/site-packages/airflow/example_dags/example_complex.py
[2022-05-15 16:52:04,566] {logging_mixin.py:104} INFO - [2022-05-15 16:52:04,566] {dag.py:1833} INFO - Sync 1 DAGs
[2022-05-15 16:52:04,574] {logging_mixin.py:104} INFO - [2022-05-15 16:52:04,574] {dag.py:2306} INFO - Setting next_dagrun for example_complex to None
[2022-05-15 16:52:04,583] {scheduler_job.py:190} INFO - Processing /home/airflow/.local/lib/python3.8/site-packages/airflow/example_dags/example_complex.py took 0.061 seconds
[2022-05-15 16:52:35,510] {scheduler_job.py:182} INFO - Started process (PID=628) to work on /home/airflow/.local/lib/python3.8/site-packages/airflow/example_dags/example_complex.py
[2022-05-15 16:52:35,511] {scheduler_job.py:633} INFO - Processing file /home/airflow/.local/lib/python3.8/site-packages/airflow/example_dags/example_complex.py for tasks to queue
[2022-05-15 16:52:35,512] {logging_mixin.py:104} INFO - [2022-05-15 16:52:35,512] {dagbag.py:496} INFO - Filling up the DagBag from /home/airflow/.local/lib/python3.8/site-packages/airflow/example_dags/example_complex.py
[2022-05-15 16:52:35,536] {scheduler_job.py:643} INFO - DAG(s) dict_keys(['example_complex']) retrieved from /home/airflow/.local/lib/python3.8/site-packages/airflow/example_dags/example_complex.py
[2022-05-15 16:52:35,604] {logging_mixin.py:104} INFO - [2022-05-15 16:52:35,603] {dag.py:1833} INFO - Sync 1 DAGs
[2022-05-15 16:52:35,639] {logging_mixin.py:104} INFO - [2022-05-15 16:52:35,639] {dag.py:2306} INFO - Setting next_dagrun for example_complex to None
[2022-05-15 16:52:35,676] {scheduler_job.py:190} INFO - Processing /home/airflow/.local/lib/python3.8/site-packages/airflow/example_dags/example_complex.py took 0.170 seconds
[2022-05-15 16:53:06,435] {scheduler_job.py:182} INFO - Started process (PID=667) to work on /home/airflow/.local/lib/python3.8/site-packages/airflow/example_dags/example_complex.py
[2022-05-15 16:53:06,437] {scheduler_job.py:633} INFO - Processing file /home/airflow/.local/lib/python3.8/site-packages/airflow/example_dags/example_complex.py for tasks to queue
[2022-05-15 16:53:06,438] {logging_mixin.py:104} INFO - [2022-05-15 16:53:06,438] {dagbag.py:496} INFO - Filling up the DagBag from /home/airflow/.local/lib/python3.8/site-packages/airflow/example_dags/example_complex.py
[2022-05-15 16:53:06,465] {scheduler_job.py:643} INFO - DAG(s) dict_keys(['example_complex']) retrieved from /home/airflow/.local/lib/python3.8/site-packages/airflow/example_dags/example_complex.py
[2022-05-15 16:53:06,486] {logging_mixin.py:104} INFO - [2022-05-15 16:53:06,486] {dag.py:1833} INFO - Sync 1 DAGs
[2022-05-15 16:53:06,492] {logging_mixin.py:104} INFO - [2022-05-15 16:53:06,492] {dag.py:2306} INFO - Setting next_dagrun for example_complex to None
[2022-05-15 16:53:06,504] {scheduler_job.py:190} INFO - Processing /home/airflow/.local/lib/python3.8/site-packages/airflow/example_dags/example_complex.py took 0.075 seconds
[2022-05-15 16:53:37,401] {scheduler_job.py:182} INFO - Started process (PID=706) to work on /home/airflow/.local/lib/python3.8/site-packages/airflow/example_dags/example_complex.py
[2022-05-15 16:53:37,402] {scheduler_job.py:633} INFO - Processing file /home/airflow/.local/lib/python3.8/site-packages/airflow/example_dags/example_complex.py for tasks to queue
[2022-05-15 16:53:37,402] {logging_mixin.py:104} INFO - [2022-05-15 16:53:37,402] {dagbag.py:496} INFO - Filling up the DagBag from /home/airflow/.local/lib/python3.8/site-packages/airflow/example_dags/example_complex.py
[2022-05-15 16:53:37,415] {scheduler_job.py:643} INFO - DAG(s) dict_keys(['example_complex']) retrieved from /home/airflow/.local/lib/python3.8/site-packages/airflow/example_dags/example_complex.py
[2022-05-15 16:53:37,434] {logging_mixin.py:104} INFO - [2022-05-15 16:53:37,434] {dag.py:1833} INFO - Sync 1 DAGs
[2022-05-15 16:53:37,442] {logging_mixin.py:104} INFO - [2022-05-15 16:53:37,442] {dag.py:2306} INFO - Setting next_dagrun for example_complex to None
[2022-05-15 16:53:37,451] {scheduler_job.py:190} INFO - Processing /home/airflow/.local/lib/python3.8/site-packages/airflow/example_dags/example_complex.py took 0.052 seconds
[2022-05-15 16:54:07,985] {scheduler_job.py:182} INFO - Started process (PID=745) to work on /home/airflow/.local/lib/python3.8/site-packages/airflow/example_dags/example_complex.py
[2022-05-15 16:54:07,987] {scheduler_job.py:633} INFO - Processing file /home/airflow/.local/lib/python3.8/site-packages/airflow/example_dags/example_complex.py for tasks to queue
[2022-05-15 16:54:07,988] {logging_mixin.py:104} INFO - [2022-05-15 16:54:07,988] {dagbag.py:496} INFO - Filling up the DagBag from /home/airflow/.local/lib/python3.8/site-packages/airflow/example_dags/example_complex.py
[2022-05-15 16:54:08,015] {scheduler_job.py:643} INFO - DAG(s) dict_keys(['example_complex']) retrieved from /home/airflow/.local/lib/python3.8/site-packages/airflow/example_dags/example_complex.py
[2022-05-15 16:54:08,056] {logging_mixin.py:104} INFO - [2022-05-15 16:54:08,056] {dag.py:1833} INFO - Sync 1 DAGs
[2022-05-15 16:54:08,067] {logging_mixin.py:104} INFO - [2022-05-15 16:54:08,067] {dag.py:2306} INFO - Setting next_dagrun for example_complex to None
[2022-05-15 16:54:08,152] {scheduler_job.py:190} INFO - Processing /home/airflow/.local/lib/python3.8/site-packages/airflow/example_dags/example_complex.py took 0.171 seconds
[2022-05-15 16:54:38,941] {scheduler_job.py:182} INFO - Started process (PID=784) to work on /home/airflow/.local/lib/python3.8/site-packages/airflow/example_dags/example_complex.py
[2022-05-15 16:54:38,942] {scheduler_job.py:633} INFO - Processing file /home/airflow/.local/lib/python3.8/site-packages/airflow/example_dags/example_complex.py for tasks to queue
[2022-05-15 16:54:38,943] {logging_mixin.py:104} INFO - [2022-05-15 16:54:38,943] {dagbag.py:496} INFO - Filling up the DagBag from /home/airflow/.local/lib/python3.8/site-packages/airflow/example_dags/example_complex.py
[2022-05-15 16:54:38,957] {scheduler_job.py:643} INFO - DAG(s) dict_keys(['example_complex']) retrieved from /home/airflow/.local/lib/python3.8/site-packages/airflow/example_dags/example_complex.py
[2022-05-15 16:54:38,988] {logging_mixin.py:104} INFO - [2022-05-15 16:54:38,988] {dag.py:1833} INFO - Sync 1 DAGs
[2022-05-15 16:54:39,004] {logging_mixin.py:104} INFO - [2022-05-15 16:54:39,003] {dag.py:2306} INFO - Setting next_dagrun for example_complex to None
[2022-05-15 16:54:39,013] {scheduler_job.py:190} INFO - Processing /home/airflow/.local/lib/python3.8/site-packages/airflow/example_dags/example_complex.py took 0.076 seconds
[2022-05-15 16:55:46,812] {scheduler_job.py:182} INFO - Started process (PID=31) to work on /home/airflow/.local/lib/python3.8/site-packages/airflow/example_dags/example_complex.py
[2022-05-15 16:55:46,813] {scheduler_job.py:633} INFO - Processing file /home/airflow/.local/lib/python3.8/site-packages/airflow/example_dags/example_complex.py for tasks to queue
[2022-05-15 16:55:46,814] {logging_mixin.py:104} INFO - [2022-05-15 16:55:46,814] {dagbag.py:496} INFO - Filling up the DagBag from /home/airflow/.local/lib/python3.8/site-packages/airflow/example_dags/example_complex.py
[2022-05-15 16:55:46,826] {scheduler_job.py:643} INFO - DAG(s) dict_keys(['example_complex']) retrieved from /home/airflow/.local/lib/python3.8/site-packages/airflow/example_dags/example_complex.py
[2022-05-15 16:55:46,849] {logging_mixin.py:104} INFO - [2022-05-15 16:55:46,849] {dag.py:1833} INFO - Sync 1 DAGs
[2022-05-15 16:55:46,858] {logging_mixin.py:104} INFO - [2022-05-15 16:55:46,858] {dag.py:2306} INFO - Setting next_dagrun for example_complex to None
[2022-05-15 16:55:46,869] {scheduler_job.py:190} INFO - Processing /home/airflow/.local/lib/python3.8/site-packages/airflow/example_dags/example_complex.py took 0.061 seconds
[2022-05-15 16:56:17,086] {scheduler_job.py:182} INFO - Started process (PID=62) to work on /home/airflow/.local/lib/python3.8/site-packages/airflow/example_dags/example_complex.py
[2022-05-15 16:56:17,087] {scheduler_job.py:633} INFO - Processing file /home/airflow/.local/lib/python3.8/site-packages/airflow/example_dags/example_complex.py for tasks to queue
[2022-05-15 16:56:17,087] {logging_mixin.py:104} INFO - [2022-05-15 16:56:17,087] {dagbag.py:496} INFO - Filling up the DagBag from /home/airflow/.local/lib/python3.8/site-packages/airflow/example_dags/example_complex.py
[2022-05-15 16:56:17,097] {scheduler_job.py:643} INFO - DAG(s) dict_keys(['example_complex']) retrieved from /home/airflow/.local/lib/python3.8/site-packages/airflow/example_dags/example_complex.py
[2022-05-15 16:56:17,117] {logging_mixin.py:104} INFO - [2022-05-15 16:56:17,117] {dag.py:1833} INFO - Sync 1 DAGs
[2022-05-15 16:56:17,124] {logging_mixin.py:104} INFO - [2022-05-15 16:56:17,124] {dag.py:2306} INFO - Setting next_dagrun for example_complex to None
[2022-05-15 16:56:17,131] {scheduler_job.py:190} INFO - Processing /home/airflow/.local/lib/python3.8/site-packages/airflow/example_dags/example_complex.py took 0.047 seconds
[2022-05-15 16:56:47,203] {scheduler_job.py:182} INFO - Started process (PID=100) to work on /home/airflow/.local/lib/python3.8/site-packages/airflow/example_dags/example_complex.py
[2022-05-15 16:56:47,204] {scheduler_job.py:633} INFO - Processing file /home/airflow/.local/lib/python3.8/site-packages/airflow/example_dags/example_complex.py for tasks to queue
[2022-05-15 16:56:47,205] {logging_mixin.py:104} INFO - [2022-05-15 16:56:47,205] {dagbag.py:496} INFO - Filling up the DagBag from /home/airflow/.local/lib/python3.8/site-packages/airflow/example_dags/example_complex.py
[2022-05-15 16:56:47,219] {scheduler_job.py:643} INFO - DAG(s) dict_keys(['example_complex']) retrieved from /home/airflow/.local/lib/python3.8/site-packages/airflow/example_dags/example_complex.py
[2022-05-15 16:56:47,237] {logging_mixin.py:104} INFO - [2022-05-15 16:56:47,237] {dag.py:1833} INFO - Sync 1 DAGs
[2022-05-15 16:56:47,244] {logging_mixin.py:104} INFO - [2022-05-15 16:56:47,244] {dag.py:2306} INFO - Setting next_dagrun for example_complex to None
[2022-05-15 16:56:47,252] {scheduler_job.py:190} INFO - Processing /home/airflow/.local/lib/python3.8/site-packages/airflow/example_dags/example_complex.py took 0.051 seconds
[2022-05-15 16:57:17,420] {scheduler_job.py:182} INFO - Started process (PID=140) to work on /home/airflow/.local/lib/python3.8/site-packages/airflow/example_dags/example_complex.py
[2022-05-15 16:57:17,421] {scheduler_job.py:633} INFO - Processing file /home/airflow/.local/lib/python3.8/site-packages/airflow/example_dags/example_complex.py for tasks to queue
[2022-05-15 16:57:17,421] {logging_mixin.py:104} INFO - [2022-05-15 16:57:17,421] {dagbag.py:496} INFO - Filling up the DagBag from /home/airflow/.local/lib/python3.8/site-packages/airflow/example_dags/example_complex.py
[2022-05-15 16:57:17,433] {scheduler_job.py:643} INFO - DAG(s) dict_keys(['example_complex']) retrieved from /home/airflow/.local/lib/python3.8/site-packages/airflow/example_dags/example_complex.py
[2022-05-15 16:57:17,451] {logging_mixin.py:104} INFO - [2022-05-15 16:57:17,451] {dag.py:1833} INFO - Sync 1 DAGs
[2022-05-15 16:57:17,458] {logging_mixin.py:104} INFO - [2022-05-15 16:57:17,458] {dag.py:2306} INFO - Setting next_dagrun for example_complex to None
[2022-05-15 16:57:17,465] {scheduler_job.py:190} INFO - Processing /home/airflow/.local/lib/python3.8/site-packages/airflow/example_dags/example_complex.py took 0.047 seconds
