[2022-05-15 16:44:57,291] {scheduler_job.py:182} INFO - Started process (PID=35) to work on /home/airflow/.local/lib/python3.8/site-packages/airflow/example_dags/example_task_group_decorator.py
[2022-05-15 16:44:57,292] {scheduler_job.py:633} INFO - Processing file /home/airflow/.local/lib/python3.8/site-packages/airflow/example_dags/example_task_group_decorator.py for tasks to queue
[2022-05-15 16:44:57,292] {logging_mixin.py:104} INFO - [2022-05-15 16:44:57,292] {dagbag.py:496} INFO - Filling up the DagBag from /home/airflow/.local/lib/python3.8/site-packages/airflow/example_dags/example_task_group_decorator.py
[2022-05-15 16:44:57,310] {scheduler_job.py:643} INFO - DAG(s) dict_keys(['example_task_group_decorator']) retrieved from /home/airflow/.local/lib/python3.8/site-packages/airflow/example_dags/example_task_group_decorator.py
[2022-05-15 16:44:57,320] {logging_mixin.py:104} INFO - [2022-05-15 16:44:57,320] {dag.py:1833} INFO - Sync 1 DAGs
[2022-05-15 16:44:57,332] {logging_mixin.py:104} INFO - [2022-05-15 16:44:57,331] {dag.py:2306} INFO - Setting next_dagrun for example_task_group_decorator to 2022-05-13 00:00:00+00:00
[2022-05-15 16:44:57,342] {scheduler_job.py:190} INFO - Processing /home/airflow/.local/lib/python3.8/site-packages/airflow/example_dags/example_task_group_decorator.py took 0.052 seconds
[2022-05-15 16:45:28,481] {scheduler_job.py:182} INFO - Started process (PID=66) to work on /home/airflow/.local/lib/python3.8/site-packages/airflow/example_dags/example_task_group_decorator.py
[2022-05-15 16:45:28,481] {scheduler_job.py:633} INFO - Processing file /home/airflow/.local/lib/python3.8/site-packages/airflow/example_dags/example_task_group_decorator.py for tasks to queue
[2022-05-15 16:45:28,482] {logging_mixin.py:104} INFO - [2022-05-15 16:45:28,482] {dagbag.py:496} INFO - Filling up the DagBag from /home/airflow/.local/lib/python3.8/site-packages/airflow/example_dags/example_task_group_decorator.py
[2022-05-15 16:45:28,509] {scheduler_job.py:643} INFO - DAG(s) dict_keys(['example_task_group_decorator']) retrieved from /home/airflow/.local/lib/python3.8/site-packages/airflow/example_dags/example_task_group_decorator.py
[2022-05-15 16:45:29,004] {logging_mixin.py:104} INFO - [2022-05-15 16:45:29,004] {dag.py:1833} INFO - Sync 1 DAGs
[2022-05-15 16:45:29,196] {logging_mixin.py:104} INFO - [2022-05-15 16:45:29,195] {dag.py:2306} INFO - Setting next_dagrun for example_task_group_decorator to 2022-05-13 00:00:00+00:00
[2022-05-15 16:45:29,218] {scheduler_job.py:190} INFO - Processing /home/airflow/.local/lib/python3.8/site-packages/airflow/example_dags/example_task_group_decorator.py took 0.741 seconds
[2022-05-15 16:45:59,329] {scheduler_job.py:182} INFO - Started process (PID=105) to work on /home/airflow/.local/lib/python3.8/site-packages/airflow/example_dags/example_task_group_decorator.py
[2022-05-15 16:45:59,330] {scheduler_job.py:633} INFO - Processing file /home/airflow/.local/lib/python3.8/site-packages/airflow/example_dags/example_task_group_decorator.py for tasks to queue
[2022-05-15 16:45:59,330] {logging_mixin.py:104} INFO - [2022-05-15 16:45:59,330] {dagbag.py:496} INFO - Filling up the DagBag from /home/airflow/.local/lib/python3.8/site-packages/airflow/example_dags/example_task_group_decorator.py
[2022-05-15 16:45:59,345] {scheduler_job.py:643} INFO - DAG(s) dict_keys(['example_task_group_decorator']) retrieved from /home/airflow/.local/lib/python3.8/site-packages/airflow/example_dags/example_task_group_decorator.py
[2022-05-15 16:45:59,488] {logging_mixin.py:104} INFO - [2022-05-15 16:45:59,488] {dag.py:1833} INFO - Sync 1 DAGs
[2022-05-15 16:45:59,543] {logging_mixin.py:104} INFO - [2022-05-15 16:45:59,543] {dag.py:2306} INFO - Setting next_dagrun for example_task_group_decorator to 2022-05-13 00:00:00+00:00
[2022-05-15 16:45:59,555] {scheduler_job.py:190} INFO - Processing /home/airflow/.local/lib/python3.8/site-packages/airflow/example_dags/example_task_group_decorator.py took 0.227 seconds
[2022-05-15 16:46:30,120] {scheduler_job.py:182} INFO - Started process (PID=144) to work on /home/airflow/.local/lib/python3.8/site-packages/airflow/example_dags/example_task_group_decorator.py
[2022-05-15 16:46:30,123] {scheduler_job.py:633} INFO - Processing file /home/airflow/.local/lib/python3.8/site-packages/airflow/example_dags/example_task_group_decorator.py for tasks to queue
[2022-05-15 16:46:30,126] {logging_mixin.py:104} INFO - [2022-05-15 16:46:30,125] {dagbag.py:496} INFO - Filling up the DagBag from /home/airflow/.local/lib/python3.8/site-packages/airflow/example_dags/example_task_group_decorator.py
[2022-05-15 16:46:30,179] {scheduler_job.py:643} INFO - DAG(s) dict_keys(['example_task_group_decorator']) retrieved from /home/airflow/.local/lib/python3.8/site-packages/airflow/example_dags/example_task_group_decorator.py
[2022-05-15 16:46:30,536] {logging_mixin.py:104} INFO - [2022-05-15 16:46:30,535] {dag.py:1833} INFO - Sync 1 DAGs
[2022-05-15 16:46:30,665] {logging_mixin.py:104} INFO - [2022-05-15 16:46:30,664] {dag.py:2306} INFO - Setting next_dagrun for example_task_group_decorator to 2022-05-13 00:00:00+00:00
[2022-05-15 16:46:30,692] {scheduler_job.py:190} INFO - Processing /home/airflow/.local/lib/python3.8/site-packages/airflow/example_dags/example_task_group_decorator.py took 0.582 seconds
[2022-05-15 16:47:00,839] {scheduler_job.py:182} INFO - Started process (PID=183) to work on /home/airflow/.local/lib/python3.8/site-packages/airflow/example_dags/example_task_group_decorator.py
[2022-05-15 16:47:00,841] {scheduler_job.py:633} INFO - Processing file /home/airflow/.local/lib/python3.8/site-packages/airflow/example_dags/example_task_group_decorator.py for tasks to queue
[2022-05-15 16:47:00,841] {logging_mixin.py:104} INFO - [2022-05-15 16:47:00,841] {dagbag.py:496} INFO - Filling up the DagBag from /home/airflow/.local/lib/python3.8/site-packages/airflow/example_dags/example_task_group_decorator.py
[2022-05-15 16:47:00,873] {scheduler_job.py:643} INFO - DAG(s) dict_keys(['example_task_group_decorator']) retrieved from /home/airflow/.local/lib/python3.8/site-packages/airflow/example_dags/example_task_group_decorator.py
[2022-05-15 16:47:01,064] {logging_mixin.py:104} INFO - [2022-05-15 16:47:01,064] {dag.py:1833} INFO - Sync 1 DAGs
[2022-05-15 16:47:01,127] {logging_mixin.py:104} INFO - [2022-05-15 16:47:01,127] {dag.py:2306} INFO - Setting next_dagrun for example_task_group_decorator to 2022-05-13 00:00:00+00:00
[2022-05-15 16:47:01,136] {scheduler_job.py:190} INFO - Processing /home/airflow/.local/lib/python3.8/site-packages/airflow/example_dags/example_task_group_decorator.py took 0.301 seconds
[2022-05-15 16:47:31,579] {scheduler_job.py:182} INFO - Started process (PID=222) to work on /home/airflow/.local/lib/python3.8/site-packages/airflow/example_dags/example_task_group_decorator.py
[2022-05-15 16:47:31,581] {scheduler_job.py:633} INFO - Processing file /home/airflow/.local/lib/python3.8/site-packages/airflow/example_dags/example_task_group_decorator.py for tasks to queue
[2022-05-15 16:47:31,582] {logging_mixin.py:104} INFO - [2022-05-15 16:47:31,582] {dagbag.py:496} INFO - Filling up the DagBag from /home/airflow/.local/lib/python3.8/site-packages/airflow/example_dags/example_task_group_decorator.py
[2022-05-15 16:47:31,611] {scheduler_job.py:643} INFO - DAG(s) dict_keys(['example_task_group_decorator']) retrieved from /home/airflow/.local/lib/python3.8/site-packages/airflow/example_dags/example_task_group_decorator.py
[2022-05-15 16:47:31,967] {logging_mixin.py:104} INFO - [2022-05-15 16:47:31,967] {dag.py:1833} INFO - Sync 1 DAGs
[2022-05-15 16:47:32,109] {logging_mixin.py:104} INFO - [2022-05-15 16:47:32,109] {dag.py:2306} INFO - Setting next_dagrun for example_task_group_decorator to 2022-05-13 00:00:00+00:00
[2022-05-15 16:47:32,120] {scheduler_job.py:190} INFO - Processing /home/airflow/.local/lib/python3.8/site-packages/airflow/example_dags/example_task_group_decorator.py took 0.544 seconds
[2022-05-15 16:48:02,994] {scheduler_job.py:182} INFO - Started process (PID=283) to work on /home/airflow/.local/lib/python3.8/site-packages/airflow/example_dags/example_task_group_decorator.py
[2022-05-15 16:48:02,996] {scheduler_job.py:633} INFO - Processing file /home/airflow/.local/lib/python3.8/site-packages/airflow/example_dags/example_task_group_decorator.py for tasks to queue
[2022-05-15 16:48:02,997] {logging_mixin.py:104} INFO - [2022-05-15 16:48:02,997] {dagbag.py:496} INFO - Filling up the DagBag from /home/airflow/.local/lib/python3.8/site-packages/airflow/example_dags/example_task_group_decorator.py
[2022-05-15 16:48:03,034] {scheduler_job.py:643} INFO - DAG(s) dict_keys(['example_task_group_decorator']) retrieved from /home/airflow/.local/lib/python3.8/site-packages/airflow/example_dags/example_task_group_decorator.py
[2022-05-15 16:48:03,199] {logging_mixin.py:104} INFO - [2022-05-15 16:48:03,198] {dag.py:1833} INFO - Sync 1 DAGs
[2022-05-15 16:48:03,270] {logging_mixin.py:104} INFO - [2022-05-15 16:48:03,270] {dag.py:2306} INFO - Setting next_dagrun for example_task_group_decorator to 2022-05-13 00:00:00+00:00
[2022-05-15 16:48:03,291] {scheduler_job.py:190} INFO - Processing /home/airflow/.local/lib/python3.8/site-packages/airflow/example_dags/example_task_group_decorator.py took 0.304 seconds
[2022-05-15 16:48:33,705] {scheduler_job.py:182} INFO - Started process (PID=322) to work on /home/airflow/.local/lib/python3.8/site-packages/airflow/example_dags/example_task_group_decorator.py
[2022-05-15 16:48:33,706] {scheduler_job.py:633} INFO - Processing file /home/airflow/.local/lib/python3.8/site-packages/airflow/example_dags/example_task_group_decorator.py for tasks to queue
[2022-05-15 16:48:33,707] {logging_mixin.py:104} INFO - [2022-05-15 16:48:33,707] {dagbag.py:496} INFO - Filling up the DagBag from /home/airflow/.local/lib/python3.8/site-packages/airflow/example_dags/example_task_group_decorator.py
[2022-05-15 16:48:33,737] {scheduler_job.py:643} INFO - DAG(s) dict_keys(['example_task_group_decorator']) retrieved from /home/airflow/.local/lib/python3.8/site-packages/airflow/example_dags/example_task_group_decorator.py
[2022-05-15 16:48:33,949] {logging_mixin.py:104} INFO - [2022-05-15 16:48:33,949] {dag.py:1833} INFO - Sync 1 DAGs
[2022-05-15 16:48:34,001] {logging_mixin.py:104} INFO - [2022-05-15 16:48:34,001] {dag.py:2306} INFO - Setting next_dagrun for example_task_group_decorator to 2022-05-13 00:00:00+00:00
[2022-05-15 16:48:34,010] {scheduler_job.py:190} INFO - Processing /home/airflow/.local/lib/python3.8/site-packages/airflow/example_dags/example_task_group_decorator.py took 0.306 seconds
[2022-05-15 16:49:04,366] {scheduler_job.py:182} INFO - Started process (PID=361) to work on /home/airflow/.local/lib/python3.8/site-packages/airflow/example_dags/example_task_group_decorator.py
[2022-05-15 16:49:04,366] {scheduler_job.py:633} INFO - Processing file /home/airflow/.local/lib/python3.8/site-packages/airflow/example_dags/example_task_group_decorator.py for tasks to queue
[2022-05-15 16:49:04,367] {logging_mixin.py:104} INFO - [2022-05-15 16:49:04,367] {dagbag.py:496} INFO - Filling up the DagBag from /home/airflow/.local/lib/python3.8/site-packages/airflow/example_dags/example_task_group_decorator.py
[2022-05-15 16:49:04,385] {scheduler_job.py:643} INFO - DAG(s) dict_keys(['example_task_group_decorator']) retrieved from /home/airflow/.local/lib/python3.8/site-packages/airflow/example_dags/example_task_group_decorator.py
[2022-05-15 16:49:04,526] {logging_mixin.py:104} INFO - [2022-05-15 16:49:04,526] {dag.py:1833} INFO - Sync 1 DAGs
[2022-05-15 16:49:04,574] {logging_mixin.py:104} INFO - [2022-05-15 16:49:04,574] {dag.py:2306} INFO - Setting next_dagrun for example_task_group_decorator to 2022-05-13 00:00:00+00:00
[2022-05-15 16:49:04,584] {scheduler_job.py:190} INFO - Processing /home/airflow/.local/lib/python3.8/site-packages/airflow/example_dags/example_task_group_decorator.py took 0.219 seconds
[2022-05-15 16:49:34,608] {scheduler_job.py:182} INFO - Started process (PID=401) to work on /home/airflow/.local/lib/python3.8/site-packages/airflow/example_dags/example_task_group_decorator.py
[2022-05-15 16:49:34,609] {scheduler_job.py:633} INFO - Processing file /home/airflow/.local/lib/python3.8/site-packages/airflow/example_dags/example_task_group_decorator.py for tasks to queue
[2022-05-15 16:49:34,609] {logging_mixin.py:104} INFO - [2022-05-15 16:49:34,609] {dagbag.py:496} INFO - Filling up the DagBag from /home/airflow/.local/lib/python3.8/site-packages/airflow/example_dags/example_task_group_decorator.py
[2022-05-15 16:49:34,625] {scheduler_job.py:643} INFO - DAG(s) dict_keys(['example_task_group_decorator']) retrieved from /home/airflow/.local/lib/python3.8/site-packages/airflow/example_dags/example_task_group_decorator.py
[2022-05-15 16:49:34,807] {logging_mixin.py:104} INFO - [2022-05-15 16:49:34,807] {dag.py:1833} INFO - Sync 1 DAGs
[2022-05-15 16:49:34,812] {logging_mixin.py:104} INFO - [2022-05-15 16:49:34,812] {dag.py:2306} INFO - Setting next_dagrun for example_task_group_decorator to 2022-05-13 00:00:00+00:00
[2022-05-15 16:49:34,823] {scheduler_job.py:190} INFO - Processing /home/airflow/.local/lib/python3.8/site-packages/airflow/example_dags/example_task_group_decorator.py took 0.217 seconds
[2022-05-15 16:50:04,891] {scheduler_job.py:182} INFO - Started process (PID=439) to work on /home/airflow/.local/lib/python3.8/site-packages/airflow/example_dags/example_task_group_decorator.py
[2022-05-15 16:50:04,892] {scheduler_job.py:633} INFO - Processing file /home/airflow/.local/lib/python3.8/site-packages/airflow/example_dags/example_task_group_decorator.py for tasks to queue
[2022-05-15 16:50:04,892] {logging_mixin.py:104} INFO - [2022-05-15 16:50:04,892] {dagbag.py:496} INFO - Filling up the DagBag from /home/airflow/.local/lib/python3.8/site-packages/airflow/example_dags/example_task_group_decorator.py
[2022-05-15 16:50:04,912] {scheduler_job.py:643} INFO - DAG(s) dict_keys(['example_task_group_decorator']) retrieved from /home/airflow/.local/lib/python3.8/site-packages/airflow/example_dags/example_task_group_decorator.py
[2022-05-15 16:50:05,110] {logging_mixin.py:104} INFO - [2022-05-15 16:50:05,110] {dag.py:1833} INFO - Sync 1 DAGs
[2022-05-15 16:50:05,115] {logging_mixin.py:104} INFO - [2022-05-15 16:50:05,115] {dag.py:2306} INFO - Setting next_dagrun for example_task_group_decorator to 2022-05-13 00:00:00+00:00
[2022-05-15 16:50:05,137] {scheduler_job.py:190} INFO - Processing /home/airflow/.local/lib/python3.8/site-packages/airflow/example_dags/example_task_group_decorator.py took 0.248 seconds
[2022-05-15 16:50:35,794] {scheduler_job.py:182} INFO - Started process (PID=478) to work on /home/airflow/.local/lib/python3.8/site-packages/airflow/example_dags/example_task_group_decorator.py
[2022-05-15 16:50:35,796] {scheduler_job.py:633} INFO - Processing file /home/airflow/.local/lib/python3.8/site-packages/airflow/example_dags/example_task_group_decorator.py for tasks to queue
[2022-05-15 16:50:35,798] {logging_mixin.py:104} INFO - [2022-05-15 16:50:35,797] {dagbag.py:496} INFO - Filling up the DagBag from /home/airflow/.local/lib/python3.8/site-packages/airflow/example_dags/example_task_group_decorator.py
[2022-05-15 16:50:35,830] {scheduler_job.py:643} INFO - DAG(s) dict_keys(['example_task_group_decorator']) retrieved from /home/airflow/.local/lib/python3.8/site-packages/airflow/example_dags/example_task_group_decorator.py
[2022-05-15 16:50:36,020] {logging_mixin.py:104} INFO - [2022-05-15 16:50:36,020] {dag.py:1833} INFO - Sync 1 DAGs
[2022-05-15 16:50:36,026] {logging_mixin.py:104} INFO - [2022-05-15 16:50:36,026] {dag.py:2306} INFO - Setting next_dagrun for example_task_group_decorator to 2022-05-13 00:00:00+00:00
[2022-05-15 16:50:36,036] {scheduler_job.py:190} INFO - Processing /home/airflow/.local/lib/python3.8/site-packages/airflow/example_dags/example_task_group_decorator.py took 0.248 seconds
[2022-05-15 16:51:06,584] {scheduler_job.py:182} INFO - Started process (PID=517) to work on /home/airflow/.local/lib/python3.8/site-packages/airflow/example_dags/example_task_group_decorator.py
[2022-05-15 16:51:06,587] {scheduler_job.py:633} INFO - Processing file /home/airflow/.local/lib/python3.8/site-packages/airflow/example_dags/example_task_group_decorator.py for tasks to queue
[2022-05-15 16:51:06,589] {logging_mixin.py:104} INFO - [2022-05-15 16:51:06,589] {dagbag.py:496} INFO - Filling up the DagBag from /home/airflow/.local/lib/python3.8/site-packages/airflow/example_dags/example_task_group_decorator.py
[2022-05-15 16:51:06,660] {scheduler_job.py:643} INFO - DAG(s) dict_keys(['example_task_group_decorator']) retrieved from /home/airflow/.local/lib/python3.8/site-packages/airflow/example_dags/example_task_group_decorator.py
[2022-05-15 16:51:07,282] {logging_mixin.py:104} INFO - [2022-05-15 16:51:07,282] {dag.py:1833} INFO - Sync 1 DAGs
[2022-05-15 16:51:07,298] {logging_mixin.py:104} INFO - [2022-05-15 16:51:07,297] {dag.py:2306} INFO - Setting next_dagrun for example_task_group_decorator to 2022-05-13 00:00:00+00:00
[2022-05-15 16:51:07,321] {scheduler_job.py:190} INFO - Processing /home/airflow/.local/lib/python3.8/site-packages/airflow/example_dags/example_task_group_decorator.py took 0.747 seconds
[2022-05-15 16:51:37,930] {scheduler_job.py:182} INFO - Started process (PID=557) to work on /home/airflow/.local/lib/python3.8/site-packages/airflow/example_dags/example_task_group_decorator.py
[2022-05-15 16:51:37,934] {scheduler_job.py:633} INFO - Processing file /home/airflow/.local/lib/python3.8/site-packages/airflow/example_dags/example_task_group_decorator.py for tasks to queue
[2022-05-15 16:51:37,935] {logging_mixin.py:104} INFO - [2022-05-15 16:51:37,935] {dagbag.py:496} INFO - Filling up the DagBag from /home/airflow/.local/lib/python3.8/site-packages/airflow/example_dags/example_task_group_decorator.py
[2022-05-15 16:51:37,967] {scheduler_job.py:643} INFO - DAG(s) dict_keys(['example_task_group_decorator']) retrieved from /home/airflow/.local/lib/python3.8/site-packages/airflow/example_dags/example_task_group_decorator.py
[2022-05-15 16:51:38,184] {logging_mixin.py:104} INFO - [2022-05-15 16:51:38,184] {dag.py:1833} INFO - Sync 1 DAGs
[2022-05-15 16:51:38,189] {logging_mixin.py:104} INFO - [2022-05-15 16:51:38,189] {dag.py:2306} INFO - Setting next_dagrun for example_task_group_decorator to 2022-05-13 00:00:00+00:00
[2022-05-15 16:51:38,198] {scheduler_job.py:190} INFO - Processing /home/airflow/.local/lib/python3.8/site-packages/airflow/example_dags/example_task_group_decorator.py took 0.276 seconds
[2022-05-15 16:52:08,803] {scheduler_job.py:182} INFO - Started process (PID=596) to work on /home/airflow/.local/lib/python3.8/site-packages/airflow/example_dags/example_task_group_decorator.py
[2022-05-15 16:52:08,804] {scheduler_job.py:633} INFO - Processing file /home/airflow/.local/lib/python3.8/site-packages/airflow/example_dags/example_task_group_decorator.py for tasks to queue
[2022-05-15 16:52:08,805] {logging_mixin.py:104} INFO - [2022-05-15 16:52:08,805] {dagbag.py:496} INFO - Filling up the DagBag from /home/airflow/.local/lib/python3.8/site-packages/airflow/example_dags/example_task_group_decorator.py
[2022-05-15 16:52:08,826] {scheduler_job.py:643} INFO - DAG(s) dict_keys(['example_task_group_decorator']) retrieved from /home/airflow/.local/lib/python3.8/site-packages/airflow/example_dags/example_task_group_decorator.py
[2022-05-15 16:52:09,063] {logging_mixin.py:104} INFO - [2022-05-15 16:52:09,063] {dag.py:1833} INFO - Sync 1 DAGs
[2022-05-15 16:52:09,068] {logging_mixin.py:104} INFO - [2022-05-15 16:52:09,068] {dag.py:2306} INFO - Setting next_dagrun for example_task_group_decorator to 2022-05-13 00:00:00+00:00
[2022-05-15 16:52:09,076] {scheduler_job.py:190} INFO - Processing /home/airflow/.local/lib/python3.8/site-packages/airflow/example_dags/example_task_group_decorator.py took 0.277 seconds
[2022-05-15 16:52:40,027] {scheduler_job.py:182} INFO - Started process (PID=636) to work on /home/airflow/.local/lib/python3.8/site-packages/airflow/example_dags/example_task_group_decorator.py
[2022-05-15 16:52:40,029] {scheduler_job.py:633} INFO - Processing file /home/airflow/.local/lib/python3.8/site-packages/airflow/example_dags/example_task_group_decorator.py for tasks to queue
[2022-05-15 16:52:40,030] {logging_mixin.py:104} INFO - [2022-05-15 16:52:40,030] {dagbag.py:496} INFO - Filling up the DagBag from /home/airflow/.local/lib/python3.8/site-packages/airflow/example_dags/example_task_group_decorator.py
[2022-05-15 16:52:40,065] {scheduler_job.py:643} INFO - DAG(s) dict_keys(['example_task_group_decorator']) retrieved from /home/airflow/.local/lib/python3.8/site-packages/airflow/example_dags/example_task_group_decorator.py
[2022-05-15 16:52:40,349] {logging_mixin.py:104} INFO - [2022-05-15 16:52:40,349] {dag.py:1833} INFO - Sync 1 DAGs
[2022-05-15 16:52:40,355] {logging_mixin.py:104} INFO - [2022-05-15 16:52:40,355] {dag.py:2306} INFO - Setting next_dagrun for example_task_group_decorator to 2022-05-13 00:00:00+00:00
[2022-05-15 16:52:40,364] {scheduler_job.py:190} INFO - Processing /home/airflow/.local/lib/python3.8/site-packages/airflow/example_dags/example_task_group_decorator.py took 0.344 seconds
[2022-05-15 16:53:10,788] {scheduler_job.py:182} INFO - Started process (PID=676) to work on /home/airflow/.local/lib/python3.8/site-packages/airflow/example_dags/example_task_group_decorator.py
[2022-05-15 16:53:10,788] {scheduler_job.py:633} INFO - Processing file /home/airflow/.local/lib/python3.8/site-packages/airflow/example_dags/example_task_group_decorator.py for tasks to queue
[2022-05-15 16:53:10,788] {logging_mixin.py:104} INFO - [2022-05-15 16:53:10,788] {dagbag.py:496} INFO - Filling up the DagBag from /home/airflow/.local/lib/python3.8/site-packages/airflow/example_dags/example_task_group_decorator.py
[2022-05-15 16:53:10,806] {scheduler_job.py:643} INFO - DAG(s) dict_keys(['example_task_group_decorator']) retrieved from /home/airflow/.local/lib/python3.8/site-packages/airflow/example_dags/example_task_group_decorator.py
[2022-05-15 16:53:11,035] {logging_mixin.py:104} INFO - [2022-05-15 16:53:11,035] {dag.py:1833} INFO - Sync 1 DAGs
[2022-05-15 16:53:11,040] {logging_mixin.py:104} INFO - [2022-05-15 16:53:11,040] {dag.py:2306} INFO - Setting next_dagrun for example_task_group_decorator to 2022-05-13 00:00:00+00:00
[2022-05-15 16:53:11,048] {scheduler_job.py:190} INFO - Processing /home/airflow/.local/lib/python3.8/site-packages/airflow/example_dags/example_task_group_decorator.py took 0.263 seconds
[2022-05-15 16:53:41,629] {scheduler_job.py:182} INFO - Started process (PID=715) to work on /home/airflow/.local/lib/python3.8/site-packages/airflow/example_dags/example_task_group_decorator.py
[2022-05-15 16:53:41,630] {scheduler_job.py:633} INFO - Processing file /home/airflow/.local/lib/python3.8/site-packages/airflow/example_dags/example_task_group_decorator.py for tasks to queue
[2022-05-15 16:53:41,630] {logging_mixin.py:104} INFO - [2022-05-15 16:53:41,630] {dagbag.py:496} INFO - Filling up the DagBag from /home/airflow/.local/lib/python3.8/site-packages/airflow/example_dags/example_task_group_decorator.py
[2022-05-15 16:53:41,647] {scheduler_job.py:643} INFO - DAG(s) dict_keys(['example_task_group_decorator']) retrieved from /home/airflow/.local/lib/python3.8/site-packages/airflow/example_dags/example_task_group_decorator.py
[2022-05-15 16:53:41,858] {logging_mixin.py:104} INFO - [2022-05-15 16:53:41,858] {dag.py:1833} INFO - Sync 1 DAGs
[2022-05-15 16:53:41,864] {logging_mixin.py:104} INFO - [2022-05-15 16:53:41,864] {dag.py:2306} INFO - Setting next_dagrun for example_task_group_decorator to 2022-05-13 00:00:00+00:00
[2022-05-15 16:53:41,884] {scheduler_job.py:190} INFO - Processing /home/airflow/.local/lib/python3.8/site-packages/airflow/example_dags/example_task_group_decorator.py took 0.257 seconds
[2022-05-15 16:54:12,420] {scheduler_job.py:182} INFO - Started process (PID=754) to work on /home/airflow/.local/lib/python3.8/site-packages/airflow/example_dags/example_task_group_decorator.py
[2022-05-15 16:54:12,422] {scheduler_job.py:633} INFO - Processing file /home/airflow/.local/lib/python3.8/site-packages/airflow/example_dags/example_task_group_decorator.py for tasks to queue
[2022-05-15 16:54:12,423] {logging_mixin.py:104} INFO - [2022-05-15 16:54:12,423] {dagbag.py:496} INFO - Filling up the DagBag from /home/airflow/.local/lib/python3.8/site-packages/airflow/example_dags/example_task_group_decorator.py
[2022-05-15 16:54:12,464] {scheduler_job.py:643} INFO - DAG(s) dict_keys(['example_task_group_decorator']) retrieved from /home/airflow/.local/lib/python3.8/site-packages/airflow/example_dags/example_task_group_decorator.py
[2022-05-15 16:54:13,141] {logging_mixin.py:104} INFO - [2022-05-15 16:54:13,141] {dag.py:1833} INFO - Sync 1 DAGs
[2022-05-15 16:54:13,146] {logging_mixin.py:104} INFO - [2022-05-15 16:54:13,146] {dag.py:2306} INFO - Setting next_dagrun for example_task_group_decorator to 2022-05-13 00:00:00+00:00
[2022-05-15 16:54:13,250] {scheduler_job.py:190} INFO - Processing /home/airflow/.local/lib/python3.8/site-packages/airflow/example_dags/example_task_group_decorator.py took 0.837 seconds
[2022-05-15 16:54:43,283] {scheduler_job.py:182} INFO - Started process (PID=792) to work on /home/airflow/.local/lib/python3.8/site-packages/airflow/example_dags/example_task_group_decorator.py
[2022-05-15 16:54:43,284] {scheduler_job.py:633} INFO - Processing file /home/airflow/.local/lib/python3.8/site-packages/airflow/example_dags/example_task_group_decorator.py for tasks to queue
[2022-05-15 16:54:43,284] {logging_mixin.py:104} INFO - [2022-05-15 16:54:43,284] {dagbag.py:496} INFO - Filling up the DagBag from /home/airflow/.local/lib/python3.8/site-packages/airflow/example_dags/example_task_group_decorator.py
[2022-05-15 16:54:43,300] {scheduler_job.py:643} INFO - DAG(s) dict_keys(['example_task_group_decorator']) retrieved from /home/airflow/.local/lib/python3.8/site-packages/airflow/example_dags/example_task_group_decorator.py
[2022-05-15 16:54:43,468] {logging_mixin.py:104} INFO - [2022-05-15 16:54:43,468] {dag.py:1833} INFO - Sync 1 DAGs
[2022-05-15 16:54:43,473] {logging_mixin.py:104} INFO - [2022-05-15 16:54:43,473] {dag.py:2306} INFO - Setting next_dagrun for example_task_group_decorator to 2022-05-13 00:00:00+00:00
[2022-05-15 16:54:43,497] {scheduler_job.py:190} INFO - Processing /home/airflow/.local/lib/python3.8/site-packages/airflow/example_dags/example_task_group_decorator.py took 0.215 seconds
[2022-05-15 16:55:47,020] {scheduler_job.py:182} INFO - Started process (PID=34) to work on /home/airflow/.local/lib/python3.8/site-packages/airflow/example_dags/example_task_group_decorator.py
[2022-05-15 16:55:47,020] {scheduler_job.py:633} INFO - Processing file /home/airflow/.local/lib/python3.8/site-packages/airflow/example_dags/example_task_group_decorator.py for tasks to queue
[2022-05-15 16:55:47,021] {logging_mixin.py:104} INFO - [2022-05-15 16:55:47,021] {dagbag.py:496} INFO - Filling up the DagBag from /home/airflow/.local/lib/python3.8/site-packages/airflow/example_dags/example_task_group_decorator.py
[2022-05-15 16:55:47,037] {scheduler_job.py:643} INFO - DAG(s) dict_keys(['example_task_group_decorator']) retrieved from /home/airflow/.local/lib/python3.8/site-packages/airflow/example_dags/example_task_group_decorator.py
[2022-05-15 16:55:47,051] {logging_mixin.py:104} INFO - [2022-05-15 16:55:47,051] {dag.py:1833} INFO - Sync 1 DAGs
[2022-05-15 16:55:47,058] {logging_mixin.py:104} INFO - [2022-05-15 16:55:47,058] {dag.py:2306} INFO - Setting next_dagrun for example_task_group_decorator to 2022-05-13 00:00:00+00:00
[2022-05-15 16:55:47,069] {scheduler_job.py:190} INFO - Processing /home/airflow/.local/lib/python3.8/site-packages/airflow/example_dags/example_task_group_decorator.py took 0.051 seconds
[2022-05-15 16:56:17,373] {scheduler_job.py:182} INFO - Started process (PID=73) to work on /home/airflow/.local/lib/python3.8/site-packages/airflow/example_dags/example_task_group_decorator.py
[2022-05-15 16:56:17,373] {scheduler_job.py:633} INFO - Processing file /home/airflow/.local/lib/python3.8/site-packages/airflow/example_dags/example_task_group_decorator.py for tasks to queue
[2022-05-15 16:56:17,374] {logging_mixin.py:104} INFO - [2022-05-15 16:56:17,374] {dagbag.py:496} INFO - Filling up the DagBag from /home/airflow/.local/lib/python3.8/site-packages/airflow/example_dags/example_task_group_decorator.py
[2022-05-15 16:56:17,406] {scheduler_job.py:643} INFO - DAG(s) dict_keys(['example_task_group_decorator']) retrieved from /home/airflow/.local/lib/python3.8/site-packages/airflow/example_dags/example_task_group_decorator.py
[2022-05-15 16:56:17,759] {logging_mixin.py:104} INFO - [2022-05-15 16:56:17,758] {dag.py:1833} INFO - Sync 1 DAGs
[2022-05-15 16:56:17,950] {logging_mixin.py:104} INFO - [2022-05-15 16:56:17,949] {dag.py:2306} INFO - Setting next_dagrun for example_task_group_decorator to 2022-05-13 00:00:00+00:00
[2022-05-15 16:56:17,964] {scheduler_job.py:190} INFO - Processing /home/airflow/.local/lib/python3.8/site-packages/airflow/example_dags/example_task_group_decorator.py took 0.594 seconds
[2022-05-15 16:56:48,485] {scheduler_job.py:182} INFO - Started process (PID=112) to work on /home/airflow/.local/lib/python3.8/site-packages/airflow/example_dags/example_task_group_decorator.py
[2022-05-15 16:56:48,485] {scheduler_job.py:633} INFO - Processing file /home/airflow/.local/lib/python3.8/site-packages/airflow/example_dags/example_task_group_decorator.py for tasks to queue
[2022-05-15 16:56:48,486] {logging_mixin.py:104} INFO - [2022-05-15 16:56:48,486] {dagbag.py:496} INFO - Filling up the DagBag from /home/airflow/.local/lib/python3.8/site-packages/airflow/example_dags/example_task_group_decorator.py
[2022-05-15 16:56:48,499] {scheduler_job.py:643} INFO - DAG(s) dict_keys(['example_task_group_decorator']) retrieved from /home/airflow/.local/lib/python3.8/site-packages/airflow/example_dags/example_task_group_decorator.py
[2022-05-15 16:56:48,644] {logging_mixin.py:104} INFO - [2022-05-15 16:56:48,644] {dag.py:1833} INFO - Sync 1 DAGs
[2022-05-15 16:56:48,716] {logging_mixin.py:104} INFO - [2022-05-15 16:56:48,716] {dag.py:2306} INFO - Setting next_dagrun for example_task_group_decorator to 2022-05-13 00:00:00+00:00
[2022-05-15 16:56:48,725] {scheduler_job.py:190} INFO - Processing /home/airflow/.local/lib/python3.8/site-packages/airflow/example_dags/example_task_group_decorator.py took 0.242 seconds
[2022-05-15 16:57:19,677] {scheduler_job.py:182} INFO - Started process (PID=151) to work on /home/airflow/.local/lib/python3.8/site-packages/airflow/example_dags/example_task_group_decorator.py
[2022-05-15 16:57:19,678] {scheduler_job.py:633} INFO - Processing file /home/airflow/.local/lib/python3.8/site-packages/airflow/example_dags/example_task_group_decorator.py for tasks to queue
[2022-05-15 16:57:19,679] {logging_mixin.py:104} INFO - [2022-05-15 16:57:19,679] {dagbag.py:496} INFO - Filling up the DagBag from /home/airflow/.local/lib/python3.8/site-packages/airflow/example_dags/example_task_group_decorator.py
[2022-05-15 16:57:19,723] {scheduler_job.py:643} INFO - DAG(s) dict_keys(['example_task_group_decorator']) retrieved from /home/airflow/.local/lib/python3.8/site-packages/airflow/example_dags/example_task_group_decorator.py
[2022-05-15 16:57:20,118] {logging_mixin.py:104} INFO - [2022-05-15 16:57:20,118] {dag.py:1833} INFO - Sync 1 DAGs
[2022-05-15 16:57:20,312] {logging_mixin.py:104} INFO - [2022-05-15 16:57:20,312] {dag.py:2306} INFO - Setting next_dagrun for example_task_group_decorator to 2022-05-13 00:00:00+00:00
[2022-05-15 16:57:20,343] {scheduler_job.py:190} INFO - Processing /home/airflow/.local/lib/python3.8/site-packages/airflow/example_dags/example_task_group_decorator.py took 0.673 seconds
