[2022-05-15 16:44:57,151] {scheduler_job.py:182} INFO - Started process (PID=33) to work on /home/airflow/.local/lib/python3.8/site-packages/airflow/example_dags/example_branch_labels.py
[2022-05-15 16:44:57,152] {scheduler_job.py:633} INFO - Processing file /home/airflow/.local/lib/python3.8/site-packages/airflow/example_dags/example_branch_labels.py for tasks to queue
[2022-05-15 16:44:57,152] {logging_mixin.py:104} INFO - [2022-05-15 16:44:57,152] {dagbag.py:496} INFO - Filling up the DagBag from /home/airflow/.local/lib/python3.8/site-packages/airflow/example_dags/example_branch_labels.py
[2022-05-15 16:44:57,164] {scheduler_job.py:643} INFO - DAG(s) dict_keys(['example_branch_labels']) retrieved from /home/airflow/.local/lib/python3.8/site-packages/airflow/example_dags/example_branch_labels.py
[2022-05-15 16:44:57,188] {logging_mixin.py:104} INFO - [2022-05-15 16:44:57,188] {dag.py:1833} INFO - Sync 1 DAGs
[2022-05-15 16:44:57,200] {logging_mixin.py:104} INFO - [2022-05-15 16:44:57,200] {dag.py:2306} INFO - Setting next_dagrun for example_branch_labels to 2022-05-13 00:00:00+00:00
[2022-05-15 16:44:57,208] {scheduler_job.py:190} INFO - Processing /home/airflow/.local/lib/python3.8/site-packages/airflow/example_dags/example_branch_labels.py took 0.059 seconds
[2022-05-15 16:45:28,221] {scheduler_job.py:182} INFO - Started process (PID=64) to work on /home/airflow/.local/lib/python3.8/site-packages/airflow/example_dags/example_branch_labels.py
[2022-05-15 16:45:28,223] {scheduler_job.py:633} INFO - Processing file /home/airflow/.local/lib/python3.8/site-packages/airflow/example_dags/example_branch_labels.py for tasks to queue
[2022-05-15 16:45:28,225] {logging_mixin.py:104} INFO - [2022-05-15 16:45:28,225] {dagbag.py:496} INFO - Filling up the DagBag from /home/airflow/.local/lib/python3.8/site-packages/airflow/example_dags/example_branch_labels.py
[2022-05-15 16:45:28,247] {scheduler_job.py:643} INFO - DAG(s) dict_keys(['example_branch_labels']) retrieved from /home/airflow/.local/lib/python3.8/site-packages/airflow/example_dags/example_branch_labels.py
[2022-05-15 16:45:28,285] {logging_mixin.py:104} INFO - [2022-05-15 16:45:28,285] {dag.py:1833} INFO - Sync 1 DAGs
[2022-05-15 16:45:28,303] {logging_mixin.py:104} INFO - [2022-05-15 16:45:28,303] {dag.py:2306} INFO - Setting next_dagrun for example_branch_labels to 2022-05-13 00:00:00+00:00
[2022-05-15 16:45:28,318] {scheduler_job.py:190} INFO - Processing /home/airflow/.local/lib/python3.8/site-packages/airflow/example_dags/example_branch_labels.py took 0.105 seconds
[2022-05-15 16:45:59,243] {scheduler_job.py:182} INFO - Started process (PID=102) to work on /home/airflow/.local/lib/python3.8/site-packages/airflow/example_dags/example_branch_labels.py
[2022-05-15 16:45:59,245] {scheduler_job.py:633} INFO - Processing file /home/airflow/.local/lib/python3.8/site-packages/airflow/example_dags/example_branch_labels.py for tasks to queue
[2022-05-15 16:45:59,246] {logging_mixin.py:104} INFO - [2022-05-15 16:45:59,246] {dagbag.py:496} INFO - Filling up the DagBag from /home/airflow/.local/lib/python3.8/site-packages/airflow/example_dags/example_branch_labels.py
[2022-05-15 16:45:59,272] {scheduler_job.py:643} INFO - DAG(s) dict_keys(['example_branch_labels']) retrieved from /home/airflow/.local/lib/python3.8/site-packages/airflow/example_dags/example_branch_labels.py
[2022-05-15 16:45:59,294] {logging_mixin.py:104} INFO - [2022-05-15 16:45:59,293] {dag.py:1833} INFO - Sync 1 DAGs
[2022-05-15 16:45:59,302] {logging_mixin.py:104} INFO - [2022-05-15 16:45:59,302] {dag.py:2306} INFO - Setting next_dagrun for example_branch_labels to 2022-05-13 00:00:00+00:00
[2022-05-15 16:45:59,309] {scheduler_job.py:190} INFO - Processing /home/airflow/.local/lib/python3.8/site-packages/airflow/example_dags/example_branch_labels.py took 0.073 seconds
[2022-05-15 16:46:29,764] {scheduler_job.py:182} INFO - Started process (PID=142) to work on /home/airflow/.local/lib/python3.8/site-packages/airflow/example_dags/example_branch_labels.py
[2022-05-15 16:46:29,766] {scheduler_job.py:633} INFO - Processing file /home/airflow/.local/lib/python3.8/site-packages/airflow/example_dags/example_branch_labels.py for tasks to queue
[2022-05-15 16:46:29,768] {logging_mixin.py:104} INFO - [2022-05-15 16:46:29,767] {dagbag.py:496} INFO - Filling up the DagBag from /home/airflow/.local/lib/python3.8/site-packages/airflow/example_dags/example_branch_labels.py
[2022-05-15 16:46:29,801] {scheduler_job.py:643} INFO - DAG(s) dict_keys(['example_branch_labels']) retrieved from /home/airflow/.local/lib/python3.8/site-packages/airflow/example_dags/example_branch_labels.py
[2022-05-15 16:46:29,852] {logging_mixin.py:104} INFO - [2022-05-15 16:46:29,851] {dag.py:1833} INFO - Sync 1 DAGs
[2022-05-15 16:46:29,884] {logging_mixin.py:104} INFO - [2022-05-15 16:46:29,884] {dag.py:2306} INFO - Setting next_dagrun for example_branch_labels to 2022-05-13 00:00:00+00:00
[2022-05-15 16:46:29,907] {scheduler_job.py:190} INFO - Processing /home/airflow/.local/lib/python3.8/site-packages/airflow/example_dags/example_branch_labels.py took 0.147 seconds
[2022-05-15 16:47:00,546] {scheduler_job.py:182} INFO - Started process (PID=181) to work on /home/airflow/.local/lib/python3.8/site-packages/airflow/example_dags/example_branch_labels.py
[2022-05-15 16:47:00,548] {scheduler_job.py:633} INFO - Processing file /home/airflow/.local/lib/python3.8/site-packages/airflow/example_dags/example_branch_labels.py for tasks to queue
[2022-05-15 16:47:00,551] {logging_mixin.py:104} INFO - [2022-05-15 16:47:00,551] {dagbag.py:496} INFO - Filling up the DagBag from /home/airflow/.local/lib/python3.8/site-packages/airflow/example_dags/example_branch_labels.py
[2022-05-15 16:47:00,588] {scheduler_job.py:643} INFO - DAG(s) dict_keys(['example_branch_labels']) retrieved from /home/airflow/.local/lib/python3.8/site-packages/airflow/example_dags/example_branch_labels.py
[2022-05-15 16:47:00,652] {logging_mixin.py:104} INFO - [2022-05-15 16:47:00,651] {dag.py:1833} INFO - Sync 1 DAGs
[2022-05-15 16:47:00,678] {logging_mixin.py:104} INFO - [2022-05-15 16:47:00,677] {dag.py:2306} INFO - Setting next_dagrun for example_branch_labels to 2022-05-13 00:00:00+00:00
[2022-05-15 16:47:00,702] {scheduler_job.py:190} INFO - Processing /home/airflow/.local/lib/python3.8/site-packages/airflow/example_dags/example_branch_labels.py took 0.166 seconds
[2022-05-15 16:47:31,461] {scheduler_job.py:182} INFO - Started process (PID=220) to work on /home/airflow/.local/lib/python3.8/site-packages/airflow/example_dags/example_branch_labels.py
[2022-05-15 16:47:31,462] {scheduler_job.py:633} INFO - Processing file /home/airflow/.local/lib/python3.8/site-packages/airflow/example_dags/example_branch_labels.py for tasks to queue
[2022-05-15 16:47:31,462] {logging_mixin.py:104} INFO - [2022-05-15 16:47:31,462] {dagbag.py:496} INFO - Filling up the DagBag from /home/airflow/.local/lib/python3.8/site-packages/airflow/example_dags/example_branch_labels.py
[2022-05-15 16:47:31,474] {scheduler_job.py:643} INFO - DAG(s) dict_keys(['example_branch_labels']) retrieved from /home/airflow/.local/lib/python3.8/site-packages/airflow/example_dags/example_branch_labels.py
[2022-05-15 16:47:31,507] {logging_mixin.py:104} INFO - [2022-05-15 16:47:31,507] {dag.py:1833} INFO - Sync 1 DAGs
[2022-05-15 16:47:31,522] {logging_mixin.py:104} INFO - [2022-05-15 16:47:31,521] {dag.py:2306} INFO - Setting next_dagrun for example_branch_labels to 2022-05-13 00:00:00+00:00
[2022-05-15 16:47:31,545] {scheduler_job.py:190} INFO - Processing /home/airflow/.local/lib/python3.8/site-packages/airflow/example_dags/example_branch_labels.py took 0.087 seconds
[2022-05-15 16:48:01,788] {scheduler_job.py:182} INFO - Started process (PID=279) to work on /home/airflow/.local/lib/python3.8/site-packages/airflow/example_dags/example_branch_labels.py
[2022-05-15 16:48:01,790] {scheduler_job.py:633} INFO - Processing file /home/airflow/.local/lib/python3.8/site-packages/airflow/example_dags/example_branch_labels.py for tasks to queue
[2022-05-15 16:48:01,791] {logging_mixin.py:104} INFO - [2022-05-15 16:48:01,791] {dagbag.py:496} INFO - Filling up the DagBag from /home/airflow/.local/lib/python3.8/site-packages/airflow/example_dags/example_branch_labels.py
[2022-05-15 16:48:01,807] {scheduler_job.py:643} INFO - DAG(s) dict_keys(['example_branch_labels']) retrieved from /home/airflow/.local/lib/python3.8/site-packages/airflow/example_dags/example_branch_labels.py
[2022-05-15 16:48:01,836] {logging_mixin.py:104} INFO - [2022-05-15 16:48:01,836] {dag.py:1833} INFO - Sync 1 DAGs
[2022-05-15 16:48:01,856] {logging_mixin.py:104} INFO - [2022-05-15 16:48:01,856] {dag.py:2306} INFO - Setting next_dagrun for example_branch_labels to 2022-05-13 00:00:00+00:00
[2022-05-15 16:48:01,882] {scheduler_job.py:190} INFO - Processing /home/airflow/.local/lib/python3.8/site-packages/airflow/example_dags/example_branch_labels.py took 0.101 seconds
[2022-05-15 16:48:32,528] {scheduler_job.py:182} INFO - Started process (PID=318) to work on /home/airflow/.local/lib/python3.8/site-packages/airflow/example_dags/example_branch_labels.py
[2022-05-15 16:48:32,530] {scheduler_job.py:633} INFO - Processing file /home/airflow/.local/lib/python3.8/site-packages/airflow/example_dags/example_branch_labels.py for tasks to queue
[2022-05-15 16:48:32,532] {logging_mixin.py:104} INFO - [2022-05-15 16:48:32,531] {dagbag.py:496} INFO - Filling up the DagBag from /home/airflow/.local/lib/python3.8/site-packages/airflow/example_dags/example_branch_labels.py
[2022-05-15 16:48:32,551] {scheduler_job.py:643} INFO - DAG(s) dict_keys(['example_branch_labels']) retrieved from /home/airflow/.local/lib/python3.8/site-packages/airflow/example_dags/example_branch_labels.py
[2022-05-15 16:48:32,570] {logging_mixin.py:104} INFO - [2022-05-15 16:48:32,570] {dag.py:1833} INFO - Sync 1 DAGs
[2022-05-15 16:48:32,578] {logging_mixin.py:104} INFO - [2022-05-15 16:48:32,578] {dag.py:2306} INFO - Setting next_dagrun for example_branch_labels to 2022-05-13 00:00:00+00:00
[2022-05-15 16:48:32,600] {scheduler_job.py:190} INFO - Processing /home/airflow/.local/lib/python3.8/site-packages/airflow/example_dags/example_branch_labels.py took 0.079 seconds
[2022-05-15 16:49:03,236] {scheduler_job.py:182} INFO - Started process (PID=357) to work on /home/airflow/.local/lib/python3.8/site-packages/airflow/example_dags/example_branch_labels.py
[2022-05-15 16:49:03,237] {scheduler_job.py:633} INFO - Processing file /home/airflow/.local/lib/python3.8/site-packages/airflow/example_dags/example_branch_labels.py for tasks to queue
[2022-05-15 16:49:03,237] {logging_mixin.py:104} INFO - [2022-05-15 16:49:03,237] {dagbag.py:496} INFO - Filling up the DagBag from /home/airflow/.local/lib/python3.8/site-packages/airflow/example_dags/example_branch_labels.py
[2022-05-15 16:49:03,244] {scheduler_job.py:643} INFO - DAG(s) dict_keys(['example_branch_labels']) retrieved from /home/airflow/.local/lib/python3.8/site-packages/airflow/example_dags/example_branch_labels.py
[2022-05-15 16:49:03,259] {logging_mixin.py:104} INFO - [2022-05-15 16:49:03,259] {dag.py:1833} INFO - Sync 1 DAGs
[2022-05-15 16:49:03,271] {logging_mixin.py:104} INFO - [2022-05-15 16:49:03,271] {dag.py:2306} INFO - Setting next_dagrun for example_branch_labels to 2022-05-13 00:00:00+00:00
[2022-05-15 16:49:03,290] {scheduler_job.py:190} INFO - Processing /home/airflow/.local/lib/python3.8/site-packages/airflow/example_dags/example_branch_labels.py took 0.058 seconds
[2022-05-15 16:49:33,411] {scheduler_job.py:182} INFO - Started process (PID=396) to work on /home/airflow/.local/lib/python3.8/site-packages/airflow/example_dags/example_branch_labels.py
[2022-05-15 16:49:33,415] {scheduler_job.py:633} INFO - Processing file /home/airflow/.local/lib/python3.8/site-packages/airflow/example_dags/example_branch_labels.py for tasks to queue
[2022-05-15 16:49:33,416] {logging_mixin.py:104} INFO - [2022-05-15 16:49:33,416] {dagbag.py:496} INFO - Filling up the DagBag from /home/airflow/.local/lib/python3.8/site-packages/airflow/example_dags/example_branch_labels.py
[2022-05-15 16:49:33,434] {scheduler_job.py:643} INFO - DAG(s) dict_keys(['example_branch_labels']) retrieved from /home/airflow/.local/lib/python3.8/site-packages/airflow/example_dags/example_branch_labels.py
[2022-05-15 16:49:33,451] {logging_mixin.py:104} INFO - [2022-05-15 16:49:33,451] {dag.py:1833} INFO - Sync 1 DAGs
[2022-05-15 16:49:33,459] {logging_mixin.py:104} INFO - [2022-05-15 16:49:33,459] {dag.py:2306} INFO - Setting next_dagrun for example_branch_labels to 2022-05-13 00:00:00+00:00
[2022-05-15 16:49:33,479] {scheduler_job.py:190} INFO - Processing /home/airflow/.local/lib/python3.8/site-packages/airflow/example_dags/example_branch_labels.py took 0.075 seconds
[2022-05-15 16:50:03,638] {scheduler_job.py:182} INFO - Started process (PID=435) to work on /home/airflow/.local/lib/python3.8/site-packages/airflow/example_dags/example_branch_labels.py
[2022-05-15 16:50:03,640] {scheduler_job.py:633} INFO - Processing file /home/airflow/.local/lib/python3.8/site-packages/airflow/example_dags/example_branch_labels.py for tasks to queue
[2022-05-15 16:50:03,641] {logging_mixin.py:104} INFO - [2022-05-15 16:50:03,641] {dagbag.py:496} INFO - Filling up the DagBag from /home/airflow/.local/lib/python3.8/site-packages/airflow/example_dags/example_branch_labels.py
[2022-05-15 16:50:03,662] {scheduler_job.py:643} INFO - DAG(s) dict_keys(['example_branch_labels']) retrieved from /home/airflow/.local/lib/python3.8/site-packages/airflow/example_dags/example_branch_labels.py
[2022-05-15 16:50:03,682] {logging_mixin.py:104} INFO - [2022-05-15 16:50:03,682] {dag.py:1833} INFO - Sync 1 DAGs
[2022-05-15 16:50:03,691] {logging_mixin.py:104} INFO - [2022-05-15 16:50:03,691] {dag.py:2306} INFO - Setting next_dagrun for example_branch_labels to 2022-05-13 00:00:00+00:00
[2022-05-15 16:50:03,751] {scheduler_job.py:190} INFO - Processing /home/airflow/.local/lib/python3.8/site-packages/airflow/example_dags/example_branch_labels.py took 0.119 seconds
[2022-05-15 16:50:34,660] {scheduler_job.py:182} INFO - Started process (PID=474) to work on /home/airflow/.local/lib/python3.8/site-packages/airflow/example_dags/example_branch_labels.py
[2022-05-15 16:50:34,662] {scheduler_job.py:633} INFO - Processing file /home/airflow/.local/lib/python3.8/site-packages/airflow/example_dags/example_branch_labels.py for tasks to queue
[2022-05-15 16:50:34,663] {logging_mixin.py:104} INFO - [2022-05-15 16:50:34,663] {dagbag.py:496} INFO - Filling up the DagBag from /home/airflow/.local/lib/python3.8/site-packages/airflow/example_dags/example_branch_labels.py
[2022-05-15 16:50:34,678] {scheduler_job.py:643} INFO - DAG(s) dict_keys(['example_branch_labels']) retrieved from /home/airflow/.local/lib/python3.8/site-packages/airflow/example_dags/example_branch_labels.py
[2022-05-15 16:50:34,697] {logging_mixin.py:104} INFO - [2022-05-15 16:50:34,697] {dag.py:1833} INFO - Sync 1 DAGs
[2022-05-15 16:50:34,705] {logging_mixin.py:104} INFO - [2022-05-15 16:50:34,705] {dag.py:2306} INFO - Setting next_dagrun for example_branch_labels to 2022-05-13 00:00:00+00:00
[2022-05-15 16:50:34,713] {scheduler_job.py:190} INFO - Processing /home/airflow/.local/lib/python3.8/site-packages/airflow/example_dags/example_branch_labels.py took 0.060 seconds
[2022-05-15 16:51:05,190] {scheduler_job.py:182} INFO - Started process (PID=513) to work on /home/airflow/.local/lib/python3.8/site-packages/airflow/example_dags/example_branch_labels.py
[2022-05-15 16:51:05,192] {scheduler_job.py:633} INFO - Processing file /home/airflow/.local/lib/python3.8/site-packages/airflow/example_dags/example_branch_labels.py for tasks to queue
[2022-05-15 16:51:05,193] {logging_mixin.py:104} INFO - [2022-05-15 16:51:05,193] {dagbag.py:496} INFO - Filling up the DagBag from /home/airflow/.local/lib/python3.8/site-packages/airflow/example_dags/example_branch_labels.py
[2022-05-15 16:51:05,210] {scheduler_job.py:643} INFO - DAG(s) dict_keys(['example_branch_labels']) retrieved from /home/airflow/.local/lib/python3.8/site-packages/airflow/example_dags/example_branch_labels.py
[2022-05-15 16:51:05,261] {logging_mixin.py:104} INFO - [2022-05-15 16:51:05,261] {dag.py:1833} INFO - Sync 1 DAGs
[2022-05-15 16:51:05,290] {logging_mixin.py:104} INFO - [2022-05-15 16:51:05,290] {dag.py:2306} INFO - Setting next_dagrun for example_branch_labels to 2022-05-13 00:00:00+00:00
[2022-05-15 16:51:05,318] {scheduler_job.py:190} INFO - Processing /home/airflow/.local/lib/python3.8/site-packages/airflow/example_dags/example_branch_labels.py took 0.134 seconds
[2022-05-15 16:51:35,479] {scheduler_job.py:182} INFO - Started process (PID=552) to work on /home/airflow/.local/lib/python3.8/site-packages/airflow/example_dags/example_branch_labels.py
[2022-05-15 16:51:35,481] {scheduler_job.py:633} INFO - Processing file /home/airflow/.local/lib/python3.8/site-packages/airflow/example_dags/example_branch_labels.py for tasks to queue
[2022-05-15 16:51:35,483] {logging_mixin.py:104} INFO - [2022-05-15 16:51:35,483] {dagbag.py:496} INFO - Filling up the DagBag from /home/airflow/.local/lib/python3.8/site-packages/airflow/example_dags/example_branch_labels.py
[2022-05-15 16:51:35,499] {scheduler_job.py:643} INFO - DAG(s) dict_keys(['example_branch_labels']) retrieved from /home/airflow/.local/lib/python3.8/site-packages/airflow/example_dags/example_branch_labels.py
[2022-05-15 16:51:35,532] {logging_mixin.py:104} INFO - [2022-05-15 16:51:35,532] {dag.py:1833} INFO - Sync 1 DAGs
[2022-05-15 16:51:35,550] {logging_mixin.py:104} INFO - [2022-05-15 16:51:35,550] {dag.py:2306} INFO - Setting next_dagrun for example_branch_labels to 2022-05-13 00:00:00+00:00
[2022-05-15 16:51:35,576] {scheduler_job.py:190} INFO - Processing /home/airflow/.local/lib/python3.8/site-packages/airflow/example_dags/example_branch_labels.py took 0.103 seconds
[2022-05-15 16:52:06,597] {scheduler_job.py:182} INFO - Started process (PID=591) to work on /home/airflow/.local/lib/python3.8/site-packages/airflow/example_dags/example_branch_labels.py
[2022-05-15 16:52:06,597] {scheduler_job.py:633} INFO - Processing file /home/airflow/.local/lib/python3.8/site-packages/airflow/example_dags/example_branch_labels.py for tasks to queue
[2022-05-15 16:52:06,597] {logging_mixin.py:104} INFO - [2022-05-15 16:52:06,597] {dagbag.py:496} INFO - Filling up the DagBag from /home/airflow/.local/lib/python3.8/site-packages/airflow/example_dags/example_branch_labels.py
[2022-05-15 16:52:06,603] {scheduler_job.py:643} INFO - DAG(s) dict_keys(['example_branch_labels']) retrieved from /home/airflow/.local/lib/python3.8/site-packages/airflow/example_dags/example_branch_labels.py
[2022-05-15 16:52:06,621] {logging_mixin.py:104} INFO - [2022-05-15 16:52:06,621] {dag.py:1833} INFO - Sync 1 DAGs
[2022-05-15 16:52:06,633] {logging_mixin.py:104} INFO - [2022-05-15 16:52:06,633] {dag.py:2306} INFO - Setting next_dagrun for example_branch_labels to 2022-05-13 00:00:00+00:00
[2022-05-15 16:52:06,655] {scheduler_job.py:190} INFO - Processing /home/airflow/.local/lib/python3.8/site-packages/airflow/example_dags/example_branch_labels.py took 0.060 seconds
[2022-05-15 16:52:36,711] {scheduler_job.py:182} INFO - Started process (PID=630) to work on /home/airflow/.local/lib/python3.8/site-packages/airflow/example_dags/example_branch_labels.py
[2022-05-15 16:52:36,712] {scheduler_job.py:633} INFO - Processing file /home/airflow/.local/lib/python3.8/site-packages/airflow/example_dags/example_branch_labels.py for tasks to queue
[2022-05-15 16:52:36,713] {logging_mixin.py:104} INFO - [2022-05-15 16:52:36,713] {dagbag.py:496} INFO - Filling up the DagBag from /home/airflow/.local/lib/python3.8/site-packages/airflow/example_dags/example_branch_labels.py
[2022-05-15 16:52:36,725] {scheduler_job.py:643} INFO - DAG(s) dict_keys(['example_branch_labels']) retrieved from /home/airflow/.local/lib/python3.8/site-packages/airflow/example_dags/example_branch_labels.py
[2022-05-15 16:52:36,766] {logging_mixin.py:104} INFO - [2022-05-15 16:52:36,766] {dag.py:1833} INFO - Sync 1 DAGs
[2022-05-15 16:52:36,780] {logging_mixin.py:104} INFO - [2022-05-15 16:52:36,780] {dag.py:2306} INFO - Setting next_dagrun for example_branch_labels to 2022-05-13 00:00:00+00:00
[2022-05-15 16:52:36,788] {scheduler_job.py:190} INFO - Processing /home/airflow/.local/lib/python3.8/site-packages/airflow/example_dags/example_branch_labels.py took 0.080 seconds
[2022-05-15 16:53:07,525] {scheduler_job.py:182} INFO - Started process (PID=669) to work on /home/airflow/.local/lib/python3.8/site-packages/airflow/example_dags/example_branch_labels.py
[2022-05-15 16:53:07,528] {scheduler_job.py:633} INFO - Processing file /home/airflow/.local/lib/python3.8/site-packages/airflow/example_dags/example_branch_labels.py for tasks to queue
[2022-05-15 16:53:07,529] {logging_mixin.py:104} INFO - [2022-05-15 16:53:07,529] {dagbag.py:496} INFO - Filling up the DagBag from /home/airflow/.local/lib/python3.8/site-packages/airflow/example_dags/example_branch_labels.py
[2022-05-15 16:53:07,547] {scheduler_job.py:643} INFO - DAG(s) dict_keys(['example_branch_labels']) retrieved from /home/airflow/.local/lib/python3.8/site-packages/airflow/example_dags/example_branch_labels.py
[2022-05-15 16:53:07,566] {logging_mixin.py:104} INFO - [2022-05-15 16:53:07,566] {dag.py:1833} INFO - Sync 1 DAGs
[2022-05-15 16:53:07,574] {logging_mixin.py:104} INFO - [2022-05-15 16:53:07,574] {dag.py:2306} INFO - Setting next_dagrun for example_branch_labels to 2022-05-13 00:00:00+00:00
[2022-05-15 16:53:07,596] {scheduler_job.py:190} INFO - Processing /home/airflow/.local/lib/python3.8/site-packages/airflow/example_dags/example_branch_labels.py took 0.077 seconds
[2022-05-15 16:53:38,460] {scheduler_job.py:182} INFO - Started process (PID=708) to work on /home/airflow/.local/lib/python3.8/site-packages/airflow/example_dags/example_branch_labels.py
[2022-05-15 16:53:38,461] {scheduler_job.py:633} INFO - Processing file /home/airflow/.local/lib/python3.8/site-packages/airflow/example_dags/example_branch_labels.py for tasks to queue
[2022-05-15 16:53:38,461] {logging_mixin.py:104} INFO - [2022-05-15 16:53:38,461] {dagbag.py:496} INFO - Filling up the DagBag from /home/airflow/.local/lib/python3.8/site-packages/airflow/example_dags/example_branch_labels.py
[2022-05-15 16:53:38,468] {scheduler_job.py:643} INFO - DAG(s) dict_keys(['example_branch_labels']) retrieved from /home/airflow/.local/lib/python3.8/site-packages/airflow/example_dags/example_branch_labels.py
[2022-05-15 16:53:38,483] {logging_mixin.py:104} INFO - [2022-05-15 16:53:38,483] {dag.py:1833} INFO - Sync 1 DAGs
[2022-05-15 16:53:38,494] {logging_mixin.py:104} INFO - [2022-05-15 16:53:38,494] {dag.py:2306} INFO - Setting next_dagrun for example_branch_labels to 2022-05-13 00:00:00+00:00
[2022-05-15 16:53:38,509] {scheduler_job.py:190} INFO - Processing /home/airflow/.local/lib/python3.8/site-packages/airflow/example_dags/example_branch_labels.py took 0.051 seconds
[2022-05-15 16:54:09,099] {scheduler_job.py:182} INFO - Started process (PID=747) to work on /home/airflow/.local/lib/python3.8/site-packages/airflow/example_dags/example_branch_labels.py
[2022-05-15 16:54:09,100] {scheduler_job.py:633} INFO - Processing file /home/airflow/.local/lib/python3.8/site-packages/airflow/example_dags/example_branch_labels.py for tasks to queue
[2022-05-15 16:54:09,100] {logging_mixin.py:104} INFO - [2022-05-15 16:54:09,100] {dagbag.py:496} INFO - Filling up the DagBag from /home/airflow/.local/lib/python3.8/site-packages/airflow/example_dags/example_branch_labels.py
[2022-05-15 16:54:09,110] {scheduler_job.py:643} INFO - DAG(s) dict_keys(['example_branch_labels']) retrieved from /home/airflow/.local/lib/python3.8/site-packages/airflow/example_dags/example_branch_labels.py
[2022-05-15 16:54:09,135] {logging_mixin.py:104} INFO - [2022-05-15 16:54:09,135] {dag.py:1833} INFO - Sync 1 DAGs
[2022-05-15 16:54:09,154] {logging_mixin.py:104} INFO - [2022-05-15 16:54:09,154] {dag.py:2306} INFO - Setting next_dagrun for example_branch_labels to 2022-05-13 00:00:00+00:00
[2022-05-15 16:54:09,169] {scheduler_job.py:190} INFO - Processing /home/airflow/.local/lib/python3.8/site-packages/airflow/example_dags/example_branch_labels.py took 0.071 seconds
[2022-05-15 16:54:40,021] {scheduler_job.py:182} INFO - Started process (PID=786) to work on /home/airflow/.local/lib/python3.8/site-packages/airflow/example_dags/example_branch_labels.py
[2022-05-15 16:54:40,021] {scheduler_job.py:633} INFO - Processing file /home/airflow/.local/lib/python3.8/site-packages/airflow/example_dags/example_branch_labels.py for tasks to queue
[2022-05-15 16:54:40,022] {logging_mixin.py:104} INFO - [2022-05-15 16:54:40,022] {dagbag.py:496} INFO - Filling up the DagBag from /home/airflow/.local/lib/python3.8/site-packages/airflow/example_dags/example_branch_labels.py
[2022-05-15 16:54:40,030] {scheduler_job.py:643} INFO - DAG(s) dict_keys(['example_branch_labels']) retrieved from /home/airflow/.local/lib/python3.8/site-packages/airflow/example_dags/example_branch_labels.py
[2022-05-15 16:54:40,043] {logging_mixin.py:104} INFO - [2022-05-15 16:54:40,042] {dag.py:1833} INFO - Sync 1 DAGs
[2022-05-15 16:54:40,050] {logging_mixin.py:104} INFO - [2022-05-15 16:54:40,050] {dag.py:2306} INFO - Setting next_dagrun for example_branch_labels to 2022-05-13 00:00:00+00:00
[2022-05-15 16:54:40,056] {scheduler_job.py:190} INFO - Processing /home/airflow/.local/lib/python3.8/site-packages/airflow/example_dags/example_branch_labels.py took 0.040 seconds
[2022-05-15 16:55:46,884] {scheduler_job.py:182} INFO - Started process (PID=32) to work on /home/airflow/.local/lib/python3.8/site-packages/airflow/example_dags/example_branch_labels.py
[2022-05-15 16:55:46,885] {scheduler_job.py:633} INFO - Processing file /home/airflow/.local/lib/python3.8/site-packages/airflow/example_dags/example_branch_labels.py for tasks to queue
[2022-05-15 16:55:46,885] {logging_mixin.py:104} INFO - [2022-05-15 16:55:46,885] {dagbag.py:496} INFO - Filling up the DagBag from /home/airflow/.local/lib/python3.8/site-packages/airflow/example_dags/example_branch_labels.py
[2022-05-15 16:55:46,892] {scheduler_job.py:643} INFO - DAG(s) dict_keys(['example_branch_labels']) retrieved from /home/airflow/.local/lib/python3.8/site-packages/airflow/example_dags/example_branch_labels.py
[2022-05-15 16:55:46,915] {logging_mixin.py:104} INFO - [2022-05-15 16:55:46,915] {dag.py:1833} INFO - Sync 1 DAGs
[2022-05-15 16:55:46,928] {logging_mixin.py:104} INFO - [2022-05-15 16:55:46,928] {dag.py:2306} INFO - Setting next_dagrun for example_branch_labels to 2022-05-13 00:00:00+00:00
[2022-05-15 16:55:46,936] {scheduler_job.py:190} INFO - Processing /home/airflow/.local/lib/python3.8/site-packages/airflow/example_dags/example_branch_labels.py took 0.054 seconds
[2022-05-15 16:56:17,144] {scheduler_job.py:182} INFO - Started process (PID=63) to work on /home/airflow/.local/lib/python3.8/site-packages/airflow/example_dags/example_branch_labels.py
[2022-05-15 16:56:17,146] {scheduler_job.py:633} INFO - Processing file /home/airflow/.local/lib/python3.8/site-packages/airflow/example_dags/example_branch_labels.py for tasks to queue
[2022-05-15 16:56:17,146] {logging_mixin.py:104} INFO - [2022-05-15 16:56:17,146] {dagbag.py:496} INFO - Filling up the DagBag from /home/airflow/.local/lib/python3.8/site-packages/airflow/example_dags/example_branch_labels.py
[2022-05-15 16:56:17,153] {scheduler_job.py:643} INFO - DAG(s) dict_keys(['example_branch_labels']) retrieved from /home/airflow/.local/lib/python3.8/site-packages/airflow/example_dags/example_branch_labels.py
[2022-05-15 16:56:17,168] {logging_mixin.py:104} INFO - [2022-05-15 16:56:17,168] {dag.py:1833} INFO - Sync 1 DAGs
[2022-05-15 16:56:17,179] {logging_mixin.py:104} INFO - [2022-05-15 16:56:17,179] {dag.py:2306} INFO - Setting next_dagrun for example_branch_labels to 2022-05-13 00:00:00+00:00
[2022-05-15 16:56:17,185] {scheduler_job.py:190} INFO - Processing /home/airflow/.local/lib/python3.8/site-packages/airflow/example_dags/example_branch_labels.py took 0.045 seconds
[2022-05-15 16:56:47,261] {scheduler_job.py:182} INFO - Started process (PID=102) to work on /home/airflow/.local/lib/python3.8/site-packages/airflow/example_dags/example_branch_labels.py
[2022-05-15 16:56:47,262] {scheduler_job.py:633} INFO - Processing file /home/airflow/.local/lib/python3.8/site-packages/airflow/example_dags/example_branch_labels.py for tasks to queue
[2022-05-15 16:56:47,262] {logging_mixin.py:104} INFO - [2022-05-15 16:56:47,262] {dagbag.py:496} INFO - Filling up the DagBag from /home/airflow/.local/lib/python3.8/site-packages/airflow/example_dags/example_branch_labels.py
[2022-05-15 16:56:47,268] {scheduler_job.py:643} INFO - DAG(s) dict_keys(['example_branch_labels']) retrieved from /home/airflow/.local/lib/python3.8/site-packages/airflow/example_dags/example_branch_labels.py
[2022-05-15 16:56:47,282] {logging_mixin.py:104} INFO - [2022-05-15 16:56:47,281] {dag.py:1833} INFO - Sync 1 DAGs
[2022-05-15 16:56:47,290] {logging_mixin.py:104} INFO - [2022-05-15 16:56:47,290] {dag.py:2306} INFO - Setting next_dagrun for example_branch_labels to 2022-05-13 00:00:00+00:00
[2022-05-15 16:56:47,296] {scheduler_job.py:190} INFO - Processing /home/airflow/.local/lib/python3.8/site-packages/airflow/example_dags/example_branch_labels.py took 0.037 seconds
[2022-05-15 16:57:17,423] {scheduler_job.py:182} INFO - Started process (PID=141) to work on /home/airflow/.local/lib/python3.8/site-packages/airflow/example_dags/example_branch_labels.py
[2022-05-15 16:57:17,424] {scheduler_job.py:633} INFO - Processing file /home/airflow/.local/lib/python3.8/site-packages/airflow/example_dags/example_branch_labels.py for tasks to queue
[2022-05-15 16:57:17,424] {logging_mixin.py:104} INFO - [2022-05-15 16:57:17,424] {dagbag.py:496} INFO - Filling up the DagBag from /home/airflow/.local/lib/python3.8/site-packages/airflow/example_dags/example_branch_labels.py
[2022-05-15 16:57:17,432] {scheduler_job.py:643} INFO - DAG(s) dict_keys(['example_branch_labels']) retrieved from /home/airflow/.local/lib/python3.8/site-packages/airflow/example_dags/example_branch_labels.py
[2022-05-15 16:57:17,447] {logging_mixin.py:104} INFO - [2022-05-15 16:57:17,447] {dag.py:1833} INFO - Sync 1 DAGs
[2022-05-15 16:57:17,456] {logging_mixin.py:104} INFO - [2022-05-15 16:57:17,456] {dag.py:2306} INFO - Setting next_dagrun for example_branch_labels to 2022-05-13 00:00:00+00:00
[2022-05-15 16:57:17,462] {scheduler_job.py:190} INFO - Processing /home/airflow/.local/lib/python3.8/site-packages/airflow/example_dags/example_branch_labels.py took 0.041 seconds
