[2022-05-15 16:44:58,082] {scheduler_job.py:182} INFO - Started process (PID=46) to work on /home/airflow/.local/lib/python3.8/site-packages/airflow/example_dags/example_subdag_operator.py
[2022-05-15 16:44:58,082] {scheduler_job.py:633} INFO - Processing file /home/airflow/.local/lib/python3.8/site-packages/airflow/example_dags/example_subdag_operator.py for tasks to queue
[2022-05-15 16:44:58,083] {logging_mixin.py:104} INFO - [2022-05-15 16:44:58,083] {dagbag.py:496} INFO - Filling up the DagBag from /home/airflow/.local/lib/python3.8/site-packages/airflow/example_dags/example_subdag_operator.py
[2022-05-15 16:44:58,120] {scheduler_job.py:643} INFO - DAG(s) dict_keys(['example_subdag_operator.section-1', 'example_subdag_operator.section-2', 'example_subdag_operator']) retrieved from /home/airflow/.local/lib/python3.8/site-packages/airflow/example_dags/example_subdag_operator.py
[2022-05-15 16:44:58,127] {logging_mixin.py:104} INFO - [2022-05-15 16:44:58,127] {dag.py:1833} INFO - Sync 3 DAGs
[2022-05-15 16:44:58,136] {logging_mixin.py:104} INFO - [2022-05-15 16:44:58,136] {dag.py:2306} INFO - Setting next_dagrun for example_subdag_operator to 2022-05-13 00:00:00+00:00
[2022-05-15 16:44:58,137] {logging_mixin.py:104} INFO - [2022-05-15 16:44:58,137] {dag.py:2306} INFO - Setting next_dagrun for example_subdag_operator.section-1 to None
[2022-05-15 16:44:58,137] {logging_mixin.py:104} INFO - [2022-05-15 16:44:58,137] {dag.py:2306} INFO - Setting next_dagrun for example_subdag_operator.section-2 to None
[2022-05-15 16:44:58,145] {logging_mixin.py:104} INFO - [2022-05-15 16:44:58,145] {dag.py:1833} INFO - Sync 2 DAGs
[2022-05-15 16:44:58,150] {logging_mixin.py:104} INFO - [2022-05-15 16:44:58,150] {dag.py:2306} INFO - Setting next_dagrun for example_subdag_operator.section-1 to None
[2022-05-15 16:44:58,150] {logging_mixin.py:104} INFO - [2022-05-15 16:44:58,150] {dag.py:2306} INFO - Setting next_dagrun for example_subdag_operator.section-2 to None
[2022-05-15 16:44:58,161] {scheduler_job.py:190} INFO - Processing /home/airflow/.local/lib/python3.8/site-packages/airflow/example_dags/example_subdag_operator.py took 0.081 seconds
[2022-05-15 16:45:30,673] {scheduler_job.py:182} INFO - Started process (PID=85) to work on /home/airflow/.local/lib/python3.8/site-packages/airflow/example_dags/example_subdag_operator.py
[2022-05-15 16:45:30,674] {scheduler_job.py:633} INFO - Processing file /home/airflow/.local/lib/python3.8/site-packages/airflow/example_dags/example_subdag_operator.py for tasks to queue
[2022-05-15 16:45:30,674] {logging_mixin.py:104} INFO - [2022-05-15 16:45:30,674] {dagbag.py:496} INFO - Filling up the DagBag from /home/airflow/.local/lib/python3.8/site-packages/airflow/example_dags/example_subdag_operator.py
[2022-05-15 16:45:30,704] {scheduler_job.py:643} INFO - DAG(s) dict_keys(['example_subdag_operator.section-1', 'example_subdag_operator.section-2', 'example_subdag_operator']) retrieved from /home/airflow/.local/lib/python3.8/site-packages/airflow/example_dags/example_subdag_operator.py
[2022-05-15 16:45:30,715] {logging_mixin.py:104} INFO - [2022-05-15 16:45:30,715] {dag.py:1833} INFO - Sync 3 DAGs
[2022-05-15 16:45:30,725] {logging_mixin.py:104} INFO - [2022-05-15 16:45:30,725] {dag.py:2306} INFO - Setting next_dagrun for example_subdag_operator to 2022-05-13 00:00:00+00:00
[2022-05-15 16:45:30,726] {logging_mixin.py:104} INFO - [2022-05-15 16:45:30,726] {dag.py:2306} INFO - Setting next_dagrun for example_subdag_operator.section-1 to None
[2022-05-15 16:45:30,727] {logging_mixin.py:104} INFO - [2022-05-15 16:45:30,726] {dag.py:2306} INFO - Setting next_dagrun for example_subdag_operator.section-2 to None
[2022-05-15 16:45:30,735] {logging_mixin.py:104} INFO - [2022-05-15 16:45:30,735] {dag.py:1833} INFO - Sync 2 DAGs
[2022-05-15 16:45:30,743] {logging_mixin.py:104} INFO - [2022-05-15 16:45:30,743] {dag.py:2306} INFO - Setting next_dagrun for example_subdag_operator.section-1 to None
[2022-05-15 16:45:30,743] {logging_mixin.py:104} INFO - [2022-05-15 16:45:30,743] {dag.py:2306} INFO - Setting next_dagrun for example_subdag_operator.section-2 to None
[2022-05-15 16:45:30,750] {scheduler_job.py:190} INFO - Processing /home/airflow/.local/lib/python3.8/site-packages/airflow/example_dags/example_subdag_operator.py took 0.080 seconds
[2022-05-15 16:46:01,082] {scheduler_job.py:182} INFO - Started process (PID=124) to work on /home/airflow/.local/lib/python3.8/site-packages/airflow/example_dags/example_subdag_operator.py
[2022-05-15 16:46:01,083] {scheduler_job.py:633} INFO - Processing file /home/airflow/.local/lib/python3.8/site-packages/airflow/example_dags/example_subdag_operator.py for tasks to queue
[2022-05-15 16:46:01,083] {logging_mixin.py:104} INFO - [2022-05-15 16:46:01,083] {dagbag.py:496} INFO - Filling up the DagBag from /home/airflow/.local/lib/python3.8/site-packages/airflow/example_dags/example_subdag_operator.py
[2022-05-15 16:46:01,104] {scheduler_job.py:643} INFO - DAG(s) dict_keys(['example_subdag_operator.section-1', 'example_subdag_operator.section-2', 'example_subdag_operator']) retrieved from /home/airflow/.local/lib/python3.8/site-packages/airflow/example_dags/example_subdag_operator.py
[2022-05-15 16:46:01,111] {logging_mixin.py:104} INFO - [2022-05-15 16:46:01,111] {dag.py:1833} INFO - Sync 3 DAGs
[2022-05-15 16:46:01,121] {logging_mixin.py:104} INFO - [2022-05-15 16:46:01,121] {dag.py:2306} INFO - Setting next_dagrun for example_subdag_operator to 2022-05-13 00:00:00+00:00
[2022-05-15 16:46:01,121] {logging_mixin.py:104} INFO - [2022-05-15 16:46:01,121] {dag.py:2306} INFO - Setting next_dagrun for example_subdag_operator.section-1 to None
[2022-05-15 16:46:01,121] {logging_mixin.py:104} INFO - [2022-05-15 16:46:01,121] {dag.py:2306} INFO - Setting next_dagrun for example_subdag_operator.section-2 to None
[2022-05-15 16:46:01,128] {logging_mixin.py:104} INFO - [2022-05-15 16:46:01,127] {dag.py:1833} INFO - Sync 2 DAGs
[2022-05-15 16:46:01,132] {logging_mixin.py:104} INFO - [2022-05-15 16:46:01,132] {dag.py:2306} INFO - Setting next_dagrun for example_subdag_operator.section-1 to None
[2022-05-15 16:46:01,132] {logging_mixin.py:104} INFO - [2022-05-15 16:46:01,132] {dag.py:2306} INFO - Setting next_dagrun for example_subdag_operator.section-2 to None
[2022-05-15 16:46:01,137] {scheduler_job.py:190} INFO - Processing /home/airflow/.local/lib/python3.8/site-packages/airflow/example_dags/example_subdag_operator.py took 0.057 seconds
[2022-05-15 16:46:32,483] {scheduler_job.py:182} INFO - Started process (PID=163) to work on /home/airflow/.local/lib/python3.8/site-packages/airflow/example_dags/example_subdag_operator.py
[2022-05-15 16:46:32,484] {scheduler_job.py:633} INFO - Processing file /home/airflow/.local/lib/python3.8/site-packages/airflow/example_dags/example_subdag_operator.py for tasks to queue
[2022-05-15 16:46:32,484] {logging_mixin.py:104} INFO - [2022-05-15 16:46:32,484] {dagbag.py:496} INFO - Filling up the DagBag from /home/airflow/.local/lib/python3.8/site-packages/airflow/example_dags/example_subdag_operator.py
[2022-05-15 16:46:32,506] {scheduler_job.py:643} INFO - DAG(s) dict_keys(['example_subdag_operator.section-1', 'example_subdag_operator.section-2', 'example_subdag_operator']) retrieved from /home/airflow/.local/lib/python3.8/site-packages/airflow/example_dags/example_subdag_operator.py
[2022-05-15 16:46:32,515] {logging_mixin.py:104} INFO - [2022-05-15 16:46:32,515] {dag.py:1833} INFO - Sync 3 DAGs
[2022-05-15 16:46:32,523] {logging_mixin.py:104} INFO - [2022-05-15 16:46:32,522] {dag.py:2306} INFO - Setting next_dagrun for example_subdag_operator to 2022-05-13 00:00:00+00:00
[2022-05-15 16:46:32,523] {logging_mixin.py:104} INFO - [2022-05-15 16:46:32,523] {dag.py:2306} INFO - Setting next_dagrun for example_subdag_operator.section-1 to None
[2022-05-15 16:46:32,523] {logging_mixin.py:104} INFO - [2022-05-15 16:46:32,523] {dag.py:2306} INFO - Setting next_dagrun for example_subdag_operator.section-2 to None
[2022-05-15 16:46:32,532] {logging_mixin.py:104} INFO - [2022-05-15 16:46:32,532] {dag.py:1833} INFO - Sync 2 DAGs
[2022-05-15 16:46:32,539] {logging_mixin.py:104} INFO - [2022-05-15 16:46:32,539] {dag.py:2306} INFO - Setting next_dagrun for example_subdag_operator.section-1 to None
[2022-05-15 16:46:32,539] {logging_mixin.py:104} INFO - [2022-05-15 16:46:32,539] {dag.py:2306} INFO - Setting next_dagrun for example_subdag_operator.section-2 to None
[2022-05-15 16:46:32,545] {scheduler_job.py:190} INFO - Processing /home/airflow/.local/lib/python3.8/site-packages/airflow/example_dags/example_subdag_operator.py took 0.063 seconds
[2022-05-15 16:47:03,000] {scheduler_job.py:182} INFO - Started process (PID=202) to work on /home/airflow/.local/lib/python3.8/site-packages/airflow/example_dags/example_subdag_operator.py
[2022-05-15 16:47:03,001] {scheduler_job.py:633} INFO - Processing file /home/airflow/.local/lib/python3.8/site-packages/airflow/example_dags/example_subdag_operator.py for tasks to queue
[2022-05-15 16:47:03,003] {logging_mixin.py:104} INFO - [2022-05-15 16:47:03,002] {dagbag.py:496} INFO - Filling up the DagBag from /home/airflow/.local/lib/python3.8/site-packages/airflow/example_dags/example_subdag_operator.py
[2022-05-15 16:47:03,028] {scheduler_job.py:643} INFO - DAG(s) dict_keys(['example_subdag_operator.section-1', 'example_subdag_operator.section-2', 'example_subdag_operator']) retrieved from /home/airflow/.local/lib/python3.8/site-packages/airflow/example_dags/example_subdag_operator.py
[2022-05-15 16:47:03,036] {logging_mixin.py:104} INFO - [2022-05-15 16:47:03,036] {dag.py:1833} INFO - Sync 3 DAGs
[2022-05-15 16:47:03,047] {logging_mixin.py:104} INFO - [2022-05-15 16:47:03,047] {dag.py:2306} INFO - Setting next_dagrun for example_subdag_operator to 2022-05-13 00:00:00+00:00
[2022-05-15 16:47:03,047] {logging_mixin.py:104} INFO - [2022-05-15 16:47:03,047] {dag.py:2306} INFO - Setting next_dagrun for example_subdag_operator.section-1 to None
[2022-05-15 16:47:03,047] {logging_mixin.py:104} INFO - [2022-05-15 16:47:03,047] {dag.py:2306} INFO - Setting next_dagrun for example_subdag_operator.section-2 to None
[2022-05-15 16:47:03,055] {logging_mixin.py:104} INFO - [2022-05-15 16:47:03,055] {dag.py:1833} INFO - Sync 2 DAGs
[2022-05-15 16:47:03,061] {logging_mixin.py:104} INFO - [2022-05-15 16:47:03,061] {dag.py:2306} INFO - Setting next_dagrun for example_subdag_operator.section-1 to None
[2022-05-15 16:47:03,061] {logging_mixin.py:104} INFO - [2022-05-15 16:47:03,061] {dag.py:2306} INFO - Setting next_dagrun for example_subdag_operator.section-2 to None
[2022-05-15 16:47:03,071] {scheduler_job.py:190} INFO - Processing /home/airflow/.local/lib/python3.8/site-packages/airflow/example_dags/example_subdag_operator.py took 0.074 seconds
[2022-05-15 16:47:33,553] {scheduler_job.py:182} INFO - Started process (PID=243) to work on /home/airflow/.local/lib/python3.8/site-packages/airflow/example_dags/example_subdag_operator.py
[2022-05-15 16:47:33,554] {scheduler_job.py:633} INFO - Processing file /home/airflow/.local/lib/python3.8/site-packages/airflow/example_dags/example_subdag_operator.py for tasks to queue
[2022-05-15 16:47:33,554] {logging_mixin.py:104} INFO - [2022-05-15 16:47:33,554] {dagbag.py:496} INFO - Filling up the DagBag from /home/airflow/.local/lib/python3.8/site-packages/airflow/example_dags/example_subdag_operator.py
[2022-05-15 16:47:33,572] {scheduler_job.py:643} INFO - DAG(s) dict_keys(['example_subdag_operator.section-1', 'example_subdag_operator.section-2', 'example_subdag_operator']) retrieved from /home/airflow/.local/lib/python3.8/site-packages/airflow/example_dags/example_subdag_operator.py
[2022-05-15 16:47:33,578] {logging_mixin.py:104} INFO - [2022-05-15 16:47:33,577] {dag.py:1833} INFO - Sync 3 DAGs
[2022-05-15 16:47:33,584] {logging_mixin.py:104} INFO - [2022-05-15 16:47:33,584] {dag.py:2306} INFO - Setting next_dagrun for example_subdag_operator to 2022-05-13 00:00:00+00:00
[2022-05-15 16:47:33,585] {logging_mixin.py:104} INFO - [2022-05-15 16:47:33,585] {dag.py:2306} INFO - Setting next_dagrun for example_subdag_operator.section-1 to None
[2022-05-15 16:47:33,585] {logging_mixin.py:104} INFO - [2022-05-15 16:47:33,585] {dag.py:2306} INFO - Setting next_dagrun for example_subdag_operator.section-2 to None
[2022-05-15 16:47:33,591] {logging_mixin.py:104} INFO - [2022-05-15 16:47:33,591] {dag.py:1833} INFO - Sync 2 DAGs
[2022-05-15 16:47:33,596] {logging_mixin.py:104} INFO - [2022-05-15 16:47:33,595] {dag.py:2306} INFO - Setting next_dagrun for example_subdag_operator.section-1 to None
[2022-05-15 16:47:33,596] {logging_mixin.py:104} INFO - [2022-05-15 16:47:33,596] {dag.py:2306} INFO - Setting next_dagrun for example_subdag_operator.section-2 to None
[2022-05-15 16:47:33,601] {scheduler_job.py:190} INFO - Processing /home/airflow/.local/lib/python3.8/site-packages/airflow/example_dags/example_subdag_operator.py took 0.050 seconds
[2022-05-15 16:48:04,698] {scheduler_job.py:182} INFO - Started process (PID=300) to work on /home/airflow/.local/lib/python3.8/site-packages/airflow/example_dags/example_subdag_operator.py
[2022-05-15 16:48:04,699] {scheduler_job.py:633} INFO - Processing file /home/airflow/.local/lib/python3.8/site-packages/airflow/example_dags/example_subdag_operator.py for tasks to queue
[2022-05-15 16:48:04,699] {logging_mixin.py:104} INFO - [2022-05-15 16:48:04,699] {dagbag.py:496} INFO - Filling up the DagBag from /home/airflow/.local/lib/python3.8/site-packages/airflow/example_dags/example_subdag_operator.py
[2022-05-15 16:48:04,719] {scheduler_job.py:643} INFO - DAG(s) dict_keys(['example_subdag_operator.section-1', 'example_subdag_operator.section-2', 'example_subdag_operator']) retrieved from /home/airflow/.local/lib/python3.8/site-packages/airflow/example_dags/example_subdag_operator.py
[2022-05-15 16:48:04,725] {logging_mixin.py:104} INFO - [2022-05-15 16:48:04,725] {dag.py:1833} INFO - Sync 3 DAGs
[2022-05-15 16:48:04,732] {logging_mixin.py:104} INFO - [2022-05-15 16:48:04,732] {dag.py:2306} INFO - Setting next_dagrun for example_subdag_operator to 2022-05-13 00:00:00+00:00
[2022-05-15 16:48:04,732] {logging_mixin.py:104} INFO - [2022-05-15 16:48:04,732] {dag.py:2306} INFO - Setting next_dagrun for example_subdag_operator.section-1 to None
[2022-05-15 16:48:04,733] {logging_mixin.py:104} INFO - [2022-05-15 16:48:04,733] {dag.py:2306} INFO - Setting next_dagrun for example_subdag_operator.section-2 to None
[2022-05-15 16:48:04,743] {logging_mixin.py:104} INFO - [2022-05-15 16:48:04,743] {dag.py:1833} INFO - Sync 2 DAGs
[2022-05-15 16:48:04,747] {logging_mixin.py:104} INFO - [2022-05-15 16:48:04,747] {dag.py:2306} INFO - Setting next_dagrun for example_subdag_operator.section-1 to None
[2022-05-15 16:48:04,748] {logging_mixin.py:104} INFO - [2022-05-15 16:48:04,747] {dag.py:2306} INFO - Setting next_dagrun for example_subdag_operator.section-2 to None
[2022-05-15 16:48:04,753] {scheduler_job.py:190} INFO - Processing /home/airflow/.local/lib/python3.8/site-packages/airflow/example_dags/example_subdag_operator.py took 0.057 seconds
[2022-05-15 16:48:35,341] {scheduler_job.py:182} INFO - Started process (PID=339) to work on /home/airflow/.local/lib/python3.8/site-packages/airflow/example_dags/example_subdag_operator.py
[2022-05-15 16:48:35,341] {scheduler_job.py:633} INFO - Processing file /home/airflow/.local/lib/python3.8/site-packages/airflow/example_dags/example_subdag_operator.py for tasks to queue
[2022-05-15 16:48:35,342] {logging_mixin.py:104} INFO - [2022-05-15 16:48:35,342] {dagbag.py:496} INFO - Filling up the DagBag from /home/airflow/.local/lib/python3.8/site-packages/airflow/example_dags/example_subdag_operator.py
[2022-05-15 16:48:35,359] {scheduler_job.py:643} INFO - DAG(s) dict_keys(['example_subdag_operator.section-1', 'example_subdag_operator.section-2', 'example_subdag_operator']) retrieved from /home/airflow/.local/lib/python3.8/site-packages/airflow/example_dags/example_subdag_operator.py
[2022-05-15 16:48:35,365] {logging_mixin.py:104} INFO - [2022-05-15 16:48:35,365] {dag.py:1833} INFO - Sync 3 DAGs
[2022-05-15 16:48:35,371] {logging_mixin.py:104} INFO - [2022-05-15 16:48:35,371] {dag.py:2306} INFO - Setting next_dagrun for example_subdag_operator to 2022-05-13 00:00:00+00:00
[2022-05-15 16:48:35,372] {logging_mixin.py:104} INFO - [2022-05-15 16:48:35,372] {dag.py:2306} INFO - Setting next_dagrun for example_subdag_operator.section-1 to None
[2022-05-15 16:48:35,372] {logging_mixin.py:104} INFO - [2022-05-15 16:48:35,372] {dag.py:2306} INFO - Setting next_dagrun for example_subdag_operator.section-2 to None
[2022-05-15 16:48:35,378] {logging_mixin.py:104} INFO - [2022-05-15 16:48:35,378] {dag.py:1833} INFO - Sync 2 DAGs
[2022-05-15 16:48:35,382] {logging_mixin.py:104} INFO - [2022-05-15 16:48:35,382] {dag.py:2306} INFO - Setting next_dagrun for example_subdag_operator.section-1 to None
[2022-05-15 16:48:35,382] {logging_mixin.py:104} INFO - [2022-05-15 16:48:35,382] {dag.py:2306} INFO - Setting next_dagrun for example_subdag_operator.section-2 to None
[2022-05-15 16:48:35,388] {scheduler_job.py:190} INFO - Processing /home/airflow/.local/lib/python3.8/site-packages/airflow/example_dags/example_subdag_operator.py took 0.048 seconds
[2022-05-15 16:49:05,984] {scheduler_job.py:182} INFO - Started process (PID=377) to work on /home/airflow/.local/lib/python3.8/site-packages/airflow/example_dags/example_subdag_operator.py
[2022-05-15 16:49:05,985] {scheduler_job.py:633} INFO - Processing file /home/airflow/.local/lib/python3.8/site-packages/airflow/example_dags/example_subdag_operator.py for tasks to queue
[2022-05-15 16:49:05,985] {logging_mixin.py:104} INFO - [2022-05-15 16:49:05,985] {dagbag.py:496} INFO - Filling up the DagBag from /home/airflow/.local/lib/python3.8/site-packages/airflow/example_dags/example_subdag_operator.py
[2022-05-15 16:49:06,010] {scheduler_job.py:643} INFO - DAG(s) dict_keys(['example_subdag_operator.section-1', 'example_subdag_operator.section-2', 'example_subdag_operator']) retrieved from /home/airflow/.local/lib/python3.8/site-packages/airflow/example_dags/example_subdag_operator.py
[2022-05-15 16:49:06,022] {logging_mixin.py:104} INFO - [2022-05-15 16:49:06,022] {dag.py:1833} INFO - Sync 3 DAGs
[2022-05-15 16:49:06,032] {logging_mixin.py:104} INFO - [2022-05-15 16:49:06,032] {dag.py:2306} INFO - Setting next_dagrun for example_subdag_operator to 2022-05-13 00:00:00+00:00
[2022-05-15 16:49:06,033] {logging_mixin.py:104} INFO - [2022-05-15 16:49:06,033] {dag.py:2306} INFO - Setting next_dagrun for example_subdag_operator.section-1 to None
[2022-05-15 16:49:06,033] {logging_mixin.py:104} INFO - [2022-05-15 16:49:06,033] {dag.py:2306} INFO - Setting next_dagrun for example_subdag_operator.section-2 to None
[2022-05-15 16:49:06,055] {logging_mixin.py:104} INFO - [2022-05-15 16:49:06,054] {dag.py:1833} INFO - Sync 2 DAGs
[2022-05-15 16:49:06,063] {logging_mixin.py:104} INFO - [2022-05-15 16:49:06,063] {dag.py:2306} INFO - Setting next_dagrun for example_subdag_operator.section-1 to None
[2022-05-15 16:49:06,064] {logging_mixin.py:104} INFO - [2022-05-15 16:49:06,063] {dag.py:2306} INFO - Setting next_dagrun for example_subdag_operator.section-2 to None
[2022-05-15 16:49:06,072] {scheduler_job.py:190} INFO - Processing /home/airflow/.local/lib/python3.8/site-packages/airflow/example_dags/example_subdag_operator.py took 0.090 seconds
[2022-05-15 16:49:36,396] {scheduler_job.py:182} INFO - Started process (PID=416) to work on /home/airflow/.local/lib/python3.8/site-packages/airflow/example_dags/example_subdag_operator.py
[2022-05-15 16:49:36,397] {scheduler_job.py:633} INFO - Processing file /home/airflow/.local/lib/python3.8/site-packages/airflow/example_dags/example_subdag_operator.py for tasks to queue
[2022-05-15 16:49:36,398] {logging_mixin.py:104} INFO - [2022-05-15 16:49:36,398] {dagbag.py:496} INFO - Filling up the DagBag from /home/airflow/.local/lib/python3.8/site-packages/airflow/example_dags/example_subdag_operator.py
[2022-05-15 16:49:36,416] {scheduler_job.py:643} INFO - DAG(s) dict_keys(['example_subdag_operator.section-1', 'example_subdag_operator.section-2', 'example_subdag_operator']) retrieved from /home/airflow/.local/lib/python3.8/site-packages/airflow/example_dags/example_subdag_operator.py
[2022-05-15 16:49:36,423] {logging_mixin.py:104} INFO - [2022-05-15 16:49:36,423] {dag.py:1833} INFO - Sync 3 DAGs
[2022-05-15 16:49:36,433] {logging_mixin.py:104} INFO - [2022-05-15 16:49:36,432] {dag.py:2306} INFO - Setting next_dagrun for example_subdag_operator to 2022-05-13 00:00:00+00:00
[2022-05-15 16:49:36,433] {logging_mixin.py:104} INFO - [2022-05-15 16:49:36,433] {dag.py:2306} INFO - Setting next_dagrun for example_subdag_operator.section-1 to None
[2022-05-15 16:49:36,433] {logging_mixin.py:104} INFO - [2022-05-15 16:49:36,433] {dag.py:2306} INFO - Setting next_dagrun for example_subdag_operator.section-2 to None
[2022-05-15 16:49:36,440] {logging_mixin.py:104} INFO - [2022-05-15 16:49:36,440] {dag.py:1833} INFO - Sync 2 DAGs
[2022-05-15 16:49:36,444] {logging_mixin.py:104} INFO - [2022-05-15 16:49:36,444] {dag.py:2306} INFO - Setting next_dagrun for example_subdag_operator.section-1 to None
[2022-05-15 16:49:36,444] {logging_mixin.py:104} INFO - [2022-05-15 16:49:36,444] {dag.py:2306} INFO - Setting next_dagrun for example_subdag_operator.section-2 to None
[2022-05-15 16:49:36,450] {scheduler_job.py:190} INFO - Processing /home/airflow/.local/lib/python3.8/site-packages/airflow/example_dags/example_subdag_operator.py took 0.055 seconds
[2022-05-15 16:50:07,538] {scheduler_job.py:182} INFO - Started process (PID=456) to work on /home/airflow/.local/lib/python3.8/site-packages/airflow/example_dags/example_subdag_operator.py
[2022-05-15 16:50:07,539] {scheduler_job.py:633} INFO - Processing file /home/airflow/.local/lib/python3.8/site-packages/airflow/example_dags/example_subdag_operator.py for tasks to queue
[2022-05-15 16:50:07,539] {logging_mixin.py:104} INFO - [2022-05-15 16:50:07,539] {dagbag.py:496} INFO - Filling up the DagBag from /home/airflow/.local/lib/python3.8/site-packages/airflow/example_dags/example_subdag_operator.py
[2022-05-15 16:50:07,559] {scheduler_job.py:643} INFO - DAG(s) dict_keys(['example_subdag_operator.section-1', 'example_subdag_operator.section-2', 'example_subdag_operator']) retrieved from /home/airflow/.local/lib/python3.8/site-packages/airflow/example_dags/example_subdag_operator.py
[2022-05-15 16:50:07,565] {logging_mixin.py:104} INFO - [2022-05-15 16:50:07,565] {dag.py:1833} INFO - Sync 3 DAGs
[2022-05-15 16:50:07,572] {logging_mixin.py:104} INFO - [2022-05-15 16:50:07,572] {dag.py:2306} INFO - Setting next_dagrun for example_subdag_operator to 2022-05-13 00:00:00+00:00
[2022-05-15 16:50:07,572] {logging_mixin.py:104} INFO - [2022-05-15 16:50:07,572] {dag.py:2306} INFO - Setting next_dagrun for example_subdag_operator.section-1 to None
[2022-05-15 16:50:07,572] {logging_mixin.py:104} INFO - [2022-05-15 16:50:07,572] {dag.py:2306} INFO - Setting next_dagrun for example_subdag_operator.section-2 to None
[2022-05-15 16:50:07,579] {logging_mixin.py:104} INFO - [2022-05-15 16:50:07,579] {dag.py:1833} INFO - Sync 2 DAGs
[2022-05-15 16:50:07,583] {logging_mixin.py:104} INFO - [2022-05-15 16:50:07,583] {dag.py:2306} INFO - Setting next_dagrun for example_subdag_operator.section-1 to None
[2022-05-15 16:50:07,583] {logging_mixin.py:104} INFO - [2022-05-15 16:50:07,583] {dag.py:2306} INFO - Setting next_dagrun for example_subdag_operator.section-2 to None
[2022-05-15 16:50:07,591] {scheduler_job.py:190} INFO - Processing /home/airflow/.local/lib/python3.8/site-packages/airflow/example_dags/example_subdag_operator.py took 0.054 seconds
[2022-05-15 16:50:38,364] {scheduler_job.py:182} INFO - Started process (PID=495) to work on /home/airflow/.local/lib/python3.8/site-packages/airflow/example_dags/example_subdag_operator.py
[2022-05-15 16:50:38,364] {scheduler_job.py:633} INFO - Processing file /home/airflow/.local/lib/python3.8/site-packages/airflow/example_dags/example_subdag_operator.py for tasks to queue
[2022-05-15 16:50:38,364] {logging_mixin.py:104} INFO - [2022-05-15 16:50:38,364] {dagbag.py:496} INFO - Filling up the DagBag from /home/airflow/.local/lib/python3.8/site-packages/airflow/example_dags/example_subdag_operator.py
[2022-05-15 16:50:38,386] {scheduler_job.py:643} INFO - DAG(s) dict_keys(['example_subdag_operator.section-1', 'example_subdag_operator.section-2', 'example_subdag_operator']) retrieved from /home/airflow/.local/lib/python3.8/site-packages/airflow/example_dags/example_subdag_operator.py
[2022-05-15 16:50:38,394] {logging_mixin.py:104} INFO - [2022-05-15 16:50:38,394] {dag.py:1833} INFO - Sync 3 DAGs
[2022-05-15 16:50:38,401] {logging_mixin.py:104} INFO - [2022-05-15 16:50:38,401] {dag.py:2306} INFO - Setting next_dagrun for example_subdag_operator to 2022-05-13 00:00:00+00:00
[2022-05-15 16:50:38,402] {logging_mixin.py:104} INFO - [2022-05-15 16:50:38,401] {dag.py:2306} INFO - Setting next_dagrun for example_subdag_operator.section-1 to None
[2022-05-15 16:50:38,402] {logging_mixin.py:104} INFO - [2022-05-15 16:50:38,402] {dag.py:2306} INFO - Setting next_dagrun for example_subdag_operator.section-2 to None
[2022-05-15 16:50:38,409] {logging_mixin.py:104} INFO - [2022-05-15 16:50:38,409] {dag.py:1833} INFO - Sync 2 DAGs
[2022-05-15 16:50:38,414] {logging_mixin.py:104} INFO - [2022-05-15 16:50:38,414] {dag.py:2306} INFO - Setting next_dagrun for example_subdag_operator.section-1 to None
[2022-05-15 16:50:38,414] {logging_mixin.py:104} INFO - [2022-05-15 16:50:38,414] {dag.py:2306} INFO - Setting next_dagrun for example_subdag_operator.section-2 to None
[2022-05-15 16:50:38,420] {scheduler_job.py:190} INFO - Processing /home/airflow/.local/lib/python3.8/site-packages/airflow/example_dags/example_subdag_operator.py took 0.058 seconds
[2022-05-15 16:51:09,393] {scheduler_job.py:182} INFO - Started process (PID=534) to work on /home/airflow/.local/lib/python3.8/site-packages/airflow/example_dags/example_subdag_operator.py
[2022-05-15 16:51:09,397] {scheduler_job.py:633} INFO - Processing file /home/airflow/.local/lib/python3.8/site-packages/airflow/example_dags/example_subdag_operator.py for tasks to queue
[2022-05-15 16:51:09,400] {logging_mixin.py:104} INFO - [2022-05-15 16:51:09,400] {dagbag.py:496} INFO - Filling up the DagBag from /home/airflow/.local/lib/python3.8/site-packages/airflow/example_dags/example_subdag_operator.py
[2022-05-15 16:51:09,459] {scheduler_job.py:643} INFO - DAG(s) dict_keys(['example_subdag_operator.section-1', 'example_subdag_operator.section-2', 'example_subdag_operator']) retrieved from /home/airflow/.local/lib/python3.8/site-packages/airflow/example_dags/example_subdag_operator.py
[2022-05-15 16:51:09,486] {logging_mixin.py:104} INFO - [2022-05-15 16:51:09,486] {dag.py:1833} INFO - Sync 3 DAGs
[2022-05-15 16:51:09,522] {logging_mixin.py:104} INFO - [2022-05-15 16:51:09,522] {dag.py:2306} INFO - Setting next_dagrun for example_subdag_operator to 2022-05-13 00:00:00+00:00
[2022-05-15 16:51:09,524] {logging_mixin.py:104} INFO - [2022-05-15 16:51:09,524] {dag.py:2306} INFO - Setting next_dagrun for example_subdag_operator.section-1 to None
[2022-05-15 16:51:09,525] {logging_mixin.py:104} INFO - [2022-05-15 16:51:09,525] {dag.py:2306} INFO - Setting next_dagrun for example_subdag_operator.section-2 to None
[2022-05-15 16:51:09,561] {logging_mixin.py:104} INFO - [2022-05-15 16:51:09,560] {dag.py:1833} INFO - Sync 2 DAGs
[2022-05-15 16:51:09,576] {logging_mixin.py:104} INFO - [2022-05-15 16:51:09,576] {dag.py:2306} INFO - Setting next_dagrun for example_subdag_operator.section-1 to None
[2022-05-15 16:51:09,577] {logging_mixin.py:104} INFO - [2022-05-15 16:51:09,576] {dag.py:2306} INFO - Setting next_dagrun for example_subdag_operator.section-2 to None
[2022-05-15 16:51:09,586] {scheduler_job.py:190} INFO - Processing /home/airflow/.local/lib/python3.8/site-packages/airflow/example_dags/example_subdag_operator.py took 0.202 seconds
[2022-05-15 16:51:40,449] {scheduler_job.py:182} INFO - Started process (PID=573) to work on /home/airflow/.local/lib/python3.8/site-packages/airflow/example_dags/example_subdag_operator.py
[2022-05-15 16:51:40,453] {scheduler_job.py:633} INFO - Processing file /home/airflow/.local/lib/python3.8/site-packages/airflow/example_dags/example_subdag_operator.py for tasks to queue
[2022-05-15 16:51:40,455] {logging_mixin.py:104} INFO - [2022-05-15 16:51:40,455] {dagbag.py:496} INFO - Filling up the DagBag from /home/airflow/.local/lib/python3.8/site-packages/airflow/example_dags/example_subdag_operator.py
[2022-05-15 16:51:40,517] {scheduler_job.py:643} INFO - DAG(s) dict_keys(['example_subdag_operator.section-1', 'example_subdag_operator.section-2', 'example_subdag_operator']) retrieved from /home/airflow/.local/lib/python3.8/site-packages/airflow/example_dags/example_subdag_operator.py
[2022-05-15 16:51:40,535] {logging_mixin.py:104} INFO - [2022-05-15 16:51:40,535] {dag.py:1833} INFO - Sync 3 DAGs
[2022-05-15 16:51:40,552] {logging_mixin.py:104} INFO - [2022-05-15 16:51:40,552] {dag.py:2306} INFO - Setting next_dagrun for example_subdag_operator to 2022-05-13 00:00:00+00:00
[2022-05-15 16:51:40,554] {logging_mixin.py:104} INFO - [2022-05-15 16:51:40,554] {dag.py:2306} INFO - Setting next_dagrun for example_subdag_operator.section-1 to None
[2022-05-15 16:51:40,555] {logging_mixin.py:104} INFO - [2022-05-15 16:51:40,555] {dag.py:2306} INFO - Setting next_dagrun for example_subdag_operator.section-2 to None
[2022-05-15 16:51:40,570] {logging_mixin.py:104} INFO - [2022-05-15 16:51:40,570] {dag.py:1833} INFO - Sync 2 DAGs
[2022-05-15 16:51:40,583] {logging_mixin.py:104} INFO - [2022-05-15 16:51:40,582] {dag.py:2306} INFO - Setting next_dagrun for example_subdag_operator.section-1 to None
[2022-05-15 16:51:40,584] {logging_mixin.py:104} INFO - [2022-05-15 16:51:40,583] {dag.py:2306} INFO - Setting next_dagrun for example_subdag_operator.section-2 to None
[2022-05-15 16:51:40,600] {scheduler_job.py:190} INFO - Processing /home/airflow/.local/lib/python3.8/site-packages/airflow/example_dags/example_subdag_operator.py took 0.157 seconds
[2022-05-15 16:52:11,330] {scheduler_job.py:182} INFO - Started process (PID=612) to work on /home/airflow/.local/lib/python3.8/site-packages/airflow/example_dags/example_subdag_operator.py
[2022-05-15 16:52:11,332] {scheduler_job.py:633} INFO - Processing file /home/airflow/.local/lib/python3.8/site-packages/airflow/example_dags/example_subdag_operator.py for tasks to queue
[2022-05-15 16:52:11,333] {logging_mixin.py:104} INFO - [2022-05-15 16:52:11,333] {dagbag.py:496} INFO - Filling up the DagBag from /home/airflow/.local/lib/python3.8/site-packages/airflow/example_dags/example_subdag_operator.py
[2022-05-15 16:52:11,386] {scheduler_job.py:643} INFO - DAG(s) dict_keys(['example_subdag_operator.section-1', 'example_subdag_operator.section-2', 'example_subdag_operator']) retrieved from /home/airflow/.local/lib/python3.8/site-packages/airflow/example_dags/example_subdag_operator.py
[2022-05-15 16:52:11,405] {logging_mixin.py:104} INFO - [2022-05-15 16:52:11,405] {dag.py:1833} INFO - Sync 3 DAGs
[2022-05-15 16:52:11,427] {logging_mixin.py:104} INFO - [2022-05-15 16:52:11,427] {dag.py:2306} INFO - Setting next_dagrun for example_subdag_operator to 2022-05-13 00:00:00+00:00
[2022-05-15 16:52:11,429] {logging_mixin.py:104} INFO - [2022-05-15 16:52:11,428] {dag.py:2306} INFO - Setting next_dagrun for example_subdag_operator.section-1 to None
[2022-05-15 16:52:11,429] {logging_mixin.py:104} INFO - [2022-05-15 16:52:11,429] {dag.py:2306} INFO - Setting next_dagrun for example_subdag_operator.section-2 to None
[2022-05-15 16:52:11,453] {logging_mixin.py:104} INFO - [2022-05-15 16:52:11,453] {dag.py:1833} INFO - Sync 2 DAGs
[2022-05-15 16:52:11,466] {logging_mixin.py:104} INFO - [2022-05-15 16:52:11,465] {dag.py:2306} INFO - Setting next_dagrun for example_subdag_operator.section-1 to None
[2022-05-15 16:52:11,466] {logging_mixin.py:104} INFO - [2022-05-15 16:52:11,466] {dag.py:2306} INFO - Setting next_dagrun for example_subdag_operator.section-2 to None
[2022-05-15 16:52:11,477] {scheduler_job.py:190} INFO - Processing /home/airflow/.local/lib/python3.8/site-packages/airflow/example_dags/example_subdag_operator.py took 0.152 seconds
[2022-05-15 16:52:41,797] {scheduler_job.py:182} INFO - Started process (PID=651) to work on /home/airflow/.local/lib/python3.8/site-packages/airflow/example_dags/example_subdag_operator.py
[2022-05-15 16:52:41,798] {scheduler_job.py:633} INFO - Processing file /home/airflow/.local/lib/python3.8/site-packages/airflow/example_dags/example_subdag_operator.py for tasks to queue
[2022-05-15 16:52:41,798] {logging_mixin.py:104} INFO - [2022-05-15 16:52:41,798] {dagbag.py:496} INFO - Filling up the DagBag from /home/airflow/.local/lib/python3.8/site-packages/airflow/example_dags/example_subdag_operator.py
[2022-05-15 16:52:41,826] {scheduler_job.py:643} INFO - DAG(s) dict_keys(['example_subdag_operator.section-1', 'example_subdag_operator.section-2', 'example_subdag_operator']) retrieved from /home/airflow/.local/lib/python3.8/site-packages/airflow/example_dags/example_subdag_operator.py
[2022-05-15 16:52:41,846] {logging_mixin.py:104} INFO - [2022-05-15 16:52:41,845] {dag.py:1833} INFO - Sync 3 DAGs
[2022-05-15 16:52:41,862] {logging_mixin.py:104} INFO - [2022-05-15 16:52:41,862] {dag.py:2306} INFO - Setting next_dagrun for example_subdag_operator to 2022-05-13 00:00:00+00:00
[2022-05-15 16:52:41,863] {logging_mixin.py:104} INFO - [2022-05-15 16:52:41,863] {dag.py:2306} INFO - Setting next_dagrun for example_subdag_operator.section-1 to None
[2022-05-15 16:52:41,863] {logging_mixin.py:104} INFO - [2022-05-15 16:52:41,863] {dag.py:2306} INFO - Setting next_dagrun for example_subdag_operator.section-2 to None
[2022-05-15 16:52:41,882] {logging_mixin.py:104} INFO - [2022-05-15 16:52:41,882] {dag.py:1833} INFO - Sync 2 DAGs
[2022-05-15 16:52:41,887] {logging_mixin.py:104} INFO - [2022-05-15 16:52:41,886] {dag.py:2306} INFO - Setting next_dagrun for example_subdag_operator.section-1 to None
[2022-05-15 16:52:41,887] {logging_mixin.py:104} INFO - [2022-05-15 16:52:41,887] {dag.py:2306} INFO - Setting next_dagrun for example_subdag_operator.section-2 to None
[2022-05-15 16:52:41,893] {scheduler_job.py:190} INFO - Processing /home/airflow/.local/lib/python3.8/site-packages/airflow/example_dags/example_subdag_operator.py took 0.097 seconds
[2022-05-15 16:53:12,275] {scheduler_job.py:182} INFO - Started process (PID=689) to work on /home/airflow/.local/lib/python3.8/site-packages/airflow/example_dags/example_subdag_operator.py
[2022-05-15 16:53:12,277] {scheduler_job.py:633} INFO - Processing file /home/airflow/.local/lib/python3.8/site-packages/airflow/example_dags/example_subdag_operator.py for tasks to queue
[2022-05-15 16:53:12,278] {logging_mixin.py:104} INFO - [2022-05-15 16:53:12,278] {dagbag.py:496} INFO - Filling up the DagBag from /home/airflow/.local/lib/python3.8/site-packages/airflow/example_dags/example_subdag_operator.py
[2022-05-15 16:53:12,318] {scheduler_job.py:643} INFO - DAG(s) dict_keys(['example_subdag_operator.section-1', 'example_subdag_operator.section-2', 'example_subdag_operator']) retrieved from /home/airflow/.local/lib/python3.8/site-packages/airflow/example_dags/example_subdag_operator.py
[2022-05-15 16:53:12,331] {logging_mixin.py:104} INFO - [2022-05-15 16:53:12,331] {dag.py:1833} INFO - Sync 3 DAGs
[2022-05-15 16:53:12,345] {logging_mixin.py:104} INFO - [2022-05-15 16:53:12,345] {dag.py:2306} INFO - Setting next_dagrun for example_subdag_operator to 2022-05-13 00:00:00+00:00
[2022-05-15 16:53:12,347] {logging_mixin.py:104} INFO - [2022-05-15 16:53:12,347] {dag.py:2306} INFO - Setting next_dagrun for example_subdag_operator.section-1 to None
[2022-05-15 16:53:12,347] {logging_mixin.py:104} INFO - [2022-05-15 16:53:12,347] {dag.py:2306} INFO - Setting next_dagrun for example_subdag_operator.section-2 to None
[2022-05-15 16:53:12,363] {logging_mixin.py:104} INFO - [2022-05-15 16:53:12,362] {dag.py:1833} INFO - Sync 2 DAGs
[2022-05-15 16:53:12,378] {logging_mixin.py:104} INFO - [2022-05-15 16:53:12,377] {dag.py:2306} INFO - Setting next_dagrun for example_subdag_operator.section-1 to None
[2022-05-15 16:53:12,378] {logging_mixin.py:104} INFO - [2022-05-15 16:53:12,378] {dag.py:2306} INFO - Setting next_dagrun for example_subdag_operator.section-2 to None
[2022-05-15 16:53:12,390] {scheduler_job.py:190} INFO - Processing /home/airflow/.local/lib/python3.8/site-packages/airflow/example_dags/example_subdag_operator.py took 0.120 seconds
[2022-05-15 16:53:43,136] {scheduler_job.py:182} INFO - Started process (PID=729) to work on /home/airflow/.local/lib/python3.8/site-packages/airflow/example_dags/example_subdag_operator.py
[2022-05-15 16:53:43,137] {scheduler_job.py:633} INFO - Processing file /home/airflow/.local/lib/python3.8/site-packages/airflow/example_dags/example_subdag_operator.py for tasks to queue
[2022-05-15 16:53:43,137] {logging_mixin.py:104} INFO - [2022-05-15 16:53:43,137] {dagbag.py:496} INFO - Filling up the DagBag from /home/airflow/.local/lib/python3.8/site-packages/airflow/example_dags/example_subdag_operator.py
[2022-05-15 16:53:43,155] {scheduler_job.py:643} INFO - DAG(s) dict_keys(['example_subdag_operator.section-1', 'example_subdag_operator.section-2', 'example_subdag_operator']) retrieved from /home/airflow/.local/lib/python3.8/site-packages/airflow/example_dags/example_subdag_operator.py
[2022-05-15 16:53:43,161] {logging_mixin.py:104} INFO - [2022-05-15 16:53:43,161] {dag.py:1833} INFO - Sync 3 DAGs
[2022-05-15 16:53:43,168] {logging_mixin.py:104} INFO - [2022-05-15 16:53:43,168] {dag.py:2306} INFO - Setting next_dagrun for example_subdag_operator to 2022-05-13 00:00:00+00:00
[2022-05-15 16:53:43,168] {logging_mixin.py:104} INFO - [2022-05-15 16:53:43,168] {dag.py:2306} INFO - Setting next_dagrun for example_subdag_operator.section-1 to None
[2022-05-15 16:53:43,168] {logging_mixin.py:104} INFO - [2022-05-15 16:53:43,168] {dag.py:2306} INFO - Setting next_dagrun for example_subdag_operator.section-2 to None
[2022-05-15 16:53:43,174] {logging_mixin.py:104} INFO - [2022-05-15 16:53:43,174] {dag.py:1833} INFO - Sync 2 DAGs
[2022-05-15 16:53:43,178] {logging_mixin.py:104} INFO - [2022-05-15 16:53:43,178] {dag.py:2306} INFO - Setting next_dagrun for example_subdag_operator.section-1 to None
[2022-05-15 16:53:43,178] {logging_mixin.py:104} INFO - [2022-05-15 16:53:43,178] {dag.py:2306} INFO - Setting next_dagrun for example_subdag_operator.section-2 to None
[2022-05-15 16:53:43,183] {scheduler_job.py:190} INFO - Processing /home/airflow/.local/lib/python3.8/site-packages/airflow/example_dags/example_subdag_operator.py took 0.049 seconds
[2022-05-15 16:54:14,282] {scheduler_job.py:182} INFO - Started process (PID=768) to work on /home/airflow/.local/lib/python3.8/site-packages/airflow/example_dags/example_subdag_operator.py
[2022-05-15 16:54:14,285] {scheduler_job.py:633} INFO - Processing file /home/airflow/.local/lib/python3.8/site-packages/airflow/example_dags/example_subdag_operator.py for tasks to queue
[2022-05-15 16:54:14,287] {logging_mixin.py:104} INFO - [2022-05-15 16:54:14,287] {dagbag.py:496} INFO - Filling up the DagBag from /home/airflow/.local/lib/python3.8/site-packages/airflow/example_dags/example_subdag_operator.py
[2022-05-15 16:54:14,382] {scheduler_job.py:643} INFO - DAG(s) dict_keys(['example_subdag_operator.section-1', 'example_subdag_operator.section-2', 'example_subdag_operator']) retrieved from /home/airflow/.local/lib/python3.8/site-packages/airflow/example_dags/example_subdag_operator.py
[2022-05-15 16:54:14,402] {logging_mixin.py:104} INFO - [2022-05-15 16:54:14,402] {dag.py:1833} INFO - Sync 3 DAGs
[2022-05-15 16:54:14,437] {logging_mixin.py:104} INFO - [2022-05-15 16:54:14,436] {dag.py:2306} INFO - Setting next_dagrun for example_subdag_operator to 2022-05-13 00:00:00+00:00
[2022-05-15 16:54:14,440] {logging_mixin.py:104} INFO - [2022-05-15 16:54:14,439] {dag.py:2306} INFO - Setting next_dagrun for example_subdag_operator.section-1 to None
[2022-05-15 16:54:14,440] {logging_mixin.py:104} INFO - [2022-05-15 16:54:14,440] {dag.py:2306} INFO - Setting next_dagrun for example_subdag_operator.section-2 to None
[2022-05-15 16:54:14,541] {logging_mixin.py:104} INFO - [2022-05-15 16:54:14,541] {dag.py:1833} INFO - Sync 2 DAGs
[2022-05-15 16:54:14,558] {logging_mixin.py:104} INFO - [2022-05-15 16:54:14,558] {dag.py:2306} INFO - Setting next_dagrun for example_subdag_operator.section-1 to None
[2022-05-15 16:54:14,559] {logging_mixin.py:104} INFO - [2022-05-15 16:54:14,559] {dag.py:2306} INFO - Setting next_dagrun for example_subdag_operator.section-2 to None
[2022-05-15 16:54:14,624] {scheduler_job.py:190} INFO - Processing /home/airflow/.local/lib/python3.8/site-packages/airflow/example_dags/example_subdag_operator.py took 0.349 seconds
[2022-05-15 16:54:44,954] {scheduler_job.py:182} INFO - Started process (PID=806) to work on /home/airflow/.local/lib/python3.8/site-packages/airflow/example_dags/example_subdag_operator.py
[2022-05-15 16:54:44,955] {scheduler_job.py:633} INFO - Processing file /home/airflow/.local/lib/python3.8/site-packages/airflow/example_dags/example_subdag_operator.py for tasks to queue
[2022-05-15 16:54:44,955] {logging_mixin.py:104} INFO - [2022-05-15 16:54:44,955] {dagbag.py:496} INFO - Filling up the DagBag from /home/airflow/.local/lib/python3.8/site-packages/airflow/example_dags/example_subdag_operator.py
[2022-05-15 16:54:44,987] {scheduler_job.py:643} INFO - DAG(s) dict_keys(['example_subdag_operator.section-1', 'example_subdag_operator.section-2', 'example_subdag_operator']) retrieved from /home/airflow/.local/lib/python3.8/site-packages/airflow/example_dags/example_subdag_operator.py
[2022-05-15 16:54:44,997] {logging_mixin.py:104} INFO - [2022-05-15 16:54:44,997] {dag.py:1833} INFO - Sync 3 DAGs
[2022-05-15 16:54:45,004] {logging_mixin.py:104} INFO - [2022-05-15 16:54:45,004] {dag.py:2306} INFO - Setting next_dagrun for example_subdag_operator to 2022-05-13 00:00:00+00:00
[2022-05-15 16:54:45,004] {logging_mixin.py:104} INFO - [2022-05-15 16:54:45,004] {dag.py:2306} INFO - Setting next_dagrun for example_subdag_operator.section-1 to None
[2022-05-15 16:54:45,005] {logging_mixin.py:104} INFO - [2022-05-15 16:54:45,005] {dag.py:2306} INFO - Setting next_dagrun for example_subdag_operator.section-2 to None
[2022-05-15 16:54:45,014] {logging_mixin.py:104} INFO - [2022-05-15 16:54:45,014] {dag.py:1833} INFO - Sync 2 DAGs
[2022-05-15 16:54:45,018] {logging_mixin.py:104} INFO - [2022-05-15 16:54:45,018] {dag.py:2306} INFO - Setting next_dagrun for example_subdag_operator.section-1 to None
[2022-05-15 16:54:45,018] {logging_mixin.py:104} INFO - [2022-05-15 16:54:45,018] {dag.py:2306} INFO - Setting next_dagrun for example_subdag_operator.section-2 to None
[2022-05-15 16:54:45,024] {scheduler_job.py:190} INFO - Processing /home/airflow/.local/lib/python3.8/site-packages/airflow/example_dags/example_subdag_operator.py took 0.072 seconds
[2022-05-15 16:55:47,385] {scheduler_job.py:182} INFO - Started process (PID=45) to work on /home/airflow/.local/lib/python3.8/site-packages/airflow/example_dags/example_subdag_operator.py
[2022-05-15 16:55:47,385] {scheduler_job.py:633} INFO - Processing file /home/airflow/.local/lib/python3.8/site-packages/airflow/example_dags/example_subdag_operator.py for tasks to queue
[2022-05-15 16:55:47,386] {logging_mixin.py:104} INFO - [2022-05-15 16:55:47,386] {dagbag.py:496} INFO - Filling up the DagBag from /home/airflow/.local/lib/python3.8/site-packages/airflow/example_dags/example_subdag_operator.py
[2022-05-15 16:55:47,407] {scheduler_job.py:643} INFO - DAG(s) dict_keys(['example_subdag_operator.section-1', 'example_subdag_operator.section-2', 'example_subdag_operator']) retrieved from /home/airflow/.local/lib/python3.8/site-packages/airflow/example_dags/example_subdag_operator.py
[2022-05-15 16:55:47,415] {logging_mixin.py:104} INFO - [2022-05-15 16:55:47,415] {dag.py:1833} INFO - Sync 3 DAGs
[2022-05-15 16:55:47,422] {logging_mixin.py:104} INFO - [2022-05-15 16:55:47,422] {dag.py:2306} INFO - Setting next_dagrun for example_subdag_operator to 2022-05-13 00:00:00+00:00
[2022-05-15 16:55:47,422] {logging_mixin.py:104} INFO - [2022-05-15 16:55:47,422] {dag.py:2306} INFO - Setting next_dagrun for example_subdag_operator.section-1 to None
[2022-05-15 16:55:47,423] {logging_mixin.py:104} INFO - [2022-05-15 16:55:47,423] {dag.py:2306} INFO - Setting next_dagrun for example_subdag_operator.section-2 to None
[2022-05-15 16:55:47,429] {logging_mixin.py:104} INFO - [2022-05-15 16:55:47,429] {dag.py:1833} INFO - Sync 2 DAGs
[2022-05-15 16:55:47,434] {logging_mixin.py:104} INFO - [2022-05-15 16:55:47,434] {dag.py:2306} INFO - Setting next_dagrun for example_subdag_operator.section-1 to None
[2022-05-15 16:55:47,434] {logging_mixin.py:104} INFO - [2022-05-15 16:55:47,434] {dag.py:2306} INFO - Setting next_dagrun for example_subdag_operator.section-2 to None
[2022-05-15 16:55:47,445] {scheduler_job.py:190} INFO - Processing /home/airflow/.local/lib/python3.8/site-packages/airflow/example_dags/example_subdag_operator.py took 0.062 seconds
[2022-05-15 16:56:18,692] {scheduler_job.py:182} INFO - Started process (PID=84) to work on /home/airflow/.local/lib/python3.8/site-packages/airflow/example_dags/example_subdag_operator.py
[2022-05-15 16:56:18,693] {scheduler_job.py:633} INFO - Processing file /home/airflow/.local/lib/python3.8/site-packages/airflow/example_dags/example_subdag_operator.py for tasks to queue
[2022-05-15 16:56:18,693] {logging_mixin.py:104} INFO - [2022-05-15 16:56:18,693] {dagbag.py:496} INFO - Filling up the DagBag from /home/airflow/.local/lib/python3.8/site-packages/airflow/example_dags/example_subdag_operator.py
[2022-05-15 16:56:18,718] {scheduler_job.py:643} INFO - DAG(s) dict_keys(['example_subdag_operator.section-1', 'example_subdag_operator.section-2', 'example_subdag_operator']) retrieved from /home/airflow/.local/lib/python3.8/site-packages/airflow/example_dags/example_subdag_operator.py
[2022-05-15 16:56:18,731] {logging_mixin.py:104} INFO - [2022-05-15 16:56:18,731] {dag.py:1833} INFO - Sync 3 DAGs
[2022-05-15 16:56:18,753] {logging_mixin.py:104} INFO - [2022-05-15 16:56:18,753] {dag.py:2306} INFO - Setting next_dagrun for example_subdag_operator to 2022-05-13 00:00:00+00:00
[2022-05-15 16:56:18,754] {logging_mixin.py:104} INFO - [2022-05-15 16:56:18,754] {dag.py:2306} INFO - Setting next_dagrun for example_subdag_operator.section-1 to None
[2022-05-15 16:56:18,755] {logging_mixin.py:104} INFO - [2022-05-15 16:56:18,754] {dag.py:2306} INFO - Setting next_dagrun for example_subdag_operator.section-2 to None
[2022-05-15 16:56:18,766] {logging_mixin.py:104} INFO - [2022-05-15 16:56:18,765] {dag.py:1833} INFO - Sync 2 DAGs
[2022-05-15 16:56:18,773] {logging_mixin.py:104} INFO - [2022-05-15 16:56:18,773] {dag.py:2306} INFO - Setting next_dagrun for example_subdag_operator.section-1 to None
[2022-05-15 16:56:18,774] {logging_mixin.py:104} INFO - [2022-05-15 16:56:18,774] {dag.py:2306} INFO - Setting next_dagrun for example_subdag_operator.section-2 to None
[2022-05-15 16:56:18,782] {scheduler_job.py:190} INFO - Processing /home/airflow/.local/lib/python3.8/site-packages/airflow/example_dags/example_subdag_operator.py took 0.091 seconds
[2022-05-15 16:56:49,022] {scheduler_job.py:182} INFO - Started process (PID=122) to work on /home/airflow/.local/lib/python3.8/site-packages/airflow/example_dags/example_subdag_operator.py
[2022-05-15 16:56:49,023] {scheduler_job.py:633} INFO - Processing file /home/airflow/.local/lib/python3.8/site-packages/airflow/example_dags/example_subdag_operator.py for tasks to queue
[2022-05-15 16:56:49,023] {logging_mixin.py:104} INFO - [2022-05-15 16:56:49,023] {dagbag.py:496} INFO - Filling up the DagBag from /home/airflow/.local/lib/python3.8/site-packages/airflow/example_dags/example_subdag_operator.py
[2022-05-15 16:56:49,041] {scheduler_job.py:643} INFO - DAG(s) dict_keys(['example_subdag_operator.section-1', 'example_subdag_operator.section-2', 'example_subdag_operator']) retrieved from /home/airflow/.local/lib/python3.8/site-packages/airflow/example_dags/example_subdag_operator.py
[2022-05-15 16:56:49,047] {logging_mixin.py:104} INFO - [2022-05-15 16:56:49,047] {dag.py:1833} INFO - Sync 3 DAGs
[2022-05-15 16:56:49,053] {logging_mixin.py:104} INFO - [2022-05-15 16:56:49,053] {dag.py:2306} INFO - Setting next_dagrun for example_subdag_operator to 2022-05-13 00:00:00+00:00
[2022-05-15 16:56:49,054] {logging_mixin.py:104} INFO - [2022-05-15 16:56:49,054] {dag.py:2306} INFO - Setting next_dagrun for example_subdag_operator.section-1 to None
[2022-05-15 16:56:49,054] {logging_mixin.py:104} INFO - [2022-05-15 16:56:49,054] {dag.py:2306} INFO - Setting next_dagrun for example_subdag_operator.section-2 to None
[2022-05-15 16:56:49,060] {logging_mixin.py:104} INFO - [2022-05-15 16:56:49,059] {dag.py:1833} INFO - Sync 2 DAGs
[2022-05-15 16:56:49,064] {logging_mixin.py:104} INFO - [2022-05-15 16:56:49,064] {dag.py:2306} INFO - Setting next_dagrun for example_subdag_operator.section-1 to None
[2022-05-15 16:56:49,064] {logging_mixin.py:104} INFO - [2022-05-15 16:56:49,064] {dag.py:2306} INFO - Setting next_dagrun for example_subdag_operator.section-2 to None
[2022-05-15 16:56:49,069] {scheduler_job.py:190} INFO - Processing /home/airflow/.local/lib/python3.8/site-packages/airflow/example_dags/example_subdag_operator.py took 0.049 seconds
[2022-05-15 16:57:21,614] {scheduler_job.py:182} INFO - Started process (PID=162) to work on /home/airflow/.local/lib/python3.8/site-packages/airflow/example_dags/example_subdag_operator.py
[2022-05-15 16:57:21,617] {scheduler_job.py:633} INFO - Processing file /home/airflow/.local/lib/python3.8/site-packages/airflow/example_dags/example_subdag_operator.py for tasks to queue
[2022-05-15 16:57:21,618] {logging_mixin.py:104} INFO - [2022-05-15 16:57:21,618] {dagbag.py:496} INFO - Filling up the DagBag from /home/airflow/.local/lib/python3.8/site-packages/airflow/example_dags/example_subdag_operator.py
[2022-05-15 16:57:21,673] {scheduler_job.py:643} INFO - DAG(s) dict_keys(['example_subdag_operator.section-1', 'example_subdag_operator.section-2', 'example_subdag_operator']) retrieved from /home/airflow/.local/lib/python3.8/site-packages/airflow/example_dags/example_subdag_operator.py
[2022-05-15 16:57:21,691] {logging_mixin.py:104} INFO - [2022-05-15 16:57:21,691] {dag.py:1833} INFO - Sync 3 DAGs
[2022-05-15 16:57:21,718] {logging_mixin.py:104} INFO - [2022-05-15 16:57:21,717] {dag.py:2306} INFO - Setting next_dagrun for example_subdag_operator to 2022-05-13 00:00:00+00:00
[2022-05-15 16:57:21,720] {logging_mixin.py:104} INFO - [2022-05-15 16:57:21,720] {dag.py:2306} INFO - Setting next_dagrun for example_subdag_operator.section-1 to None
[2022-05-15 16:57:21,721] {logging_mixin.py:104} INFO - [2022-05-15 16:57:21,721] {dag.py:2306} INFO - Setting next_dagrun for example_subdag_operator.section-2 to None
[2022-05-15 16:57:21,741] {logging_mixin.py:104} INFO - [2022-05-15 16:57:21,741] {dag.py:1833} INFO - Sync 2 DAGs
[2022-05-15 16:57:21,761] {logging_mixin.py:104} INFO - [2022-05-15 16:57:21,761] {dag.py:2306} INFO - Setting next_dagrun for example_subdag_operator.section-1 to None
[2022-05-15 16:57:21,762] {logging_mixin.py:104} INFO - [2022-05-15 16:57:21,762] {dag.py:2306} INFO - Setting next_dagrun for example_subdag_operator.section-2 to None
[2022-05-15 16:57:21,780] {scheduler_job.py:190} INFO - Processing /home/airflow/.local/lib/python3.8/site-packages/airflow/example_dags/example_subdag_operator.py took 0.170 seconds
