[2022-05-15 16:44:57,583] {scheduler_job.py:182} INFO - Started process (PID=40) to work on /home/airflow/.local/lib/python3.8/site-packages/airflow/example_dags/example_branch_operator.py
[2022-05-15 16:44:57,585] {scheduler_job.py:633} INFO - Processing file /home/airflow/.local/lib/python3.8/site-packages/airflow/example_dags/example_branch_operator.py for tasks to queue
[2022-05-15 16:44:57,586] {logging_mixin.py:104} INFO - [2022-05-15 16:44:57,586] {dagbag.py:496} INFO - Filling up the DagBag from /home/airflow/.local/lib/python3.8/site-packages/airflow/example_dags/example_branch_operator.py
[2022-05-15 16:44:57,598] {scheduler_job.py:643} INFO - DAG(s) dict_keys(['example_branch_operator']) retrieved from /home/airflow/.local/lib/python3.8/site-packages/airflow/example_dags/example_branch_operator.py
[2022-05-15 16:44:57,623] {logging_mixin.py:104} INFO - [2022-05-15 16:44:57,623] {dag.py:1833} INFO - Sync 1 DAGs
[2022-05-15 16:44:57,637] {logging_mixin.py:104} INFO - [2022-05-15 16:44:57,637] {dag.py:2306} INFO - Setting next_dagrun for example_branch_operator to 2022-05-13 00:00:00+00:00
[2022-05-15 16:44:57,656] {scheduler_job.py:190} INFO - Processing /home/airflow/.local/lib/python3.8/site-packages/airflow/example_dags/example_branch_operator.py took 0.077 seconds
[2022-05-15 16:45:29,747] {scheduler_job.py:182} INFO - Started process (PID=71) to work on /home/airflow/.local/lib/python3.8/site-packages/airflow/example_dags/example_branch_operator.py
[2022-05-15 16:45:29,748] {scheduler_job.py:633} INFO - Processing file /home/airflow/.local/lib/python3.8/site-packages/airflow/example_dags/example_branch_operator.py for tasks to queue
[2022-05-15 16:45:29,749] {logging_mixin.py:104} INFO - [2022-05-15 16:45:29,749] {dagbag.py:496} INFO - Filling up the DagBag from /home/airflow/.local/lib/python3.8/site-packages/airflow/example_dags/example_branch_operator.py
[2022-05-15 16:45:29,769] {scheduler_job.py:643} INFO - DAG(s) dict_keys(['example_branch_operator']) retrieved from /home/airflow/.local/lib/python3.8/site-packages/airflow/example_dags/example_branch_operator.py
[2022-05-15 16:45:29,808] {logging_mixin.py:104} INFO - [2022-05-15 16:45:29,807] {dag.py:1833} INFO - Sync 1 DAGs
[2022-05-15 16:45:29,829] {logging_mixin.py:104} INFO - [2022-05-15 16:45:29,829] {dag.py:2306} INFO - Setting next_dagrun for example_branch_operator to 2022-05-13 00:00:00+00:00
[2022-05-15 16:45:29,851] {scheduler_job.py:190} INFO - Processing /home/airflow/.local/lib/python3.8/site-packages/airflow/example_dags/example_branch_operator.py took 0.107 seconds
[2022-05-15 16:46:00,571] {scheduler_job.py:182} INFO - Started process (PID=110) to work on /home/airflow/.local/lib/python3.8/site-packages/airflow/example_dags/example_branch_operator.py
[2022-05-15 16:46:00,572] {scheduler_job.py:633} INFO - Processing file /home/airflow/.local/lib/python3.8/site-packages/airflow/example_dags/example_branch_operator.py for tasks to queue
[2022-05-15 16:46:00,572] {logging_mixin.py:104} INFO - [2022-05-15 16:46:00,572] {dagbag.py:496} INFO - Filling up the DagBag from /home/airflow/.local/lib/python3.8/site-packages/airflow/example_dags/example_branch_operator.py
[2022-05-15 16:46:00,581] {scheduler_job.py:643} INFO - DAG(s) dict_keys(['example_branch_operator']) retrieved from /home/airflow/.local/lib/python3.8/site-packages/airflow/example_dags/example_branch_operator.py
[2022-05-15 16:46:00,599] {logging_mixin.py:104} INFO - [2022-05-15 16:46:00,599] {dag.py:1833} INFO - Sync 1 DAGs
[2022-05-15 16:46:00,608] {logging_mixin.py:104} INFO - [2022-05-15 16:46:00,608] {dag.py:2306} INFO - Setting next_dagrun for example_branch_operator to 2022-05-13 00:00:00+00:00
[2022-05-15 16:46:00,619] {scheduler_job.py:190} INFO - Processing /home/airflow/.local/lib/python3.8/site-packages/airflow/example_dags/example_branch_operator.py took 0.050 seconds
[2022-05-15 16:46:31,102] {scheduler_job.py:182} INFO - Started process (PID=149) to work on /home/airflow/.local/lib/python3.8/site-packages/airflow/example_dags/example_branch_operator.py
[2022-05-15 16:46:31,104] {scheduler_job.py:633} INFO - Processing file /home/airflow/.local/lib/python3.8/site-packages/airflow/example_dags/example_branch_operator.py for tasks to queue
[2022-05-15 16:46:31,105] {logging_mixin.py:104} INFO - [2022-05-15 16:46:31,105] {dagbag.py:496} INFO - Filling up the DagBag from /home/airflow/.local/lib/python3.8/site-packages/airflow/example_dags/example_branch_operator.py
[2022-05-15 16:46:31,124] {scheduler_job.py:643} INFO - DAG(s) dict_keys(['example_branch_operator']) retrieved from /home/airflow/.local/lib/python3.8/site-packages/airflow/example_dags/example_branch_operator.py
[2022-05-15 16:46:31,181] {logging_mixin.py:104} INFO - [2022-05-15 16:46:31,180] {dag.py:1833} INFO - Sync 1 DAGs
[2022-05-15 16:46:31,205] {logging_mixin.py:104} INFO - [2022-05-15 16:46:31,205] {dag.py:2306} INFO - Setting next_dagrun for example_branch_operator to 2022-05-13 00:00:00+00:00
[2022-05-15 16:46:31,231] {scheduler_job.py:190} INFO - Processing /home/airflow/.local/lib/python3.8/site-packages/airflow/example_dags/example_branch_operator.py took 0.134 seconds
[2022-05-15 16:47:02,157] {scheduler_job.py:182} INFO - Started process (PID=188) to work on /home/airflow/.local/lib/python3.8/site-packages/airflow/example_dags/example_branch_operator.py
[2022-05-15 16:47:02,158] {scheduler_job.py:633} INFO - Processing file /home/airflow/.local/lib/python3.8/site-packages/airflow/example_dags/example_branch_operator.py for tasks to queue
[2022-05-15 16:47:02,158] {logging_mixin.py:104} INFO - [2022-05-15 16:47:02,158] {dagbag.py:496} INFO - Filling up the DagBag from /home/airflow/.local/lib/python3.8/site-packages/airflow/example_dags/example_branch_operator.py
[2022-05-15 16:47:02,171] {scheduler_job.py:643} INFO - DAG(s) dict_keys(['example_branch_operator']) retrieved from /home/airflow/.local/lib/python3.8/site-packages/airflow/example_dags/example_branch_operator.py
[2022-05-15 16:47:02,188] {logging_mixin.py:104} INFO - [2022-05-15 16:47:02,188] {dag.py:1833} INFO - Sync 1 DAGs
[2022-05-15 16:47:02,198] {logging_mixin.py:104} INFO - [2022-05-15 16:47:02,198] {dag.py:2306} INFO - Setting next_dagrun for example_branch_operator to 2022-05-13 00:00:00+00:00
[2022-05-15 16:47:02,227] {scheduler_job.py:190} INFO - Processing /home/airflow/.local/lib/python3.8/site-packages/airflow/example_dags/example_branch_operator.py took 0.071 seconds
[2022-05-15 16:47:33,329] {scheduler_job.py:182} INFO - Started process (PID=236) to work on /home/airflow/.local/lib/python3.8/site-packages/airflow/example_dags/example_branch_operator.py
[2022-05-15 16:47:33,330] {scheduler_job.py:633} INFO - Processing file /home/airflow/.local/lib/python3.8/site-packages/airflow/example_dags/example_branch_operator.py for tasks to queue
[2022-05-15 16:47:33,330] {logging_mixin.py:104} INFO - [2022-05-15 16:47:33,330] {dagbag.py:496} INFO - Filling up the DagBag from /home/airflow/.local/lib/python3.8/site-packages/airflow/example_dags/example_branch_operator.py
[2022-05-15 16:47:33,337] {scheduler_job.py:643} INFO - DAG(s) dict_keys(['example_branch_operator']) retrieved from /home/airflow/.local/lib/python3.8/site-packages/airflow/example_dags/example_branch_operator.py
[2022-05-15 16:47:33,351] {logging_mixin.py:104} INFO - [2022-05-15 16:47:33,351] {dag.py:1833} INFO - Sync 1 DAGs
[2022-05-15 16:47:33,359] {logging_mixin.py:104} INFO - [2022-05-15 16:47:33,359] {dag.py:2306} INFO - Setting next_dagrun for example_branch_operator to 2022-05-13 00:00:00+00:00
[2022-05-15 16:47:33,366] {scheduler_job.py:190} INFO - Processing /home/airflow/.local/lib/python3.8/site-packages/airflow/example_dags/example_branch_operator.py took 0.039 seconds
[2022-05-15 16:48:04,430] {scheduler_job.py:182} INFO - Started process (PID=294) to work on /home/airflow/.local/lib/python3.8/site-packages/airflow/example_dags/example_branch_operator.py
[2022-05-15 16:48:04,431] {scheduler_job.py:633} INFO - Processing file /home/airflow/.local/lib/python3.8/site-packages/airflow/example_dags/example_branch_operator.py for tasks to queue
[2022-05-15 16:48:04,431] {logging_mixin.py:104} INFO - [2022-05-15 16:48:04,431] {dagbag.py:496} INFO - Filling up the DagBag from /home/airflow/.local/lib/python3.8/site-packages/airflow/example_dags/example_branch_operator.py
[2022-05-15 16:48:04,448] {scheduler_job.py:643} INFO - DAG(s) dict_keys(['example_branch_operator']) retrieved from /home/airflow/.local/lib/python3.8/site-packages/airflow/example_dags/example_branch_operator.py
[2022-05-15 16:48:04,471] {logging_mixin.py:104} INFO - [2022-05-15 16:48:04,471] {dag.py:1833} INFO - Sync 1 DAGs
[2022-05-15 16:48:04,481] {logging_mixin.py:104} INFO - [2022-05-15 16:48:04,481] {dag.py:2306} INFO - Setting next_dagrun for example_branch_operator to 2022-05-13 00:00:00+00:00
[2022-05-15 16:48:04,491] {scheduler_job.py:190} INFO - Processing /home/airflow/.local/lib/python3.8/site-packages/airflow/example_dags/example_branch_operator.py took 0.063 seconds
[2022-05-15 16:48:35,129] {scheduler_job.py:182} INFO - Started process (PID=333) to work on /home/airflow/.local/lib/python3.8/site-packages/airflow/example_dags/example_branch_operator.py
[2022-05-15 16:48:35,129] {scheduler_job.py:633} INFO - Processing file /home/airflow/.local/lib/python3.8/site-packages/airflow/example_dags/example_branch_operator.py for tasks to queue
[2022-05-15 16:48:35,130] {logging_mixin.py:104} INFO - [2022-05-15 16:48:35,130] {dagbag.py:496} INFO - Filling up the DagBag from /home/airflow/.local/lib/python3.8/site-packages/airflow/example_dags/example_branch_operator.py
[2022-05-15 16:48:35,138] {scheduler_job.py:643} INFO - DAG(s) dict_keys(['example_branch_operator']) retrieved from /home/airflow/.local/lib/python3.8/site-packages/airflow/example_dags/example_branch_operator.py
[2022-05-15 16:48:35,152] {logging_mixin.py:104} INFO - [2022-05-15 16:48:35,152] {dag.py:1833} INFO - Sync 1 DAGs
[2022-05-15 16:48:35,160] {logging_mixin.py:104} INFO - [2022-05-15 16:48:35,160] {dag.py:2306} INFO - Setting next_dagrun for example_branch_operator to 2022-05-13 00:00:00+00:00
[2022-05-15 16:48:35,171] {scheduler_job.py:190} INFO - Processing /home/airflow/.local/lib/python3.8/site-packages/airflow/example_dags/example_branch_operator.py took 0.044 seconds
[2022-05-15 16:49:05,744] {scheduler_job.py:182} INFO - Started process (PID=372) to work on /home/airflow/.local/lib/python3.8/site-packages/airflow/example_dags/example_branch_operator.py
[2022-05-15 16:49:05,746] {scheduler_job.py:633} INFO - Processing file /home/airflow/.local/lib/python3.8/site-packages/airflow/example_dags/example_branch_operator.py for tasks to queue
[2022-05-15 16:49:05,747] {logging_mixin.py:104} INFO - [2022-05-15 16:49:05,747] {dagbag.py:496} INFO - Filling up the DagBag from /home/airflow/.local/lib/python3.8/site-packages/airflow/example_dags/example_branch_operator.py
[2022-05-15 16:49:05,763] {scheduler_job.py:643} INFO - DAG(s) dict_keys(['example_branch_operator']) retrieved from /home/airflow/.local/lib/python3.8/site-packages/airflow/example_dags/example_branch_operator.py
[2022-05-15 16:49:05,779] {logging_mixin.py:104} INFO - [2022-05-15 16:49:05,779] {dag.py:1833} INFO - Sync 1 DAGs
[2022-05-15 16:49:05,793] {logging_mixin.py:104} INFO - [2022-05-15 16:49:05,793] {dag.py:2306} INFO - Setting next_dagrun for example_branch_operator to 2022-05-13 00:00:00+00:00
[2022-05-15 16:49:05,801] {scheduler_job.py:190} INFO - Processing /home/airflow/.local/lib/python3.8/site-packages/airflow/example_dags/example_branch_operator.py took 0.061 seconds
[2022-05-15 16:49:35,846] {scheduler_job.py:182} INFO - Started process (PID=403) to work on /home/airflow/.local/lib/python3.8/site-packages/airflow/example_dags/example_branch_operator.py
[2022-05-15 16:49:35,847] {scheduler_job.py:633} INFO - Processing file /home/airflow/.local/lib/python3.8/site-packages/airflow/example_dags/example_branch_operator.py for tasks to queue
[2022-05-15 16:49:35,848] {logging_mixin.py:104} INFO - [2022-05-15 16:49:35,847] {dagbag.py:496} INFO - Filling up the DagBag from /home/airflow/.local/lib/python3.8/site-packages/airflow/example_dags/example_branch_operator.py
[2022-05-15 16:49:35,859] {scheduler_job.py:643} INFO - DAG(s) dict_keys(['example_branch_operator']) retrieved from /home/airflow/.local/lib/python3.8/site-packages/airflow/example_dags/example_branch_operator.py
[2022-05-15 16:49:35,878] {logging_mixin.py:104} INFO - [2022-05-15 16:49:35,878] {dag.py:1833} INFO - Sync 1 DAGs
[2022-05-15 16:49:35,889] {logging_mixin.py:104} INFO - [2022-05-15 16:49:35,889] {dag.py:2306} INFO - Setting next_dagrun for example_branch_operator to 2022-05-13 00:00:00+00:00
[2022-05-15 16:49:35,896] {scheduler_job.py:190} INFO - Processing /home/airflow/.local/lib/python3.8/site-packages/airflow/example_dags/example_branch_operator.py took 0.054 seconds
[2022-05-15 16:50:05,999] {scheduler_job.py:182} INFO - Started process (PID=441) to work on /home/airflow/.local/lib/python3.8/site-packages/airflow/example_dags/example_branch_operator.py
[2022-05-15 16:50:06,001] {scheduler_job.py:633} INFO - Processing file /home/airflow/.local/lib/python3.8/site-packages/airflow/example_dags/example_branch_operator.py for tasks to queue
[2022-05-15 16:50:06,003] {logging_mixin.py:104} INFO - [2022-05-15 16:50:06,003] {dagbag.py:496} INFO - Filling up the DagBag from /home/airflow/.local/lib/python3.8/site-packages/airflow/example_dags/example_branch_operator.py
[2022-05-15 16:50:06,024] {scheduler_job.py:643} INFO - DAG(s) dict_keys(['example_branch_operator']) retrieved from /home/airflow/.local/lib/python3.8/site-packages/airflow/example_dags/example_branch_operator.py
[2022-05-15 16:50:06,060] {logging_mixin.py:104} INFO - [2022-05-15 16:50:06,060] {dag.py:1833} INFO - Sync 1 DAGs
[2022-05-15 16:50:06,078] {logging_mixin.py:104} INFO - [2022-05-15 16:50:06,077] {dag.py:2306} INFO - Setting next_dagrun for example_branch_operator to 2022-05-13 00:00:00+00:00
[2022-05-15 16:50:06,101] {scheduler_job.py:190} INFO - Processing /home/airflow/.local/lib/python3.8/site-packages/airflow/example_dags/example_branch_operator.py took 0.108 seconds
[2022-05-15 16:50:36,884] {scheduler_job.py:182} INFO - Started process (PID=480) to work on /home/airflow/.local/lib/python3.8/site-packages/airflow/example_dags/example_branch_operator.py
[2022-05-15 16:50:36,885] {scheduler_job.py:633} INFO - Processing file /home/airflow/.local/lib/python3.8/site-packages/airflow/example_dags/example_branch_operator.py for tasks to queue
[2022-05-15 16:50:36,886] {logging_mixin.py:104} INFO - [2022-05-15 16:50:36,886] {dagbag.py:496} INFO - Filling up the DagBag from /home/airflow/.local/lib/python3.8/site-packages/airflow/example_dags/example_branch_operator.py
[2022-05-15 16:50:36,899] {scheduler_job.py:643} INFO - DAG(s) dict_keys(['example_branch_operator']) retrieved from /home/airflow/.local/lib/python3.8/site-packages/airflow/example_dags/example_branch_operator.py
[2022-05-15 16:50:36,915] {logging_mixin.py:104} INFO - [2022-05-15 16:50:36,915] {dag.py:1833} INFO - Sync 1 DAGs
[2022-05-15 16:50:36,924] {logging_mixin.py:104} INFO - [2022-05-15 16:50:36,924] {dag.py:2306} INFO - Setting next_dagrun for example_branch_operator to 2022-05-13 00:00:00+00:00
[2022-05-15 16:50:36,946] {scheduler_job.py:190} INFO - Processing /home/airflow/.local/lib/python3.8/site-packages/airflow/example_dags/example_branch_operator.py took 0.065 seconds
[2022-05-15 16:51:07,350] {scheduler_job.py:182} INFO - Started process (PID=519) to work on /home/airflow/.local/lib/python3.8/site-packages/airflow/example_dags/example_branch_operator.py
[2022-05-15 16:51:07,352] {scheduler_job.py:633} INFO - Processing file /home/airflow/.local/lib/python3.8/site-packages/airflow/example_dags/example_branch_operator.py for tasks to queue
[2022-05-15 16:51:07,353] {logging_mixin.py:104} INFO - [2022-05-15 16:51:07,352] {dagbag.py:496} INFO - Filling up the DagBag from /home/airflow/.local/lib/python3.8/site-packages/airflow/example_dags/example_branch_operator.py
[2022-05-15 16:51:07,368] {scheduler_job.py:643} INFO - DAG(s) dict_keys(['example_branch_operator']) retrieved from /home/airflow/.local/lib/python3.8/site-packages/airflow/example_dags/example_branch_operator.py
[2022-05-15 16:51:07,400] {logging_mixin.py:104} INFO - [2022-05-15 16:51:07,400] {dag.py:1833} INFO - Sync 1 DAGs
[2022-05-15 16:51:07,423] {logging_mixin.py:104} INFO - [2022-05-15 16:51:07,422] {dag.py:2306} INFO - Setting next_dagrun for example_branch_operator to 2022-05-13 00:00:00+00:00
[2022-05-15 16:51:07,444] {scheduler_job.py:190} INFO - Processing /home/airflow/.local/lib/python3.8/site-packages/airflow/example_dags/example_branch_operator.py took 0.098 seconds
[2022-05-15 16:51:37,939] {scheduler_job.py:182} INFO - Started process (PID=558) to work on /home/airflow/.local/lib/python3.8/site-packages/airflow/example_dags/example_branch_operator.py
[2022-05-15 16:51:37,942] {scheduler_job.py:633} INFO - Processing file /home/airflow/.local/lib/python3.8/site-packages/airflow/example_dags/example_branch_operator.py for tasks to queue
[2022-05-15 16:51:37,944] {logging_mixin.py:104} INFO - [2022-05-15 16:51:37,944] {dagbag.py:496} INFO - Filling up the DagBag from /home/airflow/.local/lib/python3.8/site-packages/airflow/example_dags/example_branch_operator.py
[2022-05-15 16:51:37,963] {scheduler_job.py:643} INFO - DAG(s) dict_keys(['example_branch_operator']) retrieved from /home/airflow/.local/lib/python3.8/site-packages/airflow/example_dags/example_branch_operator.py
[2022-05-15 16:51:37,995] {logging_mixin.py:104} INFO - [2022-05-15 16:51:37,995] {dag.py:1833} INFO - Sync 1 DAGs
[2022-05-15 16:51:38,021] {logging_mixin.py:104} INFO - [2022-05-15 16:51:38,021] {dag.py:2306} INFO - Setting next_dagrun for example_branch_operator to 2022-05-13 00:00:00+00:00
[2022-05-15 16:51:38,039] {scheduler_job.py:190} INFO - Processing /home/airflow/.local/lib/python3.8/site-packages/airflow/example_dags/example_branch_operator.py took 0.107 seconds
[2022-05-15 16:52:08,807] {scheduler_job.py:182} INFO - Started process (PID=597) to work on /home/airflow/.local/lib/python3.8/site-packages/airflow/example_dags/example_branch_operator.py
[2022-05-15 16:52:08,808] {scheduler_job.py:633} INFO - Processing file /home/airflow/.local/lib/python3.8/site-packages/airflow/example_dags/example_branch_operator.py for tasks to queue
[2022-05-15 16:52:08,808] {logging_mixin.py:104} INFO - [2022-05-15 16:52:08,808] {dagbag.py:496} INFO - Filling up the DagBag from /home/airflow/.local/lib/python3.8/site-packages/airflow/example_dags/example_branch_operator.py
[2022-05-15 16:52:08,820] {scheduler_job.py:643} INFO - DAG(s) dict_keys(['example_branch_operator']) retrieved from /home/airflow/.local/lib/python3.8/site-packages/airflow/example_dags/example_branch_operator.py
[2022-05-15 16:52:08,836] {logging_mixin.py:104} INFO - [2022-05-15 16:52:08,836] {dag.py:1833} INFO - Sync 1 DAGs
[2022-05-15 16:52:08,844] {logging_mixin.py:104} INFO - [2022-05-15 16:52:08,843] {dag.py:2306} INFO - Setting next_dagrun for example_branch_operator to 2022-05-13 00:00:00+00:00
[2022-05-15 16:52:08,862] {scheduler_job.py:190} INFO - Processing /home/airflow/.local/lib/python3.8/site-packages/airflow/example_dags/example_branch_operator.py took 0.057 seconds
[2022-05-15 16:52:38,927] {scheduler_job.py:182} INFO - Started process (PID=635) to work on /home/airflow/.local/lib/python3.8/site-packages/airflow/example_dags/example_branch_operator.py
[2022-05-15 16:52:38,929] {scheduler_job.py:633} INFO - Processing file /home/airflow/.local/lib/python3.8/site-packages/airflow/example_dags/example_branch_operator.py for tasks to queue
[2022-05-15 16:52:38,930] {logging_mixin.py:104} INFO - [2022-05-15 16:52:38,930] {dagbag.py:496} INFO - Filling up the DagBag from /home/airflow/.local/lib/python3.8/site-packages/airflow/example_dags/example_branch_operator.py
[2022-05-15 16:52:38,951] {scheduler_job.py:643} INFO - DAG(s) dict_keys(['example_branch_operator']) retrieved from /home/airflow/.local/lib/python3.8/site-packages/airflow/example_dags/example_branch_operator.py
[2022-05-15 16:52:38,970] {logging_mixin.py:104} INFO - [2022-05-15 16:52:38,970] {dag.py:1833} INFO - Sync 1 DAGs
[2022-05-15 16:52:38,979] {logging_mixin.py:104} INFO - [2022-05-15 16:52:38,979] {dag.py:2306} INFO - Setting next_dagrun for example_branch_operator to 2022-05-13 00:00:00+00:00
[2022-05-15 16:52:39,001] {scheduler_job.py:190} INFO - Processing /home/airflow/.local/lib/python3.8/site-packages/airflow/example_dags/example_branch_operator.py took 0.081 seconds
[2022-05-15 16:53:09,749] {scheduler_job.py:182} INFO - Started process (PID=674) to work on /home/airflow/.local/lib/python3.8/site-packages/airflow/example_dags/example_branch_operator.py
[2022-05-15 16:53:09,751] {scheduler_job.py:633} INFO - Processing file /home/airflow/.local/lib/python3.8/site-packages/airflow/example_dags/example_branch_operator.py for tasks to queue
[2022-05-15 16:53:09,753] {logging_mixin.py:104} INFO - [2022-05-15 16:53:09,752] {dagbag.py:496} INFO - Filling up the DagBag from /home/airflow/.local/lib/python3.8/site-packages/airflow/example_dags/example_branch_operator.py
[2022-05-15 16:53:09,776] {scheduler_job.py:643} INFO - DAG(s) dict_keys(['example_branch_operator']) retrieved from /home/airflow/.local/lib/python3.8/site-packages/airflow/example_dags/example_branch_operator.py
[2022-05-15 16:53:09,795] {logging_mixin.py:104} INFO - [2022-05-15 16:53:09,795] {dag.py:1833} INFO - Sync 1 DAGs
[2022-05-15 16:53:09,803] {logging_mixin.py:104} INFO - [2022-05-15 16:53:09,803] {dag.py:2306} INFO - Setting next_dagrun for example_branch_operator to 2022-05-13 00:00:00+00:00
[2022-05-15 16:53:09,824] {scheduler_job.py:190} INFO - Processing /home/airflow/.local/lib/python3.8/site-packages/airflow/example_dags/example_branch_operator.py took 0.081 seconds
[2022-05-15 16:53:40,622] {scheduler_job.py:182} INFO - Started process (PID=713) to work on /home/airflow/.local/lib/python3.8/site-packages/airflow/example_dags/example_branch_operator.py
[2022-05-15 16:53:40,623] {scheduler_job.py:633} INFO - Processing file /home/airflow/.local/lib/python3.8/site-packages/airflow/example_dags/example_branch_operator.py for tasks to queue
[2022-05-15 16:53:40,623] {logging_mixin.py:104} INFO - [2022-05-15 16:53:40,623] {dagbag.py:496} INFO - Filling up the DagBag from /home/airflow/.local/lib/python3.8/site-packages/airflow/example_dags/example_branch_operator.py
[2022-05-15 16:53:40,630] {scheduler_job.py:643} INFO - DAG(s) dict_keys(['example_branch_operator']) retrieved from /home/airflow/.local/lib/python3.8/site-packages/airflow/example_dags/example_branch_operator.py
[2022-05-15 16:53:40,646] {logging_mixin.py:104} INFO - [2022-05-15 16:53:40,646] {dag.py:1833} INFO - Sync 1 DAGs
[2022-05-15 16:53:40,654] {logging_mixin.py:104} INFO - [2022-05-15 16:53:40,654] {dag.py:2306} INFO - Setting next_dagrun for example_branch_operator to 2022-05-13 00:00:00+00:00
[2022-05-15 16:53:40,662] {scheduler_job.py:190} INFO - Processing /home/airflow/.local/lib/python3.8/site-packages/airflow/example_dags/example_branch_operator.py took 0.041 seconds
[2022-05-15 16:54:11,396] {scheduler_job.py:182} INFO - Started process (PID=752) to work on /home/airflow/.local/lib/python3.8/site-packages/airflow/example_dags/example_branch_operator.py
[2022-05-15 16:54:11,398] {scheduler_job.py:633} INFO - Processing file /home/airflow/.local/lib/python3.8/site-packages/airflow/example_dags/example_branch_operator.py for tasks to queue
[2022-05-15 16:54:11,399] {logging_mixin.py:104} INFO - [2022-05-15 16:54:11,398] {dagbag.py:496} INFO - Filling up the DagBag from /home/airflow/.local/lib/python3.8/site-packages/airflow/example_dags/example_branch_operator.py
[2022-05-15 16:54:11,414] {scheduler_job.py:643} INFO - DAG(s) dict_keys(['example_branch_operator']) retrieved from /home/airflow/.local/lib/python3.8/site-packages/airflow/example_dags/example_branch_operator.py
[2022-05-15 16:54:11,470] {logging_mixin.py:104} INFO - [2022-05-15 16:54:11,469] {dag.py:1833} INFO - Sync 1 DAGs
[2022-05-15 16:54:11,482] {logging_mixin.py:104} INFO - [2022-05-15 16:54:11,482] {dag.py:2306} INFO - Setting next_dagrun for example_branch_operator to 2022-05-13 00:00:00+00:00
[2022-05-15 16:54:11,513] {scheduler_job.py:190} INFO - Processing /home/airflow/.local/lib/python3.8/site-packages/airflow/example_dags/example_branch_operator.py took 0.121 seconds
[2022-05-15 16:54:42,196] {scheduler_job.py:182} INFO - Started process (PID=791) to work on /home/airflow/.local/lib/python3.8/site-packages/airflow/example_dags/example_branch_operator.py
[2022-05-15 16:54:42,198] {scheduler_job.py:633} INFO - Processing file /home/airflow/.local/lib/python3.8/site-packages/airflow/example_dags/example_branch_operator.py for tasks to queue
[2022-05-15 16:54:42,199] {logging_mixin.py:104} INFO - [2022-05-15 16:54:42,199] {dagbag.py:496} INFO - Filling up the DagBag from /home/airflow/.local/lib/python3.8/site-packages/airflow/example_dags/example_branch_operator.py
[2022-05-15 16:54:42,221] {scheduler_job.py:643} INFO - DAG(s) dict_keys(['example_branch_operator']) retrieved from /home/airflow/.local/lib/python3.8/site-packages/airflow/example_dags/example_branch_operator.py
[2022-05-15 16:54:42,240] {logging_mixin.py:104} INFO - [2022-05-15 16:54:42,240] {dag.py:1833} INFO - Sync 1 DAGs
[2022-05-15 16:54:42,248] {logging_mixin.py:104} INFO - [2022-05-15 16:54:42,248] {dag.py:2306} INFO - Setting next_dagrun for example_branch_operator to 2022-05-13 00:00:00+00:00
[2022-05-15 16:54:42,268] {scheduler_job.py:190} INFO - Processing /home/airflow/.local/lib/python3.8/site-packages/airflow/example_dags/example_branch_operator.py took 0.078 seconds
[2022-05-15 16:55:47,196] {scheduler_job.py:182} INFO - Started process (PID=39) to work on /home/airflow/.local/lib/python3.8/site-packages/airflow/example_dags/example_branch_operator.py
[2022-05-15 16:55:47,198] {scheduler_job.py:633} INFO - Processing file /home/airflow/.local/lib/python3.8/site-packages/airflow/example_dags/example_branch_operator.py for tasks to queue
[2022-05-15 16:55:47,199] {logging_mixin.py:104} INFO - [2022-05-15 16:55:47,198] {dagbag.py:496} INFO - Filling up the DagBag from /home/airflow/.local/lib/python3.8/site-packages/airflow/example_dags/example_branch_operator.py
[2022-05-15 16:55:47,212] {scheduler_job.py:643} INFO - DAG(s) dict_keys(['example_branch_operator']) retrieved from /home/airflow/.local/lib/python3.8/site-packages/airflow/example_dags/example_branch_operator.py
[2022-05-15 16:55:47,240] {logging_mixin.py:104} INFO - [2022-05-15 16:55:47,240] {dag.py:1833} INFO - Sync 1 DAGs
[2022-05-15 16:55:47,254] {logging_mixin.py:104} INFO - [2022-05-15 16:55:47,254] {dag.py:2306} INFO - Setting next_dagrun for example_branch_operator to 2022-05-13 00:00:00+00:00
[2022-05-15 16:55:47,264] {scheduler_job.py:190} INFO - Processing /home/airflow/.local/lib/python3.8/site-packages/airflow/example_dags/example_branch_operator.py took 0.070 seconds
[2022-05-15 16:56:18,320] {scheduler_job.py:182} INFO - Started process (PID=78) to work on /home/airflow/.local/lib/python3.8/site-packages/airflow/example_dags/example_branch_operator.py
[2022-05-15 16:56:18,321] {scheduler_job.py:633} INFO - Processing file /home/airflow/.local/lib/python3.8/site-packages/airflow/example_dags/example_branch_operator.py for tasks to queue
[2022-05-15 16:56:18,322] {logging_mixin.py:104} INFO - [2022-05-15 16:56:18,322] {dagbag.py:496} INFO - Filling up the DagBag from /home/airflow/.local/lib/python3.8/site-packages/airflow/example_dags/example_branch_operator.py
[2022-05-15 16:56:18,339] {scheduler_job.py:643} INFO - DAG(s) dict_keys(['example_branch_operator']) retrieved from /home/airflow/.local/lib/python3.8/site-packages/airflow/example_dags/example_branch_operator.py
[2022-05-15 16:56:18,381] {logging_mixin.py:104} INFO - [2022-05-15 16:56:18,381] {dag.py:1833} INFO - Sync 1 DAGs
[2022-05-15 16:56:18,414] {logging_mixin.py:104} INFO - [2022-05-15 16:56:18,414] {dag.py:2306} INFO - Setting next_dagrun for example_branch_operator to 2022-05-13 00:00:00+00:00
[2022-05-15 16:56:18,443] {scheduler_job.py:190} INFO - Processing /home/airflow/.local/lib/python3.8/site-packages/airflow/example_dags/example_branch_operator.py took 0.128 seconds
[2022-05-15 16:56:48,832] {scheduler_job.py:182} INFO - Started process (PID=117) to work on /home/airflow/.local/lib/python3.8/site-packages/airflow/example_dags/example_branch_operator.py
[2022-05-15 16:56:48,833] {scheduler_job.py:633} INFO - Processing file /home/airflow/.local/lib/python3.8/site-packages/airflow/example_dags/example_branch_operator.py for tasks to queue
[2022-05-15 16:56:48,834] {logging_mixin.py:104} INFO - [2022-05-15 16:56:48,834] {dagbag.py:496} INFO - Filling up the DagBag from /home/airflow/.local/lib/python3.8/site-packages/airflow/example_dags/example_branch_operator.py
[2022-05-15 16:56:48,842] {scheduler_job.py:643} INFO - DAG(s) dict_keys(['example_branch_operator']) retrieved from /home/airflow/.local/lib/python3.8/site-packages/airflow/example_dags/example_branch_operator.py
[2022-05-15 16:56:48,859] {logging_mixin.py:104} INFO - [2022-05-15 16:56:48,859] {dag.py:1833} INFO - Sync 1 DAGs
[2022-05-15 16:56:48,867] {logging_mixin.py:104} INFO - [2022-05-15 16:56:48,867] {dag.py:2306} INFO - Setting next_dagrun for example_branch_operator to 2022-05-13 00:00:00+00:00
[2022-05-15 16:56:48,878] {scheduler_job.py:190} INFO - Processing /home/airflow/.local/lib/python3.8/site-packages/airflow/example_dags/example_branch_operator.py took 0.047 seconds
[2022-05-15 16:57:20,912] {scheduler_job.py:182} INFO - Started process (PID=156) to work on /home/airflow/.local/lib/python3.8/site-packages/airflow/example_dags/example_branch_operator.py
[2022-05-15 16:57:20,913] {scheduler_job.py:633} INFO - Processing file /home/airflow/.local/lib/python3.8/site-packages/airflow/example_dags/example_branch_operator.py for tasks to queue
[2022-05-15 16:57:20,913] {logging_mixin.py:104} INFO - [2022-05-15 16:57:20,913] {dagbag.py:496} INFO - Filling up the DagBag from /home/airflow/.local/lib/python3.8/site-packages/airflow/example_dags/example_branch_operator.py
[2022-05-15 16:57:20,932] {scheduler_job.py:643} INFO - DAG(s) dict_keys(['example_branch_operator']) retrieved from /home/airflow/.local/lib/python3.8/site-packages/airflow/example_dags/example_branch_operator.py
[2022-05-15 16:57:20,981] {logging_mixin.py:104} INFO - [2022-05-15 16:57:20,981] {dag.py:1833} INFO - Sync 1 DAGs
[2022-05-15 16:57:21,010] {logging_mixin.py:104} INFO - [2022-05-15 16:57:21,009] {dag.py:2306} INFO - Setting next_dagrun for example_branch_operator to 2022-05-13 00:00:00+00:00
[2022-05-15 16:57:21,042] {scheduler_job.py:190} INFO - Processing /home/airflow/.local/lib/python3.8/site-packages/airflow/example_dags/example_branch_operator.py took 0.136 seconds
