[2022-05-15 16:44:57,446] {scheduler_job.py:182} INFO - Started process (PID=38) to work on /home/airflow/.local/lib/python3.8/site-packages/airflow/example_dags/example_branch_day_of_week_operator.py
[2022-05-15 16:44:57,446] {scheduler_job.py:633} INFO - Processing file /home/airflow/.local/lib/python3.8/site-packages/airflow/example_dags/example_branch_day_of_week_operator.py for tasks to queue
[2022-05-15 16:44:57,447] {logging_mixin.py:104} INFO - [2022-05-15 16:44:57,447] {dagbag.py:496} INFO - Filling up the DagBag from /home/airflow/.local/lib/python3.8/site-packages/airflow/example_dags/example_branch_day_of_week_operator.py
[2022-05-15 16:44:57,455] {scheduler_job.py:643} INFO - DAG(s) dict_keys(['example_weekday_branch_operator']) retrieved from /home/airflow/.local/lib/python3.8/site-packages/airflow/example_dags/example_branch_day_of_week_operator.py
[2022-05-15 16:44:57,469] {logging_mixin.py:104} INFO - [2022-05-15 16:44:57,468] {dag.py:1833} INFO - Sync 1 DAGs
[2022-05-15 16:44:57,478] {logging_mixin.py:104} INFO - [2022-05-15 16:44:57,477] {dag.py:2306} INFO - Setting next_dagrun for example_weekday_branch_operator to 2022-05-13 00:00:00+00:00
[2022-05-15 16:44:57,486] {scheduler_job.py:190} INFO - Processing /home/airflow/.local/lib/python3.8/site-packages/airflow/example_dags/example_branch_day_of_week_operator.py took 0.042 seconds
[2022-05-15 16:45:29,617] {scheduler_job.py:182} INFO - Started process (PID=69) to work on /home/airflow/.local/lib/python3.8/site-packages/airflow/example_dags/example_branch_day_of_week_operator.py
[2022-05-15 16:45:29,618] {scheduler_job.py:633} INFO - Processing file /home/airflow/.local/lib/python3.8/site-packages/airflow/example_dags/example_branch_day_of_week_operator.py for tasks to queue
[2022-05-15 16:45:29,620] {logging_mixin.py:104} INFO - [2022-05-15 16:45:29,619] {dagbag.py:496} INFO - Filling up the DagBag from /home/airflow/.local/lib/python3.8/site-packages/airflow/example_dags/example_branch_day_of_week_operator.py
[2022-05-15 16:45:29,638] {scheduler_job.py:643} INFO - DAG(s) dict_keys(['example_weekday_branch_operator']) retrieved from /home/airflow/.local/lib/python3.8/site-packages/airflow/example_dags/example_branch_day_of_week_operator.py
[2022-05-15 16:45:29,675] {logging_mixin.py:104} INFO - [2022-05-15 16:45:29,675] {dag.py:1833} INFO - Sync 1 DAGs
[2022-05-15 16:45:29,695] {logging_mixin.py:104} INFO - [2022-05-15 16:45:29,695] {dag.py:2306} INFO - Setting next_dagrun for example_weekday_branch_operator to 2022-05-13 00:00:00+00:00
[2022-05-15 16:45:29,710] {scheduler_job.py:190} INFO - Processing /home/airflow/.local/lib/python3.8/site-packages/airflow/example_dags/example_branch_day_of_week_operator.py took 0.099 seconds
[2022-05-15 16:46:00,475] {scheduler_job.py:182} INFO - Started process (PID=108) to work on /home/airflow/.local/lib/python3.8/site-packages/airflow/example_dags/example_branch_day_of_week_operator.py
[2022-05-15 16:46:00,476] {scheduler_job.py:633} INFO - Processing file /home/airflow/.local/lib/python3.8/site-packages/airflow/example_dags/example_branch_day_of_week_operator.py for tasks to queue
[2022-05-15 16:46:00,476] {logging_mixin.py:104} INFO - [2022-05-15 16:46:00,476] {dagbag.py:496} INFO - Filling up the DagBag from /home/airflow/.local/lib/python3.8/site-packages/airflow/example_dags/example_branch_day_of_week_operator.py
[2022-05-15 16:46:00,484] {scheduler_job.py:643} INFO - DAG(s) dict_keys(['example_weekday_branch_operator']) retrieved from /home/airflow/.local/lib/python3.8/site-packages/airflow/example_dags/example_branch_day_of_week_operator.py
[2022-05-15 16:46:00,498] {logging_mixin.py:104} INFO - [2022-05-15 16:46:00,498] {dag.py:1833} INFO - Sync 1 DAGs
[2022-05-15 16:46:00,507] {logging_mixin.py:104} INFO - [2022-05-15 16:46:00,507] {dag.py:2306} INFO - Setting next_dagrun for example_weekday_branch_operator to 2022-05-13 00:00:00+00:00
[2022-05-15 16:46:00,515] {scheduler_job.py:190} INFO - Processing /home/airflow/.local/lib/python3.8/site-packages/airflow/example_dags/example_branch_day_of_week_operator.py took 0.042 seconds
[2022-05-15 16:46:30,831] {scheduler_job.py:182} INFO - Started process (PID=147) to work on /home/airflow/.local/lib/python3.8/site-packages/airflow/example_dags/example_branch_day_of_week_operator.py
[2022-05-15 16:46:30,833] {scheduler_job.py:633} INFO - Processing file /home/airflow/.local/lib/python3.8/site-packages/airflow/example_dags/example_branch_day_of_week_operator.py for tasks to queue
[2022-05-15 16:46:30,835] {logging_mixin.py:104} INFO - [2022-05-15 16:46:30,835] {dagbag.py:496} INFO - Filling up the DagBag from /home/airflow/.local/lib/python3.8/site-packages/airflow/example_dags/example_branch_day_of_week_operator.py
[2022-05-15 16:46:30,862] {scheduler_job.py:643} INFO - DAG(s) dict_keys(['example_weekday_branch_operator']) retrieved from /home/airflow/.local/lib/python3.8/site-packages/airflow/example_dags/example_branch_day_of_week_operator.py
[2022-05-15 16:46:30,886] {logging_mixin.py:104} INFO - [2022-05-15 16:46:30,886] {dag.py:1833} INFO - Sync 1 DAGs
[2022-05-15 16:46:30,899] {logging_mixin.py:104} INFO - [2022-05-15 16:46:30,899] {dag.py:2306} INFO - Setting next_dagrun for example_weekday_branch_operator to 2022-05-13 00:00:00+00:00
[2022-05-15 16:46:30,925] {scheduler_job.py:190} INFO - Processing /home/airflow/.local/lib/python3.8/site-packages/airflow/example_dags/example_branch_day_of_week_operator.py took 0.099 seconds
[2022-05-15 16:47:00,953] {scheduler_job.py:182} INFO - Started process (PID=185) to work on /home/airflow/.local/lib/python3.8/site-packages/airflow/example_dags/example_branch_day_of_week_operator.py
[2022-05-15 16:47:00,953] {scheduler_job.py:633} INFO - Processing file /home/airflow/.local/lib/python3.8/site-packages/airflow/example_dags/example_branch_day_of_week_operator.py for tasks to queue
[2022-05-15 16:47:00,954] {logging_mixin.py:104} INFO - [2022-05-15 16:47:00,954] {dagbag.py:496} INFO - Filling up the DagBag from /home/airflow/.local/lib/python3.8/site-packages/airflow/example_dags/example_branch_day_of_week_operator.py
[2022-05-15 16:47:00,961] {scheduler_job.py:643} INFO - DAG(s) dict_keys(['example_weekday_branch_operator']) retrieved from /home/airflow/.local/lib/python3.8/site-packages/airflow/example_dags/example_branch_day_of_week_operator.py
[2022-05-15 16:47:00,978] {logging_mixin.py:104} INFO - [2022-05-15 16:47:00,978] {dag.py:1833} INFO - Sync 1 DAGs
[2022-05-15 16:47:00,986] {logging_mixin.py:104} INFO - [2022-05-15 16:47:00,986] {dag.py:2306} INFO - Setting next_dagrun for example_weekday_branch_operator to 2022-05-13 00:00:00+00:00
[2022-05-15 16:47:00,994] {scheduler_job.py:190} INFO - Processing /home/airflow/.local/lib/python3.8/site-packages/airflow/example_dags/example_branch_day_of_week_operator.py took 0.043 seconds
[2022-05-15 16:47:31,816] {scheduler_job.py:182} INFO - Started process (PID=224) to work on /home/airflow/.local/lib/python3.8/site-packages/airflow/example_dags/example_branch_day_of_week_operator.py
[2022-05-15 16:47:31,818] {scheduler_job.py:633} INFO - Processing file /home/airflow/.local/lib/python3.8/site-packages/airflow/example_dags/example_branch_day_of_week_operator.py for tasks to queue
[2022-05-15 16:47:31,819] {logging_mixin.py:104} INFO - [2022-05-15 16:47:31,819] {dagbag.py:496} INFO - Filling up the DagBag from /home/airflow/.local/lib/python3.8/site-packages/airflow/example_dags/example_branch_day_of_week_operator.py
[2022-05-15 16:47:31,833] {scheduler_job.py:643} INFO - DAG(s) dict_keys(['example_weekday_branch_operator']) retrieved from /home/airflow/.local/lib/python3.8/site-packages/airflow/example_dags/example_branch_day_of_week_operator.py
[2022-05-15 16:47:31,869] {logging_mixin.py:104} INFO - [2022-05-15 16:47:31,869] {dag.py:1833} INFO - Sync 1 DAGs
[2022-05-15 16:47:31,897] {logging_mixin.py:104} INFO - [2022-05-15 16:47:31,897] {dag.py:2306} INFO - Setting next_dagrun for example_weekday_branch_operator to 2022-05-13 00:00:00+00:00
[2022-05-15 16:47:31,919] {scheduler_job.py:190} INFO - Processing /home/airflow/.local/lib/python3.8/site-packages/airflow/example_dags/example_branch_day_of_week_operator.py took 0.105 seconds
[2022-05-15 16:48:01,976] {scheduler_job.py:182} INFO - Started process (PID=282) to work on /home/airflow/.local/lib/python3.8/site-packages/airflow/example_dags/example_branch_day_of_week_operator.py
[2022-05-15 16:48:01,977] {scheduler_job.py:633} INFO - Processing file /home/airflow/.local/lib/python3.8/site-packages/airflow/example_dags/example_branch_day_of_week_operator.py for tasks to queue
[2022-05-15 16:48:01,977] {logging_mixin.py:104} INFO - [2022-05-15 16:48:01,977] {dagbag.py:496} INFO - Filling up the DagBag from /home/airflow/.local/lib/python3.8/site-packages/airflow/example_dags/example_branch_day_of_week_operator.py
[2022-05-15 16:48:01,986] {scheduler_job.py:643} INFO - DAG(s) dict_keys(['example_weekday_branch_operator']) retrieved from /home/airflow/.local/lib/python3.8/site-packages/airflow/example_dags/example_branch_day_of_week_operator.py
[2022-05-15 16:48:02,001] {logging_mixin.py:104} INFO - [2022-05-15 16:48:02,001] {dag.py:1833} INFO - Sync 1 DAGs
[2022-05-15 16:48:02,010] {logging_mixin.py:104} INFO - [2022-05-15 16:48:02,010] {dag.py:2306} INFO - Setting next_dagrun for example_weekday_branch_operator to 2022-05-13 00:00:00+00:00
[2022-05-15 16:48:02,016] {scheduler_job.py:190} INFO - Processing /home/airflow/.local/lib/python3.8/site-packages/airflow/example_dags/example_branch_day_of_week_operator.py took 0.043 seconds
[2022-05-15 16:48:32,691] {scheduler_job.py:182} INFO - Started process (PID=321) to work on /home/airflow/.local/lib/python3.8/site-packages/airflow/example_dags/example_branch_day_of_week_operator.py
[2022-05-15 16:48:32,691] {scheduler_job.py:633} INFO - Processing file /home/airflow/.local/lib/python3.8/site-packages/airflow/example_dags/example_branch_day_of_week_operator.py for tasks to queue
[2022-05-15 16:48:32,691] {logging_mixin.py:104} INFO - [2022-05-15 16:48:32,691] {dagbag.py:496} INFO - Filling up the DagBag from /home/airflow/.local/lib/python3.8/site-packages/airflow/example_dags/example_branch_day_of_week_operator.py
[2022-05-15 16:48:32,698] {scheduler_job.py:643} INFO - DAG(s) dict_keys(['example_weekday_branch_operator']) retrieved from /home/airflow/.local/lib/python3.8/site-packages/airflow/example_dags/example_branch_day_of_week_operator.py
[2022-05-15 16:48:32,710] {logging_mixin.py:104} INFO - [2022-05-15 16:48:32,710] {dag.py:1833} INFO - Sync 1 DAGs
[2022-05-15 16:48:32,718] {logging_mixin.py:104} INFO - [2022-05-15 16:48:32,718] {dag.py:2306} INFO - Setting next_dagrun for example_weekday_branch_operator to 2022-05-13 00:00:00+00:00
[2022-05-15 16:48:32,728] {scheduler_job.py:190} INFO - Processing /home/airflow/.local/lib/python3.8/site-packages/airflow/example_dags/example_branch_day_of_week_operator.py took 0.038 seconds
[2022-05-15 16:49:03,362] {scheduler_job.py:182} INFO - Started process (PID=360) to work on /home/airflow/.local/lib/python3.8/site-packages/airflow/example_dags/example_branch_day_of_week_operator.py
[2022-05-15 16:49:03,363] {scheduler_job.py:633} INFO - Processing file /home/airflow/.local/lib/python3.8/site-packages/airflow/example_dags/example_branch_day_of_week_operator.py for tasks to queue
[2022-05-15 16:49:03,363] {logging_mixin.py:104} INFO - [2022-05-15 16:49:03,363] {dagbag.py:496} INFO - Filling up the DagBag from /home/airflow/.local/lib/python3.8/site-packages/airflow/example_dags/example_branch_day_of_week_operator.py
[2022-05-15 16:49:03,370] {scheduler_job.py:643} INFO - DAG(s) dict_keys(['example_weekday_branch_operator']) retrieved from /home/airflow/.local/lib/python3.8/site-packages/airflow/example_dags/example_branch_day_of_week_operator.py
[2022-05-15 16:49:03,383] {logging_mixin.py:104} INFO - [2022-05-15 16:49:03,383] {dag.py:1833} INFO - Sync 1 DAGs
[2022-05-15 16:49:03,390] {logging_mixin.py:104} INFO - [2022-05-15 16:49:03,390] {dag.py:2306} INFO - Setting next_dagrun for example_weekday_branch_operator to 2022-05-13 00:00:00+00:00
[2022-05-15 16:49:03,396] {scheduler_job.py:190} INFO - Processing /home/airflow/.local/lib/python3.8/site-packages/airflow/example_dags/example_branch_day_of_week_operator.py took 0.036 seconds
[2022-05-15 16:49:33,559] {scheduler_job.py:182} INFO - Started process (PID=399) to work on /home/airflow/.local/lib/python3.8/site-packages/airflow/example_dags/example_branch_day_of_week_operator.py
[2022-05-15 16:49:33,560] {scheduler_job.py:633} INFO - Processing file /home/airflow/.local/lib/python3.8/site-packages/airflow/example_dags/example_branch_day_of_week_operator.py for tasks to queue
[2022-05-15 16:49:33,560] {logging_mixin.py:104} INFO - [2022-05-15 16:49:33,560] {dagbag.py:496} INFO - Filling up the DagBag from /home/airflow/.local/lib/python3.8/site-packages/airflow/example_dags/example_branch_day_of_week_operator.py
[2022-05-15 16:49:33,567] {scheduler_job.py:643} INFO - DAG(s) dict_keys(['example_weekday_branch_operator']) retrieved from /home/airflow/.local/lib/python3.8/site-packages/airflow/example_dags/example_branch_day_of_week_operator.py
[2022-05-15 16:49:33,581] {logging_mixin.py:104} INFO - [2022-05-15 16:49:33,581] {dag.py:1833} INFO - Sync 1 DAGs
[2022-05-15 16:49:33,590] {logging_mixin.py:104} INFO - [2022-05-15 16:49:33,589] {dag.py:2306} INFO - Setting next_dagrun for example_weekday_branch_operator to 2022-05-13 00:00:00+00:00
[2022-05-15 16:49:33,598] {scheduler_job.py:190} INFO - Processing /home/airflow/.local/lib/python3.8/site-packages/airflow/example_dags/example_branch_day_of_week_operator.py took 0.041 seconds
[2022-05-15 16:50:03,863] {scheduler_job.py:182} INFO - Started process (PID=438) to work on /home/airflow/.local/lib/python3.8/site-packages/airflow/example_dags/example_branch_day_of_week_operator.py
[2022-05-15 16:50:03,865] {scheduler_job.py:633} INFO - Processing file /home/airflow/.local/lib/python3.8/site-packages/airflow/example_dags/example_branch_day_of_week_operator.py for tasks to queue
[2022-05-15 16:50:03,866] {logging_mixin.py:104} INFO - [2022-05-15 16:50:03,865] {dagbag.py:496} INFO - Filling up the DagBag from /home/airflow/.local/lib/python3.8/site-packages/airflow/example_dags/example_branch_day_of_week_operator.py
[2022-05-15 16:50:03,878] {scheduler_job.py:643} INFO - DAG(s) dict_keys(['example_weekday_branch_operator']) retrieved from /home/airflow/.local/lib/python3.8/site-packages/airflow/example_dags/example_branch_day_of_week_operator.py
[2022-05-15 16:50:03,894] {logging_mixin.py:104} INFO - [2022-05-15 16:50:03,894] {dag.py:1833} INFO - Sync 1 DAGs
[2022-05-15 16:50:03,902] {logging_mixin.py:104} INFO - [2022-05-15 16:50:03,902] {dag.py:2306} INFO - Setting next_dagrun for example_weekday_branch_operator to 2022-05-13 00:00:00+00:00
[2022-05-15 16:50:03,917] {scheduler_job.py:190} INFO - Processing /home/airflow/.local/lib/python3.8/site-packages/airflow/example_dags/example_branch_day_of_week_operator.py took 0.058 seconds
[2022-05-15 16:50:34,777] {scheduler_job.py:182} INFO - Started process (PID=477) to work on /home/airflow/.local/lib/python3.8/site-packages/airflow/example_dags/example_branch_day_of_week_operator.py
[2022-05-15 16:50:34,778] {scheduler_job.py:633} INFO - Processing file /home/airflow/.local/lib/python3.8/site-packages/airflow/example_dags/example_branch_day_of_week_operator.py for tasks to queue
[2022-05-15 16:50:34,778] {logging_mixin.py:104} INFO - [2022-05-15 16:50:34,778] {dagbag.py:496} INFO - Filling up the DagBag from /home/airflow/.local/lib/python3.8/site-packages/airflow/example_dags/example_branch_day_of_week_operator.py
[2022-05-15 16:50:34,786] {scheduler_job.py:643} INFO - DAG(s) dict_keys(['example_weekday_branch_operator']) retrieved from /home/airflow/.local/lib/python3.8/site-packages/airflow/example_dags/example_branch_day_of_week_operator.py
[2022-05-15 16:50:34,801] {logging_mixin.py:104} INFO - [2022-05-15 16:50:34,801] {dag.py:1833} INFO - Sync 1 DAGs
[2022-05-15 16:50:34,809] {logging_mixin.py:104} INFO - [2022-05-15 16:50:34,809] {dag.py:2306} INFO - Setting next_dagrun for example_weekday_branch_operator to 2022-05-13 00:00:00+00:00
[2022-05-15 16:50:34,816] {scheduler_job.py:190} INFO - Processing /home/airflow/.local/lib/python3.8/site-packages/airflow/example_dags/example_branch_day_of_week_operator.py took 0.041 seconds
[2022-05-15 16:51:05,559] {scheduler_job.py:182} INFO - Started process (PID=516) to work on /home/airflow/.local/lib/python3.8/site-packages/airflow/example_dags/example_branch_day_of_week_operator.py
[2022-05-15 16:51:05,561] {scheduler_job.py:633} INFO - Processing file /home/airflow/.local/lib/python3.8/site-packages/airflow/example_dags/example_branch_day_of_week_operator.py for tasks to queue
[2022-05-15 16:51:05,564] {logging_mixin.py:104} INFO - [2022-05-15 16:51:05,564] {dagbag.py:496} INFO - Filling up the DagBag from /home/airflow/.local/lib/python3.8/site-packages/airflow/example_dags/example_branch_day_of_week_operator.py
[2022-05-15 16:51:05,597] {scheduler_job.py:643} INFO - DAG(s) dict_keys(['example_weekday_branch_operator']) retrieved from /home/airflow/.local/lib/python3.8/site-packages/airflow/example_dags/example_branch_day_of_week_operator.py
[2022-05-15 16:51:05,673] {logging_mixin.py:104} INFO - [2022-05-15 16:51:05,673] {dag.py:1833} INFO - Sync 1 DAGs
[2022-05-15 16:51:05,696] {logging_mixin.py:104} INFO - [2022-05-15 16:51:05,696] {dag.py:2306} INFO - Setting next_dagrun for example_weekday_branch_operator to 2022-05-13 00:00:00+00:00
[2022-05-15 16:51:05,722] {scheduler_job.py:190} INFO - Processing /home/airflow/.local/lib/python3.8/site-packages/airflow/example_dags/example_branch_day_of_week_operator.py took 0.171 seconds
[2022-05-15 16:51:35,825] {scheduler_job.py:182} INFO - Started process (PID=555) to work on /home/airflow/.local/lib/python3.8/site-packages/airflow/example_dags/example_branch_day_of_week_operator.py
[2022-05-15 16:51:35,827] {scheduler_job.py:633} INFO - Processing file /home/airflow/.local/lib/python3.8/site-packages/airflow/example_dags/example_branch_day_of_week_operator.py for tasks to queue
[2022-05-15 16:51:35,828] {logging_mixin.py:104} INFO - [2022-05-15 16:51:35,828] {dagbag.py:496} INFO - Filling up the DagBag from /home/airflow/.local/lib/python3.8/site-packages/airflow/example_dags/example_branch_day_of_week_operator.py
[2022-05-15 16:51:35,838] {scheduler_job.py:643} INFO - DAG(s) dict_keys(['example_weekday_branch_operator']) retrieved from /home/airflow/.local/lib/python3.8/site-packages/airflow/example_dags/example_branch_day_of_week_operator.py
[2022-05-15 16:51:35,861] {logging_mixin.py:104} INFO - [2022-05-15 16:51:35,861] {dag.py:1833} INFO - Sync 1 DAGs
[2022-05-15 16:51:35,877] {logging_mixin.py:104} INFO - [2022-05-15 16:51:35,877] {dag.py:2306} INFO - Setting next_dagrun for example_weekday_branch_operator to 2022-05-13 00:00:00+00:00
[2022-05-15 16:51:35,891] {scheduler_job.py:190} INFO - Processing /home/airflow/.local/lib/python3.8/site-packages/airflow/example_dags/example_branch_day_of_week_operator.py took 0.067 seconds
[2022-05-15 16:52:06,729] {scheduler_job.py:182} INFO - Started process (PID=594) to work on /home/airflow/.local/lib/python3.8/site-packages/airflow/example_dags/example_branch_day_of_week_operator.py
[2022-05-15 16:52:06,730] {scheduler_job.py:633} INFO - Processing file /home/airflow/.local/lib/python3.8/site-packages/airflow/example_dags/example_branch_day_of_week_operator.py for tasks to queue
[2022-05-15 16:52:06,730] {logging_mixin.py:104} INFO - [2022-05-15 16:52:06,730] {dagbag.py:496} INFO - Filling up the DagBag from /home/airflow/.local/lib/python3.8/site-packages/airflow/example_dags/example_branch_day_of_week_operator.py
[2022-05-15 16:52:06,737] {scheduler_job.py:643} INFO - DAG(s) dict_keys(['example_weekday_branch_operator']) retrieved from /home/airflow/.local/lib/python3.8/site-packages/airflow/example_dags/example_branch_day_of_week_operator.py
[2022-05-15 16:52:06,751] {logging_mixin.py:104} INFO - [2022-05-15 16:52:06,751] {dag.py:1833} INFO - Sync 1 DAGs
[2022-05-15 16:52:06,761] {logging_mixin.py:104} INFO - [2022-05-15 16:52:06,760] {dag.py:2306} INFO - Setting next_dagrun for example_weekday_branch_operator to 2022-05-13 00:00:00+00:00
[2022-05-15 16:52:06,768] {scheduler_job.py:190} INFO - Processing /home/airflow/.local/lib/python3.8/site-packages/airflow/example_dags/example_branch_day_of_week_operator.py took 0.040 seconds
[2022-05-15 16:52:36,849] {scheduler_job.py:182} INFO - Started process (PID=633) to work on /home/airflow/.local/lib/python3.8/site-packages/airflow/example_dags/example_branch_day_of_week_operator.py
[2022-05-15 16:52:36,850] {scheduler_job.py:633} INFO - Processing file /home/airflow/.local/lib/python3.8/site-packages/airflow/example_dags/example_branch_day_of_week_operator.py for tasks to queue
[2022-05-15 16:52:36,850] {logging_mixin.py:104} INFO - [2022-05-15 16:52:36,850] {dagbag.py:496} INFO - Filling up the DagBag from /home/airflow/.local/lib/python3.8/site-packages/airflow/example_dags/example_branch_day_of_week_operator.py
[2022-05-15 16:52:36,857] {scheduler_job.py:643} INFO - DAG(s) dict_keys(['example_weekday_branch_operator']) retrieved from /home/airflow/.local/lib/python3.8/site-packages/airflow/example_dags/example_branch_day_of_week_operator.py
[2022-05-15 16:52:36,870] {logging_mixin.py:104} INFO - [2022-05-15 16:52:36,870] {dag.py:1833} INFO - Sync 1 DAGs
[2022-05-15 16:52:36,879] {logging_mixin.py:104} INFO - [2022-05-15 16:52:36,879] {dag.py:2306} INFO - Setting next_dagrun for example_weekday_branch_operator to 2022-05-13 00:00:00+00:00
[2022-05-15 16:52:36,886] {scheduler_job.py:190} INFO - Processing /home/airflow/.local/lib/python3.8/site-packages/airflow/example_dags/example_branch_day_of_week_operator.py took 0.039 seconds
[2022-05-15 16:53:07,677] {scheduler_job.py:182} INFO - Started process (PID=672) to work on /home/airflow/.local/lib/python3.8/site-packages/airflow/example_dags/example_branch_day_of_week_operator.py
[2022-05-15 16:53:07,677] {scheduler_job.py:633} INFO - Processing file /home/airflow/.local/lib/python3.8/site-packages/airflow/example_dags/example_branch_day_of_week_operator.py for tasks to queue
[2022-05-15 16:53:07,677] {logging_mixin.py:104} INFO - [2022-05-15 16:53:07,677] {dagbag.py:496} INFO - Filling up the DagBag from /home/airflow/.local/lib/python3.8/site-packages/airflow/example_dags/example_branch_day_of_week_operator.py
[2022-05-15 16:53:07,684] {scheduler_job.py:643} INFO - DAG(s) dict_keys(['example_weekday_branch_operator']) retrieved from /home/airflow/.local/lib/python3.8/site-packages/airflow/example_dags/example_branch_day_of_week_operator.py
[2022-05-15 16:53:07,697] {logging_mixin.py:104} INFO - [2022-05-15 16:53:07,697] {dag.py:1833} INFO - Sync 1 DAGs
[2022-05-15 16:53:07,708] {logging_mixin.py:104} INFO - [2022-05-15 16:53:07,708] {dag.py:2306} INFO - Setting next_dagrun for example_weekday_branch_operator to 2022-05-13 00:00:00+00:00
[2022-05-15 16:53:07,716] {scheduler_job.py:190} INFO - Processing /home/airflow/.local/lib/python3.8/site-packages/airflow/example_dags/example_branch_day_of_week_operator.py took 0.041 seconds
[2022-05-15 16:53:38,564] {scheduler_job.py:182} INFO - Started process (PID=711) to work on /home/airflow/.local/lib/python3.8/site-packages/airflow/example_dags/example_branch_day_of_week_operator.py
[2022-05-15 16:53:38,565] {scheduler_job.py:633} INFO - Processing file /home/airflow/.local/lib/python3.8/site-packages/airflow/example_dags/example_branch_day_of_week_operator.py for tasks to queue
[2022-05-15 16:53:38,565] {logging_mixin.py:104} INFO - [2022-05-15 16:53:38,565] {dagbag.py:496} INFO - Filling up the DagBag from /home/airflow/.local/lib/python3.8/site-packages/airflow/example_dags/example_branch_day_of_week_operator.py
[2022-05-15 16:53:38,572] {scheduler_job.py:643} INFO - DAG(s) dict_keys(['example_weekday_branch_operator']) retrieved from /home/airflow/.local/lib/python3.8/site-packages/airflow/example_dags/example_branch_day_of_week_operator.py
[2022-05-15 16:53:38,584] {logging_mixin.py:104} INFO - [2022-05-15 16:53:38,584] {dag.py:1833} INFO - Sync 1 DAGs
[2022-05-15 16:53:38,592] {logging_mixin.py:104} INFO - [2022-05-15 16:53:38,592] {dag.py:2306} INFO - Setting next_dagrun for example_weekday_branch_operator to 2022-05-13 00:00:00+00:00
[2022-05-15 16:53:38,598] {scheduler_job.py:190} INFO - Processing /home/airflow/.local/lib/python3.8/site-packages/airflow/example_dags/example_branch_day_of_week_operator.py took 0.036 seconds
[2022-05-15 16:54:09,291] {scheduler_job.py:182} INFO - Started process (PID=750) to work on /home/airflow/.local/lib/python3.8/site-packages/airflow/example_dags/example_branch_day_of_week_operator.py
[2022-05-15 16:54:09,293] {scheduler_job.py:633} INFO - Processing file /home/airflow/.local/lib/python3.8/site-packages/airflow/example_dags/example_branch_day_of_week_operator.py for tasks to queue
[2022-05-15 16:54:09,295] {logging_mixin.py:104} INFO - [2022-05-15 16:54:09,294] {dagbag.py:496} INFO - Filling up the DagBag from /home/airflow/.local/lib/python3.8/site-packages/airflow/example_dags/example_branch_day_of_week_operator.py
[2022-05-15 16:54:09,308] {scheduler_job.py:643} INFO - DAG(s) dict_keys(['example_weekday_branch_operator']) retrieved from /home/airflow/.local/lib/python3.8/site-packages/airflow/example_dags/example_branch_day_of_week_operator.py
[2022-05-15 16:54:09,329] {logging_mixin.py:104} INFO - [2022-05-15 16:54:09,329] {dag.py:1833} INFO - Sync 1 DAGs
[2022-05-15 16:54:09,346] {logging_mixin.py:104} INFO - [2022-05-15 16:54:09,346] {dag.py:2306} INFO - Setting next_dagrun for example_weekday_branch_operator to 2022-05-13 00:00:00+00:00
[2022-05-15 16:54:09,359] {scheduler_job.py:190} INFO - Processing /home/airflow/.local/lib/python3.8/site-packages/airflow/example_dags/example_branch_day_of_week_operator.py took 0.070 seconds
[2022-05-15 16:54:40,115] {scheduler_job.py:182} INFO - Started process (PID=789) to work on /home/airflow/.local/lib/python3.8/site-packages/airflow/example_dags/example_branch_day_of_week_operator.py
[2022-05-15 16:54:40,116] {scheduler_job.py:633} INFO - Processing file /home/airflow/.local/lib/python3.8/site-packages/airflow/example_dags/example_branch_day_of_week_operator.py for tasks to queue
[2022-05-15 16:54:40,116] {logging_mixin.py:104} INFO - [2022-05-15 16:54:40,116] {dagbag.py:496} INFO - Filling up the DagBag from /home/airflow/.local/lib/python3.8/site-packages/airflow/example_dags/example_branch_day_of_week_operator.py
[2022-05-15 16:54:40,123] {scheduler_job.py:643} INFO - DAG(s) dict_keys(['example_weekday_branch_operator']) retrieved from /home/airflow/.local/lib/python3.8/site-packages/airflow/example_dags/example_branch_day_of_week_operator.py
[2022-05-15 16:54:40,137] {logging_mixin.py:104} INFO - [2022-05-15 16:54:40,137] {dag.py:1833} INFO - Sync 1 DAGs
[2022-05-15 16:54:40,147] {logging_mixin.py:104} INFO - [2022-05-15 16:54:40,147] {dag.py:2306} INFO - Setting next_dagrun for example_weekday_branch_operator to 2022-05-13 00:00:00+00:00
[2022-05-15 16:54:40,155] {scheduler_job.py:190} INFO - Processing /home/airflow/.local/lib/python3.8/site-packages/airflow/example_dags/example_branch_day_of_week_operator.py took 0.042 seconds
[2022-05-15 16:55:47,124] {scheduler_job.py:182} INFO - Started process (PID=37) to work on /home/airflow/.local/lib/python3.8/site-packages/airflow/example_dags/example_branch_day_of_week_operator.py
[2022-05-15 16:55:47,124] {scheduler_job.py:633} INFO - Processing file /home/airflow/.local/lib/python3.8/site-packages/airflow/example_dags/example_branch_day_of_week_operator.py for tasks to queue
[2022-05-15 16:55:47,125] {logging_mixin.py:104} INFO - [2022-05-15 16:55:47,125] {dagbag.py:496} INFO - Filling up the DagBag from /home/airflow/.local/lib/python3.8/site-packages/airflow/example_dags/example_branch_day_of_week_operator.py
[2022-05-15 16:55:47,133] {scheduler_job.py:643} INFO - DAG(s) dict_keys(['example_weekday_branch_operator']) retrieved from /home/airflow/.local/lib/python3.8/site-packages/airflow/example_dags/example_branch_day_of_week_operator.py
[2022-05-15 16:55:47,154] {logging_mixin.py:104} INFO - [2022-05-15 16:55:47,154] {dag.py:1833} INFO - Sync 1 DAGs
[2022-05-15 16:55:47,170] {logging_mixin.py:104} INFO - [2022-05-15 16:55:47,169] {dag.py:2306} INFO - Setting next_dagrun for example_weekday_branch_operator to 2022-05-13 00:00:00+00:00
[2022-05-15 16:55:47,182] {scheduler_job.py:190} INFO - Processing /home/airflow/.local/lib/python3.8/site-packages/airflow/example_dags/example_branch_day_of_week_operator.py took 0.060 seconds
[2022-05-15 16:56:18,096] {scheduler_job.py:182} INFO - Started process (PID=76) to work on /home/airflow/.local/lib/python3.8/site-packages/airflow/example_dags/example_branch_day_of_week_operator.py
[2022-05-15 16:56:18,097] {scheduler_job.py:633} INFO - Processing file /home/airflow/.local/lib/python3.8/site-packages/airflow/example_dags/example_branch_day_of_week_operator.py for tasks to queue
[2022-05-15 16:56:18,098] {logging_mixin.py:104} INFO - [2022-05-15 16:56:18,098] {dagbag.py:496} INFO - Filling up the DagBag from /home/airflow/.local/lib/python3.8/site-packages/airflow/example_dags/example_branch_day_of_week_operator.py
[2022-05-15 16:56:18,111] {scheduler_job.py:643} INFO - DAG(s) dict_keys(['example_weekday_branch_operator']) retrieved from /home/airflow/.local/lib/python3.8/site-packages/airflow/example_dags/example_branch_day_of_week_operator.py
[2022-05-15 16:56:18,145] {logging_mixin.py:104} INFO - [2022-05-15 16:56:18,145] {dag.py:1833} INFO - Sync 1 DAGs
[2022-05-15 16:56:18,169] {logging_mixin.py:104} INFO - [2022-05-15 16:56:18,169] {dag.py:2306} INFO - Setting next_dagrun for example_weekday_branch_operator to 2022-05-13 00:00:00+00:00
[2022-05-15 16:56:18,186] {scheduler_job.py:190} INFO - Processing /home/airflow/.local/lib/python3.8/site-packages/airflow/example_dags/example_branch_day_of_week_operator.py took 0.093 seconds
[2022-05-15 16:56:48,736] {scheduler_job.py:182} INFO - Started process (PID=114) to work on /home/airflow/.local/lib/python3.8/site-packages/airflow/example_dags/example_branch_day_of_week_operator.py
[2022-05-15 16:56:48,737] {scheduler_job.py:633} INFO - Processing file /home/airflow/.local/lib/python3.8/site-packages/airflow/example_dags/example_branch_day_of_week_operator.py for tasks to queue
[2022-05-15 16:56:48,737] {logging_mixin.py:104} INFO - [2022-05-15 16:56:48,737] {dagbag.py:496} INFO - Filling up the DagBag from /home/airflow/.local/lib/python3.8/site-packages/airflow/example_dags/example_branch_day_of_week_operator.py
[2022-05-15 16:56:48,744] {scheduler_job.py:643} INFO - DAG(s) dict_keys(['example_weekday_branch_operator']) retrieved from /home/airflow/.local/lib/python3.8/site-packages/airflow/example_dags/example_branch_day_of_week_operator.py
[2022-05-15 16:56:48,758] {logging_mixin.py:104} INFO - [2022-05-15 16:56:48,758] {dag.py:1833} INFO - Sync 1 DAGs
[2022-05-15 16:56:48,767] {logging_mixin.py:104} INFO - [2022-05-15 16:56:48,767] {dag.py:2306} INFO - Setting next_dagrun for example_weekday_branch_operator to 2022-05-13 00:00:00+00:00
[2022-05-15 16:56:48,775] {scheduler_job.py:190} INFO - Processing /home/airflow/.local/lib/python3.8/site-packages/airflow/example_dags/example_branch_day_of_week_operator.py took 0.041 seconds
[2022-05-15 16:57:20,608] {scheduler_job.py:182} INFO - Started process (PID=154) to work on /home/airflow/.local/lib/python3.8/site-packages/airflow/example_dags/example_branch_day_of_week_operator.py
[2022-05-15 16:57:20,611] {scheduler_job.py:633} INFO - Processing file /home/airflow/.local/lib/python3.8/site-packages/airflow/example_dags/example_branch_day_of_week_operator.py for tasks to queue
[2022-05-15 16:57:20,612] {logging_mixin.py:104} INFO - [2022-05-15 16:57:20,612] {dagbag.py:496} INFO - Filling up the DagBag from /home/airflow/.local/lib/python3.8/site-packages/airflow/example_dags/example_branch_day_of_week_operator.py
[2022-05-15 16:57:20,629] {scheduler_job.py:643} INFO - DAG(s) dict_keys(['example_weekday_branch_operator']) retrieved from /home/airflow/.local/lib/python3.8/site-packages/airflow/example_dags/example_branch_day_of_week_operator.py
[2022-05-15 16:57:20,677] {logging_mixin.py:104} INFO - [2022-05-15 16:57:20,676] {dag.py:1833} INFO - Sync 1 DAGs
[2022-05-15 16:57:20,706] {logging_mixin.py:104} INFO - [2022-05-15 16:57:20,706] {dag.py:2306} INFO - Setting next_dagrun for example_weekday_branch_operator to 2022-05-13 00:00:00+00:00
[2022-05-15 16:57:20,726] {scheduler_job.py:190} INFO - Processing /home/airflow/.local/lib/python3.8/site-packages/airflow/example_dags/example_branch_day_of_week_operator.py took 0.123 seconds
