[2022-05-15 16:44:58,288] {scheduler_job.py:182} INFO - Started process (PID=49) to work on /home/airflow/.local/lib/python3.8/site-packages/airflow/example_dags/example_skip_dag.py
[2022-05-15 16:44:58,288] {scheduler_job.py:633} INFO - Processing file /home/airflow/.local/lib/python3.8/site-packages/airflow/example_dags/example_skip_dag.py for tasks to queue
[2022-05-15 16:44:58,289] {logging_mixin.py:104} INFO - [2022-05-15 16:44:58,289] {dagbag.py:496} INFO - Filling up the DagBag from /home/airflow/.local/lib/python3.8/site-packages/airflow/example_dags/example_skip_dag.py
[2022-05-15 16:44:58,296] {scheduler_job.py:643} INFO - DAG(s) dict_keys(['example_skip_dag']) retrieved from /home/airflow/.local/lib/python3.8/site-packages/airflow/example_dags/example_skip_dag.py
[2022-05-15 16:44:58,321] {logging_mixin.py:104} INFO - [2022-05-15 16:44:58,321] {dag.py:1833} INFO - Sync 1 DAGs
[2022-05-15 16:44:58,334] {logging_mixin.py:104} INFO - [2022-05-15 16:44:58,333] {dag.py:2306} INFO - Setting next_dagrun for example_skip_dag to 2022-05-13 00:00:00+00:00
[2022-05-15 16:44:58,343] {scheduler_job.py:190} INFO - Processing /home/airflow/.local/lib/python3.8/site-packages/airflow/example_dags/example_skip_dag.py took 0.057 seconds
[2022-05-15 16:45:30,870] {scheduler_job.py:182} INFO - Started process (PID=88) to work on /home/airflow/.local/lib/python3.8/site-packages/airflow/example_dags/example_skip_dag.py
[2022-05-15 16:45:30,871] {scheduler_job.py:633} INFO - Processing file /home/airflow/.local/lib/python3.8/site-packages/airflow/example_dags/example_skip_dag.py for tasks to queue
[2022-05-15 16:45:30,872] {logging_mixin.py:104} INFO - [2022-05-15 16:45:30,872] {dagbag.py:496} INFO - Filling up the DagBag from /home/airflow/.local/lib/python3.8/site-packages/airflow/example_dags/example_skip_dag.py
[2022-05-15 16:45:30,887] {scheduler_job.py:643} INFO - DAG(s) dict_keys(['example_skip_dag']) retrieved from /home/airflow/.local/lib/python3.8/site-packages/airflow/example_dags/example_skip_dag.py
[2022-05-15 16:45:30,927] {logging_mixin.py:104} INFO - [2022-05-15 16:45:30,927] {dag.py:1833} INFO - Sync 1 DAGs
[2022-05-15 16:45:30,942] {logging_mixin.py:104} INFO - [2022-05-15 16:45:30,942] {dag.py:2306} INFO - Setting next_dagrun for example_skip_dag to 2022-05-13 00:00:00+00:00
[2022-05-15 16:45:30,966] {scheduler_job.py:190} INFO - Processing /home/airflow/.local/lib/python3.8/site-packages/airflow/example_dags/example_skip_dag.py took 0.100 seconds
[2022-05-15 16:46:01,152] {scheduler_job.py:182} INFO - Started process (PID=127) to work on /home/airflow/.local/lib/python3.8/site-packages/airflow/example_dags/example_skip_dag.py
[2022-05-15 16:46:01,153] {scheduler_job.py:633} INFO - Processing file /home/airflow/.local/lib/python3.8/site-packages/airflow/example_dags/example_skip_dag.py for tasks to queue
[2022-05-15 16:46:01,153] {logging_mixin.py:104} INFO - [2022-05-15 16:46:01,153] {dagbag.py:496} INFO - Filling up the DagBag from /home/airflow/.local/lib/python3.8/site-packages/airflow/example_dags/example_skip_dag.py
[2022-05-15 16:46:01,159] {scheduler_job.py:643} INFO - DAG(s) dict_keys(['example_skip_dag']) retrieved from /home/airflow/.local/lib/python3.8/site-packages/airflow/example_dags/example_skip_dag.py
[2022-05-15 16:46:01,173] {logging_mixin.py:104} INFO - [2022-05-15 16:46:01,173] {dag.py:1833} INFO - Sync 1 DAGs
[2022-05-15 16:46:01,180] {logging_mixin.py:104} INFO - [2022-05-15 16:46:01,180] {dag.py:2306} INFO - Setting next_dagrun for example_skip_dag to 2022-05-13 00:00:00+00:00
[2022-05-15 16:46:01,188] {scheduler_job.py:190} INFO - Processing /home/airflow/.local/lib/python3.8/site-packages/airflow/example_dags/example_skip_dag.py took 0.039 seconds
[2022-05-15 16:46:32,656] {scheduler_job.py:182} INFO - Started process (PID=166) to work on /home/airflow/.local/lib/python3.8/site-packages/airflow/example_dags/example_skip_dag.py
[2022-05-15 16:46:32,657] {scheduler_job.py:633} INFO - Processing file /home/airflow/.local/lib/python3.8/site-packages/airflow/example_dags/example_skip_dag.py for tasks to queue
[2022-05-15 16:46:32,657] {logging_mixin.py:104} INFO - [2022-05-15 16:46:32,657] {dagbag.py:496} INFO - Filling up the DagBag from /home/airflow/.local/lib/python3.8/site-packages/airflow/example_dags/example_skip_dag.py
[2022-05-15 16:46:32,666] {scheduler_job.py:643} INFO - DAG(s) dict_keys(['example_skip_dag']) retrieved from /home/airflow/.local/lib/python3.8/site-packages/airflow/example_dags/example_skip_dag.py
[2022-05-15 16:46:32,691] {logging_mixin.py:104} INFO - [2022-05-15 16:46:32,691] {dag.py:1833} INFO - Sync 1 DAGs
[2022-05-15 16:46:32,701] {logging_mixin.py:104} INFO - [2022-05-15 16:46:32,701] {dag.py:2306} INFO - Setting next_dagrun for example_skip_dag to 2022-05-13 00:00:00+00:00
[2022-05-15 16:46:32,717] {scheduler_job.py:190} INFO - Processing /home/airflow/.local/lib/python3.8/site-packages/airflow/example_dags/example_skip_dag.py took 0.064 seconds
[2022-05-15 16:47:03,123] {scheduler_job.py:182} INFO - Started process (PID=205) to work on /home/airflow/.local/lib/python3.8/site-packages/airflow/example_dags/example_skip_dag.py
[2022-05-15 16:47:03,124] {scheduler_job.py:633} INFO - Processing file /home/airflow/.local/lib/python3.8/site-packages/airflow/example_dags/example_skip_dag.py for tasks to queue
[2022-05-15 16:47:03,126] {logging_mixin.py:104} INFO - [2022-05-15 16:47:03,125] {dagbag.py:496} INFO - Filling up the DagBag from /home/airflow/.local/lib/python3.8/site-packages/airflow/example_dags/example_skip_dag.py
[2022-05-15 16:47:03,135] {scheduler_job.py:643} INFO - DAG(s) dict_keys(['example_skip_dag']) retrieved from /home/airflow/.local/lib/python3.8/site-packages/airflow/example_dags/example_skip_dag.py
[2022-05-15 16:47:03,156] {logging_mixin.py:104} INFO - [2022-05-15 16:47:03,156] {dag.py:1833} INFO - Sync 1 DAGs
[2022-05-15 16:47:03,170] {logging_mixin.py:104} INFO - [2022-05-15 16:47:03,170] {dag.py:2306} INFO - Setting next_dagrun for example_skip_dag to 2022-05-13 00:00:00+00:00
[2022-05-15 16:47:03,183] {scheduler_job.py:190} INFO - Processing /home/airflow/.local/lib/python3.8/site-packages/airflow/example_dags/example_skip_dag.py took 0.062 seconds
[2022-05-15 16:47:33,709] {scheduler_job.py:182} INFO - Started process (PID=246) to work on /home/airflow/.local/lib/python3.8/site-packages/airflow/example_dags/example_skip_dag.py
[2022-05-15 16:47:33,710] {scheduler_job.py:633} INFO - Processing file /home/airflow/.local/lib/python3.8/site-packages/airflow/example_dags/example_skip_dag.py for tasks to queue
[2022-05-15 16:47:33,710] {logging_mixin.py:104} INFO - [2022-05-15 16:47:33,710] {dagbag.py:496} INFO - Filling up the DagBag from /home/airflow/.local/lib/python3.8/site-packages/airflow/example_dags/example_skip_dag.py
[2022-05-15 16:47:33,716] {scheduler_job.py:643} INFO - DAG(s) dict_keys(['example_skip_dag']) retrieved from /home/airflow/.local/lib/python3.8/site-packages/airflow/example_dags/example_skip_dag.py
[2022-05-15 16:47:33,731] {logging_mixin.py:104} INFO - [2022-05-15 16:47:33,731] {dag.py:1833} INFO - Sync 1 DAGs
[2022-05-15 16:47:33,737] {logging_mixin.py:104} INFO - [2022-05-15 16:47:33,737] {dag.py:2306} INFO - Setting next_dagrun for example_skip_dag to 2022-05-13 00:00:00+00:00
[2022-05-15 16:47:33,744] {scheduler_job.py:190} INFO - Processing /home/airflow/.local/lib/python3.8/site-packages/airflow/example_dags/example_skip_dag.py took 0.037 seconds
[2022-05-15 16:48:04,820] {scheduler_job.py:182} INFO - Started process (PID=303) to work on /home/airflow/.local/lib/python3.8/site-packages/airflow/example_dags/example_skip_dag.py
[2022-05-15 16:48:04,821] {scheduler_job.py:633} INFO - Processing file /home/airflow/.local/lib/python3.8/site-packages/airflow/example_dags/example_skip_dag.py for tasks to queue
[2022-05-15 16:48:04,821] {logging_mixin.py:104} INFO - [2022-05-15 16:48:04,821] {dagbag.py:496} INFO - Filling up the DagBag from /home/airflow/.local/lib/python3.8/site-packages/airflow/example_dags/example_skip_dag.py
[2022-05-15 16:48:04,827] {scheduler_job.py:643} INFO - DAG(s) dict_keys(['example_skip_dag']) retrieved from /home/airflow/.local/lib/python3.8/site-packages/airflow/example_dags/example_skip_dag.py
[2022-05-15 16:48:04,840] {logging_mixin.py:104} INFO - [2022-05-15 16:48:04,840] {dag.py:1833} INFO - Sync 1 DAGs
[2022-05-15 16:48:04,846] {logging_mixin.py:104} INFO - [2022-05-15 16:48:04,846] {dag.py:2306} INFO - Setting next_dagrun for example_skip_dag to 2022-05-13 00:00:00+00:00
[2022-05-15 16:48:04,853] {scheduler_job.py:190} INFO - Processing /home/airflow/.local/lib/python3.8/site-packages/airflow/example_dags/example_skip_dag.py took 0.034 seconds
[2022-05-15 16:48:35,474] {scheduler_job.py:182} INFO - Started process (PID=342) to work on /home/airflow/.local/lib/python3.8/site-packages/airflow/example_dags/example_skip_dag.py
[2022-05-15 16:48:35,475] {scheduler_job.py:633} INFO - Processing file /home/airflow/.local/lib/python3.8/site-packages/airflow/example_dags/example_skip_dag.py for tasks to queue
[2022-05-15 16:48:35,475] {logging_mixin.py:104} INFO - [2022-05-15 16:48:35,475] {dagbag.py:496} INFO - Filling up the DagBag from /home/airflow/.local/lib/python3.8/site-packages/airflow/example_dags/example_skip_dag.py
[2022-05-15 16:48:35,481] {scheduler_job.py:643} INFO - DAG(s) dict_keys(['example_skip_dag']) retrieved from /home/airflow/.local/lib/python3.8/site-packages/airflow/example_dags/example_skip_dag.py
[2022-05-15 16:48:35,494] {logging_mixin.py:104} INFO - [2022-05-15 16:48:35,494] {dag.py:1833} INFO - Sync 1 DAGs
[2022-05-15 16:48:35,500] {logging_mixin.py:104} INFO - [2022-05-15 16:48:35,500] {dag.py:2306} INFO - Setting next_dagrun for example_skip_dag to 2022-05-13 00:00:00+00:00
[2022-05-15 16:48:35,508] {scheduler_job.py:190} INFO - Processing /home/airflow/.local/lib/python3.8/site-packages/airflow/example_dags/example_skip_dag.py took 0.035 seconds
[2022-05-15 16:49:06,221] {scheduler_job.py:182} INFO - Started process (PID=381) to work on /home/airflow/.local/lib/python3.8/site-packages/airflow/example_dags/example_skip_dag.py
[2022-05-15 16:49:06,221] {scheduler_job.py:633} INFO - Processing file /home/airflow/.local/lib/python3.8/site-packages/airflow/example_dags/example_skip_dag.py for tasks to queue
[2022-05-15 16:49:06,222] {logging_mixin.py:104} INFO - [2022-05-15 16:49:06,222] {dagbag.py:496} INFO - Filling up the DagBag from /home/airflow/.local/lib/python3.8/site-packages/airflow/example_dags/example_skip_dag.py
[2022-05-15 16:49:06,227] {scheduler_job.py:643} INFO - DAG(s) dict_keys(['example_skip_dag']) retrieved from /home/airflow/.local/lib/python3.8/site-packages/airflow/example_dags/example_skip_dag.py
[2022-05-15 16:49:06,245] {logging_mixin.py:104} INFO - [2022-05-15 16:49:06,245] {dag.py:1833} INFO - Sync 1 DAGs
[2022-05-15 16:49:06,257] {logging_mixin.py:104} INFO - [2022-05-15 16:49:06,257] {dag.py:2306} INFO - Setting next_dagrun for example_skip_dag to 2022-05-13 00:00:00+00:00
[2022-05-15 16:49:06,267] {scheduler_job.py:190} INFO - Processing /home/airflow/.local/lib/python3.8/site-packages/airflow/example_dags/example_skip_dag.py took 0.047 seconds
[2022-05-15 16:49:36,536] {scheduler_job.py:182} INFO - Started process (PID=420) to work on /home/airflow/.local/lib/python3.8/site-packages/airflow/example_dags/example_skip_dag.py
[2022-05-15 16:49:36,539] {scheduler_job.py:633} INFO - Processing file /home/airflow/.local/lib/python3.8/site-packages/airflow/example_dags/example_skip_dag.py for tasks to queue
[2022-05-15 16:49:36,540] {logging_mixin.py:104} INFO - [2022-05-15 16:49:36,540] {dagbag.py:496} INFO - Filling up the DagBag from /home/airflow/.local/lib/python3.8/site-packages/airflow/example_dags/example_skip_dag.py
[2022-05-15 16:49:36,550] {scheduler_job.py:643} INFO - DAG(s) dict_keys(['example_skip_dag']) retrieved from /home/airflow/.local/lib/python3.8/site-packages/airflow/example_dags/example_skip_dag.py
[2022-05-15 16:49:36,573] {logging_mixin.py:104} INFO - [2022-05-15 16:49:36,573] {dag.py:1833} INFO - Sync 1 DAGs
[2022-05-15 16:49:36,592] {logging_mixin.py:104} INFO - [2022-05-15 16:49:36,592] {dag.py:2306} INFO - Setting next_dagrun for example_skip_dag to 2022-05-13 00:00:00+00:00
[2022-05-15 16:49:36,605] {scheduler_job.py:190} INFO - Processing /home/airflow/.local/lib/python3.8/site-packages/airflow/example_dags/example_skip_dag.py took 0.072 seconds
[2022-05-15 16:50:07,698] {scheduler_job.py:182} INFO - Started process (PID=459) to work on /home/airflow/.local/lib/python3.8/site-packages/airflow/example_dags/example_skip_dag.py
[2022-05-15 16:50:07,699] {scheduler_job.py:633} INFO - Processing file /home/airflow/.local/lib/python3.8/site-packages/airflow/example_dags/example_skip_dag.py for tasks to queue
[2022-05-15 16:50:07,699] {logging_mixin.py:104} INFO - [2022-05-15 16:50:07,699] {dagbag.py:496} INFO - Filling up the DagBag from /home/airflow/.local/lib/python3.8/site-packages/airflow/example_dags/example_skip_dag.py
[2022-05-15 16:50:07,705] {scheduler_job.py:643} INFO - DAG(s) dict_keys(['example_skip_dag']) retrieved from /home/airflow/.local/lib/python3.8/site-packages/airflow/example_dags/example_skip_dag.py
[2022-05-15 16:50:07,723] {logging_mixin.py:104} INFO - [2022-05-15 16:50:07,723] {dag.py:1833} INFO - Sync 1 DAGs
[2022-05-15 16:50:07,729] {logging_mixin.py:104} INFO - [2022-05-15 16:50:07,729] {dag.py:2306} INFO - Setting next_dagrun for example_skip_dag to 2022-05-13 00:00:00+00:00
[2022-05-15 16:50:07,737] {scheduler_job.py:190} INFO - Processing /home/airflow/.local/lib/python3.8/site-packages/airflow/example_dags/example_skip_dag.py took 0.040 seconds
[2022-05-15 16:50:38,447] {scheduler_job.py:182} INFO - Started process (PID=498) to work on /home/airflow/.local/lib/python3.8/site-packages/airflow/example_dags/example_skip_dag.py
[2022-05-15 16:50:38,448] {scheduler_job.py:633} INFO - Processing file /home/airflow/.local/lib/python3.8/site-packages/airflow/example_dags/example_skip_dag.py for tasks to queue
[2022-05-15 16:50:38,448] {logging_mixin.py:104} INFO - [2022-05-15 16:50:38,448] {dagbag.py:496} INFO - Filling up the DagBag from /home/airflow/.local/lib/python3.8/site-packages/airflow/example_dags/example_skip_dag.py
[2022-05-15 16:50:38,455] {scheduler_job.py:643} INFO - DAG(s) dict_keys(['example_skip_dag']) retrieved from /home/airflow/.local/lib/python3.8/site-packages/airflow/example_dags/example_skip_dag.py
[2022-05-15 16:50:38,469] {logging_mixin.py:104} INFO - [2022-05-15 16:50:38,469] {dag.py:1833} INFO - Sync 1 DAGs
[2022-05-15 16:50:38,476] {logging_mixin.py:104} INFO - [2022-05-15 16:50:38,476] {dag.py:2306} INFO - Setting next_dagrun for example_skip_dag to 2022-05-13 00:00:00+00:00
[2022-05-15 16:50:38,484] {scheduler_job.py:190} INFO - Processing /home/airflow/.local/lib/python3.8/site-packages/airflow/example_dags/example_skip_dag.py took 0.040 seconds
[2022-05-15 16:51:10,015] {scheduler_job.py:182} INFO - Started process (PID=537) to work on /home/airflow/.local/lib/python3.8/site-packages/airflow/example_dags/example_skip_dag.py
[2022-05-15 16:51:10,017] {scheduler_job.py:633} INFO - Processing file /home/airflow/.local/lib/python3.8/site-packages/airflow/example_dags/example_skip_dag.py for tasks to queue
[2022-05-15 16:51:10,017] {logging_mixin.py:104} INFO - [2022-05-15 16:51:10,017] {dagbag.py:496} INFO - Filling up the DagBag from /home/airflow/.local/lib/python3.8/site-packages/airflow/example_dags/example_skip_dag.py
[2022-05-15 16:51:10,044] {scheduler_job.py:643} INFO - DAG(s) dict_keys(['example_skip_dag']) retrieved from /home/airflow/.local/lib/python3.8/site-packages/airflow/example_dags/example_skip_dag.py
[2022-05-15 16:51:10,112] {logging_mixin.py:104} INFO - [2022-05-15 16:51:10,111] {dag.py:1833} INFO - Sync 1 DAGs
[2022-05-15 16:51:10,140] {logging_mixin.py:104} INFO - [2022-05-15 16:51:10,140] {dag.py:2306} INFO - Setting next_dagrun for example_skip_dag to 2022-05-13 00:00:00+00:00
[2022-05-15 16:51:10,162] {scheduler_job.py:190} INFO - Processing /home/airflow/.local/lib/python3.8/site-packages/airflow/example_dags/example_skip_dag.py took 0.155 seconds
[2022-05-15 16:51:40,919] {scheduler_job.py:182} INFO - Started process (PID=576) to work on /home/airflow/.local/lib/python3.8/site-packages/airflow/example_dags/example_skip_dag.py
[2022-05-15 16:51:40,920] {scheduler_job.py:633} INFO - Processing file /home/airflow/.local/lib/python3.8/site-packages/airflow/example_dags/example_skip_dag.py for tasks to queue
[2022-05-15 16:51:40,920] {logging_mixin.py:104} INFO - [2022-05-15 16:51:40,920] {dagbag.py:496} INFO - Filling up the DagBag from /home/airflow/.local/lib/python3.8/site-packages/airflow/example_dags/example_skip_dag.py
[2022-05-15 16:51:40,927] {scheduler_job.py:643} INFO - DAG(s) dict_keys(['example_skip_dag']) retrieved from /home/airflow/.local/lib/python3.8/site-packages/airflow/example_dags/example_skip_dag.py
[2022-05-15 16:51:40,943] {logging_mixin.py:104} INFO - [2022-05-15 16:51:40,943] {dag.py:1833} INFO - Sync 1 DAGs
[2022-05-15 16:51:40,953] {logging_mixin.py:104} INFO - [2022-05-15 16:51:40,953] {dag.py:2306} INFO - Setting next_dagrun for example_skip_dag to 2022-05-13 00:00:00+00:00
[2022-05-15 16:51:40,962] {scheduler_job.py:190} INFO - Processing /home/airflow/.local/lib/python3.8/site-packages/airflow/example_dags/example_skip_dag.py took 0.045 seconds
[2022-05-15 16:52:11,651] {scheduler_job.py:182} INFO - Started process (PID=615) to work on /home/airflow/.local/lib/python3.8/site-packages/airflow/example_dags/example_skip_dag.py
[2022-05-15 16:52:11,652] {scheduler_job.py:633} INFO - Processing file /home/airflow/.local/lib/python3.8/site-packages/airflow/example_dags/example_skip_dag.py for tasks to queue
[2022-05-15 16:52:11,652] {logging_mixin.py:104} INFO - [2022-05-15 16:52:11,652] {dagbag.py:496} INFO - Filling up the DagBag from /home/airflow/.local/lib/python3.8/site-packages/airflow/example_dags/example_skip_dag.py
[2022-05-15 16:52:11,658] {scheduler_job.py:643} INFO - DAG(s) dict_keys(['example_skip_dag']) retrieved from /home/airflow/.local/lib/python3.8/site-packages/airflow/example_dags/example_skip_dag.py
[2022-05-15 16:52:11,671] {logging_mixin.py:104} INFO - [2022-05-15 16:52:11,671] {dag.py:1833} INFO - Sync 1 DAGs
[2022-05-15 16:52:11,677] {logging_mixin.py:104} INFO - [2022-05-15 16:52:11,676] {dag.py:2306} INFO - Setting next_dagrun for example_skip_dag to 2022-05-13 00:00:00+00:00
[2022-05-15 16:52:11,684] {scheduler_job.py:190} INFO - Processing /home/airflow/.local/lib/python3.8/site-packages/airflow/example_dags/example_skip_dag.py took 0.034 seconds
[2022-05-15 16:52:42,028] {scheduler_job.py:182} INFO - Started process (PID=654) to work on /home/airflow/.local/lib/python3.8/site-packages/airflow/example_dags/example_skip_dag.py
[2022-05-15 16:52:42,029] {scheduler_job.py:633} INFO - Processing file /home/airflow/.local/lib/python3.8/site-packages/airflow/example_dags/example_skip_dag.py for tasks to queue
[2022-05-15 16:52:42,029] {logging_mixin.py:104} INFO - [2022-05-15 16:52:42,029] {dagbag.py:496} INFO - Filling up the DagBag from /home/airflow/.local/lib/python3.8/site-packages/airflow/example_dags/example_skip_dag.py
[2022-05-15 16:52:42,039] {scheduler_job.py:643} INFO - DAG(s) dict_keys(['example_skip_dag']) retrieved from /home/airflow/.local/lib/python3.8/site-packages/airflow/example_dags/example_skip_dag.py
[2022-05-15 16:52:42,083] {logging_mixin.py:104} INFO - [2022-05-15 16:52:42,083] {dag.py:1833} INFO - Sync 1 DAGs
[2022-05-15 16:52:42,117] {logging_mixin.py:104} INFO - [2022-05-15 16:52:42,116] {dag.py:2306} INFO - Setting next_dagrun for example_skip_dag to 2022-05-13 00:00:00+00:00
[2022-05-15 16:52:42,140] {scheduler_job.py:190} INFO - Processing /home/airflow/.local/lib/python3.8/site-packages/airflow/example_dags/example_skip_dag.py took 0.115 seconds
[2022-05-15 16:53:12,417] {scheduler_job.py:182} INFO - Started process (PID=692) to work on /home/airflow/.local/lib/python3.8/site-packages/airflow/example_dags/example_skip_dag.py
[2022-05-15 16:53:12,419] {scheduler_job.py:633} INFO - Processing file /home/airflow/.local/lib/python3.8/site-packages/airflow/example_dags/example_skip_dag.py for tasks to queue
[2022-05-15 16:53:12,420] {logging_mixin.py:104} INFO - [2022-05-15 16:53:12,419] {dagbag.py:496} INFO - Filling up the DagBag from /home/airflow/.local/lib/python3.8/site-packages/airflow/example_dags/example_skip_dag.py
[2022-05-15 16:53:12,434] {scheduler_job.py:643} INFO - DAG(s) dict_keys(['example_skip_dag']) retrieved from /home/airflow/.local/lib/python3.8/site-packages/airflow/example_dags/example_skip_dag.py
[2022-05-15 16:53:12,451] {logging_mixin.py:104} INFO - [2022-05-15 16:53:12,451] {dag.py:1833} INFO - Sync 1 DAGs
[2022-05-15 16:53:12,457] {logging_mixin.py:104} INFO - [2022-05-15 16:53:12,457] {dag.py:2306} INFO - Setting next_dagrun for example_skip_dag to 2022-05-13 00:00:00+00:00
[2022-05-15 16:53:12,464] {scheduler_job.py:190} INFO - Processing /home/airflow/.local/lib/python3.8/site-packages/airflow/example_dags/example_skip_dag.py took 0.052 seconds
[2022-05-15 16:53:43,287] {scheduler_job.py:182} INFO - Started process (PID=732) to work on /home/airflow/.local/lib/python3.8/site-packages/airflow/example_dags/example_skip_dag.py
[2022-05-15 16:53:43,288] {scheduler_job.py:633} INFO - Processing file /home/airflow/.local/lib/python3.8/site-packages/airflow/example_dags/example_skip_dag.py for tasks to queue
[2022-05-15 16:53:43,288] {logging_mixin.py:104} INFO - [2022-05-15 16:53:43,288] {dagbag.py:496} INFO - Filling up the DagBag from /home/airflow/.local/lib/python3.8/site-packages/airflow/example_dags/example_skip_dag.py
[2022-05-15 16:53:43,294] {scheduler_job.py:643} INFO - DAG(s) dict_keys(['example_skip_dag']) retrieved from /home/airflow/.local/lib/python3.8/site-packages/airflow/example_dags/example_skip_dag.py
[2022-05-15 16:53:43,309] {logging_mixin.py:104} INFO - [2022-05-15 16:53:43,309] {dag.py:1833} INFO - Sync 1 DAGs
[2022-05-15 16:53:43,316] {logging_mixin.py:104} INFO - [2022-05-15 16:53:43,316] {dag.py:2306} INFO - Setting next_dagrun for example_skip_dag to 2022-05-13 00:00:00+00:00
[2022-05-15 16:53:43,323] {scheduler_job.py:190} INFO - Processing /home/airflow/.local/lib/python3.8/site-packages/airflow/example_dags/example_skip_dag.py took 0.038 seconds
[2022-05-15 16:54:15,096] {scheduler_job.py:182} INFO - Started process (PID=771) to work on /home/airflow/.local/lib/python3.8/site-packages/airflow/example_dags/example_skip_dag.py
[2022-05-15 16:54:15,097] {scheduler_job.py:633} INFO - Processing file /home/airflow/.local/lib/python3.8/site-packages/airflow/example_dags/example_skip_dag.py for tasks to queue
[2022-05-15 16:54:15,097] {logging_mixin.py:104} INFO - [2022-05-15 16:54:15,097] {dagbag.py:496} INFO - Filling up the DagBag from /home/airflow/.local/lib/python3.8/site-packages/airflow/example_dags/example_skip_dag.py
[2022-05-15 16:54:15,109] {scheduler_job.py:643} INFO - DAG(s) dict_keys(['example_skip_dag']) retrieved from /home/airflow/.local/lib/python3.8/site-packages/airflow/example_dags/example_skip_dag.py
[2022-05-15 16:54:15,138] {logging_mixin.py:104} INFO - [2022-05-15 16:54:15,137] {dag.py:1833} INFO - Sync 1 DAGs
[2022-05-15 16:54:15,150] {logging_mixin.py:104} INFO - [2022-05-15 16:54:15,150] {dag.py:2306} INFO - Setting next_dagrun for example_skip_dag to 2022-05-13 00:00:00+00:00
[2022-05-15 16:54:15,193] {scheduler_job.py:190} INFO - Processing /home/airflow/.local/lib/python3.8/site-packages/airflow/example_dags/example_skip_dag.py took 0.100 seconds
[2022-05-15 16:54:45,231] {scheduler_job.py:182} INFO - Started process (PID=810) to work on /home/airflow/.local/lib/python3.8/site-packages/airflow/example_dags/example_skip_dag.py
[2022-05-15 16:54:45,232] {scheduler_job.py:633} INFO - Processing file /home/airflow/.local/lib/python3.8/site-packages/airflow/example_dags/example_skip_dag.py for tasks to queue
[2022-05-15 16:54:45,232] {logging_mixin.py:104} INFO - [2022-05-15 16:54:45,232] {dagbag.py:496} INFO - Filling up the DagBag from /home/airflow/.local/lib/python3.8/site-packages/airflow/example_dags/example_skip_dag.py
[2022-05-15 16:54:45,239] {scheduler_job.py:643} INFO - DAG(s) dict_keys(['example_skip_dag']) retrieved from /home/airflow/.local/lib/python3.8/site-packages/airflow/example_dags/example_skip_dag.py
[2022-05-15 16:54:45,256] {logging_mixin.py:104} INFO - [2022-05-15 16:54:45,256] {dag.py:1833} INFO - Sync 1 DAGs
[2022-05-15 16:54:45,264] {logging_mixin.py:104} INFO - [2022-05-15 16:54:45,264] {dag.py:2306} INFO - Setting next_dagrun for example_skip_dag to 2022-05-13 00:00:00+00:00
[2022-05-15 16:54:45,272] {scheduler_job.py:190} INFO - Processing /home/airflow/.local/lib/python3.8/site-packages/airflow/example_dags/example_skip_dag.py took 0.043 seconds
[2022-05-15 16:55:47,520] {scheduler_job.py:182} INFO - Started process (PID=48) to work on /home/airflow/.local/lib/python3.8/site-packages/airflow/example_dags/example_skip_dag.py
[2022-05-15 16:55:47,521] {scheduler_job.py:633} INFO - Processing file /home/airflow/.local/lib/python3.8/site-packages/airflow/example_dags/example_skip_dag.py for tasks to queue
[2022-05-15 16:55:47,521] {logging_mixin.py:104} INFO - [2022-05-15 16:55:47,521] {dagbag.py:496} INFO - Filling up the DagBag from /home/airflow/.local/lib/python3.8/site-packages/airflow/example_dags/example_skip_dag.py
[2022-05-15 16:55:47,528] {scheduler_job.py:643} INFO - DAG(s) dict_keys(['example_skip_dag']) retrieved from /home/airflow/.local/lib/python3.8/site-packages/airflow/example_dags/example_skip_dag.py
[2022-05-15 16:55:47,547] {logging_mixin.py:104} INFO - [2022-05-15 16:55:47,547] {dag.py:1833} INFO - Sync 1 DAGs
[2022-05-15 16:55:47,553] {logging_mixin.py:104} INFO - [2022-05-15 16:55:47,553] {dag.py:2306} INFO - Setting next_dagrun for example_skip_dag to 2022-05-13 00:00:00+00:00
[2022-05-15 16:55:47,561] {scheduler_job.py:190} INFO - Processing /home/airflow/.local/lib/python3.8/site-packages/airflow/example_dags/example_skip_dag.py took 0.043 seconds
[2022-05-15 16:56:19,085] {scheduler_job.py:182} INFO - Started process (PID=87) to work on /home/airflow/.local/lib/python3.8/site-packages/airflow/example_dags/example_skip_dag.py
[2022-05-15 16:56:19,087] {scheduler_job.py:633} INFO - Processing file /home/airflow/.local/lib/python3.8/site-packages/airflow/example_dags/example_skip_dag.py for tasks to queue
[2022-05-15 16:56:19,087] {logging_mixin.py:104} INFO - [2022-05-15 16:56:19,087] {dagbag.py:496} INFO - Filling up the DagBag from /home/airflow/.local/lib/python3.8/site-packages/airflow/example_dags/example_skip_dag.py
[2022-05-15 16:56:19,100] {scheduler_job.py:643} INFO - DAG(s) dict_keys(['example_skip_dag']) retrieved from /home/airflow/.local/lib/python3.8/site-packages/airflow/example_dags/example_skip_dag.py
[2022-05-15 16:56:19,155] {logging_mixin.py:104} INFO - [2022-05-15 16:56:19,155] {dag.py:1833} INFO - Sync 1 DAGs
[2022-05-15 16:56:19,177] {logging_mixin.py:104} INFO - [2022-05-15 16:56:19,176] {dag.py:2306} INFO - Setting next_dagrun for example_skip_dag to 2022-05-13 00:00:00+00:00
[2022-05-15 16:56:19,190] {scheduler_job.py:190} INFO - Processing /home/airflow/.local/lib/python3.8/site-packages/airflow/example_dags/example_skip_dag.py took 0.111 seconds
[2022-05-15 16:56:49,379] {scheduler_job.py:182} INFO - Started process (PID=126) to work on /home/airflow/.local/lib/python3.8/site-packages/airflow/example_dags/example_skip_dag.py
[2022-05-15 16:56:49,380] {scheduler_job.py:633} INFO - Processing file /home/airflow/.local/lib/python3.8/site-packages/airflow/example_dags/example_skip_dag.py for tasks to queue
[2022-05-15 16:56:49,380] {logging_mixin.py:104} INFO - [2022-05-15 16:56:49,380] {dagbag.py:496} INFO - Filling up the DagBag from /home/airflow/.local/lib/python3.8/site-packages/airflow/example_dags/example_skip_dag.py
[2022-05-15 16:56:49,386] {scheduler_job.py:643} INFO - DAG(s) dict_keys(['example_skip_dag']) retrieved from /home/airflow/.local/lib/python3.8/site-packages/airflow/example_dags/example_skip_dag.py
[2022-05-15 16:56:49,406] {logging_mixin.py:104} INFO - [2022-05-15 16:56:49,406] {dag.py:1833} INFO - Sync 1 DAGs
[2022-05-15 16:56:49,413] {logging_mixin.py:104} INFO - [2022-05-15 16:56:49,413] {dag.py:2306} INFO - Setting next_dagrun for example_skip_dag to 2022-05-13 00:00:00+00:00
[2022-05-15 16:56:49,421] {scheduler_job.py:190} INFO - Processing /home/airflow/.local/lib/python3.8/site-packages/airflow/example_dags/example_skip_dag.py took 0.043 seconds
[2022-05-15 16:57:21,962] {scheduler_job.py:182} INFO - Started process (PID=165) to work on /home/airflow/.local/lib/python3.8/site-packages/airflow/example_dags/example_skip_dag.py
[2022-05-15 16:57:21,964] {scheduler_job.py:633} INFO - Processing file /home/airflow/.local/lib/python3.8/site-packages/airflow/example_dags/example_skip_dag.py for tasks to queue
[2022-05-15 16:57:21,965] {logging_mixin.py:104} INFO - [2022-05-15 16:57:21,965] {dagbag.py:496} INFO - Filling up the DagBag from /home/airflow/.local/lib/python3.8/site-packages/airflow/example_dags/example_skip_dag.py
[2022-05-15 16:57:21,980] {scheduler_job.py:643} INFO - DAG(s) dict_keys(['example_skip_dag']) retrieved from /home/airflow/.local/lib/python3.8/site-packages/airflow/example_dags/example_skip_dag.py
[2022-05-15 16:57:22,030] {logging_mixin.py:104} INFO - [2022-05-15 16:57:22,030] {dag.py:1833} INFO - Sync 1 DAGs
[2022-05-15 16:57:22,048] {logging_mixin.py:104} INFO - [2022-05-15 16:57:22,047] {dag.py:2306} INFO - Setting next_dagrun for example_skip_dag to 2022-05-13 00:00:00+00:00
[2022-05-15 16:57:22,068] {scheduler_job.py:190} INFO - Processing /home/airflow/.local/lib/python3.8/site-packages/airflow/example_dags/example_skip_dag.py took 0.112 seconds
