[2022-05-15 16:44:58,172] {scheduler_job.py:182} INFO - Started process (PID=47) to work on /home/airflow/.local/lib/python3.8/site-packages/airflow/example_dags/example_bash_operator.py
[2022-05-15 16:44:58,173] {scheduler_job.py:633} INFO - Processing file /home/airflow/.local/lib/python3.8/site-packages/airflow/example_dags/example_bash_operator.py for tasks to queue
[2022-05-15 16:44:58,173] {logging_mixin.py:104} INFO - [2022-05-15 16:44:58,173] {dagbag.py:496} INFO - Filling up the DagBag from /home/airflow/.local/lib/python3.8/site-packages/airflow/example_dags/example_bash_operator.py
[2022-05-15 16:44:58,182] {scheduler_job.py:643} INFO - DAG(s) dict_keys(['example_bash_operator']) retrieved from /home/airflow/.local/lib/python3.8/site-packages/airflow/example_dags/example_bash_operator.py
[2022-05-15 16:44:58,195] {logging_mixin.py:104} INFO - [2022-05-15 16:44:58,195] {dag.py:1833} INFO - Sync 1 DAGs
[2022-05-15 16:44:58,204] {logging_mixin.py:104} INFO - [2022-05-15 16:44:58,204] {dag.py:2306} INFO - Setting next_dagrun for example_bash_operator to 2022-05-13 00:00:00+00:00
[2022-05-15 16:44:58,213] {scheduler_job.py:190} INFO - Processing /home/airflow/.local/lib/python3.8/site-packages/airflow/example_dags/example_bash_operator.py took 0.043 seconds
[2022-05-15 16:45:30,767] {scheduler_job.py:182} INFO - Started process (PID=86) to work on /home/airflow/.local/lib/python3.8/site-packages/airflow/example_dags/example_bash_operator.py
[2022-05-15 16:45:30,769] {scheduler_job.py:633} INFO - Processing file /home/airflow/.local/lib/python3.8/site-packages/airflow/example_dags/example_bash_operator.py for tasks to queue
[2022-05-15 16:45:30,771] {logging_mixin.py:104} INFO - [2022-05-15 16:45:30,770] {dagbag.py:496} INFO - Filling up the DagBag from /home/airflow/.local/lib/python3.8/site-packages/airflow/example_dags/example_bash_operator.py
[2022-05-15 16:45:30,785] {scheduler_job.py:643} INFO - DAG(s) dict_keys(['example_bash_operator']) retrieved from /home/airflow/.local/lib/python3.8/site-packages/airflow/example_dags/example_bash_operator.py
[2022-05-15 16:45:30,814] {logging_mixin.py:104} INFO - [2022-05-15 16:45:30,814] {dag.py:1833} INFO - Sync 1 DAGs
[2022-05-15 16:45:30,830] {logging_mixin.py:104} INFO - [2022-05-15 16:45:30,829] {dag.py:2306} INFO - Setting next_dagrun for example_bash_operator to 2022-05-13 00:00:00+00:00
[2022-05-15 16:45:30,848] {scheduler_job.py:190} INFO - Processing /home/airflow/.local/lib/python3.8/site-packages/airflow/example_dags/example_bash_operator.py took 0.083 seconds
[2022-05-15 16:46:01,098] {scheduler_job.py:182} INFO - Started process (PID=125) to work on /home/airflow/.local/lib/python3.8/site-packages/airflow/example_dags/example_bash_operator.py
[2022-05-15 16:46:01,098] {scheduler_job.py:633} INFO - Processing file /home/airflow/.local/lib/python3.8/site-packages/airflow/example_dags/example_bash_operator.py for tasks to queue
[2022-05-15 16:46:01,099] {logging_mixin.py:104} INFO - [2022-05-15 16:46:01,098] {dagbag.py:496} INFO - Filling up the DagBag from /home/airflow/.local/lib/python3.8/site-packages/airflow/example_dags/example_bash_operator.py
[2022-05-15 16:46:01,107] {scheduler_job.py:643} INFO - DAG(s) dict_keys(['example_bash_operator']) retrieved from /home/airflow/.local/lib/python3.8/site-packages/airflow/example_dags/example_bash_operator.py
[2022-05-15 16:46:01,124] {logging_mixin.py:104} INFO - [2022-05-15 16:46:01,124] {dag.py:1833} INFO - Sync 1 DAGs
[2022-05-15 16:46:01,132] {logging_mixin.py:104} INFO - [2022-05-15 16:46:01,132] {dag.py:2306} INFO - Setting next_dagrun for example_bash_operator to 2022-05-13 00:00:00+00:00
[2022-05-15 16:46:01,140] {scheduler_job.py:190} INFO - Processing /home/airflow/.local/lib/python3.8/site-packages/airflow/example_dags/example_bash_operator.py took 0.044 seconds
[2022-05-15 16:46:32,536] {scheduler_job.py:182} INFO - Started process (PID=164) to work on /home/airflow/.local/lib/python3.8/site-packages/airflow/example_dags/example_bash_operator.py
[2022-05-15 16:46:32,537] {scheduler_job.py:633} INFO - Processing file /home/airflow/.local/lib/python3.8/site-packages/airflow/example_dags/example_bash_operator.py for tasks to queue
[2022-05-15 16:46:32,538] {logging_mixin.py:104} INFO - [2022-05-15 16:46:32,538] {dagbag.py:496} INFO - Filling up the DagBag from /home/airflow/.local/lib/python3.8/site-packages/airflow/example_dags/example_bash_operator.py
[2022-05-15 16:46:32,546] {scheduler_job.py:643} INFO - DAG(s) dict_keys(['example_bash_operator']) retrieved from /home/airflow/.local/lib/python3.8/site-packages/airflow/example_dags/example_bash_operator.py
[2022-05-15 16:46:32,572] {logging_mixin.py:104} INFO - [2022-05-15 16:46:32,572] {dag.py:1833} INFO - Sync 1 DAGs
[2022-05-15 16:46:32,600] {logging_mixin.py:104} INFO - [2022-05-15 16:46:32,600] {dag.py:2306} INFO - Setting next_dagrun for example_bash_operator to 2022-05-13 00:00:00+00:00
[2022-05-15 16:46:32,624] {scheduler_job.py:190} INFO - Processing /home/airflow/.local/lib/python3.8/site-packages/airflow/example_dags/example_bash_operator.py took 0.090 seconds
[2022-05-15 16:47:03,056] {scheduler_job.py:182} INFO - Started process (PID=203) to work on /home/airflow/.local/lib/python3.8/site-packages/airflow/example_dags/example_bash_operator.py
[2022-05-15 16:47:03,056] {scheduler_job.py:633} INFO - Processing file /home/airflow/.local/lib/python3.8/site-packages/airflow/example_dags/example_bash_operator.py for tasks to queue
[2022-05-15 16:47:03,057] {logging_mixin.py:104} INFO - [2022-05-15 16:47:03,057] {dagbag.py:496} INFO - Filling up the DagBag from /home/airflow/.local/lib/python3.8/site-packages/airflow/example_dags/example_bash_operator.py
[2022-05-15 16:47:03,069] {scheduler_job.py:643} INFO - DAG(s) dict_keys(['example_bash_operator']) retrieved from /home/airflow/.local/lib/python3.8/site-packages/airflow/example_dags/example_bash_operator.py
[2022-05-15 16:47:03,090] {logging_mixin.py:104} INFO - [2022-05-15 16:47:03,089] {dag.py:1833} INFO - Sync 1 DAGs
[2022-05-15 16:47:03,099] {logging_mixin.py:104} INFO - [2022-05-15 16:47:03,099] {dag.py:2306} INFO - Setting next_dagrun for example_bash_operator to 2022-05-13 00:00:00+00:00
[2022-05-15 16:47:03,111] {scheduler_job.py:190} INFO - Processing /home/airflow/.local/lib/python3.8/site-packages/airflow/example_dags/example_bash_operator.py took 0.057 seconds
[2022-05-15 16:47:33,612] {scheduler_job.py:182} INFO - Started process (PID=244) to work on /home/airflow/.local/lib/python3.8/site-packages/airflow/example_dags/example_bash_operator.py
[2022-05-15 16:47:33,612] {scheduler_job.py:633} INFO - Processing file /home/airflow/.local/lib/python3.8/site-packages/airflow/example_dags/example_bash_operator.py for tasks to queue
[2022-05-15 16:47:33,613] {logging_mixin.py:104} INFO - [2022-05-15 16:47:33,613] {dagbag.py:496} INFO - Filling up the DagBag from /home/airflow/.local/lib/python3.8/site-packages/airflow/example_dags/example_bash_operator.py
[2022-05-15 16:47:33,620] {scheduler_job.py:643} INFO - DAG(s) dict_keys(['example_bash_operator']) retrieved from /home/airflow/.local/lib/python3.8/site-packages/airflow/example_dags/example_bash_operator.py
[2022-05-15 16:47:33,636] {logging_mixin.py:104} INFO - [2022-05-15 16:47:33,636] {dag.py:1833} INFO - Sync 1 DAGs
[2022-05-15 16:47:33,644] {logging_mixin.py:104} INFO - [2022-05-15 16:47:33,644] {dag.py:2306} INFO - Setting next_dagrun for example_bash_operator to 2022-05-13 00:00:00+00:00
[2022-05-15 16:47:33,651] {scheduler_job.py:190} INFO - Processing /home/airflow/.local/lib/python3.8/site-packages/airflow/example_dags/example_bash_operator.py took 0.041 seconds
[2022-05-15 16:48:04,768] {scheduler_job.py:182} INFO - Started process (PID=301) to work on /home/airflow/.local/lib/python3.8/site-packages/airflow/example_dags/example_bash_operator.py
[2022-05-15 16:48:04,769] {scheduler_job.py:633} INFO - Processing file /home/airflow/.local/lib/python3.8/site-packages/airflow/example_dags/example_bash_operator.py for tasks to queue
[2022-05-15 16:48:04,769] {logging_mixin.py:104} INFO - [2022-05-15 16:48:04,769] {dagbag.py:496} INFO - Filling up the DagBag from /home/airflow/.local/lib/python3.8/site-packages/airflow/example_dags/example_bash_operator.py
[2022-05-15 16:48:04,777] {scheduler_job.py:643} INFO - DAG(s) dict_keys(['example_bash_operator']) retrieved from /home/airflow/.local/lib/python3.8/site-packages/airflow/example_dags/example_bash_operator.py
[2022-05-15 16:48:04,792] {logging_mixin.py:104} INFO - [2022-05-15 16:48:04,792] {dag.py:1833} INFO - Sync 1 DAGs
[2022-05-15 16:48:04,800] {logging_mixin.py:104} INFO - [2022-05-15 16:48:04,800] {dag.py:2306} INFO - Setting next_dagrun for example_bash_operator to 2022-05-13 00:00:00+00:00
[2022-05-15 16:48:04,808] {scheduler_job.py:190} INFO - Processing /home/airflow/.local/lib/python3.8/site-packages/airflow/example_dags/example_bash_operator.py took 0.042 seconds
[2022-05-15 16:48:35,396] {scheduler_job.py:182} INFO - Started process (PID=340) to work on /home/airflow/.local/lib/python3.8/site-packages/airflow/example_dags/example_bash_operator.py
[2022-05-15 16:48:35,396] {scheduler_job.py:633} INFO - Processing file /home/airflow/.local/lib/python3.8/site-packages/airflow/example_dags/example_bash_operator.py for tasks to queue
[2022-05-15 16:48:35,396] {logging_mixin.py:104} INFO - [2022-05-15 16:48:35,396] {dagbag.py:496} INFO - Filling up the DagBag from /home/airflow/.local/lib/python3.8/site-packages/airflow/example_dags/example_bash_operator.py
[2022-05-15 16:48:35,403] {scheduler_job.py:643} INFO - DAG(s) dict_keys(['example_bash_operator']) retrieved from /home/airflow/.local/lib/python3.8/site-packages/airflow/example_dags/example_bash_operator.py
[2022-05-15 16:48:35,417] {logging_mixin.py:104} INFO - [2022-05-15 16:48:35,417] {dag.py:1833} INFO - Sync 1 DAGs
[2022-05-15 16:48:35,425] {logging_mixin.py:104} INFO - [2022-05-15 16:48:35,425] {dag.py:2306} INFO - Setting next_dagrun for example_bash_operator to 2022-05-13 00:00:00+00:00
[2022-05-15 16:48:35,434] {scheduler_job.py:190} INFO - Processing /home/airflow/.local/lib/python3.8/site-packages/airflow/example_dags/example_bash_operator.py took 0.040 seconds
[2022-05-15 16:49:06,084] {scheduler_job.py:182} INFO - Started process (PID=379) to work on /home/airflow/.local/lib/python3.8/site-packages/airflow/example_dags/example_bash_operator.py
[2022-05-15 16:49:06,084] {scheduler_job.py:633} INFO - Processing file /home/airflow/.local/lib/python3.8/site-packages/airflow/example_dags/example_bash_operator.py for tasks to queue
[2022-05-15 16:49:06,085] {logging_mixin.py:104} INFO - [2022-05-15 16:49:06,085] {dagbag.py:496} INFO - Filling up the DagBag from /home/airflow/.local/lib/python3.8/site-packages/airflow/example_dags/example_bash_operator.py
[2022-05-15 16:49:06,096] {scheduler_job.py:643} INFO - DAG(s) dict_keys(['example_bash_operator']) retrieved from /home/airflow/.local/lib/python3.8/site-packages/airflow/example_dags/example_bash_operator.py
[2022-05-15 16:49:06,136] {logging_mixin.py:104} INFO - [2022-05-15 16:49:06,136] {dag.py:1833} INFO - Sync 1 DAGs
[2022-05-15 16:49:06,147] {logging_mixin.py:104} INFO - [2022-05-15 16:49:06,147] {dag.py:2306} INFO - Setting next_dagrun for example_bash_operator to 2022-05-13 00:00:00+00:00
[2022-05-15 16:49:06,160] {scheduler_job.py:190} INFO - Processing /home/airflow/.local/lib/python3.8/site-packages/airflow/example_dags/example_bash_operator.py took 0.077 seconds
[2022-05-15 16:49:36,434] {scheduler_job.py:182} INFO - Started process (PID=417) to work on /home/airflow/.local/lib/python3.8/site-packages/airflow/example_dags/example_bash_operator.py
[2022-05-15 16:49:36,435] {scheduler_job.py:633} INFO - Processing file /home/airflow/.local/lib/python3.8/site-packages/airflow/example_dags/example_bash_operator.py for tasks to queue
[2022-05-15 16:49:36,435] {logging_mixin.py:104} INFO - [2022-05-15 16:49:36,435] {dagbag.py:496} INFO - Filling up the DagBag from /home/airflow/.local/lib/python3.8/site-packages/airflow/example_dags/example_bash_operator.py
[2022-05-15 16:49:36,443] {scheduler_job.py:643} INFO - DAG(s) dict_keys(['example_bash_operator']) retrieved from /home/airflow/.local/lib/python3.8/site-packages/airflow/example_dags/example_bash_operator.py
[2022-05-15 16:49:36,457] {logging_mixin.py:104} INFO - [2022-05-15 16:49:36,456] {dag.py:1833} INFO - Sync 1 DAGs
[2022-05-15 16:49:36,465] {logging_mixin.py:104} INFO - [2022-05-15 16:49:36,465] {dag.py:2306} INFO - Setting next_dagrun for example_bash_operator to 2022-05-13 00:00:00+00:00
[2022-05-15 16:49:36,474] {scheduler_job.py:190} INFO - Processing /home/airflow/.local/lib/python3.8/site-packages/airflow/example_dags/example_bash_operator.py took 0.041 seconds
[2022-05-15 16:50:07,600] {scheduler_job.py:182} INFO - Started process (PID=457) to work on /home/airflow/.local/lib/python3.8/site-packages/airflow/example_dags/example_bash_operator.py
[2022-05-15 16:50:07,601] {scheduler_job.py:633} INFO - Processing file /home/airflow/.local/lib/python3.8/site-packages/airflow/example_dags/example_bash_operator.py for tasks to queue
[2022-05-15 16:50:07,601] {logging_mixin.py:104} INFO - [2022-05-15 16:50:07,601] {dagbag.py:496} INFO - Filling up the DagBag from /home/airflow/.local/lib/python3.8/site-packages/airflow/example_dags/example_bash_operator.py
[2022-05-15 16:50:07,611] {scheduler_job.py:643} INFO - DAG(s) dict_keys(['example_bash_operator']) retrieved from /home/airflow/.local/lib/python3.8/site-packages/airflow/example_dags/example_bash_operator.py
[2022-05-15 16:50:07,633] {logging_mixin.py:104} INFO - [2022-05-15 16:50:07,633] {dag.py:1833} INFO - Sync 1 DAGs
[2022-05-15 16:50:07,643] {logging_mixin.py:104} INFO - [2022-05-15 16:50:07,643] {dag.py:2306} INFO - Setting next_dagrun for example_bash_operator to 2022-05-13 00:00:00+00:00
[2022-05-15 16:50:07,654] {scheduler_job.py:190} INFO - Processing /home/airflow/.local/lib/python3.8/site-packages/airflow/example_dags/example_bash_operator.py took 0.056 seconds
[2022-05-15 16:50:38,394] {scheduler_job.py:182} INFO - Started process (PID=496) to work on /home/airflow/.local/lib/python3.8/site-packages/airflow/example_dags/example_bash_operator.py
[2022-05-15 16:50:38,395] {scheduler_job.py:633} INFO - Processing file /home/airflow/.local/lib/python3.8/site-packages/airflow/example_dags/example_bash_operator.py for tasks to queue
[2022-05-15 16:50:38,395] {logging_mixin.py:104} INFO - [2022-05-15 16:50:38,395] {dagbag.py:496} INFO - Filling up the DagBag from /home/airflow/.local/lib/python3.8/site-packages/airflow/example_dags/example_bash_operator.py
[2022-05-15 16:50:38,403] {scheduler_job.py:643} INFO - DAG(s) dict_keys(['example_bash_operator']) retrieved from /home/airflow/.local/lib/python3.8/site-packages/airflow/example_dags/example_bash_operator.py
[2022-05-15 16:50:38,418] {logging_mixin.py:104} INFO - [2022-05-15 16:50:38,418] {dag.py:1833} INFO - Sync 1 DAGs
[2022-05-15 16:50:38,428] {logging_mixin.py:104} INFO - [2022-05-15 16:50:38,428] {dag.py:2306} INFO - Setting next_dagrun for example_bash_operator to 2022-05-13 00:00:00+00:00
[2022-05-15 16:50:38,436] {scheduler_job.py:190} INFO - Processing /home/airflow/.local/lib/python3.8/site-packages/airflow/example_dags/example_bash_operator.py took 0.044 seconds
[2022-05-15 16:51:09,626] {scheduler_job.py:182} INFO - Started process (PID=535) to work on /home/airflow/.local/lib/python3.8/site-packages/airflow/example_dags/example_bash_operator.py
[2022-05-15 16:51:09,629] {scheduler_job.py:633} INFO - Processing file /home/airflow/.local/lib/python3.8/site-packages/airflow/example_dags/example_bash_operator.py for tasks to queue
[2022-05-15 16:51:09,630] {logging_mixin.py:104} INFO - [2022-05-15 16:51:09,629] {dagbag.py:496} INFO - Filling up the DagBag from /home/airflow/.local/lib/python3.8/site-packages/airflow/example_dags/example_bash_operator.py
[2022-05-15 16:51:09,661] {scheduler_job.py:643} INFO - DAG(s) dict_keys(['example_bash_operator']) retrieved from /home/airflow/.local/lib/python3.8/site-packages/airflow/example_dags/example_bash_operator.py
[2022-05-15 16:51:09,717] {logging_mixin.py:104} INFO - [2022-05-15 16:51:09,716] {dag.py:1833} INFO - Sync 1 DAGs
[2022-05-15 16:51:09,752] {logging_mixin.py:104} INFO - [2022-05-15 16:51:09,752] {dag.py:2306} INFO - Setting next_dagrun for example_bash_operator to 2022-05-13 00:00:00+00:00
[2022-05-15 16:51:09,781] {scheduler_job.py:190} INFO - Processing /home/airflow/.local/lib/python3.8/site-packages/airflow/example_dags/example_bash_operator.py took 0.164 seconds
[2022-05-15 16:51:40,634] {scheduler_job.py:182} INFO - Started process (PID=574) to work on /home/airflow/.local/lib/python3.8/site-packages/airflow/example_dags/example_bash_operator.py
[2022-05-15 16:51:40,636] {scheduler_job.py:633} INFO - Processing file /home/airflow/.local/lib/python3.8/site-packages/airflow/example_dags/example_bash_operator.py for tasks to queue
[2022-05-15 16:51:40,638] {logging_mixin.py:104} INFO - [2022-05-15 16:51:40,637] {dagbag.py:496} INFO - Filling up the DagBag from /home/airflow/.local/lib/python3.8/site-packages/airflow/example_dags/example_bash_operator.py
[2022-05-15 16:51:40,656] {scheduler_job.py:643} INFO - DAG(s) dict_keys(['example_bash_operator']) retrieved from /home/airflow/.local/lib/python3.8/site-packages/airflow/example_dags/example_bash_operator.py
[2022-05-15 16:51:40,700] {logging_mixin.py:104} INFO - [2022-05-15 16:51:40,700] {dag.py:1833} INFO - Sync 1 DAGs
[2022-05-15 16:51:40,723] {logging_mixin.py:104} INFO - [2022-05-15 16:51:40,722] {dag.py:2306} INFO - Setting next_dagrun for example_bash_operator to 2022-05-13 00:00:00+00:00
[2022-05-15 16:51:40,752] {scheduler_job.py:190} INFO - Processing /home/airflow/.local/lib/python3.8/site-packages/airflow/example_dags/example_bash_operator.py took 0.122 seconds
[2022-05-15 16:52:11,506] {scheduler_job.py:182} INFO - Started process (PID=613) to work on /home/airflow/.local/lib/python3.8/site-packages/airflow/example_dags/example_bash_operator.py
[2022-05-15 16:52:11,507] {scheduler_job.py:633} INFO - Processing file /home/airflow/.local/lib/python3.8/site-packages/airflow/example_dags/example_bash_operator.py for tasks to queue
[2022-05-15 16:52:11,508] {logging_mixin.py:104} INFO - [2022-05-15 16:52:11,508] {dagbag.py:496} INFO - Filling up the DagBag from /home/airflow/.local/lib/python3.8/site-packages/airflow/example_dags/example_bash_operator.py
[2022-05-15 16:52:11,527] {scheduler_job.py:643} INFO - DAG(s) dict_keys(['example_bash_operator']) retrieved from /home/airflow/.local/lib/python3.8/site-packages/airflow/example_dags/example_bash_operator.py
[2022-05-15 16:52:11,566] {logging_mixin.py:104} INFO - [2022-05-15 16:52:11,565] {dag.py:1833} INFO - Sync 1 DAGs
[2022-05-15 16:52:11,582] {logging_mixin.py:104} INFO - [2022-05-15 16:52:11,582] {dag.py:2306} INFO - Setting next_dagrun for example_bash_operator to 2022-05-13 00:00:00+00:00
[2022-05-15 16:52:11,591] {scheduler_job.py:190} INFO - Processing /home/airflow/.local/lib/python3.8/site-packages/airflow/example_dags/example_bash_operator.py took 0.090 seconds
[2022-05-15 16:52:41,904] {scheduler_job.py:182} INFO - Started process (PID=652) to work on /home/airflow/.local/lib/python3.8/site-packages/airflow/example_dags/example_bash_operator.py
[2022-05-15 16:52:41,906] {scheduler_job.py:633} INFO - Processing file /home/airflow/.local/lib/python3.8/site-packages/airflow/example_dags/example_bash_operator.py for tasks to queue
[2022-05-15 16:52:41,906] {logging_mixin.py:104} INFO - [2022-05-15 16:52:41,906] {dagbag.py:496} INFO - Filling up the DagBag from /home/airflow/.local/lib/python3.8/site-packages/airflow/example_dags/example_bash_operator.py
[2022-05-15 16:52:41,919] {scheduler_job.py:643} INFO - DAG(s) dict_keys(['example_bash_operator']) retrieved from /home/airflow/.local/lib/python3.8/site-packages/airflow/example_dags/example_bash_operator.py
[2022-05-15 16:52:41,941] {logging_mixin.py:104} INFO - [2022-05-15 16:52:41,940] {dag.py:1833} INFO - Sync 1 DAGs
[2022-05-15 16:52:41,949] {logging_mixin.py:104} INFO - [2022-05-15 16:52:41,949] {dag.py:2306} INFO - Setting next_dagrun for example_bash_operator to 2022-05-13 00:00:00+00:00
[2022-05-15 16:52:41,958] {scheduler_job.py:190} INFO - Processing /home/airflow/.local/lib/python3.8/site-packages/airflow/example_dags/example_bash_operator.py took 0.056 seconds
[2022-05-15 16:53:12,284] {scheduler_job.py:182} INFO - Started process (PID=690) to work on /home/airflow/.local/lib/python3.8/site-packages/airflow/example_dags/example_bash_operator.py
[2022-05-15 16:53:12,285] {scheduler_job.py:633} INFO - Processing file /home/airflow/.local/lib/python3.8/site-packages/airflow/example_dags/example_bash_operator.py for tasks to queue
[2022-05-15 16:53:12,285] {logging_mixin.py:104} INFO - [2022-05-15 16:53:12,285] {dagbag.py:496} INFO - Filling up the DagBag from /home/airflow/.local/lib/python3.8/site-packages/airflow/example_dags/example_bash_operator.py
[2022-05-15 16:53:12,305] {scheduler_job.py:643} INFO - DAG(s) dict_keys(['example_bash_operator']) retrieved from /home/airflow/.local/lib/python3.8/site-packages/airflow/example_dags/example_bash_operator.py
[2022-05-15 16:53:12,330] {logging_mixin.py:104} INFO - [2022-05-15 16:53:12,330] {dag.py:1833} INFO - Sync 1 DAGs
[2022-05-15 16:53:12,349] {logging_mixin.py:104} INFO - [2022-05-15 16:53:12,349] {dag.py:2306} INFO - Setting next_dagrun for example_bash_operator to 2022-05-13 00:00:00+00:00
[2022-05-15 16:53:12,368] {scheduler_job.py:190} INFO - Processing /home/airflow/.local/lib/python3.8/site-packages/airflow/example_dags/example_bash_operator.py took 0.087 seconds
[2022-05-15 16:53:43,192] {scheduler_job.py:182} INFO - Started process (PID=730) to work on /home/airflow/.local/lib/python3.8/site-packages/airflow/example_dags/example_bash_operator.py
[2022-05-15 16:53:43,193] {scheduler_job.py:633} INFO - Processing file /home/airflow/.local/lib/python3.8/site-packages/airflow/example_dags/example_bash_operator.py for tasks to queue
[2022-05-15 16:53:43,193] {logging_mixin.py:104} INFO - [2022-05-15 16:53:43,193] {dagbag.py:496} INFO - Filling up the DagBag from /home/airflow/.local/lib/python3.8/site-packages/airflow/example_dags/example_bash_operator.py
[2022-05-15 16:53:43,200] {scheduler_job.py:643} INFO - DAG(s) dict_keys(['example_bash_operator']) retrieved from /home/airflow/.local/lib/python3.8/site-packages/airflow/example_dags/example_bash_operator.py
[2022-05-15 16:53:43,213] {logging_mixin.py:104} INFO - [2022-05-15 16:53:43,213] {dag.py:1833} INFO - Sync 1 DAGs
[2022-05-15 16:53:43,222] {logging_mixin.py:104} INFO - [2022-05-15 16:53:43,221] {dag.py:2306} INFO - Setting next_dagrun for example_bash_operator to 2022-05-13 00:00:00+00:00
[2022-05-15 16:53:43,229] {scheduler_job.py:190} INFO - Processing /home/airflow/.local/lib/python3.8/site-packages/airflow/example_dags/example_bash_operator.py took 0.038 seconds
[2022-05-15 16:54:14,659] {scheduler_job.py:182} INFO - Started process (PID=769) to work on /home/airflow/.local/lib/python3.8/site-packages/airflow/example_dags/example_bash_operator.py
[2022-05-15 16:54:14,660] {scheduler_job.py:633} INFO - Processing file /home/airflow/.local/lib/python3.8/site-packages/airflow/example_dags/example_bash_operator.py for tasks to queue
[2022-05-15 16:54:14,662] {logging_mixin.py:104} INFO - [2022-05-15 16:54:14,661] {dagbag.py:496} INFO - Filling up the DagBag from /home/airflow/.local/lib/python3.8/site-packages/airflow/example_dags/example_bash_operator.py
[2022-05-15 16:54:14,687] {scheduler_job.py:643} INFO - DAG(s) dict_keys(['example_bash_operator']) retrieved from /home/airflow/.local/lib/python3.8/site-packages/airflow/example_dags/example_bash_operator.py
[2022-05-15 16:54:14,743] {logging_mixin.py:104} INFO - [2022-05-15 16:54:14,743] {dag.py:1833} INFO - Sync 1 DAGs
[2022-05-15 16:54:14,778] {logging_mixin.py:104} INFO - [2022-05-15 16:54:14,777] {dag.py:2306} INFO - Setting next_dagrun for example_bash_operator to 2022-05-13 00:00:00+00:00
[2022-05-15 16:54:14,847] {scheduler_job.py:190} INFO - Processing /home/airflow/.local/lib/python3.8/site-packages/airflow/example_dags/example_bash_operator.py took 0.195 seconds
[2022-05-15 16:54:45,039] {scheduler_job.py:182} INFO - Started process (PID=807) to work on /home/airflow/.local/lib/python3.8/site-packages/airflow/example_dags/example_bash_operator.py
[2022-05-15 16:54:45,040] {scheduler_job.py:633} INFO - Processing file /home/airflow/.local/lib/python3.8/site-packages/airflow/example_dags/example_bash_operator.py for tasks to queue
[2022-05-15 16:54:45,040] {logging_mixin.py:104} INFO - [2022-05-15 16:54:45,040] {dagbag.py:496} INFO - Filling up the DagBag from /home/airflow/.local/lib/python3.8/site-packages/airflow/example_dags/example_bash_operator.py
[2022-05-15 16:54:45,049] {scheduler_job.py:643} INFO - DAG(s) dict_keys(['example_bash_operator']) retrieved from /home/airflow/.local/lib/python3.8/site-packages/airflow/example_dags/example_bash_operator.py
[2022-05-15 16:54:45,075] {logging_mixin.py:104} INFO - [2022-05-15 16:54:45,075] {dag.py:1833} INFO - Sync 1 DAGs
[2022-05-15 16:54:45,087] {logging_mixin.py:104} INFO - [2022-05-15 16:54:45,087] {dag.py:2306} INFO - Setting next_dagrun for example_bash_operator to 2022-05-13 00:00:00+00:00
[2022-05-15 16:54:45,100] {scheduler_job.py:190} INFO - Processing /home/airflow/.local/lib/python3.8/site-packages/airflow/example_dags/example_bash_operator.py took 0.062 seconds
[2022-05-15 16:55:47,442] {scheduler_job.py:182} INFO - Started process (PID=46) to work on /home/airflow/.local/lib/python3.8/site-packages/airflow/example_dags/example_bash_operator.py
[2022-05-15 16:55:47,442] {scheduler_job.py:633} INFO - Processing file /home/airflow/.local/lib/python3.8/site-packages/airflow/example_dags/example_bash_operator.py for tasks to queue
[2022-05-15 16:55:47,443] {logging_mixin.py:104} INFO - [2022-05-15 16:55:47,443] {dagbag.py:496} INFO - Filling up the DagBag from /home/airflow/.local/lib/python3.8/site-packages/airflow/example_dags/example_bash_operator.py
[2022-05-15 16:55:47,455] {scheduler_job.py:643} INFO - DAG(s) dict_keys(['example_bash_operator']) retrieved from /home/airflow/.local/lib/python3.8/site-packages/airflow/example_dags/example_bash_operator.py
[2022-05-15 16:55:47,483] {logging_mixin.py:104} INFO - [2022-05-15 16:55:47,483] {dag.py:1833} INFO - Sync 1 DAGs
[2022-05-15 16:55:47,497] {logging_mixin.py:104} INFO - [2022-05-15 16:55:47,496] {dag.py:2306} INFO - Setting next_dagrun for example_bash_operator to 2022-05-13 00:00:00+00:00
[2022-05-15 16:55:47,509] {scheduler_job.py:190} INFO - Processing /home/airflow/.local/lib/python3.8/site-packages/airflow/example_dags/example_bash_operator.py took 0.070 seconds
[2022-05-15 16:56:18,793] {scheduler_job.py:182} INFO - Started process (PID=85) to work on /home/airflow/.local/lib/python3.8/site-packages/airflow/example_dags/example_bash_operator.py
[2022-05-15 16:56:18,793] {scheduler_job.py:633} INFO - Processing file /home/airflow/.local/lib/python3.8/site-packages/airflow/example_dags/example_bash_operator.py for tasks to queue
[2022-05-15 16:56:18,794] {logging_mixin.py:104} INFO - [2022-05-15 16:56:18,794] {dagbag.py:496} INFO - Filling up the DagBag from /home/airflow/.local/lib/python3.8/site-packages/airflow/example_dags/example_bash_operator.py
[2022-05-15 16:56:18,807] {scheduler_job.py:643} INFO - DAG(s) dict_keys(['example_bash_operator']) retrieved from /home/airflow/.local/lib/python3.8/site-packages/airflow/example_dags/example_bash_operator.py
[2022-05-15 16:56:18,822] {logging_mixin.py:104} INFO - [2022-05-15 16:56:18,822] {dag.py:1833} INFO - Sync 1 DAGs
[2022-05-15 16:56:18,837] {logging_mixin.py:104} INFO - [2022-05-15 16:56:18,836] {dag.py:2306} INFO - Setting next_dagrun for example_bash_operator to 2022-05-13 00:00:00+00:00
[2022-05-15 16:56:18,846] {scheduler_job.py:190} INFO - Processing /home/airflow/.local/lib/python3.8/site-packages/airflow/example_dags/example_bash_operator.py took 0.057 seconds
[2022-05-15 16:56:49,034] {scheduler_job.py:182} INFO - Started process (PID=123) to work on /home/airflow/.local/lib/python3.8/site-packages/airflow/example_dags/example_bash_operator.py
[2022-05-15 16:56:49,035] {scheduler_job.py:633} INFO - Processing file /home/airflow/.local/lib/python3.8/site-packages/airflow/example_dags/example_bash_operator.py for tasks to queue
[2022-05-15 16:56:49,035] {logging_mixin.py:104} INFO - [2022-05-15 16:56:49,035] {dagbag.py:496} INFO - Filling up the DagBag from /home/airflow/.local/lib/python3.8/site-packages/airflow/example_dags/example_bash_operator.py
[2022-05-15 16:56:49,043] {scheduler_job.py:643} INFO - DAG(s) dict_keys(['example_bash_operator']) retrieved from /home/airflow/.local/lib/python3.8/site-packages/airflow/example_dags/example_bash_operator.py
[2022-05-15 16:56:49,056] {logging_mixin.py:104} INFO - [2022-05-15 16:56:49,056] {dag.py:1833} INFO - Sync 1 DAGs
[2022-05-15 16:56:49,064] {logging_mixin.py:104} INFO - [2022-05-15 16:56:49,064] {dag.py:2306} INFO - Setting next_dagrun for example_bash_operator to 2022-05-13 00:00:00+00:00
[2022-05-15 16:56:49,071] {scheduler_job.py:190} INFO - Processing /home/airflow/.local/lib/python3.8/site-packages/airflow/example_dags/example_bash_operator.py took 0.039 seconds
[2022-05-15 16:57:21,810] {scheduler_job.py:182} INFO - Started process (PID=163) to work on /home/airflow/.local/lib/python3.8/site-packages/airflow/example_dags/example_bash_operator.py
[2022-05-15 16:57:21,811] {scheduler_job.py:633} INFO - Processing file /home/airflow/.local/lib/python3.8/site-packages/airflow/example_dags/example_bash_operator.py for tasks to queue
[2022-05-15 16:57:21,811] {logging_mixin.py:104} INFO - [2022-05-15 16:57:21,811] {dagbag.py:496} INFO - Filling up the DagBag from /home/airflow/.local/lib/python3.8/site-packages/airflow/example_dags/example_bash_operator.py
[2022-05-15 16:57:21,835] {scheduler_job.py:643} INFO - DAG(s) dict_keys(['example_bash_operator']) retrieved from /home/airflow/.local/lib/python3.8/site-packages/airflow/example_dags/example_bash_operator.py
[2022-05-15 16:57:21,878] {logging_mixin.py:104} INFO - [2022-05-15 16:57:21,878] {dag.py:1833} INFO - Sync 1 DAGs
[2022-05-15 16:57:21,903] {logging_mixin.py:104} INFO - [2022-05-15 16:57:21,903] {dag.py:2306} INFO - Setting next_dagrun for example_bash_operator to 2022-05-13 00:00:00+00:00
[2022-05-15 16:57:21,930] {scheduler_job.py:190} INFO - Processing /home/airflow/.local/lib/python3.8/site-packages/airflow/example_dags/example_bash_operator.py took 0.126 seconds
