[2022-05-15 16:44:58,496] {scheduler_job.py:182} INFO - Started process (PID=53) to work on /home/airflow/.local/lib/python3.8/site-packages/airflow/example_dags/example_branch_datetime_operator.py
[2022-05-15 16:44:58,497] {scheduler_job.py:633} INFO - Processing file /home/airflow/.local/lib/python3.8/site-packages/airflow/example_dags/example_branch_datetime_operator.py for tasks to queue
[2022-05-15 16:44:58,497] {logging_mixin.py:104} INFO - [2022-05-15 16:44:58,497] {dagbag.py:496} INFO - Filling up the DagBag from /home/airflow/.local/lib/python3.8/site-packages/airflow/example_dags/example_branch_datetime_operator.py
[2022-05-15 16:44:58,508] {scheduler_job.py:643} INFO - DAG(s) dict_keys(['example_branch_datetime_operator_2']) retrieved from /home/airflow/.local/lib/python3.8/site-packages/airflow/example_dags/example_branch_datetime_operator.py
[2022-05-15 16:44:58,529] {logging_mixin.py:104} INFO - [2022-05-15 16:44:58,529] {dag.py:1833} INFO - Sync 1 DAGs
[2022-05-15 16:44:58,544] {logging_mixin.py:104} INFO - [2022-05-15 16:44:58,544] {dag.py:2306} INFO - Setting next_dagrun for example_branch_datetime_operator_2 to 2022-05-13 00:00:00+00:00
[2022-05-15 16:44:58,553] {scheduler_job.py:190} INFO - Processing /home/airflow/.local/lib/python3.8/site-packages/airflow/example_dags/example_branch_datetime_operator.py took 0.059 seconds
[2022-05-15 16:45:31,211] {scheduler_job.py:182} INFO - Started process (PID=92) to work on /home/airflow/.local/lib/python3.8/site-packages/airflow/example_dags/example_branch_datetime_operator.py
[2022-05-15 16:45:31,213] {scheduler_job.py:633} INFO - Processing file /home/airflow/.local/lib/python3.8/site-packages/airflow/example_dags/example_branch_datetime_operator.py for tasks to queue
[2022-05-15 16:45:31,213] {logging_mixin.py:104} INFO - [2022-05-15 16:45:31,213] {dagbag.py:496} INFO - Filling up the DagBag from /home/airflow/.local/lib/python3.8/site-packages/airflow/example_dags/example_branch_datetime_operator.py
[2022-05-15 16:45:31,227] {scheduler_job.py:643} INFO - DAG(s) dict_keys(['example_branch_datetime_operator_2']) retrieved from /home/airflow/.local/lib/python3.8/site-packages/airflow/example_dags/example_branch_datetime_operator.py
[2022-05-15 16:45:31,255] {logging_mixin.py:104} INFO - [2022-05-15 16:45:31,255] {dag.py:1833} INFO - Sync 1 DAGs
[2022-05-15 16:45:31,273] {logging_mixin.py:104} INFO - [2022-05-15 16:45:31,273] {dag.py:2306} INFO - Setting next_dagrun for example_branch_datetime_operator_2 to 2022-05-13 00:00:00+00:00
[2022-05-15 16:45:31,290] {scheduler_job.py:190} INFO - Processing /home/airflow/.local/lib/python3.8/site-packages/airflow/example_dags/example_branch_datetime_operator.py took 0.082 seconds
[2022-05-15 16:46:02,265] {scheduler_job.py:182} INFO - Started process (PID=131) to work on /home/airflow/.local/lib/python3.8/site-packages/airflow/example_dags/example_branch_datetime_operator.py
[2022-05-15 16:46:02,268] {scheduler_job.py:633} INFO - Processing file /home/airflow/.local/lib/python3.8/site-packages/airflow/example_dags/example_branch_datetime_operator.py for tasks to queue
[2022-05-15 16:46:02,270] {logging_mixin.py:104} INFO - [2022-05-15 16:46:02,270] {dagbag.py:496} INFO - Filling up the DagBag from /home/airflow/.local/lib/python3.8/site-packages/airflow/example_dags/example_branch_datetime_operator.py
[2022-05-15 16:46:02,286] {scheduler_job.py:643} INFO - DAG(s) dict_keys(['example_branch_datetime_operator_2']) retrieved from /home/airflow/.local/lib/python3.8/site-packages/airflow/example_dags/example_branch_datetime_operator.py
[2022-05-15 16:46:02,326] {logging_mixin.py:104} INFO - [2022-05-15 16:46:02,326] {dag.py:1833} INFO - Sync 1 DAGs
[2022-05-15 16:46:02,349] {logging_mixin.py:104} INFO - [2022-05-15 16:46:02,349] {dag.py:2306} INFO - Setting next_dagrun for example_branch_datetime_operator_2 to 2022-05-13 00:00:00+00:00
[2022-05-15 16:46:02,382] {scheduler_job.py:190} INFO - Processing /home/airflow/.local/lib/python3.8/site-packages/airflow/example_dags/example_branch_datetime_operator.py took 0.121 seconds
[2022-05-15 16:46:32,781] {scheduler_job.py:182} INFO - Started process (PID=170) to work on /home/airflow/.local/lib/python3.8/site-packages/airflow/example_dags/example_branch_datetime_operator.py
[2022-05-15 16:46:32,782] {scheduler_job.py:633} INFO - Processing file /home/airflow/.local/lib/python3.8/site-packages/airflow/example_dags/example_branch_datetime_operator.py for tasks to queue
[2022-05-15 16:46:32,783] {logging_mixin.py:104} INFO - [2022-05-15 16:46:32,783] {dagbag.py:496} INFO - Filling up the DagBag from /home/airflow/.local/lib/python3.8/site-packages/airflow/example_dags/example_branch_datetime_operator.py
[2022-05-15 16:46:32,793] {scheduler_job.py:643} INFO - DAG(s) dict_keys(['example_branch_datetime_operator_2']) retrieved from /home/airflow/.local/lib/python3.8/site-packages/airflow/example_dags/example_branch_datetime_operator.py
[2022-05-15 16:46:32,815] {logging_mixin.py:104} INFO - [2022-05-15 16:46:32,815] {dag.py:1833} INFO - Sync 1 DAGs
[2022-05-15 16:46:32,829] {logging_mixin.py:104} INFO - [2022-05-15 16:46:32,829] {dag.py:2306} INFO - Setting next_dagrun for example_branch_datetime_operator_2 to 2022-05-13 00:00:00+00:00
[2022-05-15 16:46:32,840] {scheduler_job.py:190} INFO - Processing /home/airflow/.local/lib/python3.8/site-packages/airflow/example_dags/example_branch_datetime_operator.py took 0.061 seconds
[2022-05-15 16:47:03,431] {scheduler_job.py:182} INFO - Started process (PID=209) to work on /home/airflow/.local/lib/python3.8/site-packages/airflow/example_dags/example_branch_datetime_operator.py
[2022-05-15 16:47:03,433] {scheduler_job.py:633} INFO - Processing file /home/airflow/.local/lib/python3.8/site-packages/airflow/example_dags/example_branch_datetime_operator.py for tasks to queue
[2022-05-15 16:47:03,435] {logging_mixin.py:104} INFO - [2022-05-15 16:47:03,435] {dagbag.py:496} INFO - Filling up the DagBag from /home/airflow/.local/lib/python3.8/site-packages/airflow/example_dags/example_branch_datetime_operator.py
[2022-05-15 16:47:03,460] {scheduler_job.py:643} INFO - DAG(s) dict_keys(['example_branch_datetime_operator_2']) retrieved from /home/airflow/.local/lib/python3.8/site-packages/airflow/example_dags/example_branch_datetime_operator.py
[2022-05-15 16:47:03,516] {logging_mixin.py:104} INFO - [2022-05-15 16:47:03,516] {dag.py:1833} INFO - Sync 1 DAGs
[2022-05-15 16:47:03,546] {logging_mixin.py:104} INFO - [2022-05-15 16:47:03,545] {dag.py:2306} INFO - Setting next_dagrun for example_branch_datetime_operator_2 to 2022-05-13 00:00:00+00:00
[2022-05-15 16:47:03,561] {scheduler_job.py:190} INFO - Processing /home/airflow/.local/lib/python3.8/site-packages/airflow/example_dags/example_branch_datetime_operator.py took 0.139 seconds
[2022-05-15 16:47:33,756] {scheduler_job.py:182} INFO - Started process (PID=249) to work on /home/airflow/.local/lib/python3.8/site-packages/airflow/example_dags/example_branch_datetime_operator.py
[2022-05-15 16:47:33,757] {scheduler_job.py:633} INFO - Processing file /home/airflow/.local/lib/python3.8/site-packages/airflow/example_dags/example_branch_datetime_operator.py for tasks to queue
[2022-05-15 16:47:33,757] {logging_mixin.py:104} INFO - [2022-05-15 16:47:33,757] {dagbag.py:496} INFO - Filling up the DagBag from /home/airflow/.local/lib/python3.8/site-packages/airflow/example_dags/example_branch_datetime_operator.py
[2022-05-15 16:47:33,764] {scheduler_job.py:643} INFO - DAG(s) dict_keys(['example_branch_datetime_operator_2']) retrieved from /home/airflow/.local/lib/python3.8/site-packages/airflow/example_dags/example_branch_datetime_operator.py
[2022-05-15 16:47:33,778] {logging_mixin.py:104} INFO - [2022-05-15 16:47:33,778] {dag.py:1833} INFO - Sync 1 DAGs
[2022-05-15 16:47:33,786] {logging_mixin.py:104} INFO - [2022-05-15 16:47:33,786] {dag.py:2306} INFO - Setting next_dagrun for example_branch_datetime_operator_2 to 2022-05-13 00:00:00+00:00
[2022-05-15 16:47:33,793] {scheduler_job.py:190} INFO - Processing /home/airflow/.local/lib/python3.8/site-packages/airflow/example_dags/example_branch_datetime_operator.py took 0.039 seconds
[2022-05-15 16:48:04,925] {scheduler_job.py:182} INFO - Started process (PID=306) to work on /home/airflow/.local/lib/python3.8/site-packages/airflow/example_dags/example_branch_datetime_operator.py
[2022-05-15 16:48:04,927] {scheduler_job.py:633} INFO - Processing file /home/airflow/.local/lib/python3.8/site-packages/airflow/example_dags/example_branch_datetime_operator.py for tasks to queue
[2022-05-15 16:48:04,928] {logging_mixin.py:104} INFO - [2022-05-15 16:48:04,928] {dagbag.py:496} INFO - Filling up the DagBag from /home/airflow/.local/lib/python3.8/site-packages/airflow/example_dags/example_branch_datetime_operator.py
[2022-05-15 16:48:04,948] {scheduler_job.py:643} INFO - DAG(s) dict_keys(['example_branch_datetime_operator_2']) retrieved from /home/airflow/.local/lib/python3.8/site-packages/airflow/example_dags/example_branch_datetime_operator.py
[2022-05-15 16:48:04,969] {logging_mixin.py:104} INFO - [2022-05-15 16:48:04,969] {dag.py:1833} INFO - Sync 1 DAGs
[2022-05-15 16:48:04,978] {logging_mixin.py:104} INFO - [2022-05-15 16:48:04,978] {dag.py:2306} INFO - Setting next_dagrun for example_branch_datetime_operator_2 to 2022-05-13 00:00:00+00:00
[2022-05-15 16:48:04,985] {scheduler_job.py:190} INFO - Processing /home/airflow/.local/lib/python3.8/site-packages/airflow/example_dags/example_branch_datetime_operator.py took 0.066 seconds
[2022-05-15 16:48:35,538] {scheduler_job.py:182} INFO - Started process (PID=345) to work on /home/airflow/.local/lib/python3.8/site-packages/airflow/example_dags/example_branch_datetime_operator.py
[2022-05-15 16:48:35,538] {scheduler_job.py:633} INFO - Processing file /home/airflow/.local/lib/python3.8/site-packages/airflow/example_dags/example_branch_datetime_operator.py for tasks to queue
[2022-05-15 16:48:35,539] {logging_mixin.py:104} INFO - [2022-05-15 16:48:35,539] {dagbag.py:496} INFO - Filling up the DagBag from /home/airflow/.local/lib/python3.8/site-packages/airflow/example_dags/example_branch_datetime_operator.py
[2022-05-15 16:48:35,546] {scheduler_job.py:643} INFO - DAG(s) dict_keys(['example_branch_datetime_operator_2']) retrieved from /home/airflow/.local/lib/python3.8/site-packages/airflow/example_dags/example_branch_datetime_operator.py
[2022-05-15 16:48:35,559] {logging_mixin.py:104} INFO - [2022-05-15 16:48:35,559] {dag.py:1833} INFO - Sync 1 DAGs
[2022-05-15 16:48:35,567] {logging_mixin.py:104} INFO - [2022-05-15 16:48:35,567] {dag.py:2306} INFO - Setting next_dagrun for example_branch_datetime_operator_2 to 2022-05-13 00:00:00+00:00
[2022-05-15 16:48:35,574] {scheduler_job.py:190} INFO - Processing /home/airflow/.local/lib/python3.8/site-packages/airflow/example_dags/example_branch_datetime_operator.py took 0.037 seconds
[2022-05-15 16:49:06,332] {scheduler_job.py:182} INFO - Started process (PID=384) to work on /home/airflow/.local/lib/python3.8/site-packages/airflow/example_dags/example_branch_datetime_operator.py
[2022-05-15 16:49:06,332] {scheduler_job.py:633} INFO - Processing file /home/airflow/.local/lib/python3.8/site-packages/airflow/example_dags/example_branch_datetime_operator.py for tasks to queue
[2022-05-15 16:49:06,333] {logging_mixin.py:104} INFO - [2022-05-15 16:49:06,332] {dagbag.py:496} INFO - Filling up the DagBag from /home/airflow/.local/lib/python3.8/site-packages/airflow/example_dags/example_branch_datetime_operator.py
[2022-05-15 16:49:06,340] {scheduler_job.py:643} INFO - DAG(s) dict_keys(['example_branch_datetime_operator_2']) retrieved from /home/airflow/.local/lib/python3.8/site-packages/airflow/example_dags/example_branch_datetime_operator.py
[2022-05-15 16:49:06,352] {logging_mixin.py:104} INFO - [2022-05-15 16:49:06,352] {dag.py:1833} INFO - Sync 1 DAGs
[2022-05-15 16:49:06,360] {logging_mixin.py:104} INFO - [2022-05-15 16:49:06,360] {dag.py:2306} INFO - Setting next_dagrun for example_branch_datetime_operator_2 to 2022-05-13 00:00:00+00:00
[2022-05-15 16:49:06,367] {scheduler_job.py:190} INFO - Processing /home/airflow/.local/lib/python3.8/site-packages/airflow/example_dags/example_branch_datetime_operator.py took 0.037 seconds
[2022-05-15 16:49:36,729] {scheduler_job.py:182} INFO - Started process (PID=423) to work on /home/airflow/.local/lib/python3.8/site-packages/airflow/example_dags/example_branch_datetime_operator.py
[2022-05-15 16:49:36,730] {scheduler_job.py:633} INFO - Processing file /home/airflow/.local/lib/python3.8/site-packages/airflow/example_dags/example_branch_datetime_operator.py for tasks to queue
[2022-05-15 16:49:36,730] {logging_mixin.py:104} INFO - [2022-05-15 16:49:36,730] {dagbag.py:496} INFO - Filling up the DagBag from /home/airflow/.local/lib/python3.8/site-packages/airflow/example_dags/example_branch_datetime_operator.py
[2022-05-15 16:49:36,737] {scheduler_job.py:643} INFO - DAG(s) dict_keys(['example_branch_datetime_operator_2']) retrieved from /home/airflow/.local/lib/python3.8/site-packages/airflow/example_dags/example_branch_datetime_operator.py
[2022-05-15 16:49:36,752] {logging_mixin.py:104} INFO - [2022-05-15 16:49:36,752] {dag.py:1833} INFO - Sync 1 DAGs
[2022-05-15 16:49:36,764] {logging_mixin.py:104} INFO - [2022-05-15 16:49:36,764] {dag.py:2306} INFO - Setting next_dagrun for example_branch_datetime_operator_2 to 2022-05-13 00:00:00+00:00
[2022-05-15 16:49:36,772] {scheduler_job.py:190} INFO - Processing /home/airflow/.local/lib/python3.8/site-packages/airflow/example_dags/example_branch_datetime_operator.py took 0.045 seconds
[2022-05-15 16:50:07,769] {scheduler_job.py:182} INFO - Started process (PID=462) to work on /home/airflow/.local/lib/python3.8/site-packages/airflow/example_dags/example_branch_datetime_operator.py
[2022-05-15 16:50:07,770] {scheduler_job.py:633} INFO - Processing file /home/airflow/.local/lib/python3.8/site-packages/airflow/example_dags/example_branch_datetime_operator.py for tasks to queue
[2022-05-15 16:50:07,770] {logging_mixin.py:104} INFO - [2022-05-15 16:50:07,770] {dagbag.py:496} INFO - Filling up the DagBag from /home/airflow/.local/lib/python3.8/site-packages/airflow/example_dags/example_branch_datetime_operator.py
[2022-05-15 16:50:07,778] {scheduler_job.py:643} INFO - DAG(s) dict_keys(['example_branch_datetime_operator_2']) retrieved from /home/airflow/.local/lib/python3.8/site-packages/airflow/example_dags/example_branch_datetime_operator.py
[2022-05-15 16:50:07,793] {logging_mixin.py:104} INFO - [2022-05-15 16:50:07,793] {dag.py:1833} INFO - Sync 1 DAGs
[2022-05-15 16:50:07,801] {logging_mixin.py:104} INFO - [2022-05-15 16:50:07,801] {dag.py:2306} INFO - Setting next_dagrun for example_branch_datetime_operator_2 to 2022-05-13 00:00:00+00:00
[2022-05-15 16:50:07,809] {scheduler_job.py:190} INFO - Processing /home/airflow/.local/lib/python3.8/site-packages/airflow/example_dags/example_branch_datetime_operator.py took 0.042 seconds
[2022-05-15 16:50:38,538] {scheduler_job.py:182} INFO - Started process (PID=501) to work on /home/airflow/.local/lib/python3.8/site-packages/airflow/example_dags/example_branch_datetime_operator.py
[2022-05-15 16:50:38,538] {scheduler_job.py:633} INFO - Processing file /home/airflow/.local/lib/python3.8/site-packages/airflow/example_dags/example_branch_datetime_operator.py for tasks to queue
[2022-05-15 16:50:38,539] {logging_mixin.py:104} INFO - [2022-05-15 16:50:38,539] {dagbag.py:496} INFO - Filling up the DagBag from /home/airflow/.local/lib/python3.8/site-packages/airflow/example_dags/example_branch_datetime_operator.py
[2022-05-15 16:50:38,545] {scheduler_job.py:643} INFO - DAG(s) dict_keys(['example_branch_datetime_operator_2']) retrieved from /home/airflow/.local/lib/python3.8/site-packages/airflow/example_dags/example_branch_datetime_operator.py
[2022-05-15 16:50:38,559] {logging_mixin.py:104} INFO - [2022-05-15 16:50:38,559] {dag.py:1833} INFO - Sync 1 DAGs
[2022-05-15 16:50:38,567] {logging_mixin.py:104} INFO - [2022-05-15 16:50:38,567] {dag.py:2306} INFO - Setting next_dagrun for example_branch_datetime_operator_2 to 2022-05-13 00:00:00+00:00
[2022-05-15 16:50:38,574] {scheduler_job.py:190} INFO - Processing /home/airflow/.local/lib/python3.8/site-packages/airflow/example_dags/example_branch_datetime_operator.py took 0.038 seconds
[2022-05-15 16:51:10,250] {scheduler_job.py:182} INFO - Started process (PID=540) to work on /home/airflow/.local/lib/python3.8/site-packages/airflow/example_dags/example_branch_datetime_operator.py
[2022-05-15 16:51:10,251] {scheduler_job.py:633} INFO - Processing file /home/airflow/.local/lib/python3.8/site-packages/airflow/example_dags/example_branch_datetime_operator.py for tasks to queue
[2022-05-15 16:51:10,252] {logging_mixin.py:104} INFO - [2022-05-15 16:51:10,252] {dagbag.py:496} INFO - Filling up the DagBag from /home/airflow/.local/lib/python3.8/site-packages/airflow/example_dags/example_branch_datetime_operator.py
[2022-05-15 16:51:10,269] {scheduler_job.py:643} INFO - DAG(s) dict_keys(['example_branch_datetime_operator_2']) retrieved from /home/airflow/.local/lib/python3.8/site-packages/airflow/example_dags/example_branch_datetime_operator.py
[2022-05-15 16:51:10,321] {logging_mixin.py:104} INFO - [2022-05-15 16:51:10,320] {dag.py:1833} INFO - Sync 1 DAGs
[2022-05-15 16:51:10,346] {logging_mixin.py:104} INFO - [2022-05-15 16:51:10,345] {dag.py:2306} INFO - Setting next_dagrun for example_branch_datetime_operator_2 to 2022-05-13 00:00:00+00:00
[2022-05-15 16:51:10,373] {scheduler_job.py:190} INFO - Processing /home/airflow/.local/lib/python3.8/site-packages/airflow/example_dags/example_branch_datetime_operator.py took 0.131 seconds
[2022-05-15 16:51:41,021] {scheduler_job.py:182} INFO - Started process (PID=579) to work on /home/airflow/.local/lib/python3.8/site-packages/airflow/example_dags/example_branch_datetime_operator.py
[2022-05-15 16:51:41,022] {scheduler_job.py:633} INFO - Processing file /home/airflow/.local/lib/python3.8/site-packages/airflow/example_dags/example_branch_datetime_operator.py for tasks to queue
[2022-05-15 16:51:41,022] {logging_mixin.py:104} INFO - [2022-05-15 16:51:41,022] {dagbag.py:496} INFO - Filling up the DagBag from /home/airflow/.local/lib/python3.8/site-packages/airflow/example_dags/example_branch_datetime_operator.py
[2022-05-15 16:51:41,028] {scheduler_job.py:643} INFO - DAG(s) dict_keys(['example_branch_datetime_operator_2']) retrieved from /home/airflow/.local/lib/python3.8/site-packages/airflow/example_dags/example_branch_datetime_operator.py
[2022-05-15 16:51:41,041] {logging_mixin.py:104} INFO - [2022-05-15 16:51:41,041] {dag.py:1833} INFO - Sync 1 DAGs
[2022-05-15 16:51:41,049] {logging_mixin.py:104} INFO - [2022-05-15 16:51:41,049] {dag.py:2306} INFO - Setting next_dagrun for example_branch_datetime_operator_2 to 2022-05-13 00:00:00+00:00
[2022-05-15 16:51:41,057] {scheduler_job.py:190} INFO - Processing /home/airflow/.local/lib/python3.8/site-packages/airflow/example_dags/example_branch_datetime_operator.py took 0.037 seconds
[2022-05-15 16:52:11,991] {scheduler_job.py:182} INFO - Started process (PID=619) to work on /home/airflow/.local/lib/python3.8/site-packages/airflow/example_dags/example_branch_datetime_operator.py
[2022-05-15 16:52:11,991] {scheduler_job.py:633} INFO - Processing file /home/airflow/.local/lib/python3.8/site-packages/airflow/example_dags/example_branch_datetime_operator.py for tasks to queue
[2022-05-15 16:52:11,992] {logging_mixin.py:104} INFO - [2022-05-15 16:52:11,992] {dagbag.py:496} INFO - Filling up the DagBag from /home/airflow/.local/lib/python3.8/site-packages/airflow/example_dags/example_branch_datetime_operator.py
[2022-05-15 16:52:12,000] {scheduler_job.py:643} INFO - DAG(s) dict_keys(['example_branch_datetime_operator_2']) retrieved from /home/airflow/.local/lib/python3.8/site-packages/airflow/example_dags/example_branch_datetime_operator.py
[2022-05-15 16:52:12,015] {logging_mixin.py:104} INFO - [2022-05-15 16:52:12,015] {dag.py:1833} INFO - Sync 1 DAGs
[2022-05-15 16:52:12,025] {logging_mixin.py:104} INFO - [2022-05-15 16:52:12,025] {dag.py:2306} INFO - Setting next_dagrun for example_branch_datetime_operator_2 to 2022-05-13 00:00:00+00:00
[2022-05-15 16:52:12,034] {scheduler_job.py:190} INFO - Processing /home/airflow/.local/lib/python3.8/site-packages/airflow/example_dags/example_branch_datetime_operator.py took 0.045 seconds
[2022-05-15 16:52:42,481] {scheduler_job.py:182} INFO - Started process (PID=658) to work on /home/airflow/.local/lib/python3.8/site-packages/airflow/example_dags/example_branch_datetime_operator.py
[2022-05-15 16:52:42,482] {scheduler_job.py:633} INFO - Processing file /home/airflow/.local/lib/python3.8/site-packages/airflow/example_dags/example_branch_datetime_operator.py for tasks to queue
[2022-05-15 16:52:42,483] {logging_mixin.py:104} INFO - [2022-05-15 16:52:42,482] {dagbag.py:496} INFO - Filling up the DagBag from /home/airflow/.local/lib/python3.8/site-packages/airflow/example_dags/example_branch_datetime_operator.py
[2022-05-15 16:52:42,493] {scheduler_job.py:643} INFO - DAG(s) dict_keys(['example_branch_datetime_operator_2']) retrieved from /home/airflow/.local/lib/python3.8/site-packages/airflow/example_dags/example_branch_datetime_operator.py
[2022-05-15 16:52:42,516] {logging_mixin.py:104} INFO - [2022-05-15 16:52:42,516] {dag.py:1833} INFO - Sync 1 DAGs
[2022-05-15 16:52:42,528] {logging_mixin.py:104} INFO - [2022-05-15 16:52:42,528] {dag.py:2306} INFO - Setting next_dagrun for example_branch_datetime_operator_2 to 2022-05-13 00:00:00+00:00
[2022-05-15 16:52:42,540] {scheduler_job.py:190} INFO - Processing /home/airflow/.local/lib/python3.8/site-packages/airflow/example_dags/example_branch_datetime_operator.py took 0.061 seconds
[2022-05-15 16:53:12,762] {scheduler_job.py:182} INFO - Started process (PID=697) to work on /home/airflow/.local/lib/python3.8/site-packages/airflow/example_dags/example_branch_datetime_operator.py
[2022-05-15 16:53:12,762] {scheduler_job.py:633} INFO - Processing file /home/airflow/.local/lib/python3.8/site-packages/airflow/example_dags/example_branch_datetime_operator.py for tasks to queue
[2022-05-15 16:53:12,763] {logging_mixin.py:104} INFO - [2022-05-15 16:53:12,763] {dagbag.py:496} INFO - Filling up the DagBag from /home/airflow/.local/lib/python3.8/site-packages/airflow/example_dags/example_branch_datetime_operator.py
[2022-05-15 16:53:12,769] {scheduler_job.py:643} INFO - DAG(s) dict_keys(['example_branch_datetime_operator_2']) retrieved from /home/airflow/.local/lib/python3.8/site-packages/airflow/example_dags/example_branch_datetime_operator.py
[2022-05-15 16:53:12,782] {logging_mixin.py:104} INFO - [2022-05-15 16:53:12,782] {dag.py:1833} INFO - Sync 1 DAGs
[2022-05-15 16:53:12,791] {logging_mixin.py:104} INFO - [2022-05-15 16:53:12,791] {dag.py:2306} INFO - Setting next_dagrun for example_branch_datetime_operator_2 to 2022-05-13 00:00:00+00:00
[2022-05-15 16:53:12,798] {scheduler_job.py:190} INFO - Processing /home/airflow/.local/lib/python3.8/site-packages/airflow/example_dags/example_branch_datetime_operator.py took 0.038 seconds
[2022-05-15 16:53:43,446] {scheduler_job.py:182} INFO - Started process (PID=736) to work on /home/airflow/.local/lib/python3.8/site-packages/airflow/example_dags/example_branch_datetime_operator.py
[2022-05-15 16:53:43,447] {scheduler_job.py:633} INFO - Processing file /home/airflow/.local/lib/python3.8/site-packages/airflow/example_dags/example_branch_datetime_operator.py for tasks to queue
[2022-05-15 16:53:43,447] {logging_mixin.py:104} INFO - [2022-05-15 16:53:43,447] {dagbag.py:496} INFO - Filling up the DagBag from /home/airflow/.local/lib/python3.8/site-packages/airflow/example_dags/example_branch_datetime_operator.py
[2022-05-15 16:53:43,454] {scheduler_job.py:643} INFO - DAG(s) dict_keys(['example_branch_datetime_operator_2']) retrieved from /home/airflow/.local/lib/python3.8/site-packages/airflow/example_dags/example_branch_datetime_operator.py
[2022-05-15 16:53:43,467] {logging_mixin.py:104} INFO - [2022-05-15 16:53:43,467] {dag.py:1833} INFO - Sync 1 DAGs
[2022-05-15 16:53:43,478] {logging_mixin.py:104} INFO - [2022-05-15 16:53:43,478] {dag.py:2306} INFO - Setting next_dagrun for example_branch_datetime_operator_2 to 2022-05-13 00:00:00+00:00
[2022-05-15 16:53:43,487] {scheduler_job.py:190} INFO - Processing /home/airflow/.local/lib/python3.8/site-packages/airflow/example_dags/example_branch_datetime_operator.py took 0.043 seconds
[2022-05-15 16:54:15,352] {scheduler_job.py:182} INFO - Started process (PID=775) to work on /home/airflow/.local/lib/python3.8/site-packages/airflow/example_dags/example_branch_datetime_operator.py
[2022-05-15 16:54:15,353] {scheduler_job.py:633} INFO - Processing file /home/airflow/.local/lib/python3.8/site-packages/airflow/example_dags/example_branch_datetime_operator.py for tasks to queue
[2022-05-15 16:54:15,353] {logging_mixin.py:104} INFO - [2022-05-15 16:54:15,353] {dagbag.py:496} INFO - Filling up the DagBag from /home/airflow/.local/lib/python3.8/site-packages/airflow/example_dags/example_branch_datetime_operator.py
[2022-05-15 16:54:15,360] {scheduler_job.py:643} INFO - DAG(s) dict_keys(['example_branch_datetime_operator_2']) retrieved from /home/airflow/.local/lib/python3.8/site-packages/airflow/example_dags/example_branch_datetime_operator.py
[2022-05-15 16:54:15,375] {logging_mixin.py:104} INFO - [2022-05-15 16:54:15,375] {dag.py:1833} INFO - Sync 1 DAGs
[2022-05-15 16:54:15,384] {logging_mixin.py:104} INFO - [2022-05-15 16:54:15,384] {dag.py:2306} INFO - Setting next_dagrun for example_branch_datetime_operator_2 to 2022-05-13 00:00:00+00:00
[2022-05-15 16:54:15,462] {scheduler_job.py:190} INFO - Processing /home/airflow/.local/lib/python3.8/site-packages/airflow/example_dags/example_branch_datetime_operator.py took 0.112 seconds
[2022-05-15 16:54:46,411] {scheduler_job.py:182} INFO - Started process (PID=814) to work on /home/airflow/.local/lib/python3.8/site-packages/airflow/example_dags/example_branch_datetime_operator.py
[2022-05-15 16:54:46,413] {scheduler_job.py:633} INFO - Processing file /home/airflow/.local/lib/python3.8/site-packages/airflow/example_dags/example_branch_datetime_operator.py for tasks to queue
[2022-05-15 16:54:46,414] {logging_mixin.py:104} INFO - [2022-05-15 16:54:46,414] {dagbag.py:496} INFO - Filling up the DagBag from /home/airflow/.local/lib/python3.8/site-packages/airflow/example_dags/example_branch_datetime_operator.py
[2022-05-15 16:54:46,436] {scheduler_job.py:643} INFO - DAG(s) dict_keys(['example_branch_datetime_operator_2']) retrieved from /home/airflow/.local/lib/python3.8/site-packages/airflow/example_dags/example_branch_datetime_operator.py
[2022-05-15 16:54:46,457] {logging_mixin.py:104} INFO - [2022-05-15 16:54:46,457] {dag.py:1833} INFO - Sync 1 DAGs
[2022-05-15 16:54:46,465] {logging_mixin.py:104} INFO - [2022-05-15 16:54:46,465] {dag.py:2306} INFO - Setting next_dagrun for example_branch_datetime_operator_2 to 2022-05-13 00:00:00+00:00
[2022-05-15 16:54:46,473] {scheduler_job.py:190} INFO - Processing /home/airflow/.local/lib/python3.8/site-packages/airflow/example_dags/example_branch_datetime_operator.py took 0.068 seconds
[2022-05-15 16:55:47,634] {scheduler_job.py:182} INFO - Started process (PID=52) to work on /home/airflow/.local/lib/python3.8/site-packages/airflow/example_dags/example_branch_datetime_operator.py
[2022-05-15 16:55:47,634] {scheduler_job.py:633} INFO - Processing file /home/airflow/.local/lib/python3.8/site-packages/airflow/example_dags/example_branch_datetime_operator.py for tasks to queue
[2022-05-15 16:55:47,634] {logging_mixin.py:104} INFO - [2022-05-15 16:55:47,634] {dagbag.py:496} INFO - Filling up the DagBag from /home/airflow/.local/lib/python3.8/site-packages/airflow/example_dags/example_branch_datetime_operator.py
[2022-05-15 16:55:47,643] {scheduler_job.py:643} INFO - DAG(s) dict_keys(['example_branch_datetime_operator_2']) retrieved from /home/airflow/.local/lib/python3.8/site-packages/airflow/example_dags/example_branch_datetime_operator.py
[2022-05-15 16:55:47,659] {logging_mixin.py:104} INFO - [2022-05-15 16:55:47,659] {dag.py:1833} INFO - Sync 1 DAGs
[2022-05-15 16:55:47,671] {logging_mixin.py:104} INFO - [2022-05-15 16:55:47,671] {dag.py:2306} INFO - Setting next_dagrun for example_branch_datetime_operator_2 to 2022-05-13 00:00:00+00:00
[2022-05-15 16:55:47,680] {scheduler_job.py:190} INFO - Processing /home/airflow/.local/lib/python3.8/site-packages/airflow/example_dags/example_branch_datetime_operator.py took 0.048 seconds
[2022-05-15 16:56:19,399] {scheduler_job.py:182} INFO - Started process (PID=91) to work on /home/airflow/.local/lib/python3.8/site-packages/airflow/example_dags/example_branch_datetime_operator.py
[2022-05-15 16:56:19,401] {scheduler_job.py:633} INFO - Processing file /home/airflow/.local/lib/python3.8/site-packages/airflow/example_dags/example_branch_datetime_operator.py for tasks to queue
[2022-05-15 16:56:19,403] {logging_mixin.py:104} INFO - [2022-05-15 16:56:19,402] {dagbag.py:496} INFO - Filling up the DagBag from /home/airflow/.local/lib/python3.8/site-packages/airflow/example_dags/example_branch_datetime_operator.py
[2022-05-15 16:56:19,422] {scheduler_job.py:643} INFO - DAG(s) dict_keys(['example_branch_datetime_operator_2']) retrieved from /home/airflow/.local/lib/python3.8/site-packages/airflow/example_dags/example_branch_datetime_operator.py
[2022-05-15 16:56:19,451] {logging_mixin.py:104} INFO - [2022-05-15 16:56:19,451] {dag.py:1833} INFO - Sync 1 DAGs
[2022-05-15 16:56:19,470] {logging_mixin.py:104} INFO - [2022-05-15 16:56:19,470] {dag.py:2306} INFO - Setting next_dagrun for example_branch_datetime_operator_2 to 2022-05-13 00:00:00+00:00
[2022-05-15 16:56:19,488] {scheduler_job.py:190} INFO - Processing /home/airflow/.local/lib/python3.8/site-packages/airflow/example_dags/example_branch_datetime_operator.py took 0.094 seconds
[2022-05-15 16:56:50,462] {scheduler_job.py:182} INFO - Started process (PID=130) to work on /home/airflow/.local/lib/python3.8/site-packages/airflow/example_dags/example_branch_datetime_operator.py
[2022-05-15 16:56:50,465] {scheduler_job.py:633} INFO - Processing file /home/airflow/.local/lib/python3.8/site-packages/airflow/example_dags/example_branch_datetime_operator.py for tasks to queue
[2022-05-15 16:56:50,466] {logging_mixin.py:104} INFO - [2022-05-15 16:56:50,466] {dagbag.py:496} INFO - Filling up the DagBag from /home/airflow/.local/lib/python3.8/site-packages/airflow/example_dags/example_branch_datetime_operator.py
[2022-05-15 16:56:50,481] {scheduler_job.py:643} INFO - DAG(s) dict_keys(['example_branch_datetime_operator_2']) retrieved from /home/airflow/.local/lib/python3.8/site-packages/airflow/example_dags/example_branch_datetime_operator.py
[2022-05-15 16:56:50,508] {logging_mixin.py:104} INFO - [2022-05-15 16:56:50,508] {dag.py:1833} INFO - Sync 1 DAGs
[2022-05-15 16:56:50,521] {logging_mixin.py:104} INFO - [2022-05-15 16:56:50,521] {dag.py:2306} INFO - Setting next_dagrun for example_branch_datetime_operator_2 to 2022-05-13 00:00:00+00:00
[2022-05-15 16:56:50,535] {scheduler_job.py:190} INFO - Processing /home/airflow/.local/lib/python3.8/site-packages/airflow/example_dags/example_branch_datetime_operator.py took 0.078 seconds
[2022-05-15 16:57:22,212] {scheduler_job.py:182} INFO - Started process (PID=169) to work on /home/airflow/.local/lib/python3.8/site-packages/airflow/example_dags/example_branch_datetime_operator.py
[2022-05-15 16:57:22,212] {scheduler_job.py:633} INFO - Processing file /home/airflow/.local/lib/python3.8/site-packages/airflow/example_dags/example_branch_datetime_operator.py for tasks to queue
[2022-05-15 16:57:22,213] {logging_mixin.py:104} INFO - [2022-05-15 16:57:22,213] {dagbag.py:496} INFO - Filling up the DagBag from /home/airflow/.local/lib/python3.8/site-packages/airflow/example_dags/example_branch_datetime_operator.py
[2022-05-15 16:57:22,220] {scheduler_job.py:643} INFO - DAG(s) dict_keys(['example_branch_datetime_operator_2']) retrieved from /home/airflow/.local/lib/python3.8/site-packages/airflow/example_dags/example_branch_datetime_operator.py
[2022-05-15 16:57:22,233] {logging_mixin.py:104} INFO - [2022-05-15 16:57:22,233] {dag.py:1833} INFO - Sync 1 DAGs
[2022-05-15 16:57:22,242] {logging_mixin.py:104} INFO - [2022-05-15 16:57:22,241] {dag.py:2306} INFO - Setting next_dagrun for example_branch_datetime_operator_2 to 2022-05-13 00:00:00+00:00
[2022-05-15 16:57:22,249] {scheduler_job.py:190} INFO - Processing /home/airflow/.local/lib/python3.8/site-packages/airflow/example_dags/example_branch_datetime_operator.py took 0.039 seconds
