[2022-05-15 16:44:58,631] {scheduler_job.py:182} INFO - Started process (PID=57) to work on /home/airflow/.local/lib/python3.8/site-packages/airflow/example_dags/example_trigger_controller_dag.py
[2022-05-15 16:44:58,632] {scheduler_job.py:633} INFO - Processing file /home/airflow/.local/lib/python3.8/site-packages/airflow/example_dags/example_trigger_controller_dag.py for tasks to queue
[2022-05-15 16:44:58,632] {logging_mixin.py:104} INFO - [2022-05-15 16:44:58,632] {dagbag.py:496} INFO - Filling up the DagBag from /home/airflow/.local/lib/python3.8/site-packages/airflow/example_dags/example_trigger_controller_dag.py
[2022-05-15 16:44:58,640] {scheduler_job.py:643} INFO - DAG(s) dict_keys(['example_trigger_controller_dag']) retrieved from /home/airflow/.local/lib/python3.8/site-packages/airflow/example_dags/example_trigger_controller_dag.py
[2022-05-15 16:44:58,661] {logging_mixin.py:104} INFO - [2022-05-15 16:44:58,660] {dag.py:1833} INFO - Sync 1 DAGs
[2022-05-15 16:44:58,671] {logging_mixin.py:104} INFO - [2022-05-15 16:44:58,670] {dag.py:2306} INFO - Setting next_dagrun for example_trigger_controller_dag to 2022-05-13 00:00:00+00:00
[2022-05-15 16:44:58,686] {scheduler_job.py:190} INFO - Processing /home/airflow/.local/lib/python3.8/site-packages/airflow/example_dags/example_trigger_controller_dag.py took 0.057 seconds
[2022-05-15 16:45:31,529] {scheduler_job.py:182} INFO - Started process (PID=96) to work on /home/airflow/.local/lib/python3.8/site-packages/airflow/example_dags/example_trigger_controller_dag.py
[2022-05-15 16:45:31,529] {scheduler_job.py:633} INFO - Processing file /home/airflow/.local/lib/python3.8/site-packages/airflow/example_dags/example_trigger_controller_dag.py for tasks to queue
[2022-05-15 16:45:31,530] {logging_mixin.py:104} INFO - [2022-05-15 16:45:31,530] {dagbag.py:496} INFO - Filling up the DagBag from /home/airflow/.local/lib/python3.8/site-packages/airflow/example_dags/example_trigger_controller_dag.py
[2022-05-15 16:45:31,541] {scheduler_job.py:643} INFO - DAG(s) dict_keys(['example_trigger_controller_dag']) retrieved from /home/airflow/.local/lib/python3.8/site-packages/airflow/example_dags/example_trigger_controller_dag.py
[2022-05-15 16:45:31,569] {logging_mixin.py:104} INFO - [2022-05-15 16:45:31,568] {dag.py:1833} INFO - Sync 1 DAGs
[2022-05-15 16:45:31,585] {logging_mixin.py:104} INFO - [2022-05-15 16:45:31,585] {dag.py:2306} INFO - Setting next_dagrun for example_trigger_controller_dag to 2022-05-13 00:00:00+00:00
[2022-05-15 16:45:31,605] {scheduler_job.py:190} INFO - Processing /home/airflow/.local/lib/python3.8/site-packages/airflow/example_dags/example_trigger_controller_dag.py took 0.080 seconds
[2022-05-15 16:46:02,993] {scheduler_job.py:182} INFO - Started process (PID=135) to work on /home/airflow/.local/lib/python3.8/site-packages/airflow/example_dags/example_trigger_controller_dag.py
[2022-05-15 16:46:02,995] {scheduler_job.py:633} INFO - Processing file /home/airflow/.local/lib/python3.8/site-packages/airflow/example_dags/example_trigger_controller_dag.py for tasks to queue
[2022-05-15 16:46:02,996] {logging_mixin.py:104} INFO - [2022-05-15 16:46:02,996] {dagbag.py:496} INFO - Filling up the DagBag from /home/airflow/.local/lib/python3.8/site-packages/airflow/example_dags/example_trigger_controller_dag.py
[2022-05-15 16:46:03,019] {scheduler_job.py:643} INFO - DAG(s) dict_keys(['example_trigger_controller_dag']) retrieved from /home/airflow/.local/lib/python3.8/site-packages/airflow/example_dags/example_trigger_controller_dag.py
[2022-05-15 16:46:03,078] {logging_mixin.py:104} INFO - [2022-05-15 16:46:03,077] {dag.py:1833} INFO - Sync 1 DAGs
[2022-05-15 16:46:03,104] {logging_mixin.py:104} INFO - [2022-05-15 16:46:03,103] {dag.py:2306} INFO - Setting next_dagrun for example_trigger_controller_dag to 2022-05-13 00:00:00+00:00
[2022-05-15 16:46:03,149] {scheduler_job.py:190} INFO - Processing /home/airflow/.local/lib/python3.8/site-packages/airflow/example_dags/example_trigger_controller_dag.py took 0.163 seconds
[2022-05-15 16:46:33,190] {scheduler_job.py:182} INFO - Started process (PID=174) to work on /home/airflow/.local/lib/python3.8/site-packages/airflow/example_dags/example_trigger_controller_dag.py
[2022-05-15 16:46:33,191] {scheduler_job.py:633} INFO - Processing file /home/airflow/.local/lib/python3.8/site-packages/airflow/example_dags/example_trigger_controller_dag.py for tasks to queue
[2022-05-15 16:46:33,191] {logging_mixin.py:104} INFO - [2022-05-15 16:46:33,191] {dagbag.py:496} INFO - Filling up the DagBag from /home/airflow/.local/lib/python3.8/site-packages/airflow/example_dags/example_trigger_controller_dag.py
[2022-05-15 16:46:33,197] {scheduler_job.py:643} INFO - DAG(s) dict_keys(['example_trigger_controller_dag']) retrieved from /home/airflow/.local/lib/python3.8/site-packages/airflow/example_dags/example_trigger_controller_dag.py
[2022-05-15 16:46:33,211] {logging_mixin.py:104} INFO - [2022-05-15 16:46:33,211] {dag.py:1833} INFO - Sync 1 DAGs
[2022-05-15 16:46:33,217] {logging_mixin.py:104} INFO - [2022-05-15 16:46:33,216] {dag.py:2306} INFO - Setting next_dagrun for example_trigger_controller_dag to 2022-05-13 00:00:00+00:00
[2022-05-15 16:46:33,224] {scheduler_job.py:190} INFO - Processing /home/airflow/.local/lib/python3.8/site-packages/airflow/example_dags/example_trigger_controller_dag.py took 0.035 seconds
[2022-05-15 16:47:04,144] {scheduler_job.py:182} INFO - Started process (PID=213) to work on /home/airflow/.local/lib/python3.8/site-packages/airflow/example_dags/example_trigger_controller_dag.py
[2022-05-15 16:47:04,145] {scheduler_job.py:633} INFO - Processing file /home/airflow/.local/lib/python3.8/site-packages/airflow/example_dags/example_trigger_controller_dag.py for tasks to queue
[2022-05-15 16:47:04,145] {logging_mixin.py:104} INFO - [2022-05-15 16:47:04,145] {dagbag.py:496} INFO - Filling up the DagBag from /home/airflow/.local/lib/python3.8/site-packages/airflow/example_dags/example_trigger_controller_dag.py
[2022-05-15 16:47:04,151] {scheduler_job.py:643} INFO - DAG(s) dict_keys(['example_trigger_controller_dag']) retrieved from /home/airflow/.local/lib/python3.8/site-packages/airflow/example_dags/example_trigger_controller_dag.py
[2022-05-15 16:47:04,164] {logging_mixin.py:104} INFO - [2022-05-15 16:47:04,164] {dag.py:1833} INFO - Sync 1 DAGs
[2022-05-15 16:47:04,171] {logging_mixin.py:104} INFO - [2022-05-15 16:47:04,170] {dag.py:2306} INFO - Setting next_dagrun for example_trigger_controller_dag to 2022-05-13 00:00:00+00:00
[2022-05-15 16:47:04,178] {scheduler_job.py:190} INFO - Processing /home/airflow/.local/lib/python3.8/site-packages/airflow/example_dags/example_trigger_controller_dag.py took 0.035 seconds
[2022-05-15 16:47:35,440] {scheduler_job.py:182} INFO - Started process (PID=262) to work on /home/airflow/.local/lib/python3.8/site-packages/airflow/example_dags/example_trigger_controller_dag.py
[2022-05-15 16:47:35,441] {scheduler_job.py:633} INFO - Processing file /home/airflow/.local/lib/python3.8/site-packages/airflow/example_dags/example_trigger_controller_dag.py for tasks to queue
[2022-05-15 16:47:35,441] {logging_mixin.py:104} INFO - [2022-05-15 16:47:35,441] {dagbag.py:496} INFO - Filling up the DagBag from /home/airflow/.local/lib/python3.8/site-packages/airflow/example_dags/example_trigger_controller_dag.py
[2022-05-15 16:47:35,447] {scheduler_job.py:643} INFO - DAG(s) dict_keys(['example_trigger_controller_dag']) retrieved from /home/airflow/.local/lib/python3.8/site-packages/airflow/example_dags/example_trigger_controller_dag.py
[2022-05-15 16:47:35,461] {logging_mixin.py:104} INFO - [2022-05-15 16:47:35,461] {dag.py:1833} INFO - Sync 1 DAGs
[2022-05-15 16:47:35,470] {logging_mixin.py:104} INFO - [2022-05-15 16:47:35,470] {dag.py:2306} INFO - Setting next_dagrun for example_trigger_controller_dag to 2022-05-13 00:00:00+00:00
[2022-05-15 16:47:35,479] {scheduler_job.py:190} INFO - Processing /home/airflow/.local/lib/python3.8/site-packages/airflow/example_dags/example_trigger_controller_dag.py took 0.041 seconds
[2022-05-15 16:48:06,245] {scheduler_job.py:182} INFO - Started process (PID=311) to work on /home/airflow/.local/lib/python3.8/site-packages/airflow/example_dags/example_trigger_controller_dag.py
[2022-05-15 16:48:06,246] {scheduler_job.py:633} INFO - Processing file /home/airflow/.local/lib/python3.8/site-packages/airflow/example_dags/example_trigger_controller_dag.py for tasks to queue
[2022-05-15 16:48:06,246] {logging_mixin.py:104} INFO - [2022-05-15 16:48:06,246] {dagbag.py:496} INFO - Filling up the DagBag from /home/airflow/.local/lib/python3.8/site-packages/airflow/example_dags/example_trigger_controller_dag.py
[2022-05-15 16:48:06,252] {scheduler_job.py:643} INFO - DAG(s) dict_keys(['example_trigger_controller_dag']) retrieved from /home/airflow/.local/lib/python3.8/site-packages/airflow/example_dags/example_trigger_controller_dag.py
[2022-05-15 16:48:06,265] {logging_mixin.py:104} INFO - [2022-05-15 16:48:06,265] {dag.py:1833} INFO - Sync 1 DAGs
[2022-05-15 16:48:06,272] {logging_mixin.py:104} INFO - [2022-05-15 16:48:06,272] {dag.py:2306} INFO - Setting next_dagrun for example_trigger_controller_dag to 2022-05-13 00:00:00+00:00
[2022-05-15 16:48:06,280] {scheduler_job.py:190} INFO - Processing /home/airflow/.local/lib/python3.8/site-packages/airflow/example_dags/example_trigger_controller_dag.py took 0.037 seconds
[2022-05-15 16:48:36,932] {scheduler_job.py:182} INFO - Started process (PID=350) to work on /home/airflow/.local/lib/python3.8/site-packages/airflow/example_dags/example_trigger_controller_dag.py
[2022-05-15 16:48:36,933] {scheduler_job.py:633} INFO - Processing file /home/airflow/.local/lib/python3.8/site-packages/airflow/example_dags/example_trigger_controller_dag.py for tasks to queue
[2022-05-15 16:48:36,933] {logging_mixin.py:104} INFO - [2022-05-15 16:48:36,933] {dagbag.py:496} INFO - Filling up the DagBag from /home/airflow/.local/lib/python3.8/site-packages/airflow/example_dags/example_trigger_controller_dag.py
[2022-05-15 16:48:36,940] {scheduler_job.py:643} INFO - DAG(s) dict_keys(['example_trigger_controller_dag']) retrieved from /home/airflow/.local/lib/python3.8/site-packages/airflow/example_dags/example_trigger_controller_dag.py
[2022-05-15 16:48:36,957] {logging_mixin.py:104} INFO - [2022-05-15 16:48:36,956] {dag.py:1833} INFO - Sync 1 DAGs
[2022-05-15 16:48:36,966] {logging_mixin.py:104} INFO - [2022-05-15 16:48:36,965] {dag.py:2306} INFO - Setting next_dagrun for example_trigger_controller_dag to 2022-05-13 00:00:00+00:00
[2022-05-15 16:48:36,975] {scheduler_job.py:190} INFO - Processing /home/airflow/.local/lib/python3.8/site-packages/airflow/example_dags/example_trigger_controller_dag.py took 0.045 seconds
[2022-05-15 16:49:07,819] {scheduler_job.py:182} INFO - Started process (PID=389) to work on /home/airflow/.local/lib/python3.8/site-packages/airflow/example_dags/example_trigger_controller_dag.py
[2022-05-15 16:49:07,820] {scheduler_job.py:633} INFO - Processing file /home/airflow/.local/lib/python3.8/site-packages/airflow/example_dags/example_trigger_controller_dag.py for tasks to queue
[2022-05-15 16:49:07,820] {logging_mixin.py:104} INFO - [2022-05-15 16:49:07,820] {dagbag.py:496} INFO - Filling up the DagBag from /home/airflow/.local/lib/python3.8/site-packages/airflow/example_dags/example_trigger_controller_dag.py
[2022-05-15 16:49:07,825] {scheduler_job.py:643} INFO - DAG(s) dict_keys(['example_trigger_controller_dag']) retrieved from /home/airflow/.local/lib/python3.8/site-packages/airflow/example_dags/example_trigger_controller_dag.py
[2022-05-15 16:49:07,837] {logging_mixin.py:104} INFO - [2022-05-15 16:49:07,837] {dag.py:1833} INFO - Sync 1 DAGs
[2022-05-15 16:49:07,843] {logging_mixin.py:104} INFO - [2022-05-15 16:49:07,843] {dag.py:2306} INFO - Setting next_dagrun for example_trigger_controller_dag to 2022-05-13 00:00:00+00:00
[2022-05-15 16:49:07,856] {scheduler_job.py:190} INFO - Processing /home/airflow/.local/lib/python3.8/site-packages/airflow/example_dags/example_trigger_controller_dag.py took 0.038 seconds
[2022-05-15 16:49:38,057] {scheduler_job.py:182} INFO - Started process (PID=428) to work on /home/airflow/.local/lib/python3.8/site-packages/airflow/example_dags/example_trigger_controller_dag.py
[2022-05-15 16:49:38,058] {scheduler_job.py:633} INFO - Processing file /home/airflow/.local/lib/python3.8/site-packages/airflow/example_dags/example_trigger_controller_dag.py for tasks to queue
[2022-05-15 16:49:38,058] {logging_mixin.py:104} INFO - [2022-05-15 16:49:38,058] {dagbag.py:496} INFO - Filling up the DagBag from /home/airflow/.local/lib/python3.8/site-packages/airflow/example_dags/example_trigger_controller_dag.py
[2022-05-15 16:49:38,063] {scheduler_job.py:643} INFO - DAG(s) dict_keys(['example_trigger_controller_dag']) retrieved from /home/airflow/.local/lib/python3.8/site-packages/airflow/example_dags/example_trigger_controller_dag.py
[2022-05-15 16:49:38,076] {logging_mixin.py:104} INFO - [2022-05-15 16:49:38,076] {dag.py:1833} INFO - Sync 1 DAGs
[2022-05-15 16:49:38,082] {logging_mixin.py:104} INFO - [2022-05-15 16:49:38,082] {dag.py:2306} INFO - Setting next_dagrun for example_trigger_controller_dag to 2022-05-13 00:00:00+00:00
[2022-05-15 16:49:38,089] {scheduler_job.py:190} INFO - Processing /home/airflow/.local/lib/python3.8/site-packages/airflow/example_dags/example_trigger_controller_dag.py took 0.033 seconds
[2022-05-15 16:50:09,146] {scheduler_job.py:182} INFO - Started process (PID=467) to work on /home/airflow/.local/lib/python3.8/site-packages/airflow/example_dags/example_trigger_controller_dag.py
[2022-05-15 16:50:09,147] {scheduler_job.py:633} INFO - Processing file /home/airflow/.local/lib/python3.8/site-packages/airflow/example_dags/example_trigger_controller_dag.py for tasks to queue
[2022-05-15 16:50:09,148] {logging_mixin.py:104} INFO - [2022-05-15 16:50:09,148] {dagbag.py:496} INFO - Filling up the DagBag from /home/airflow/.local/lib/python3.8/site-packages/airflow/example_dags/example_trigger_controller_dag.py
[2022-05-15 16:50:09,163] {scheduler_job.py:643} INFO - DAG(s) dict_keys(['example_trigger_controller_dag']) retrieved from /home/airflow/.local/lib/python3.8/site-packages/airflow/example_dags/example_trigger_controller_dag.py
[2022-05-15 16:50:09,224] {logging_mixin.py:104} INFO - [2022-05-15 16:50:09,223] {dag.py:1833} INFO - Sync 1 DAGs
[2022-05-15 16:50:09,255] {logging_mixin.py:104} INFO - [2022-05-15 16:50:09,254] {dag.py:2306} INFO - Setting next_dagrun for example_trigger_controller_dag to 2022-05-13 00:00:00+00:00
[2022-05-15 16:50:09,274] {scheduler_job.py:190} INFO - Processing /home/airflow/.local/lib/python3.8/site-packages/airflow/example_dags/example_trigger_controller_dag.py took 0.131 seconds
[2022-05-15 16:50:40,450] {scheduler_job.py:182} INFO - Started process (PID=506) to work on /home/airflow/.local/lib/python3.8/site-packages/airflow/example_dags/example_trigger_controller_dag.py
[2022-05-15 16:50:40,452] {scheduler_job.py:633} INFO - Processing file /home/airflow/.local/lib/python3.8/site-packages/airflow/example_dags/example_trigger_controller_dag.py for tasks to queue
[2022-05-15 16:50:40,452] {logging_mixin.py:104} INFO - [2022-05-15 16:50:40,452] {dagbag.py:496} INFO - Filling up the DagBag from /home/airflow/.local/lib/python3.8/site-packages/airflow/example_dags/example_trigger_controller_dag.py
[2022-05-15 16:50:40,468] {scheduler_job.py:643} INFO - DAG(s) dict_keys(['example_trigger_controller_dag']) retrieved from /home/airflow/.local/lib/python3.8/site-packages/airflow/example_dags/example_trigger_controller_dag.py
[2022-05-15 16:50:40,508] {logging_mixin.py:104} INFO - [2022-05-15 16:50:40,508] {dag.py:1833} INFO - Sync 1 DAGs
[2022-05-15 16:50:40,533] {logging_mixin.py:104} INFO - [2022-05-15 16:50:40,533] {dag.py:2306} INFO - Setting next_dagrun for example_trigger_controller_dag to 2022-05-13 00:00:00+00:00
[2022-05-15 16:50:40,559] {scheduler_job.py:190} INFO - Processing /home/airflow/.local/lib/python3.8/site-packages/airflow/example_dags/example_trigger_controller_dag.py took 0.113 seconds
[2022-05-15 16:51:10,968] {scheduler_job.py:182} INFO - Started process (PID=545) to work on /home/airflow/.local/lib/python3.8/site-packages/airflow/example_dags/example_trigger_controller_dag.py
[2022-05-15 16:51:10,971] {scheduler_job.py:633} INFO - Processing file /home/airflow/.local/lib/python3.8/site-packages/airflow/example_dags/example_trigger_controller_dag.py for tasks to queue
[2022-05-15 16:51:10,974] {logging_mixin.py:104} INFO - [2022-05-15 16:51:10,973] {dagbag.py:496} INFO - Filling up the DagBag from /home/airflow/.local/lib/python3.8/site-packages/airflow/example_dags/example_trigger_controller_dag.py
[2022-05-15 16:51:10,999] {scheduler_job.py:643} INFO - DAG(s) dict_keys(['example_trigger_controller_dag']) retrieved from /home/airflow/.local/lib/python3.8/site-packages/airflow/example_dags/example_trigger_controller_dag.py
[2022-05-15 16:51:11,047] {logging_mixin.py:104} INFO - [2022-05-15 16:51:11,047] {dag.py:1833} INFO - Sync 1 DAGs
[2022-05-15 16:51:11,073] {logging_mixin.py:104} INFO - [2022-05-15 16:51:11,073] {dag.py:2306} INFO - Setting next_dagrun for example_trigger_controller_dag to 2022-05-13 00:00:00+00:00
[2022-05-15 16:51:11,100] {scheduler_job.py:190} INFO - Processing /home/airflow/.local/lib/python3.8/site-packages/airflow/example_dags/example_trigger_controller_dag.py took 0.137 seconds
[2022-05-15 16:51:41,324] {scheduler_job.py:182} INFO - Started process (PID=584) to work on /home/airflow/.local/lib/python3.8/site-packages/airflow/example_dags/example_trigger_controller_dag.py
[2022-05-15 16:51:41,325] {scheduler_job.py:633} INFO - Processing file /home/airflow/.local/lib/python3.8/site-packages/airflow/example_dags/example_trigger_controller_dag.py for tasks to queue
[2022-05-15 16:51:41,325] {logging_mixin.py:104} INFO - [2022-05-15 16:51:41,325] {dagbag.py:496} INFO - Filling up the DagBag from /home/airflow/.local/lib/python3.8/site-packages/airflow/example_dags/example_trigger_controller_dag.py
[2022-05-15 16:51:41,330] {scheduler_job.py:643} INFO - DAG(s) dict_keys(['example_trigger_controller_dag']) retrieved from /home/airflow/.local/lib/python3.8/site-packages/airflow/example_dags/example_trigger_controller_dag.py
[2022-05-15 16:51:41,342] {logging_mixin.py:104} INFO - [2022-05-15 16:51:41,342] {dag.py:1833} INFO - Sync 1 DAGs
[2022-05-15 16:51:41,348] {logging_mixin.py:104} INFO - [2022-05-15 16:51:41,348] {dag.py:2306} INFO - Setting next_dagrun for example_trigger_controller_dag to 2022-05-13 00:00:00+00:00
[2022-05-15 16:51:41,357] {scheduler_job.py:190} INFO - Processing /home/airflow/.local/lib/python3.8/site-packages/airflow/example_dags/example_trigger_controller_dag.py took 0.034 seconds
[2022-05-15 16:52:12,143] {scheduler_job.py:182} INFO - Started process (PID=623) to work on /home/airflow/.local/lib/python3.8/site-packages/airflow/example_dags/example_trigger_controller_dag.py
[2022-05-15 16:52:12,143] {scheduler_job.py:633} INFO - Processing file /home/airflow/.local/lib/python3.8/site-packages/airflow/example_dags/example_trigger_controller_dag.py for tasks to queue
[2022-05-15 16:52:12,144] {logging_mixin.py:104} INFO - [2022-05-15 16:52:12,144] {dagbag.py:496} INFO - Filling up the DagBag from /home/airflow/.local/lib/python3.8/site-packages/airflow/example_dags/example_trigger_controller_dag.py
[2022-05-15 16:52:12,149] {scheduler_job.py:643} INFO - DAG(s) dict_keys(['example_trigger_controller_dag']) retrieved from /home/airflow/.local/lib/python3.8/site-packages/airflow/example_dags/example_trigger_controller_dag.py
[2022-05-15 16:52:12,162] {logging_mixin.py:104} INFO - [2022-05-15 16:52:12,162] {dag.py:1833} INFO - Sync 1 DAGs
[2022-05-15 16:52:12,168] {logging_mixin.py:104} INFO - [2022-05-15 16:52:12,168] {dag.py:2306} INFO - Setting next_dagrun for example_trigger_controller_dag to 2022-05-13 00:00:00+00:00
[2022-05-15 16:52:12,175] {scheduler_job.py:190} INFO - Processing /home/airflow/.local/lib/python3.8/site-packages/airflow/example_dags/example_trigger_controller_dag.py took 0.034 seconds
[2022-05-15 16:52:42,648] {scheduler_job.py:182} INFO - Started process (PID=662) to work on /home/airflow/.local/lib/python3.8/site-packages/airflow/example_dags/example_trigger_controller_dag.py
[2022-05-15 16:52:42,649] {scheduler_job.py:633} INFO - Processing file /home/airflow/.local/lib/python3.8/site-packages/airflow/example_dags/example_trigger_controller_dag.py for tasks to queue
[2022-05-15 16:52:42,649] {logging_mixin.py:104} INFO - [2022-05-15 16:52:42,649] {dagbag.py:496} INFO - Filling up the DagBag from /home/airflow/.local/lib/python3.8/site-packages/airflow/example_dags/example_trigger_controller_dag.py
[2022-05-15 16:52:42,655] {scheduler_job.py:643} INFO - DAG(s) dict_keys(['example_trigger_controller_dag']) retrieved from /home/airflow/.local/lib/python3.8/site-packages/airflow/example_dags/example_trigger_controller_dag.py
[2022-05-15 16:52:42,691] {logging_mixin.py:104} INFO - [2022-05-15 16:52:42,690] {dag.py:1833} INFO - Sync 1 DAGs
[2022-05-15 16:52:42,717] {logging_mixin.py:104} INFO - [2022-05-15 16:52:42,717] {dag.py:2306} INFO - Setting next_dagrun for example_trigger_controller_dag to 2022-05-13 00:00:00+00:00
[2022-05-15 16:52:42,741] {scheduler_job.py:190} INFO - Processing /home/airflow/.local/lib/python3.8/site-packages/airflow/example_dags/example_trigger_controller_dag.py took 0.094 seconds
[2022-05-15 16:53:12,961] {scheduler_job.py:182} INFO - Started process (PID=700) to work on /home/airflow/.local/lib/python3.8/site-packages/airflow/example_dags/example_trigger_controller_dag.py
[2022-05-15 16:53:12,961] {scheduler_job.py:633} INFO - Processing file /home/airflow/.local/lib/python3.8/site-packages/airflow/example_dags/example_trigger_controller_dag.py for tasks to queue
[2022-05-15 16:53:12,962] {logging_mixin.py:104} INFO - [2022-05-15 16:53:12,962] {dagbag.py:496} INFO - Filling up the DagBag from /home/airflow/.local/lib/python3.8/site-packages/airflow/example_dags/example_trigger_controller_dag.py
[2022-05-15 16:53:12,967] {scheduler_job.py:643} INFO - DAG(s) dict_keys(['example_trigger_controller_dag']) retrieved from /home/airflow/.local/lib/python3.8/site-packages/airflow/example_dags/example_trigger_controller_dag.py
[2022-05-15 16:53:12,980] {logging_mixin.py:104} INFO - [2022-05-15 16:53:12,980] {dag.py:1833} INFO - Sync 1 DAGs
[2022-05-15 16:53:12,986] {logging_mixin.py:104} INFO - [2022-05-15 16:53:12,986] {dag.py:2306} INFO - Setting next_dagrun for example_trigger_controller_dag to 2022-05-13 00:00:00+00:00
[2022-05-15 16:53:12,993] {scheduler_job.py:190} INFO - Processing /home/airflow/.local/lib/python3.8/site-packages/airflow/example_dags/example_trigger_controller_dag.py took 0.035 seconds
[2022-05-15 16:53:43,562] {scheduler_job.py:182} INFO - Started process (PID=739) to work on /home/airflow/.local/lib/python3.8/site-packages/airflow/example_dags/example_trigger_controller_dag.py
[2022-05-15 16:53:43,563] {scheduler_job.py:633} INFO - Processing file /home/airflow/.local/lib/python3.8/site-packages/airflow/example_dags/example_trigger_controller_dag.py for tasks to queue
[2022-05-15 16:53:43,563] {logging_mixin.py:104} INFO - [2022-05-15 16:53:43,563] {dagbag.py:496} INFO - Filling up the DagBag from /home/airflow/.local/lib/python3.8/site-packages/airflow/example_dags/example_trigger_controller_dag.py
[2022-05-15 16:53:43,570] {scheduler_job.py:643} INFO - DAG(s) dict_keys(['example_trigger_controller_dag']) retrieved from /home/airflow/.local/lib/python3.8/site-packages/airflow/example_dags/example_trigger_controller_dag.py
[2022-05-15 16:53:43,594] {logging_mixin.py:104} INFO - [2022-05-15 16:53:43,594] {dag.py:1833} INFO - Sync 1 DAGs
[2022-05-15 16:53:43,606] {logging_mixin.py:104} INFO - [2022-05-15 16:53:43,605] {dag.py:2306} INFO - Setting next_dagrun for example_trigger_controller_dag to 2022-05-13 00:00:00+00:00
[2022-05-15 16:53:43,618] {scheduler_job.py:190} INFO - Processing /home/airflow/.local/lib/python3.8/site-packages/airflow/example_dags/example_trigger_controller_dag.py took 0.059 seconds
[2022-05-15 16:54:15,581] {scheduler_job.py:182} INFO - Started process (PID=778) to work on /home/airflow/.local/lib/python3.8/site-packages/airflow/example_dags/example_trigger_controller_dag.py
[2022-05-15 16:54:15,582] {scheduler_job.py:633} INFO - Processing file /home/airflow/.local/lib/python3.8/site-packages/airflow/example_dags/example_trigger_controller_dag.py for tasks to queue
[2022-05-15 16:54:15,582] {logging_mixin.py:104} INFO - [2022-05-15 16:54:15,582] {dagbag.py:496} INFO - Filling up the DagBag from /home/airflow/.local/lib/python3.8/site-packages/airflow/example_dags/example_trigger_controller_dag.py
[2022-05-15 16:54:15,588] {scheduler_job.py:643} INFO - DAG(s) dict_keys(['example_trigger_controller_dag']) retrieved from /home/airflow/.local/lib/python3.8/site-packages/airflow/example_dags/example_trigger_controller_dag.py
[2022-05-15 16:54:15,602] {logging_mixin.py:104} INFO - [2022-05-15 16:54:15,602] {dag.py:1833} INFO - Sync 1 DAGs
[2022-05-15 16:54:15,611] {logging_mixin.py:104} INFO - [2022-05-15 16:54:15,611] {dag.py:2306} INFO - Setting next_dagrun for example_trigger_controller_dag to 2022-05-13 00:00:00+00:00
[2022-05-15 16:54:15,656] {scheduler_job.py:190} INFO - Processing /home/airflow/.local/lib/python3.8/site-packages/airflow/example_dags/example_trigger_controller_dag.py took 0.077 seconds
[2022-05-15 16:54:46,719] {scheduler_job.py:182} INFO - Started process (PID=818) to work on /home/airflow/.local/lib/python3.8/site-packages/airflow/example_dags/example_trigger_controller_dag.py
[2022-05-15 16:54:46,720] {scheduler_job.py:633} INFO - Processing file /home/airflow/.local/lib/python3.8/site-packages/airflow/example_dags/example_trigger_controller_dag.py for tasks to queue
[2022-05-15 16:54:46,720] {logging_mixin.py:104} INFO - [2022-05-15 16:54:46,720] {dagbag.py:496} INFO - Filling up the DagBag from /home/airflow/.local/lib/python3.8/site-packages/airflow/example_dags/example_trigger_controller_dag.py
[2022-05-15 16:54:46,725] {scheduler_job.py:643} INFO - DAG(s) dict_keys(['example_trigger_controller_dag']) retrieved from /home/airflow/.local/lib/python3.8/site-packages/airflow/example_dags/example_trigger_controller_dag.py
[2022-05-15 16:54:46,738] {logging_mixin.py:104} INFO - [2022-05-15 16:54:46,738] {dag.py:1833} INFO - Sync 1 DAGs
[2022-05-15 16:54:46,744] {logging_mixin.py:104} INFO - [2022-05-15 16:54:46,744] {dag.py:2306} INFO - Setting next_dagrun for example_trigger_controller_dag to 2022-05-13 00:00:00+00:00
[2022-05-15 16:54:46,751] {scheduler_job.py:190} INFO - Processing /home/airflow/.local/lib/python3.8/site-packages/airflow/example_dags/example_trigger_controller_dag.py took 0.034 seconds
[2022-05-15 16:55:47,800] {scheduler_job.py:182} INFO - Started process (PID=56) to work on /home/airflow/.local/lib/python3.8/site-packages/airflow/example_dags/example_trigger_controller_dag.py
[2022-05-15 16:55:47,801] {scheduler_job.py:633} INFO - Processing file /home/airflow/.local/lib/python3.8/site-packages/airflow/example_dags/example_trigger_controller_dag.py for tasks to queue
[2022-05-15 16:55:47,801] {logging_mixin.py:104} INFO - [2022-05-15 16:55:47,801] {dagbag.py:496} INFO - Filling up the DagBag from /home/airflow/.local/lib/python3.8/site-packages/airflow/example_dags/example_trigger_controller_dag.py
[2022-05-15 16:55:47,811] {scheduler_job.py:643} INFO - DAG(s) dict_keys(['example_trigger_controller_dag']) retrieved from /home/airflow/.local/lib/python3.8/site-packages/airflow/example_dags/example_trigger_controller_dag.py
[2022-05-15 16:55:47,828] {logging_mixin.py:104} INFO - [2022-05-15 16:55:47,828] {dag.py:1833} INFO - Sync 1 DAGs
[2022-05-15 16:55:47,840] {logging_mixin.py:104} INFO - [2022-05-15 16:55:47,840] {dag.py:2306} INFO - Setting next_dagrun for example_trigger_controller_dag to 2022-05-13 00:00:00+00:00
[2022-05-15 16:55:47,848] {scheduler_job.py:190} INFO - Processing /home/airflow/.local/lib/python3.8/site-packages/airflow/example_dags/example_trigger_controller_dag.py took 0.050 seconds
[2022-05-15 16:56:19,701] {scheduler_job.py:182} INFO - Started process (PID=95) to work on /home/airflow/.local/lib/python3.8/site-packages/airflow/example_dags/example_trigger_controller_dag.py
[2022-05-15 16:56:19,702] {scheduler_job.py:633} INFO - Processing file /home/airflow/.local/lib/python3.8/site-packages/airflow/example_dags/example_trigger_controller_dag.py for tasks to queue
[2022-05-15 16:56:19,703] {logging_mixin.py:104} INFO - [2022-05-15 16:56:19,703] {dagbag.py:496} INFO - Filling up the DagBag from /home/airflow/.local/lib/python3.8/site-packages/airflow/example_dags/example_trigger_controller_dag.py
[2022-05-15 16:56:19,714] {scheduler_job.py:643} INFO - DAG(s) dict_keys(['example_trigger_controller_dag']) retrieved from /home/airflow/.local/lib/python3.8/site-packages/airflow/example_dags/example_trigger_controller_dag.py
[2022-05-15 16:56:19,743] {logging_mixin.py:104} INFO - [2022-05-15 16:56:19,742] {dag.py:1833} INFO - Sync 1 DAGs
[2022-05-15 16:56:19,757] {logging_mixin.py:104} INFO - [2022-05-15 16:56:19,757] {dag.py:2306} INFO - Setting next_dagrun for example_trigger_controller_dag to 2022-05-13 00:00:00+00:00
[2022-05-15 16:56:19,771] {scheduler_job.py:190} INFO - Processing /home/airflow/.local/lib/python3.8/site-packages/airflow/example_dags/example_trigger_controller_dag.py took 0.072 seconds
[2022-05-15 16:56:51,018] {scheduler_job.py:182} INFO - Started process (PID=134) to work on /home/airflow/.local/lib/python3.8/site-packages/airflow/example_dags/example_trigger_controller_dag.py
[2022-05-15 16:56:51,021] {scheduler_job.py:633} INFO - Processing file /home/airflow/.local/lib/python3.8/site-packages/airflow/example_dags/example_trigger_controller_dag.py for tasks to queue
[2022-05-15 16:56:51,022] {logging_mixin.py:104} INFO - [2022-05-15 16:56:51,022] {dagbag.py:496} INFO - Filling up the DagBag from /home/airflow/.local/lib/python3.8/site-packages/airflow/example_dags/example_trigger_controller_dag.py
[2022-05-15 16:56:51,040] {scheduler_job.py:643} INFO - DAG(s) dict_keys(['example_trigger_controller_dag']) retrieved from /home/airflow/.local/lib/python3.8/site-packages/airflow/example_dags/example_trigger_controller_dag.py
[2022-05-15 16:56:51,073] {logging_mixin.py:104} INFO - [2022-05-15 16:56:51,073] {dag.py:1833} INFO - Sync 1 DAGs
[2022-05-15 16:56:51,083] {logging_mixin.py:104} INFO - [2022-05-15 16:56:51,082] {dag.py:2306} INFO - Setting next_dagrun for example_trigger_controller_dag to 2022-05-13 00:00:00+00:00
[2022-05-15 16:56:51,097] {scheduler_job.py:190} INFO - Processing /home/airflow/.local/lib/python3.8/site-packages/airflow/example_dags/example_trigger_controller_dag.py took 0.085 seconds
[2022-05-15 16:57:22,736] {scheduler_job.py:182} INFO - Started process (PID=173) to work on /home/airflow/.local/lib/python3.8/site-packages/airflow/example_dags/example_trigger_controller_dag.py
[2022-05-15 16:57:22,737] {scheduler_job.py:633} INFO - Processing file /home/airflow/.local/lib/python3.8/site-packages/airflow/example_dags/example_trigger_controller_dag.py for tasks to queue
[2022-05-15 16:57:22,738] {logging_mixin.py:104} INFO - [2022-05-15 16:57:22,738] {dagbag.py:496} INFO - Filling up the DagBag from /home/airflow/.local/lib/python3.8/site-packages/airflow/example_dags/example_trigger_controller_dag.py
[2022-05-15 16:57:22,751] {scheduler_job.py:643} INFO - DAG(s) dict_keys(['example_trigger_controller_dag']) retrieved from /home/airflow/.local/lib/python3.8/site-packages/airflow/example_dags/example_trigger_controller_dag.py
[2022-05-15 16:57:22,767] {logging_mixin.py:104} INFO - [2022-05-15 16:57:22,767] {dag.py:1833} INFO - Sync 1 DAGs
[2022-05-15 16:57:22,774] {logging_mixin.py:104} INFO - [2022-05-15 16:57:22,774] {dag.py:2306} INFO - Setting next_dagrun for example_trigger_controller_dag to 2022-05-13 00:00:00+00:00
[2022-05-15 16:57:22,781] {scheduler_job.py:190} INFO - Processing /home/airflow/.local/lib/python3.8/site-packages/airflow/example_dags/example_trigger_controller_dag.py took 0.049 seconds
