[2022-05-15 16:44:57,500] {scheduler_job.py:182} INFO - Started process (PID=39) to work on /home/airflow/.local/lib/python3.8/site-packages/airflow/example_dags/example_xcom.py
[2022-05-15 16:44:57,501] {scheduler_job.py:633} INFO - Processing file /home/airflow/.local/lib/python3.8/site-packages/airflow/example_dags/example_xcom.py for tasks to queue
[2022-05-15 16:44:57,502] {logging_mixin.py:104} INFO - [2022-05-15 16:44:57,502] {dagbag.py:496} INFO - Filling up the DagBag from /home/airflow/.local/lib/python3.8/site-packages/airflow/example_dags/example_xcom.py
[2022-05-15 16:44:57,509] {scheduler_job.py:643} INFO - DAG(s) dict_keys(['example_xcom']) retrieved from /home/airflow/.local/lib/python3.8/site-packages/airflow/example_dags/example_xcom.py
[2022-05-15 16:44:57,532] {logging_mixin.py:104} INFO - [2022-05-15 16:44:57,532] {dag.py:1833} INFO - Sync 1 DAGs
[2022-05-15 16:44:57,545] {logging_mixin.py:104} INFO - [2022-05-15 16:44:57,545] {dag.py:2306} INFO - Setting next_dagrun for example_xcom to 2022-05-13 00:00:00+00:00
[2022-05-15 16:44:57,567] {scheduler_job.py:190} INFO - Processing /home/airflow/.local/lib/python3.8/site-packages/airflow/example_dags/example_xcom.py took 0.070 seconds
[2022-05-15 16:45:29,732] {scheduler_job.py:182} INFO - Started process (PID=70) to work on /home/airflow/.local/lib/python3.8/site-packages/airflow/example_dags/example_xcom.py
[2022-05-15 16:45:29,733] {scheduler_job.py:633} INFO - Processing file /home/airflow/.local/lib/python3.8/site-packages/airflow/example_dags/example_xcom.py for tasks to queue
[2022-05-15 16:45:29,734] {logging_mixin.py:104} INFO - [2022-05-15 16:45:29,734] {dagbag.py:496} INFO - Filling up the DagBag from /home/airflow/.local/lib/python3.8/site-packages/airflow/example_dags/example_xcom.py
[2022-05-15 16:45:29,748] {scheduler_job.py:643} INFO - DAG(s) dict_keys(['example_xcom']) retrieved from /home/airflow/.local/lib/python3.8/site-packages/airflow/example_dags/example_xcom.py
[2022-05-15 16:45:29,785] {logging_mixin.py:104} INFO - [2022-05-15 16:45:29,784] {dag.py:1833} INFO - Sync 1 DAGs
[2022-05-15 16:45:29,808] {logging_mixin.py:104} INFO - [2022-05-15 16:45:29,808] {dag.py:2306} INFO - Setting next_dagrun for example_xcom to 2022-05-13 00:00:00+00:00
[2022-05-15 16:45:29,828] {scheduler_job.py:190} INFO - Processing /home/airflow/.local/lib/python3.8/site-packages/airflow/example_dags/example_xcom.py took 0.100 seconds
[2022-05-15 16:46:00,526] {scheduler_job.py:182} INFO - Started process (PID=109) to work on /home/airflow/.local/lib/python3.8/site-packages/airflow/example_dags/example_xcom.py
[2022-05-15 16:46:00,527] {scheduler_job.py:633} INFO - Processing file /home/airflow/.local/lib/python3.8/site-packages/airflow/example_dags/example_xcom.py for tasks to queue
[2022-05-15 16:46:00,527] {logging_mixin.py:104} INFO - [2022-05-15 16:46:00,527] {dagbag.py:496} INFO - Filling up the DagBag from /home/airflow/.local/lib/python3.8/site-packages/airflow/example_dags/example_xcom.py
[2022-05-15 16:46:00,533] {scheduler_job.py:643} INFO - DAG(s) dict_keys(['example_xcom']) retrieved from /home/airflow/.local/lib/python3.8/site-packages/airflow/example_dags/example_xcom.py
[2022-05-15 16:46:00,547] {logging_mixin.py:104} INFO - [2022-05-15 16:46:00,547] {dag.py:1833} INFO - Sync 1 DAGs
[2022-05-15 16:46:00,555] {logging_mixin.py:104} INFO - [2022-05-15 16:46:00,554] {dag.py:2306} INFO - Setting next_dagrun for example_xcom to 2022-05-13 00:00:00+00:00
[2022-05-15 16:46:00,563] {scheduler_job.py:190} INFO - Processing /home/airflow/.local/lib/python3.8/site-packages/airflow/example_dags/example_xcom.py took 0.038 seconds
[2022-05-15 16:46:30,959] {scheduler_job.py:182} INFO - Started process (PID=148) to work on /home/airflow/.local/lib/python3.8/site-packages/airflow/example_dags/example_xcom.py
[2022-05-15 16:46:30,962] {scheduler_job.py:633} INFO - Processing file /home/airflow/.local/lib/python3.8/site-packages/airflow/example_dags/example_xcom.py for tasks to queue
[2022-05-15 16:46:30,965] {logging_mixin.py:104} INFO - [2022-05-15 16:46:30,964] {dagbag.py:496} INFO - Filling up the DagBag from /home/airflow/.local/lib/python3.8/site-packages/airflow/example_dags/example_xcom.py
[2022-05-15 16:46:30,988] {scheduler_job.py:643} INFO - DAG(s) dict_keys(['example_xcom']) retrieved from /home/airflow/.local/lib/python3.8/site-packages/airflow/example_dags/example_xcom.py
[2022-05-15 16:46:31,036] {logging_mixin.py:104} INFO - [2022-05-15 16:46:31,035] {dag.py:1833} INFO - Sync 1 DAGs
[2022-05-15 16:46:31,059] {logging_mixin.py:104} INFO - [2022-05-15 16:46:31,059] {dag.py:2306} INFO - Setting next_dagrun for example_xcom to 2022-05-13 00:00:00+00:00
[2022-05-15 16:46:31,078] {scheduler_job.py:190} INFO - Processing /home/airflow/.local/lib/python3.8/site-packages/airflow/example_dags/example_xcom.py took 0.125 seconds
[2022-05-15 16:47:01,149] {scheduler_job.py:182} INFO - Started process (PID=186) to work on /home/airflow/.local/lib/python3.8/site-packages/airflow/example_dags/example_xcom.py
[2022-05-15 16:47:01,149] {scheduler_job.py:633} INFO - Processing file /home/airflow/.local/lib/python3.8/site-packages/airflow/example_dags/example_xcom.py for tasks to queue
[2022-05-15 16:47:01,149] {logging_mixin.py:104} INFO - [2022-05-15 16:47:01,149] {dagbag.py:496} INFO - Filling up the DagBag from /home/airflow/.local/lib/python3.8/site-packages/airflow/example_dags/example_xcom.py
[2022-05-15 16:47:01,156] {scheduler_job.py:643} INFO - DAG(s) dict_keys(['example_xcom']) retrieved from /home/airflow/.local/lib/python3.8/site-packages/airflow/example_dags/example_xcom.py
[2022-05-15 16:47:01,172] {logging_mixin.py:104} INFO - [2022-05-15 16:47:01,172] {dag.py:1833} INFO - Sync 1 DAGs
[2022-05-15 16:47:01,178] {logging_mixin.py:104} INFO - [2022-05-15 16:47:01,178] {dag.py:2306} INFO - Setting next_dagrun for example_xcom to 2022-05-13 00:00:00+00:00
[2022-05-15 16:47:01,185] {scheduler_job.py:190} INFO - Processing /home/airflow/.local/lib/python3.8/site-packages/airflow/example_dags/example_xcom.py took 0.038 seconds
[2022-05-15 16:47:31,946] {scheduler_job.py:182} INFO - Started process (PID=225) to work on /home/airflow/.local/lib/python3.8/site-packages/airflow/example_dags/example_xcom.py
[2022-05-15 16:47:31,947] {scheduler_job.py:633} INFO - Processing file /home/airflow/.local/lib/python3.8/site-packages/airflow/example_dags/example_xcom.py for tasks to queue
[2022-05-15 16:47:31,949] {logging_mixin.py:104} INFO - [2022-05-15 16:47:31,948] {dagbag.py:496} INFO - Filling up the DagBag from /home/airflow/.local/lib/python3.8/site-packages/airflow/example_dags/example_xcom.py
[2022-05-15 16:47:31,966] {scheduler_job.py:643} INFO - DAG(s) dict_keys(['example_xcom']) retrieved from /home/airflow/.local/lib/python3.8/site-packages/airflow/example_dags/example_xcom.py
[2022-05-15 16:47:32,008] {logging_mixin.py:104} INFO - [2022-05-15 16:47:32,007] {dag.py:1833} INFO - Sync 1 DAGs
[2022-05-15 16:47:32,025] {logging_mixin.py:104} INFO - [2022-05-15 16:47:32,025] {dag.py:2306} INFO - Setting next_dagrun for example_xcom to 2022-05-13 00:00:00+00:00
[2022-05-15 16:47:32,042] {scheduler_job.py:190} INFO - Processing /home/airflow/.local/lib/python3.8/site-packages/airflow/example_dags/example_xcom.py took 0.102 seconds
[2022-05-15 16:48:03,002] {scheduler_job.py:182} INFO - Started process (PID=284) to work on /home/airflow/.local/lib/python3.8/site-packages/airflow/example_dags/example_xcom.py
[2022-05-15 16:48:03,004] {scheduler_job.py:633} INFO - Processing file /home/airflow/.local/lib/python3.8/site-packages/airflow/example_dags/example_xcom.py for tasks to queue
[2022-05-15 16:48:03,005] {logging_mixin.py:104} INFO - [2022-05-15 16:48:03,005] {dagbag.py:496} INFO - Filling up the DagBag from /home/airflow/.local/lib/python3.8/site-packages/airflow/example_dags/example_xcom.py
[2022-05-15 16:48:03,022] {scheduler_job.py:643} INFO - DAG(s) dict_keys(['example_xcom']) retrieved from /home/airflow/.local/lib/python3.8/site-packages/airflow/example_dags/example_xcom.py
[2022-05-15 16:48:03,042] {logging_mixin.py:104} INFO - [2022-05-15 16:48:03,042] {dag.py:1833} INFO - Sync 1 DAGs
[2022-05-15 16:48:03,049] {logging_mixin.py:104} INFO - [2022-05-15 16:48:03,049] {dag.py:2306} INFO - Setting next_dagrun for example_xcom to 2022-05-13 00:00:00+00:00
[2022-05-15 16:48:03,056] {scheduler_job.py:190} INFO - Processing /home/airflow/.local/lib/python3.8/site-packages/airflow/example_dags/example_xcom.py took 0.061 seconds
[2022-05-15 16:48:33,741] {scheduler_job.py:182} INFO - Started process (PID=323) to work on /home/airflow/.local/lib/python3.8/site-packages/airflow/example_dags/example_xcom.py
[2022-05-15 16:48:33,743] {scheduler_job.py:633} INFO - Processing file /home/airflow/.local/lib/python3.8/site-packages/airflow/example_dags/example_xcom.py for tasks to queue
[2022-05-15 16:48:33,744] {logging_mixin.py:104} INFO - [2022-05-15 16:48:33,743] {dagbag.py:496} INFO - Filling up the DagBag from /home/airflow/.local/lib/python3.8/site-packages/airflow/example_dags/example_xcom.py
[2022-05-15 16:48:33,764] {scheduler_job.py:643} INFO - DAG(s) dict_keys(['example_xcom']) retrieved from /home/airflow/.local/lib/python3.8/site-packages/airflow/example_dags/example_xcom.py
[2022-05-15 16:48:33,804] {logging_mixin.py:104} INFO - [2022-05-15 16:48:33,804] {dag.py:1833} INFO - Sync 1 DAGs
[2022-05-15 16:48:33,816] {logging_mixin.py:104} INFO - [2022-05-15 16:48:33,816] {dag.py:2306} INFO - Setting next_dagrun for example_xcom to 2022-05-13 00:00:00+00:00
[2022-05-15 16:48:33,833] {scheduler_job.py:190} INFO - Processing /home/airflow/.local/lib/python3.8/site-packages/airflow/example_dags/example_xcom.py took 0.098 seconds
[2022-05-15 16:49:04,369] {scheduler_job.py:182} INFO - Started process (PID=362) to work on /home/airflow/.local/lib/python3.8/site-packages/airflow/example_dags/example_xcom.py
[2022-05-15 16:49:04,369] {scheduler_job.py:633} INFO - Processing file /home/airflow/.local/lib/python3.8/site-packages/airflow/example_dags/example_xcom.py for tasks to queue
[2022-05-15 16:49:04,370] {logging_mixin.py:104} INFO - [2022-05-15 16:49:04,370] {dagbag.py:496} INFO - Filling up the DagBag from /home/airflow/.local/lib/python3.8/site-packages/airflow/example_dags/example_xcom.py
[2022-05-15 16:49:04,379] {scheduler_job.py:643} INFO - DAG(s) dict_keys(['example_xcom']) retrieved from /home/airflow/.local/lib/python3.8/site-packages/airflow/example_dags/example_xcom.py
[2022-05-15 16:49:04,399] {logging_mixin.py:104} INFO - [2022-05-15 16:49:04,398] {dag.py:1833} INFO - Sync 1 DAGs
[2022-05-15 16:49:04,407] {logging_mixin.py:104} INFO - [2022-05-15 16:49:04,406] {dag.py:2306} INFO - Setting next_dagrun for example_xcom to 2022-05-13 00:00:00+00:00
[2022-05-15 16:49:04,425] {scheduler_job.py:190} INFO - Processing /home/airflow/.local/lib/python3.8/site-packages/airflow/example_dags/example_xcom.py took 0.058 seconds
[2022-05-15 16:49:34,562] {scheduler_job.py:182} INFO - Started process (PID=400) to work on /home/airflow/.local/lib/python3.8/site-packages/airflow/example_dags/example_xcom.py
[2022-05-15 16:49:34,563] {scheduler_job.py:633} INFO - Processing file /home/airflow/.local/lib/python3.8/site-packages/airflow/example_dags/example_xcom.py for tasks to queue
[2022-05-15 16:49:34,564] {logging_mixin.py:104} INFO - [2022-05-15 16:49:34,563] {dagbag.py:496} INFO - Filling up the DagBag from /home/airflow/.local/lib/python3.8/site-packages/airflow/example_dags/example_xcom.py
[2022-05-15 16:49:34,570] {scheduler_job.py:643} INFO - DAG(s) dict_keys(['example_xcom']) retrieved from /home/airflow/.local/lib/python3.8/site-packages/airflow/example_dags/example_xcom.py
[2022-05-15 16:49:34,584] {logging_mixin.py:104} INFO - [2022-05-15 16:49:34,584] {dag.py:1833} INFO - Sync 1 DAGs
[2022-05-15 16:49:34,591] {logging_mixin.py:104} INFO - [2022-05-15 16:49:34,591] {dag.py:2306} INFO - Setting next_dagrun for example_xcom to 2022-05-13 00:00:00+00:00
[2022-05-15 16:49:34,610] {scheduler_job.py:190} INFO - Processing /home/airflow/.local/lib/python3.8/site-packages/airflow/example_dags/example_xcom.py took 0.049 seconds
[2022-05-15 16:50:04,894] {scheduler_job.py:182} INFO - Started process (PID=440) to work on /home/airflow/.local/lib/python3.8/site-packages/airflow/example_dags/example_xcom.py
[2022-05-15 16:50:04,895] {scheduler_job.py:633} INFO - Processing file /home/airflow/.local/lib/python3.8/site-packages/airflow/example_dags/example_xcom.py for tasks to queue
[2022-05-15 16:50:04,895] {logging_mixin.py:104} INFO - [2022-05-15 16:50:04,895] {dagbag.py:496} INFO - Filling up the DagBag from /home/airflow/.local/lib/python3.8/site-packages/airflow/example_dags/example_xcom.py
[2022-05-15 16:50:04,904] {scheduler_job.py:643} INFO - DAG(s) dict_keys(['example_xcom']) retrieved from /home/airflow/.local/lib/python3.8/site-packages/airflow/example_dags/example_xcom.py
[2022-05-15 16:50:04,925] {logging_mixin.py:104} INFO - [2022-05-15 16:50:04,925] {dag.py:1833} INFO - Sync 1 DAGs
[2022-05-15 16:50:04,934] {logging_mixin.py:104} INFO - [2022-05-15 16:50:04,934] {dag.py:2306} INFO - Setting next_dagrun for example_xcom to 2022-05-13 00:00:00+00:00
[2022-05-15 16:50:04,973] {scheduler_job.py:190} INFO - Processing /home/airflow/.local/lib/python3.8/site-packages/airflow/example_dags/example_xcom.py took 0.080 seconds
[2022-05-15 16:50:35,801] {scheduler_job.py:182} INFO - Started process (PID=479) to work on /home/airflow/.local/lib/python3.8/site-packages/airflow/example_dags/example_xcom.py
[2022-05-15 16:50:35,802] {scheduler_job.py:633} INFO - Processing file /home/airflow/.local/lib/python3.8/site-packages/airflow/example_dags/example_xcom.py for tasks to queue
[2022-05-15 16:50:35,803] {logging_mixin.py:104} INFO - [2022-05-15 16:50:35,803] {dagbag.py:496} INFO - Filling up the DagBag from /home/airflow/.local/lib/python3.8/site-packages/airflow/example_dags/example_xcom.py
[2022-05-15 16:50:35,819] {scheduler_job.py:643} INFO - DAG(s) dict_keys(['example_xcom']) retrieved from /home/airflow/.local/lib/python3.8/site-packages/airflow/example_dags/example_xcom.py
[2022-05-15 16:50:35,838] {logging_mixin.py:104} INFO - [2022-05-15 16:50:35,838] {dag.py:1833} INFO - Sync 1 DAGs
[2022-05-15 16:50:35,845] {logging_mixin.py:104} INFO - [2022-05-15 16:50:35,845] {dag.py:2306} INFO - Setting next_dagrun for example_xcom to 2022-05-13 00:00:00+00:00
[2022-05-15 16:50:35,862] {scheduler_job.py:190} INFO - Processing /home/airflow/.local/lib/python3.8/site-packages/airflow/example_dags/example_xcom.py took 0.068 seconds
[2022-05-15 16:51:06,597] {scheduler_job.py:182} INFO - Started process (PID=518) to work on /home/airflow/.local/lib/python3.8/site-packages/airflow/example_dags/example_xcom.py
[2022-05-15 16:51:06,601] {scheduler_job.py:633} INFO - Processing file /home/airflow/.local/lib/python3.8/site-packages/airflow/example_dags/example_xcom.py for tasks to queue
[2022-05-15 16:51:06,604] {logging_mixin.py:104} INFO - [2022-05-15 16:51:06,604] {dagbag.py:496} INFO - Filling up the DagBag from /home/airflow/.local/lib/python3.8/site-packages/airflow/example_dags/example_xcom.py
[2022-05-15 16:51:06,643] {scheduler_job.py:643} INFO - DAG(s) dict_keys(['example_xcom']) retrieved from /home/airflow/.local/lib/python3.8/site-packages/airflow/example_dags/example_xcom.py
[2022-05-15 16:51:06,687] {logging_mixin.py:104} INFO - [2022-05-15 16:51:06,687] {dag.py:1833} INFO - Sync 1 DAGs
[2022-05-15 16:51:06,718] {logging_mixin.py:104} INFO - [2022-05-15 16:51:06,718] {dag.py:2306} INFO - Setting next_dagrun for example_xcom to 2022-05-13 00:00:00+00:00
[2022-05-15 16:51:06,767] {scheduler_job.py:190} INFO - Processing /home/airflow/.local/lib/python3.8/site-packages/airflow/example_dags/example_xcom.py took 0.178 seconds
[2022-05-15 16:51:36,850] {scheduler_job.py:182} INFO - Started process (PID=556) to work on /home/airflow/.local/lib/python3.8/site-packages/airflow/example_dags/example_xcom.py
[2022-05-15 16:51:36,853] {scheduler_job.py:633} INFO - Processing file /home/airflow/.local/lib/python3.8/site-packages/airflow/example_dags/example_xcom.py for tasks to queue
[2022-05-15 16:51:36,855] {logging_mixin.py:104} INFO - [2022-05-15 16:51:36,854] {dagbag.py:496} INFO - Filling up the DagBag from /home/airflow/.local/lib/python3.8/site-packages/airflow/example_dags/example_xcom.py
[2022-05-15 16:51:36,872] {scheduler_job.py:643} INFO - DAG(s) dict_keys(['example_xcom']) retrieved from /home/airflow/.local/lib/python3.8/site-packages/airflow/example_dags/example_xcom.py
[2022-05-15 16:51:36,904] {logging_mixin.py:104} INFO - [2022-05-15 16:51:36,904] {dag.py:1833} INFO - Sync 1 DAGs
[2022-05-15 16:51:36,915] {logging_mixin.py:104} INFO - [2022-05-15 16:51:36,914] {dag.py:2306} INFO - Setting next_dagrun for example_xcom to 2022-05-13 00:00:00+00:00
[2022-05-15 16:51:36,938] {scheduler_job.py:190} INFO - Processing /home/airflow/.local/lib/python3.8/site-packages/airflow/example_dags/example_xcom.py took 0.096 seconds
[2022-05-15 16:52:07,790] {scheduler_job.py:182} INFO - Started process (PID=595) to work on /home/airflow/.local/lib/python3.8/site-packages/airflow/example_dags/example_xcom.py
[2022-05-15 16:52:07,792] {scheduler_job.py:633} INFO - Processing file /home/airflow/.local/lib/python3.8/site-packages/airflow/example_dags/example_xcom.py for tasks to queue
[2022-05-15 16:52:07,793] {logging_mixin.py:104} INFO - [2022-05-15 16:52:07,793] {dagbag.py:496} INFO - Filling up the DagBag from /home/airflow/.local/lib/python3.8/site-packages/airflow/example_dags/example_xcom.py
[2022-05-15 16:52:07,813] {scheduler_job.py:643} INFO - DAG(s) dict_keys(['example_xcom']) retrieved from /home/airflow/.local/lib/python3.8/site-packages/airflow/example_dags/example_xcom.py
[2022-05-15 16:52:07,834] {logging_mixin.py:104} INFO - [2022-05-15 16:52:07,834] {dag.py:1833} INFO - Sync 1 DAGs
[2022-05-15 16:52:07,843] {logging_mixin.py:104} INFO - [2022-05-15 16:52:07,843] {dag.py:2306} INFO - Setting next_dagrun for example_xcom to 2022-05-13 00:00:00+00:00
[2022-05-15 16:52:07,867] {scheduler_job.py:190} INFO - Processing /home/airflow/.local/lib/python3.8/site-packages/airflow/example_dags/example_xcom.py took 0.082 seconds
[2022-05-15 16:52:37,914] {scheduler_job.py:182} INFO - Started process (PID=634) to work on /home/airflow/.local/lib/python3.8/site-packages/airflow/example_dags/example_xcom.py
[2022-05-15 16:52:37,916] {scheduler_job.py:633} INFO - Processing file /home/airflow/.local/lib/python3.8/site-packages/airflow/example_dags/example_xcom.py for tasks to queue
[2022-05-15 16:52:37,917] {logging_mixin.py:104} INFO - [2022-05-15 16:52:37,917] {dagbag.py:496} INFO - Filling up the DagBag from /home/airflow/.local/lib/python3.8/site-packages/airflow/example_dags/example_xcom.py
[2022-05-15 16:52:37,937] {scheduler_job.py:643} INFO - DAG(s) dict_keys(['example_xcom']) retrieved from /home/airflow/.local/lib/python3.8/site-packages/airflow/example_dags/example_xcom.py
[2022-05-15 16:52:37,958] {logging_mixin.py:104} INFO - [2022-05-15 16:52:37,958] {dag.py:1833} INFO - Sync 1 DAGs
[2022-05-15 16:52:37,966] {logging_mixin.py:104} INFO - [2022-05-15 16:52:37,966] {dag.py:2306} INFO - Setting next_dagrun for example_xcom to 2022-05-13 00:00:00+00:00
[2022-05-15 16:52:37,989] {scheduler_job.py:190} INFO - Processing /home/airflow/.local/lib/python3.8/site-packages/airflow/example_dags/example_xcom.py took 0.082 seconds
[2022-05-15 16:53:08,730] {scheduler_job.py:182} INFO - Started process (PID=673) to work on /home/airflow/.local/lib/python3.8/site-packages/airflow/example_dags/example_xcom.py
[2022-05-15 16:53:08,731] {scheduler_job.py:633} INFO - Processing file /home/airflow/.local/lib/python3.8/site-packages/airflow/example_dags/example_xcom.py for tasks to queue
[2022-05-15 16:53:08,731] {logging_mixin.py:104} INFO - [2022-05-15 16:53:08,731] {dagbag.py:496} INFO - Filling up the DagBag from /home/airflow/.local/lib/python3.8/site-packages/airflow/example_dags/example_xcom.py
[2022-05-15 16:53:08,737] {scheduler_job.py:643} INFO - DAG(s) dict_keys(['example_xcom']) retrieved from /home/airflow/.local/lib/python3.8/site-packages/airflow/example_dags/example_xcom.py
[2022-05-15 16:53:08,753] {logging_mixin.py:104} INFO - [2022-05-15 16:53:08,752] {dag.py:1833} INFO - Sync 1 DAGs
[2022-05-15 16:53:08,758] {logging_mixin.py:104} INFO - [2022-05-15 16:53:08,758] {dag.py:2306} INFO - Setting next_dagrun for example_xcom to 2022-05-13 00:00:00+00:00
[2022-05-15 16:53:08,769] {scheduler_job.py:190} INFO - Processing /home/airflow/.local/lib/python3.8/site-packages/airflow/example_dags/example_xcom.py took 0.040 seconds
[2022-05-15 16:53:39,621] {scheduler_job.py:182} INFO - Started process (PID=712) to work on /home/airflow/.local/lib/python3.8/site-packages/airflow/example_dags/example_xcom.py
[2022-05-15 16:53:39,623] {scheduler_job.py:633} INFO - Processing file /home/airflow/.local/lib/python3.8/site-packages/airflow/example_dags/example_xcom.py for tasks to queue
[2022-05-15 16:53:39,624] {logging_mixin.py:104} INFO - [2022-05-15 16:53:39,624] {dagbag.py:496} INFO - Filling up the DagBag from /home/airflow/.local/lib/python3.8/site-packages/airflow/example_dags/example_xcom.py
[2022-05-15 16:53:39,646] {scheduler_job.py:643} INFO - DAG(s) dict_keys(['example_xcom']) retrieved from /home/airflow/.local/lib/python3.8/site-packages/airflow/example_dags/example_xcom.py
[2022-05-15 16:53:39,663] {logging_mixin.py:104} INFO - [2022-05-15 16:53:39,663] {dag.py:1833} INFO - Sync 1 DAGs
[2022-05-15 16:53:39,669] {logging_mixin.py:104} INFO - [2022-05-15 16:53:39,669] {dag.py:2306} INFO - Setting next_dagrun for example_xcom to 2022-05-13 00:00:00+00:00
[2022-05-15 16:53:39,690] {scheduler_job.py:190} INFO - Processing /home/airflow/.local/lib/python3.8/site-packages/airflow/example_dags/example_xcom.py took 0.075 seconds
[2022-05-15 16:54:10,297] {scheduler_job.py:182} INFO - Started process (PID=751) to work on /home/airflow/.local/lib/python3.8/site-packages/airflow/example_dags/example_xcom.py
[2022-05-15 16:54:10,299] {scheduler_job.py:633} INFO - Processing file /home/airflow/.local/lib/python3.8/site-packages/airflow/example_dags/example_xcom.py for tasks to queue
[2022-05-15 16:54:10,299] {logging_mixin.py:104} INFO - [2022-05-15 16:54:10,299] {dagbag.py:496} INFO - Filling up the DagBag from /home/airflow/.local/lib/python3.8/site-packages/airflow/example_dags/example_xcom.py
[2022-05-15 16:54:10,308] {scheduler_job.py:643} INFO - DAG(s) dict_keys(['example_xcom']) retrieved from /home/airflow/.local/lib/python3.8/site-packages/airflow/example_dags/example_xcom.py
[2022-05-15 16:54:10,346] {logging_mixin.py:104} INFO - [2022-05-15 16:54:10,346] {dag.py:1833} INFO - Sync 1 DAGs
[2022-05-15 16:54:10,362] {logging_mixin.py:104} INFO - [2022-05-15 16:54:10,362] {dag.py:2306} INFO - Setting next_dagrun for example_xcom to 2022-05-13 00:00:00+00:00
[2022-05-15 16:54:10,376] {scheduler_job.py:190} INFO - Processing /home/airflow/.local/lib/python3.8/site-packages/airflow/example_dags/example_xcom.py took 0.082 seconds
[2022-05-15 16:54:41,184] {scheduler_job.py:182} INFO - Started process (PID=790) to work on /home/airflow/.local/lib/python3.8/site-packages/airflow/example_dags/example_xcom.py
[2022-05-15 16:54:41,186] {scheduler_job.py:633} INFO - Processing file /home/airflow/.local/lib/python3.8/site-packages/airflow/example_dags/example_xcom.py for tasks to queue
[2022-05-15 16:54:41,188] {logging_mixin.py:104} INFO - [2022-05-15 16:54:41,187] {dagbag.py:496} INFO - Filling up the DagBag from /home/airflow/.local/lib/python3.8/site-packages/airflow/example_dags/example_xcom.py
[2022-05-15 16:54:41,207] {scheduler_job.py:643} INFO - DAG(s) dict_keys(['example_xcom']) retrieved from /home/airflow/.local/lib/python3.8/site-packages/airflow/example_dags/example_xcom.py
[2022-05-15 16:54:41,233] {logging_mixin.py:104} INFO - [2022-05-15 16:54:41,233] {dag.py:1833} INFO - Sync 1 DAGs
[2022-05-15 16:54:41,245] {logging_mixin.py:104} INFO - [2022-05-15 16:54:41,245] {dag.py:2306} INFO - Setting next_dagrun for example_xcom to 2022-05-13 00:00:00+00:00
[2022-05-15 16:54:41,256] {scheduler_job.py:190} INFO - Processing /home/airflow/.local/lib/python3.8/site-packages/airflow/example_dags/example_xcom.py took 0.081 seconds
[2022-05-15 16:55:47,143] {scheduler_job.py:182} INFO - Started process (PID=38) to work on /home/airflow/.local/lib/python3.8/site-packages/airflow/example_dags/example_xcom.py
[2022-05-15 16:55:47,144] {scheduler_job.py:633} INFO - Processing file /home/airflow/.local/lib/python3.8/site-packages/airflow/example_dags/example_xcom.py for tasks to queue
[2022-05-15 16:55:47,145] {logging_mixin.py:104} INFO - [2022-05-15 16:55:47,145] {dagbag.py:496} INFO - Filling up the DagBag from /home/airflow/.local/lib/python3.8/site-packages/airflow/example_dags/example_xcom.py
[2022-05-15 16:55:47,152] {scheduler_job.py:643} INFO - DAG(s) dict_keys(['example_xcom']) retrieved from /home/airflow/.local/lib/python3.8/site-packages/airflow/example_dags/example_xcom.py
[2022-05-15 16:55:47,170] {logging_mixin.py:104} INFO - [2022-05-15 16:55:47,170] {dag.py:1833} INFO - Sync 1 DAGs
[2022-05-15 16:55:47,179] {logging_mixin.py:104} INFO - [2022-05-15 16:55:47,179] {dag.py:2306} INFO - Setting next_dagrun for example_xcom to 2022-05-13 00:00:00+00:00
[2022-05-15 16:55:47,188] {scheduler_job.py:190} INFO - Processing /home/airflow/.local/lib/python3.8/site-packages/airflow/example_dags/example_xcom.py took 0.049 seconds
[2022-05-15 16:56:18,209] {scheduler_job.py:182} INFO - Started process (PID=77) to work on /home/airflow/.local/lib/python3.8/site-packages/airflow/example_dags/example_xcom.py
[2022-05-15 16:56:18,211] {scheduler_job.py:633} INFO - Processing file /home/airflow/.local/lib/python3.8/site-packages/airflow/example_dags/example_xcom.py for tasks to queue
[2022-05-15 16:56:18,212] {logging_mixin.py:104} INFO - [2022-05-15 16:56:18,212] {dagbag.py:496} INFO - Filling up the DagBag from /home/airflow/.local/lib/python3.8/site-packages/airflow/example_dags/example_xcom.py
[2022-05-15 16:56:18,228] {scheduler_job.py:643} INFO - DAG(s) dict_keys(['example_xcom']) retrieved from /home/airflow/.local/lib/python3.8/site-packages/airflow/example_dags/example_xcom.py
[2022-05-15 16:56:18,261] {logging_mixin.py:104} INFO - [2022-05-15 16:56:18,260] {dag.py:1833} INFO - Sync 1 DAGs
[2022-05-15 16:56:18,277] {logging_mixin.py:104} INFO - [2022-05-15 16:56:18,277] {dag.py:2306} INFO - Setting next_dagrun for example_xcom to 2022-05-13 00:00:00+00:00
[2022-05-15 16:56:18,297] {scheduler_job.py:190} INFO - Processing /home/airflow/.local/lib/python3.8/site-packages/airflow/example_dags/example_xcom.py took 0.093 seconds
[2022-05-15 16:56:48,785] {scheduler_job.py:182} INFO - Started process (PID=116) to work on /home/airflow/.local/lib/python3.8/site-packages/airflow/example_dags/example_xcom.py
[2022-05-15 16:56:48,786] {scheduler_job.py:633} INFO - Processing file /home/airflow/.local/lib/python3.8/site-packages/airflow/example_dags/example_xcom.py for tasks to queue
[2022-05-15 16:56:48,786] {logging_mixin.py:104} INFO - [2022-05-15 16:56:48,786] {dagbag.py:496} INFO - Filling up the DagBag from /home/airflow/.local/lib/python3.8/site-packages/airflow/example_dags/example_xcom.py
[2022-05-15 16:56:48,792] {scheduler_job.py:643} INFO - DAG(s) dict_keys(['example_xcom']) retrieved from /home/airflow/.local/lib/python3.8/site-packages/airflow/example_dags/example_xcom.py
[2022-05-15 16:56:48,809] {logging_mixin.py:104} INFO - [2022-05-15 16:56:48,808] {dag.py:1833} INFO - Sync 1 DAGs
[2022-05-15 16:56:48,816] {logging_mixin.py:104} INFO - [2022-05-15 16:56:48,816] {dag.py:2306} INFO - Setting next_dagrun for example_xcom to 2022-05-13 00:00:00+00:00
[2022-05-15 16:56:48,824] {scheduler_job.py:190} INFO - Processing /home/airflow/.local/lib/python3.8/site-packages/airflow/example_dags/example_xcom.py took 0.041 seconds
[2022-05-15 16:57:20,758] {scheduler_job.py:182} INFO - Started process (PID=155) to work on /home/airflow/.local/lib/python3.8/site-packages/airflow/example_dags/example_xcom.py
[2022-05-15 16:57:20,760] {scheduler_job.py:633} INFO - Processing file /home/airflow/.local/lib/python3.8/site-packages/airflow/example_dags/example_xcom.py for tasks to queue
[2022-05-15 16:57:20,761] {logging_mixin.py:104} INFO - [2022-05-15 16:57:20,761] {dagbag.py:496} INFO - Filling up the DagBag from /home/airflow/.local/lib/python3.8/site-packages/airflow/example_dags/example_xcom.py
[2022-05-15 16:57:20,782] {scheduler_job.py:643} INFO - DAG(s) dict_keys(['example_xcom']) retrieved from /home/airflow/.local/lib/python3.8/site-packages/airflow/example_dags/example_xcom.py
[2022-05-15 16:57:20,832] {logging_mixin.py:104} INFO - [2022-05-15 16:57:20,832] {dag.py:1833} INFO - Sync 1 DAGs
[2022-05-15 16:57:20,857] {logging_mixin.py:104} INFO - [2022-05-15 16:57:20,857] {dag.py:2306} INFO - Setting next_dagrun for example_xcom to 2022-05-13 00:00:00+00:00
[2022-05-15 16:57:20,886] {scheduler_job.py:190} INFO - Processing /home/airflow/.local/lib/python3.8/site-packages/airflow/example_dags/example_xcom.py took 0.133 seconds
