[2022-05-15 16:44:58,711] {scheduler_job.py:182} INFO - Started process (PID=59) to work on /home/airflow/.local/lib/python3.8/site-packages/airflow/example_dags/example_external_task_marker_dag.py
[2022-05-15 16:44:58,712] {scheduler_job.py:633} INFO - Processing file /home/airflow/.local/lib/python3.8/site-packages/airflow/example_dags/example_external_task_marker_dag.py for tasks to queue
[2022-05-15 16:44:58,712] {logging_mixin.py:104} INFO - [2022-05-15 16:44:58,712] {dagbag.py:496} INFO - Filling up the DagBag from /home/airflow/.local/lib/python3.8/site-packages/airflow/example_dags/example_external_task_marker_dag.py
[2022-05-15 16:44:58,722] {scheduler_job.py:643} INFO - DAG(s) dict_keys(['example_external_task_marker_parent', 'example_external_task_marker_child']) retrieved from /home/airflow/.local/lib/python3.8/site-packages/airflow/example_dags/example_external_task_marker_dag.py
[2022-05-15 16:44:58,737] {logging_mixin.py:104} INFO - [2022-05-15 16:44:58,737] {dag.py:1833} INFO - Sync 2 DAGs
[2022-05-15 16:44:58,743] {logging_mixin.py:104} INFO - [2022-05-15 16:44:58,743] {dag.py:2306} INFO - Setting next_dagrun for example_external_task_marker_child to None
[2022-05-15 16:44:58,743] {logging_mixin.py:104} INFO - [2022-05-15 16:44:58,743] {dag.py:2306} INFO - Setting next_dagrun for example_external_task_marker_parent to None
[2022-05-15 16:44:58,752] {scheduler_job.py:190} INFO - Processing /home/airflow/.local/lib/python3.8/site-packages/airflow/example_dags/example_external_task_marker_dag.py took 0.042 seconds
[2022-05-15 16:45:31,683] {scheduler_job.py:182} INFO - Started process (PID=98) to work on /home/airflow/.local/lib/python3.8/site-packages/airflow/example_dags/example_external_task_marker_dag.py
[2022-05-15 16:45:31,684] {scheduler_job.py:633} INFO - Processing file /home/airflow/.local/lib/python3.8/site-packages/airflow/example_dags/example_external_task_marker_dag.py for tasks to queue
[2022-05-15 16:45:31,685] {logging_mixin.py:104} INFO - [2022-05-15 16:45:31,685] {dagbag.py:496} INFO - Filling up the DagBag from /home/airflow/.local/lib/python3.8/site-packages/airflow/example_dags/example_external_task_marker_dag.py
[2022-05-15 16:45:31,700] {scheduler_job.py:643} INFO - DAG(s) dict_keys(['example_external_task_marker_parent', 'example_external_task_marker_child']) retrieved from /home/airflow/.local/lib/python3.8/site-packages/airflow/example_dags/example_external_task_marker_dag.py
[2022-05-15 16:45:31,953] {logging_mixin.py:104} INFO - [2022-05-15 16:45:31,953] {dag.py:1833} INFO - Sync 2 DAGs
[2022-05-15 16:45:31,962] {logging_mixin.py:104} INFO - [2022-05-15 16:45:31,962] {dag.py:2306} INFO - Setting next_dagrun for example_external_task_marker_child to None
[2022-05-15 16:45:31,963] {logging_mixin.py:104} INFO - [2022-05-15 16:45:31,963] {dag.py:2306} INFO - Setting next_dagrun for example_external_task_marker_parent to None
[2022-05-15 16:45:31,987] {scheduler_job.py:190} INFO - Processing /home/airflow/.local/lib/python3.8/site-packages/airflow/example_dags/example_external_task_marker_dag.py took 0.308 seconds
[2022-05-15 16:46:03,194] {scheduler_job.py:182} INFO - Started process (PID=137) to work on /home/airflow/.local/lib/python3.8/site-packages/airflow/example_dags/example_external_task_marker_dag.py
[2022-05-15 16:46:03,198] {scheduler_job.py:633} INFO - Processing file /home/airflow/.local/lib/python3.8/site-packages/airflow/example_dags/example_external_task_marker_dag.py for tasks to queue
[2022-05-15 16:46:03,199] {logging_mixin.py:104} INFO - [2022-05-15 16:46:03,199] {dagbag.py:496} INFO - Filling up the DagBag from /home/airflow/.local/lib/python3.8/site-packages/airflow/example_dags/example_external_task_marker_dag.py
[2022-05-15 16:46:03,235] {scheduler_job.py:643} INFO - DAG(s) dict_keys(['example_external_task_marker_parent', 'example_external_task_marker_child']) retrieved from /home/airflow/.local/lib/python3.8/site-packages/airflow/example_dags/example_external_task_marker_dag.py
[2022-05-15 16:46:03,884] {logging_mixin.py:104} INFO - [2022-05-15 16:46:03,884] {dag.py:1833} INFO - Sync 2 DAGs
[2022-05-15 16:46:03,898] {logging_mixin.py:104} INFO - [2022-05-15 16:46:03,898] {dag.py:2306} INFO - Setting next_dagrun for example_external_task_marker_child to None
[2022-05-15 16:46:03,899] {logging_mixin.py:104} INFO - [2022-05-15 16:46:03,899] {dag.py:2306} INFO - Setting next_dagrun for example_external_task_marker_parent to None
[2022-05-15 16:46:03,930] {scheduler_job.py:190} INFO - Processing /home/airflow/.local/lib/python3.8/site-packages/airflow/example_dags/example_external_task_marker_dag.py took 0.745 seconds
[2022-05-15 16:46:34,219] {scheduler_job.py:182} INFO - Started process (PID=176) to work on /home/airflow/.local/lib/python3.8/site-packages/airflow/example_dags/example_external_task_marker_dag.py
[2022-05-15 16:46:34,222] {scheduler_job.py:633} INFO - Processing file /home/airflow/.local/lib/python3.8/site-packages/airflow/example_dags/example_external_task_marker_dag.py for tasks to queue
[2022-05-15 16:46:34,223] {logging_mixin.py:104} INFO - [2022-05-15 16:46:34,223] {dagbag.py:496} INFO - Filling up the DagBag from /home/airflow/.local/lib/python3.8/site-packages/airflow/example_dags/example_external_task_marker_dag.py
[2022-05-15 16:46:34,239] {scheduler_job.py:643} INFO - DAG(s) dict_keys(['example_external_task_marker_parent', 'example_external_task_marker_child']) retrieved from /home/airflow/.local/lib/python3.8/site-packages/airflow/example_dags/example_external_task_marker_dag.py
[2022-05-15 16:46:34,392] {logging_mixin.py:104} INFO - [2022-05-15 16:46:34,392] {dag.py:1833} INFO - Sync 2 DAGs
[2022-05-15 16:46:34,398] {logging_mixin.py:104} INFO - [2022-05-15 16:46:34,398] {dag.py:2306} INFO - Setting next_dagrun for example_external_task_marker_child to None
[2022-05-15 16:46:34,398] {logging_mixin.py:104} INFO - [2022-05-15 16:46:34,398] {dag.py:2306} INFO - Setting next_dagrun for example_external_task_marker_parent to None
[2022-05-15 16:46:34,409] {scheduler_job.py:190} INFO - Processing /home/airflow/.local/lib/python3.8/site-packages/airflow/example_dags/example_external_task_marker_dag.py took 0.197 seconds
[2022-05-15 16:47:05,201] {scheduler_job.py:182} INFO - Started process (PID=215) to work on /home/airflow/.local/lib/python3.8/site-packages/airflow/example_dags/example_external_task_marker_dag.py
[2022-05-15 16:47:05,204] {scheduler_job.py:633} INFO - Processing file /home/airflow/.local/lib/python3.8/site-packages/airflow/example_dags/example_external_task_marker_dag.py for tasks to queue
[2022-05-15 16:47:05,205] {logging_mixin.py:104} INFO - [2022-05-15 16:47:05,205] {dagbag.py:496} INFO - Filling up the DagBag from /home/airflow/.local/lib/python3.8/site-packages/airflow/example_dags/example_external_task_marker_dag.py
[2022-05-15 16:47:05,221] {scheduler_job.py:643} INFO - DAG(s) dict_keys(['example_external_task_marker_parent', 'example_external_task_marker_child']) retrieved from /home/airflow/.local/lib/python3.8/site-packages/airflow/example_dags/example_external_task_marker_dag.py
[2022-05-15 16:47:05,428] {logging_mixin.py:104} INFO - [2022-05-15 16:47:05,428] {dag.py:1833} INFO - Sync 2 DAGs
[2022-05-15 16:47:05,433] {logging_mixin.py:104} INFO - [2022-05-15 16:47:05,433] {dag.py:2306} INFO - Setting next_dagrun for example_external_task_marker_child to None
[2022-05-15 16:47:05,434] {logging_mixin.py:104} INFO - [2022-05-15 16:47:05,434] {dag.py:2306} INFO - Setting next_dagrun for example_external_task_marker_parent to None
[2022-05-15 16:47:05,443] {scheduler_job.py:190} INFO - Processing /home/airflow/.local/lib/python3.8/site-packages/airflow/example_dags/example_external_task_marker_dag.py took 0.251 seconds
[2022-05-15 16:47:35,563] {scheduler_job.py:182} INFO - Started process (PID=264) to work on /home/airflow/.local/lib/python3.8/site-packages/airflow/example_dags/example_external_task_marker_dag.py
[2022-05-15 16:47:35,564] {scheduler_job.py:633} INFO - Processing file /home/airflow/.local/lib/python3.8/site-packages/airflow/example_dags/example_external_task_marker_dag.py for tasks to queue
[2022-05-15 16:47:35,564] {logging_mixin.py:104} INFO - [2022-05-15 16:47:35,564] {dagbag.py:496} INFO - Filling up the DagBag from /home/airflow/.local/lib/python3.8/site-packages/airflow/example_dags/example_external_task_marker_dag.py
[2022-05-15 16:47:35,571] {scheduler_job.py:643} INFO - DAG(s) dict_keys(['example_external_task_marker_parent', 'example_external_task_marker_child']) retrieved from /home/airflow/.local/lib/python3.8/site-packages/airflow/example_dags/example_external_task_marker_dag.py
[2022-05-15 16:47:35,588] {logging_mixin.py:104} INFO - [2022-05-15 16:47:35,588] {dag.py:1833} INFO - Sync 2 DAGs
[2022-05-15 16:47:35,595] {logging_mixin.py:104} INFO - [2022-05-15 16:47:35,595] {dag.py:2306} INFO - Setting next_dagrun for example_external_task_marker_child to None
[2022-05-15 16:47:35,595] {logging_mixin.py:104} INFO - [2022-05-15 16:47:35,595] {dag.py:2306} INFO - Setting next_dagrun for example_external_task_marker_parent to None
[2022-05-15 16:47:35,603] {scheduler_job.py:190} INFO - Processing /home/airflow/.local/lib/python3.8/site-packages/airflow/example_dags/example_external_task_marker_dag.py took 0.042 seconds
[2022-05-15 16:48:06,289] {scheduler_job.py:182} INFO - Started process (PID=313) to work on /home/airflow/.local/lib/python3.8/site-packages/airflow/example_dags/example_external_task_marker_dag.py
[2022-05-15 16:48:06,290] {scheduler_job.py:633} INFO - Processing file /home/airflow/.local/lib/python3.8/site-packages/airflow/example_dags/example_external_task_marker_dag.py for tasks to queue
[2022-05-15 16:48:06,290] {logging_mixin.py:104} INFO - [2022-05-15 16:48:06,290] {dagbag.py:496} INFO - Filling up the DagBag from /home/airflow/.local/lib/python3.8/site-packages/airflow/example_dags/example_external_task_marker_dag.py
[2022-05-15 16:48:06,297] {scheduler_job.py:643} INFO - DAG(s) dict_keys(['example_external_task_marker_parent', 'example_external_task_marker_child']) retrieved from /home/airflow/.local/lib/python3.8/site-packages/airflow/example_dags/example_external_task_marker_dag.py
[2022-05-15 16:48:06,436] {logging_mixin.py:104} INFO - [2022-05-15 16:48:06,436] {dag.py:1833} INFO - Sync 2 DAGs
[2022-05-15 16:48:06,441] {logging_mixin.py:104} INFO - [2022-05-15 16:48:06,441] {dag.py:2306} INFO - Setting next_dagrun for example_external_task_marker_child to None
[2022-05-15 16:48:06,442] {logging_mixin.py:104} INFO - [2022-05-15 16:48:06,442] {dag.py:2306} INFO - Setting next_dagrun for example_external_task_marker_parent to None
[2022-05-15 16:48:06,451] {scheduler_job.py:190} INFO - Processing /home/airflow/.local/lib/python3.8/site-packages/airflow/example_dags/example_external_task_marker_dag.py took 0.163 seconds
[2022-05-15 16:48:36,988] {scheduler_job.py:182} INFO - Started process (PID=352) to work on /home/airflow/.local/lib/python3.8/site-packages/airflow/example_dags/example_external_task_marker_dag.py
[2022-05-15 16:48:36,989] {scheduler_job.py:633} INFO - Processing file /home/airflow/.local/lib/python3.8/site-packages/airflow/example_dags/example_external_task_marker_dag.py for tasks to queue
[2022-05-15 16:48:36,989] {logging_mixin.py:104} INFO - [2022-05-15 16:48:36,989] {dagbag.py:496} INFO - Filling up the DagBag from /home/airflow/.local/lib/python3.8/site-packages/airflow/example_dags/example_external_task_marker_dag.py
[2022-05-15 16:48:36,995] {scheduler_job.py:643} INFO - DAG(s) dict_keys(['example_external_task_marker_parent', 'example_external_task_marker_child']) retrieved from /home/airflow/.local/lib/python3.8/site-packages/airflow/example_dags/example_external_task_marker_dag.py
[2022-05-15 16:48:37,133] {logging_mixin.py:104} INFO - [2022-05-15 16:48:37,133] {dag.py:1833} INFO - Sync 2 DAGs
[2022-05-15 16:48:37,138] {logging_mixin.py:104} INFO - [2022-05-15 16:48:37,138] {dag.py:2306} INFO - Setting next_dagrun for example_external_task_marker_child to None
[2022-05-15 16:48:37,139] {logging_mixin.py:104} INFO - [2022-05-15 16:48:37,139] {dag.py:2306} INFO - Setting next_dagrun for example_external_task_marker_parent to None
[2022-05-15 16:48:37,150] {scheduler_job.py:190} INFO - Processing /home/airflow/.local/lib/python3.8/site-packages/airflow/example_dags/example_external_task_marker_dag.py took 0.164 seconds
[2022-05-15 16:49:07,952] {scheduler_job.py:182} INFO - Started process (PID=391) to work on /home/airflow/.local/lib/python3.8/site-packages/airflow/example_dags/example_external_task_marker_dag.py
[2022-05-15 16:49:07,952] {scheduler_job.py:633} INFO - Processing file /home/airflow/.local/lib/python3.8/site-packages/airflow/example_dags/example_external_task_marker_dag.py for tasks to queue
[2022-05-15 16:49:07,953] {logging_mixin.py:104} INFO - [2022-05-15 16:49:07,953] {dagbag.py:496} INFO - Filling up the DagBag from /home/airflow/.local/lib/python3.8/site-packages/airflow/example_dags/example_external_task_marker_dag.py
[2022-05-15 16:49:07,959] {scheduler_job.py:643} INFO - DAG(s) dict_keys(['example_external_task_marker_parent', 'example_external_task_marker_child']) retrieved from /home/airflow/.local/lib/python3.8/site-packages/airflow/example_dags/example_external_task_marker_dag.py
[2022-05-15 16:49:08,100] {logging_mixin.py:104} INFO - [2022-05-15 16:49:08,100] {dag.py:1833} INFO - Sync 2 DAGs
[2022-05-15 16:49:08,106] {logging_mixin.py:104} INFO - [2022-05-15 16:49:08,106] {dag.py:2306} INFO - Setting next_dagrun for example_external_task_marker_child to None
[2022-05-15 16:49:08,106] {logging_mixin.py:104} INFO - [2022-05-15 16:49:08,106] {dag.py:2306} INFO - Setting next_dagrun for example_external_task_marker_parent to None
[2022-05-15 16:49:08,155] {scheduler_job.py:190} INFO - Processing /home/airflow/.local/lib/python3.8/site-packages/airflow/example_dags/example_external_task_marker_dag.py took 0.205 seconds
[2022-05-15 16:49:39,160] {scheduler_job.py:182} INFO - Started process (PID=431) to work on /home/airflow/.local/lib/python3.8/site-packages/airflow/example_dags/example_external_task_marker_dag.py
[2022-05-15 16:49:39,161] {scheduler_job.py:633} INFO - Processing file /home/airflow/.local/lib/python3.8/site-packages/airflow/example_dags/example_external_task_marker_dag.py for tasks to queue
[2022-05-15 16:49:39,162] {logging_mixin.py:104} INFO - [2022-05-15 16:49:39,162] {dagbag.py:496} INFO - Filling up the DagBag from /home/airflow/.local/lib/python3.8/site-packages/airflow/example_dags/example_external_task_marker_dag.py
[2022-05-15 16:49:39,167] {scheduler_job.py:643} INFO - DAG(s) dict_keys(['example_external_task_marker_parent', 'example_external_task_marker_child']) retrieved from /home/airflow/.local/lib/python3.8/site-packages/airflow/example_dags/example_external_task_marker_dag.py
[2022-05-15 16:49:39,304] {logging_mixin.py:104} INFO - [2022-05-15 16:49:39,304] {dag.py:1833} INFO - Sync 2 DAGs
[2022-05-15 16:49:39,312] {logging_mixin.py:104} INFO - [2022-05-15 16:49:39,312] {dag.py:2306} INFO - Setting next_dagrun for example_external_task_marker_child to None
[2022-05-15 16:49:39,313] {logging_mixin.py:104} INFO - [2022-05-15 16:49:39,313] {dag.py:2306} INFO - Setting next_dagrun for example_external_task_marker_parent to None
[2022-05-15 16:49:39,374] {scheduler_job.py:190} INFO - Processing /home/airflow/.local/lib/python3.8/site-packages/airflow/example_dags/example_external_task_marker_dag.py took 0.221 seconds
[2022-05-15 16:50:10,334] {scheduler_job.py:182} INFO - Started process (PID=470) to work on /home/airflow/.local/lib/python3.8/site-packages/airflow/example_dags/example_external_task_marker_dag.py
[2022-05-15 16:50:10,336] {scheduler_job.py:633} INFO - Processing file /home/airflow/.local/lib/python3.8/site-packages/airflow/example_dags/example_external_task_marker_dag.py for tasks to queue
[2022-05-15 16:50:10,337] {logging_mixin.py:104} INFO - [2022-05-15 16:50:10,337] {dagbag.py:496} INFO - Filling up the DagBag from /home/airflow/.local/lib/python3.8/site-packages/airflow/example_dags/example_external_task_marker_dag.py
[2022-05-15 16:50:10,357] {scheduler_job.py:643} INFO - DAG(s) dict_keys(['example_external_task_marker_parent', 'example_external_task_marker_child']) retrieved from /home/airflow/.local/lib/python3.8/site-packages/airflow/example_dags/example_external_task_marker_dag.py
[2022-05-15 16:50:10,378] {logging_mixin.py:104} INFO - [2022-05-15 16:50:10,378] {dag.py:1833} INFO - Sync 2 DAGs
[2022-05-15 16:50:10,387] {logging_mixin.py:104} INFO - [2022-05-15 16:50:10,387] {dag.py:2306} INFO - Setting next_dagrun for example_external_task_marker_child to None
[2022-05-15 16:50:10,387] {logging_mixin.py:104} INFO - [2022-05-15 16:50:10,387] {dag.py:2306} INFO - Setting next_dagrun for example_external_task_marker_parent to None
[2022-05-15 16:50:10,411] {scheduler_job.py:190} INFO - Processing /home/airflow/.local/lib/python3.8/site-packages/airflow/example_dags/example_external_task_marker_dag.py took 0.083 seconds
[2022-05-15 16:50:40,772] {scheduler_job.py:182} INFO - Started process (PID=509) to work on /home/airflow/.local/lib/python3.8/site-packages/airflow/example_dags/example_external_task_marker_dag.py
[2022-05-15 16:50:40,773] {scheduler_job.py:633} INFO - Processing file /home/airflow/.local/lib/python3.8/site-packages/airflow/example_dags/example_external_task_marker_dag.py for tasks to queue
[2022-05-15 16:50:40,775] {logging_mixin.py:104} INFO - [2022-05-15 16:50:40,775] {dagbag.py:496} INFO - Filling up the DagBag from /home/airflow/.local/lib/python3.8/site-packages/airflow/example_dags/example_external_task_marker_dag.py
[2022-05-15 16:50:40,787] {scheduler_job.py:643} INFO - DAG(s) dict_keys(['example_external_task_marker_parent', 'example_external_task_marker_child']) retrieved from /home/airflow/.local/lib/python3.8/site-packages/airflow/example_dags/example_external_task_marker_dag.py
[2022-05-15 16:50:41,018] {logging_mixin.py:104} INFO - [2022-05-15 16:50:41,018] {dag.py:1833} INFO - Sync 2 DAGs
[2022-05-15 16:50:41,075] {logging_mixin.py:104} INFO - [2022-05-15 16:50:41,075] {dag.py:2306} INFO - Setting next_dagrun for example_external_task_marker_child to None
[2022-05-15 16:50:41,075] {logging_mixin.py:104} INFO - [2022-05-15 16:50:41,075] {dag.py:2306} INFO - Setting next_dagrun for example_external_task_marker_parent to None
[2022-05-15 16:50:41,097] {scheduler_job.py:190} INFO - Processing /home/airflow/.local/lib/python3.8/site-packages/airflow/example_dags/example_external_task_marker_dag.py took 0.328 seconds
[2022-05-15 16:51:11,209] {scheduler_job.py:182} INFO - Started process (PID=548) to work on /home/airflow/.local/lib/python3.8/site-packages/airflow/example_dags/example_external_task_marker_dag.py
[2022-05-15 16:51:11,210] {scheduler_job.py:633} INFO - Processing file /home/airflow/.local/lib/python3.8/site-packages/airflow/example_dags/example_external_task_marker_dag.py for tasks to queue
[2022-05-15 16:51:11,212] {logging_mixin.py:104} INFO - [2022-05-15 16:51:11,212] {dagbag.py:496} INFO - Filling up the DagBag from /home/airflow/.local/lib/python3.8/site-packages/airflow/example_dags/example_external_task_marker_dag.py
[2022-05-15 16:51:11,236] {scheduler_job.py:643} INFO - DAG(s) dict_keys(['example_external_task_marker_parent', 'example_external_task_marker_child']) retrieved from /home/airflow/.local/lib/python3.8/site-packages/airflow/example_dags/example_external_task_marker_dag.py
[2022-05-15 16:51:11,284] {logging_mixin.py:104} INFO - [2022-05-15 16:51:11,284] {dag.py:1833} INFO - Sync 2 DAGs
[2022-05-15 16:51:11,309] {logging_mixin.py:104} INFO - [2022-05-15 16:51:11,308] {dag.py:2306} INFO - Setting next_dagrun for example_external_task_marker_child to None
[2022-05-15 16:51:11,311] {logging_mixin.py:104} INFO - [2022-05-15 16:51:11,310] {dag.py:2306} INFO - Setting next_dagrun for example_external_task_marker_parent to None
[2022-05-15 16:51:11,329] {scheduler_job.py:190} INFO - Processing /home/airflow/.local/lib/python3.8/site-packages/airflow/example_dags/example_external_task_marker_dag.py took 0.127 seconds
[2022-05-15 16:51:41,392] {scheduler_job.py:182} INFO - Started process (PID=587) to work on /home/airflow/.local/lib/python3.8/site-packages/airflow/example_dags/example_external_task_marker_dag.py
[2022-05-15 16:51:41,393] {scheduler_job.py:633} INFO - Processing file /home/airflow/.local/lib/python3.8/site-packages/airflow/example_dags/example_external_task_marker_dag.py for tasks to queue
[2022-05-15 16:51:41,393] {logging_mixin.py:104} INFO - [2022-05-15 16:51:41,393] {dagbag.py:496} INFO - Filling up the DagBag from /home/airflow/.local/lib/python3.8/site-packages/airflow/example_dags/example_external_task_marker_dag.py
[2022-05-15 16:51:41,399] {scheduler_job.py:643} INFO - DAG(s) dict_keys(['example_external_task_marker_parent', 'example_external_task_marker_child']) retrieved from /home/airflow/.local/lib/python3.8/site-packages/airflow/example_dags/example_external_task_marker_dag.py
[2022-05-15 16:51:41,528] {logging_mixin.py:104} INFO - [2022-05-15 16:51:41,528] {dag.py:1833} INFO - Sync 2 DAGs
[2022-05-15 16:51:41,573] {logging_mixin.py:104} INFO - [2022-05-15 16:51:41,573] {dag.py:2306} INFO - Setting next_dagrun for example_external_task_marker_child to None
[2022-05-15 16:51:41,573] {logging_mixin.py:104} INFO - [2022-05-15 16:51:41,573] {dag.py:2306} INFO - Setting next_dagrun for example_external_task_marker_parent to None
[2022-05-15 16:51:41,584] {scheduler_job.py:190} INFO - Processing /home/airflow/.local/lib/python3.8/site-packages/airflow/example_dags/example_external_task_marker_dag.py took 0.193 seconds
[2022-05-15 16:52:12,236] {scheduler_job.py:182} INFO - Started process (PID=625) to work on /home/airflow/.local/lib/python3.8/site-packages/airflow/example_dags/example_external_task_marker_dag.py
[2022-05-15 16:52:12,237] {scheduler_job.py:633} INFO - Processing file /home/airflow/.local/lib/python3.8/site-packages/airflow/example_dags/example_external_task_marker_dag.py for tasks to queue
[2022-05-15 16:52:12,238] {logging_mixin.py:104} INFO - [2022-05-15 16:52:12,238] {dagbag.py:496} INFO - Filling up the DagBag from /home/airflow/.local/lib/python3.8/site-packages/airflow/example_dags/example_external_task_marker_dag.py
[2022-05-15 16:52:12,250] {scheduler_job.py:643} INFO - DAG(s) dict_keys(['example_external_task_marker_parent', 'example_external_task_marker_child']) retrieved from /home/airflow/.local/lib/python3.8/site-packages/airflow/example_dags/example_external_task_marker_dag.py
[2022-05-15 16:52:12,422] {logging_mixin.py:104} INFO - [2022-05-15 16:52:12,422] {dag.py:1833} INFO - Sync 2 DAGs
[2022-05-15 16:52:12,471] {logging_mixin.py:104} INFO - [2022-05-15 16:52:12,471] {dag.py:2306} INFO - Setting next_dagrun for example_external_task_marker_child to None
[2022-05-15 16:52:12,471] {logging_mixin.py:104} INFO - [2022-05-15 16:52:12,471] {dag.py:2306} INFO - Setting next_dagrun for example_external_task_marker_parent to None
[2022-05-15 16:52:12,479] {scheduler_job.py:190} INFO - Processing /home/airflow/.local/lib/python3.8/site-packages/airflow/example_dags/example_external_task_marker_dag.py took 0.246 seconds
[2022-05-15 16:52:42,942] {scheduler_job.py:182} INFO - Started process (PID=664) to work on /home/airflow/.local/lib/python3.8/site-packages/airflow/example_dags/example_external_task_marker_dag.py
[2022-05-15 16:52:42,943] {scheduler_job.py:633} INFO - Processing file /home/airflow/.local/lib/python3.8/site-packages/airflow/example_dags/example_external_task_marker_dag.py for tasks to queue
[2022-05-15 16:52:42,943] {logging_mixin.py:104} INFO - [2022-05-15 16:52:42,943] {dagbag.py:496} INFO - Filling up the DagBag from /home/airflow/.local/lib/python3.8/site-packages/airflow/example_dags/example_external_task_marker_dag.py
[2022-05-15 16:52:42,958] {scheduler_job.py:643} INFO - DAG(s) dict_keys(['example_external_task_marker_parent', 'example_external_task_marker_child']) retrieved from /home/airflow/.local/lib/python3.8/site-packages/airflow/example_dags/example_external_task_marker_dag.py
[2022-05-15 16:52:43,312] {logging_mixin.py:104} INFO - [2022-05-15 16:52:43,312] {dag.py:1833} INFO - Sync 2 DAGs
[2022-05-15 16:52:43,381] {logging_mixin.py:104} INFO - [2022-05-15 16:52:43,381] {dag.py:2306} INFO - Setting next_dagrun for example_external_task_marker_child to None
[2022-05-15 16:52:43,381] {logging_mixin.py:104} INFO - [2022-05-15 16:52:43,381] {dag.py:2306} INFO - Setting next_dagrun for example_external_task_marker_parent to None
[2022-05-15 16:52:43,389] {scheduler_job.py:190} INFO - Processing /home/airflow/.local/lib/python3.8/site-packages/airflow/example_dags/example_external_task_marker_dag.py took 0.449 seconds
[2022-05-15 16:53:14,011] {scheduler_job.py:182} INFO - Started process (PID=703) to work on /home/airflow/.local/lib/python3.8/site-packages/airflow/example_dags/example_external_task_marker_dag.py
[2022-05-15 16:53:14,011] {scheduler_job.py:633} INFO - Processing file /home/airflow/.local/lib/python3.8/site-packages/airflow/example_dags/example_external_task_marker_dag.py for tasks to queue
[2022-05-15 16:53:14,011] {logging_mixin.py:104} INFO - [2022-05-15 16:53:14,011] {dagbag.py:496} INFO - Filling up the DagBag from /home/airflow/.local/lib/python3.8/site-packages/airflow/example_dags/example_external_task_marker_dag.py
[2022-05-15 16:53:14,017] {scheduler_job.py:643} INFO - DAG(s) dict_keys(['example_external_task_marker_parent', 'example_external_task_marker_child']) retrieved from /home/airflow/.local/lib/python3.8/site-packages/airflow/example_dags/example_external_task_marker_dag.py
[2022-05-15 16:53:14,159] {logging_mixin.py:104} INFO - [2022-05-15 16:53:14,159] {dag.py:1833} INFO - Sync 2 DAGs
[2022-05-15 16:53:14,245] {logging_mixin.py:104} INFO - [2022-05-15 16:53:14,244] {dag.py:2306} INFO - Setting next_dagrun for example_external_task_marker_child to None
[2022-05-15 16:53:14,245] {logging_mixin.py:104} INFO - [2022-05-15 16:53:14,245] {dag.py:2306} INFO - Setting next_dagrun for example_external_task_marker_parent to None
[2022-05-15 16:53:14,266] {scheduler_job.py:190} INFO - Processing /home/airflow/.local/lib/python3.8/site-packages/airflow/example_dags/example_external_task_marker_dag.py took 0.257 seconds
[2022-05-15 16:53:44,637] {scheduler_job.py:182} INFO - Started process (PID=742) to work on /home/airflow/.local/lib/python3.8/site-packages/airflow/example_dags/example_external_task_marker_dag.py
[2022-05-15 16:53:44,638] {scheduler_job.py:633} INFO - Processing file /home/airflow/.local/lib/python3.8/site-packages/airflow/example_dags/example_external_task_marker_dag.py for tasks to queue
[2022-05-15 16:53:44,638] {logging_mixin.py:104} INFO - [2022-05-15 16:53:44,638] {dagbag.py:496} INFO - Filling up the DagBag from /home/airflow/.local/lib/python3.8/site-packages/airflow/example_dags/example_external_task_marker_dag.py
[2022-05-15 16:53:44,645] {scheduler_job.py:643} INFO - DAG(s) dict_keys(['example_external_task_marker_parent', 'example_external_task_marker_child']) retrieved from /home/airflow/.local/lib/python3.8/site-packages/airflow/example_dags/example_external_task_marker_dag.py
[2022-05-15 16:53:44,786] {logging_mixin.py:104} INFO - [2022-05-15 16:53:44,786] {dag.py:1833} INFO - Sync 2 DAGs
[2022-05-15 16:53:44,844] {logging_mixin.py:104} INFO - [2022-05-15 16:53:44,844] {dag.py:2306} INFO - Setting next_dagrun for example_external_task_marker_child to None
[2022-05-15 16:53:44,845] {logging_mixin.py:104} INFO - [2022-05-15 16:53:44,845] {dag.py:2306} INFO - Setting next_dagrun for example_external_task_marker_parent to None
[2022-05-15 16:53:44,865] {scheduler_job.py:190} INFO - Processing /home/airflow/.local/lib/python3.8/site-packages/airflow/example_dags/example_external_task_marker_dag.py took 0.230 seconds
[2022-05-15 16:54:15,702] {scheduler_job.py:182} INFO - Started process (PID=781) to work on /home/airflow/.local/lib/python3.8/site-packages/airflow/example_dags/example_external_task_marker_dag.py
[2022-05-15 16:54:15,703] {scheduler_job.py:633} INFO - Processing file /home/airflow/.local/lib/python3.8/site-packages/airflow/example_dags/example_external_task_marker_dag.py for tasks to queue
[2022-05-15 16:54:15,703] {logging_mixin.py:104} INFO - [2022-05-15 16:54:15,703] {dagbag.py:496} INFO - Filling up the DagBag from /home/airflow/.local/lib/python3.8/site-packages/airflow/example_dags/example_external_task_marker_dag.py
[2022-05-15 16:54:15,710] {scheduler_job.py:643} INFO - DAG(s) dict_keys(['example_external_task_marker_parent', 'example_external_task_marker_child']) retrieved from /home/airflow/.local/lib/python3.8/site-packages/airflow/example_dags/example_external_task_marker_dag.py
[2022-05-15 16:54:15,728] {logging_mixin.py:104} INFO - [2022-05-15 16:54:15,728] {dag.py:1833} INFO - Sync 2 DAGs
[2022-05-15 16:54:15,736] {logging_mixin.py:104} INFO - [2022-05-15 16:54:15,736] {dag.py:2306} INFO - Setting next_dagrun for example_external_task_marker_child to None
[2022-05-15 16:54:15,736] {logging_mixin.py:104} INFO - [2022-05-15 16:54:15,736] {dag.py:2306} INFO - Setting next_dagrun for example_external_task_marker_parent to None
[2022-05-15 16:54:15,779] {scheduler_job.py:190} INFO - Processing /home/airflow/.local/lib/python3.8/site-packages/airflow/example_dags/example_external_task_marker_dag.py took 0.078 seconds
[2022-05-15 16:54:46,760] {scheduler_job.py:182} INFO - Started process (PID=820) to work on /home/airflow/.local/lib/python3.8/site-packages/airflow/example_dags/example_external_task_marker_dag.py
[2022-05-15 16:54:46,761] {scheduler_job.py:633} INFO - Processing file /home/airflow/.local/lib/python3.8/site-packages/airflow/example_dags/example_external_task_marker_dag.py for tasks to queue
[2022-05-15 16:54:46,761] {logging_mixin.py:104} INFO - [2022-05-15 16:54:46,761] {dagbag.py:496} INFO - Filling up the DagBag from /home/airflow/.local/lib/python3.8/site-packages/airflow/example_dags/example_external_task_marker_dag.py
[2022-05-15 16:54:46,767] {scheduler_job.py:643} INFO - DAG(s) dict_keys(['example_external_task_marker_parent', 'example_external_task_marker_child']) retrieved from /home/airflow/.local/lib/python3.8/site-packages/airflow/example_dags/example_external_task_marker_dag.py
[2022-05-15 16:54:46,971] {logging_mixin.py:104} INFO - [2022-05-15 16:54:46,971] {dag.py:1833} INFO - Sync 2 DAGs
[2022-05-15 16:54:46,980] {logging_mixin.py:104} INFO - [2022-05-15 16:54:46,979] {dag.py:2306} INFO - Setting next_dagrun for example_external_task_marker_child to None
[2022-05-15 16:54:46,980] {logging_mixin.py:104} INFO - [2022-05-15 16:54:46,980] {dag.py:2306} INFO - Setting next_dagrun for example_external_task_marker_parent to None
[2022-05-15 16:54:46,994] {scheduler_job.py:190} INFO - Processing /home/airflow/.local/lib/python3.8/site-packages/airflow/example_dags/example_external_task_marker_dag.py took 0.236 seconds
[2022-05-15 16:55:47,855] {scheduler_job.py:182} INFO - Started process (PID=58) to work on /home/airflow/.local/lib/python3.8/site-packages/airflow/example_dags/example_external_task_marker_dag.py
[2022-05-15 16:55:47,856] {scheduler_job.py:633} INFO - Processing file /home/airflow/.local/lib/python3.8/site-packages/airflow/example_dags/example_external_task_marker_dag.py for tasks to queue
[2022-05-15 16:55:47,856] {logging_mixin.py:104} INFO - [2022-05-15 16:55:47,856] {dagbag.py:496} INFO - Filling up the DagBag from /home/airflow/.local/lib/python3.8/site-packages/airflow/example_dags/example_external_task_marker_dag.py
[2022-05-15 16:55:47,863] {scheduler_job.py:643} INFO - DAG(s) dict_keys(['example_external_task_marker_parent', 'example_external_task_marker_child']) retrieved from /home/airflow/.local/lib/python3.8/site-packages/airflow/example_dags/example_external_task_marker_dag.py
[2022-05-15 16:55:47,884] {logging_mixin.py:104} INFO - [2022-05-15 16:55:47,884] {dag.py:1833} INFO - Sync 2 DAGs
[2022-05-15 16:55:47,890] {logging_mixin.py:104} INFO - [2022-05-15 16:55:47,890] {dag.py:2306} INFO - Setting next_dagrun for example_external_task_marker_child to None
[2022-05-15 16:55:47,891] {logging_mixin.py:104} INFO - [2022-05-15 16:55:47,891] {dag.py:2306} INFO - Setting next_dagrun for example_external_task_marker_parent to None
[2022-05-15 16:55:47,899] {scheduler_job.py:190} INFO - Processing /home/airflow/.local/lib/python3.8/site-packages/airflow/example_dags/example_external_task_marker_dag.py took 0.045 seconds
[2022-05-15 16:56:19,856] {scheduler_job.py:182} INFO - Started process (PID=97) to work on /home/airflow/.local/lib/python3.8/site-packages/airflow/example_dags/example_external_task_marker_dag.py
[2022-05-15 16:56:19,857] {scheduler_job.py:633} INFO - Processing file /home/airflow/.local/lib/python3.8/site-packages/airflow/example_dags/example_external_task_marker_dag.py for tasks to queue
[2022-05-15 16:56:19,858] {logging_mixin.py:104} INFO - [2022-05-15 16:56:19,858] {dagbag.py:496} INFO - Filling up the DagBag from /home/airflow/.local/lib/python3.8/site-packages/airflow/example_dags/example_external_task_marker_dag.py
[2022-05-15 16:56:19,872] {scheduler_job.py:643} INFO - DAG(s) dict_keys(['example_external_task_marker_parent', 'example_external_task_marker_child']) retrieved from /home/airflow/.local/lib/python3.8/site-packages/airflow/example_dags/example_external_task_marker_dag.py
[2022-05-15 16:56:20,073] {logging_mixin.py:104} INFO - [2022-05-15 16:56:20,073] {dag.py:1833} INFO - Sync 2 DAGs
[2022-05-15 16:56:20,078] {logging_mixin.py:104} INFO - [2022-05-15 16:56:20,078] {dag.py:2306} INFO - Setting next_dagrun for example_external_task_marker_child to None
[2022-05-15 16:56:20,078] {logging_mixin.py:104} INFO - [2022-05-15 16:56:20,078] {dag.py:2306} INFO - Setting next_dagrun for example_external_task_marker_parent to None
[2022-05-15 16:56:20,087] {scheduler_job.py:190} INFO - Processing /home/airflow/.local/lib/python3.8/site-packages/airflow/example_dags/example_external_task_marker_dag.py took 0.234 seconds
[2022-05-15 16:56:51,105] {scheduler_job.py:182} INFO - Started process (PID=136) to work on /home/airflow/.local/lib/python3.8/site-packages/airflow/example_dags/example_external_task_marker_dag.py
[2022-05-15 16:56:51,106] {scheduler_job.py:633} INFO - Processing file /home/airflow/.local/lib/python3.8/site-packages/airflow/example_dags/example_external_task_marker_dag.py for tasks to queue
[2022-05-15 16:56:51,106] {logging_mixin.py:104} INFO - [2022-05-15 16:56:51,106] {dagbag.py:496} INFO - Filling up the DagBag from /home/airflow/.local/lib/python3.8/site-packages/airflow/example_dags/example_external_task_marker_dag.py
[2022-05-15 16:56:51,112] {scheduler_job.py:643} INFO - DAG(s) dict_keys(['example_external_task_marker_parent', 'example_external_task_marker_child']) retrieved from /home/airflow/.local/lib/python3.8/site-packages/airflow/example_dags/example_external_task_marker_dag.py
[2022-05-15 16:56:51,126] {logging_mixin.py:104} INFO - [2022-05-15 16:56:51,126] {dag.py:1833} INFO - Sync 2 DAGs
[2022-05-15 16:56:51,131] {logging_mixin.py:104} INFO - [2022-05-15 16:56:51,131] {dag.py:2306} INFO - Setting next_dagrun for example_external_task_marker_child to None
[2022-05-15 16:56:51,132] {logging_mixin.py:104} INFO - [2022-05-15 16:56:51,132] {dag.py:2306} INFO - Setting next_dagrun for example_external_task_marker_parent to None
[2022-05-15 16:56:51,142] {scheduler_job.py:190} INFO - Processing /home/airflow/.local/lib/python3.8/site-packages/airflow/example_dags/example_external_task_marker_dag.py took 0.038 seconds
[2022-05-15 16:57:22,789] {scheduler_job.py:182} INFO - Started process (PID=175) to work on /home/airflow/.local/lib/python3.8/site-packages/airflow/example_dags/example_external_task_marker_dag.py
[2022-05-15 16:57:22,790] {scheduler_job.py:633} INFO - Processing file /home/airflow/.local/lib/python3.8/site-packages/airflow/example_dags/example_external_task_marker_dag.py for tasks to queue
[2022-05-15 16:57:22,790] {logging_mixin.py:104} INFO - [2022-05-15 16:57:22,790] {dagbag.py:496} INFO - Filling up the DagBag from /home/airflow/.local/lib/python3.8/site-packages/airflow/example_dags/example_external_task_marker_dag.py
[2022-05-15 16:57:22,796] {scheduler_job.py:643} INFO - DAG(s) dict_keys(['example_external_task_marker_parent', 'example_external_task_marker_child']) retrieved from /home/airflow/.local/lib/python3.8/site-packages/airflow/example_dags/example_external_task_marker_dag.py
[2022-05-15 16:57:22,937] {logging_mixin.py:104} INFO - [2022-05-15 16:57:22,937] {dag.py:1833} INFO - Sync 2 DAGs
[2022-05-15 16:57:22,943] {logging_mixin.py:104} INFO - [2022-05-15 16:57:22,943] {dag.py:2306} INFO - Setting next_dagrun for example_external_task_marker_child to None
[2022-05-15 16:57:22,943] {logging_mixin.py:104} INFO - [2022-05-15 16:57:22,943] {dag.py:2306} INFO - Setting next_dagrun for example_external_task_marker_parent to None
[2022-05-15 16:57:22,953] {scheduler_job.py:190} INFO - Processing /home/airflow/.local/lib/python3.8/site-packages/airflow/example_dags/example_external_task_marker_dag.py took 0.165 seconds
