[2022-05-15 16:44:58,709] {scheduler_job.py:182} INFO - Started process (PID=58) to work on /home/airflow/.local/lib/python3.8/site-packages/airflow/example_dags/tutorial.py
[2022-05-15 16:44:58,709] {scheduler_job.py:633} INFO - Processing file /home/airflow/.local/lib/python3.8/site-packages/airflow/example_dags/tutorial.py for tasks to queue
[2022-05-15 16:44:58,710] {logging_mixin.py:104} INFO - [2022-05-15 16:44:58,710] {dagbag.py:496} INFO - Filling up the DagBag from /home/airflow/.local/lib/python3.8/site-packages/airflow/example_dags/tutorial.py
[2022-05-15 16:44:58,719] {scheduler_job.py:643} INFO - DAG(s) dict_keys(['tutorial']) retrieved from /home/airflow/.local/lib/python3.8/site-packages/airflow/example_dags/tutorial.py
[2022-05-15 16:44:58,736] {logging_mixin.py:104} INFO - [2022-05-15 16:44:58,736] {dag.py:1833} INFO - Sync 1 DAGs
[2022-05-15 16:44:58,744] {logging_mixin.py:104} INFO - [2022-05-15 16:44:58,743] {dag.py:2306} INFO - Setting next_dagrun for tutorial to 2022-05-13 00:00:00+00:00
[2022-05-15 16:44:58,750] {scheduler_job.py:190} INFO - Processing /home/airflow/.local/lib/python3.8/site-packages/airflow/example_dags/tutorial.py took 0.046 seconds
[2022-05-15 16:45:31,635] {scheduler_job.py:182} INFO - Started process (PID=97) to work on /home/airflow/.local/lib/python3.8/site-packages/airflow/example_dags/tutorial.py
[2022-05-15 16:45:31,637] {scheduler_job.py:633} INFO - Processing file /home/airflow/.local/lib/python3.8/site-packages/airflow/example_dags/tutorial.py for tasks to queue
[2022-05-15 16:45:31,638] {logging_mixin.py:104} INFO - [2022-05-15 16:45:31,638] {dagbag.py:496} INFO - Filling up the DagBag from /home/airflow/.local/lib/python3.8/site-packages/airflow/example_dags/tutorial.py
[2022-05-15 16:45:31,658] {scheduler_job.py:643} INFO - DAG(s) dict_keys(['tutorial']) retrieved from /home/airflow/.local/lib/python3.8/site-packages/airflow/example_dags/tutorial.py
[2022-05-15 16:45:31,696] {logging_mixin.py:104} INFO - [2022-05-15 16:45:31,695] {dag.py:1833} INFO - Sync 1 DAGs
[2022-05-15 16:45:31,715] {logging_mixin.py:104} INFO - [2022-05-15 16:45:31,715] {dag.py:2306} INFO - Setting next_dagrun for tutorial to 2022-05-13 00:00:00+00:00
[2022-05-15 16:45:31,737] {scheduler_job.py:190} INFO - Processing /home/airflow/.local/lib/python3.8/site-packages/airflow/example_dags/tutorial.py took 0.107 seconds
[2022-05-15 16:46:03,104] {scheduler_job.py:182} INFO - Started process (PID=136) to work on /home/airflow/.local/lib/python3.8/site-packages/airflow/example_dags/tutorial.py
[2022-05-15 16:46:03,107] {scheduler_job.py:633} INFO - Processing file /home/airflow/.local/lib/python3.8/site-packages/airflow/example_dags/tutorial.py for tasks to queue
[2022-05-15 16:46:03,108] {logging_mixin.py:104} INFO - [2022-05-15 16:46:03,108] {dagbag.py:496} INFO - Filling up the DagBag from /home/airflow/.local/lib/python3.8/site-packages/airflow/example_dags/tutorial.py
[2022-05-15 16:46:03,144] {scheduler_job.py:643} INFO - DAG(s) dict_keys(['tutorial']) retrieved from /home/airflow/.local/lib/python3.8/site-packages/airflow/example_dags/tutorial.py
[2022-05-15 16:46:03,220] {logging_mixin.py:104} INFO - [2022-05-15 16:46:03,220] {dag.py:1833} INFO - Sync 1 DAGs
[2022-05-15 16:46:03,250] {logging_mixin.py:104} INFO - [2022-05-15 16:46:03,249] {dag.py:2306} INFO - Setting next_dagrun for tutorial to 2022-05-13 00:00:00+00:00
[2022-05-15 16:46:03,283] {scheduler_job.py:190} INFO - Processing /home/airflow/.local/lib/python3.8/site-packages/airflow/example_dags/tutorial.py took 0.185 seconds
[2022-05-15 16:46:34,211] {scheduler_job.py:182} INFO - Started process (PID=175) to work on /home/airflow/.local/lib/python3.8/site-packages/airflow/example_dags/tutorial.py
[2022-05-15 16:46:34,213] {scheduler_job.py:633} INFO - Processing file /home/airflow/.local/lib/python3.8/site-packages/airflow/example_dags/tutorial.py for tasks to queue
[2022-05-15 16:46:34,214] {logging_mixin.py:104} INFO - [2022-05-15 16:46:34,214] {dagbag.py:496} INFO - Filling up the DagBag from /home/airflow/.local/lib/python3.8/site-packages/airflow/example_dags/tutorial.py
[2022-05-15 16:46:34,235] {scheduler_job.py:643} INFO - DAG(s) dict_keys(['tutorial']) retrieved from /home/airflow/.local/lib/python3.8/site-packages/airflow/example_dags/tutorial.py
[2022-05-15 16:46:34,259] {logging_mixin.py:104} INFO - [2022-05-15 16:46:34,259] {dag.py:1833} INFO - Sync 1 DAGs
[2022-05-15 16:46:34,266] {logging_mixin.py:104} INFO - [2022-05-15 16:46:34,266] {dag.py:2306} INFO - Setting next_dagrun for tutorial to 2022-05-13 00:00:00+00:00
[2022-05-15 16:46:34,287] {scheduler_job.py:190} INFO - Processing /home/airflow/.local/lib/python3.8/site-packages/airflow/example_dags/tutorial.py took 0.082 seconds
[2022-05-15 16:47:05,192] {scheduler_job.py:182} INFO - Started process (PID=214) to work on /home/airflow/.local/lib/python3.8/site-packages/airflow/example_dags/tutorial.py
[2022-05-15 16:47:05,195] {scheduler_job.py:633} INFO - Processing file /home/airflow/.local/lib/python3.8/site-packages/airflow/example_dags/tutorial.py for tasks to queue
[2022-05-15 16:47:05,197] {logging_mixin.py:104} INFO - [2022-05-15 16:47:05,196] {dagbag.py:496} INFO - Filling up the DagBag from /home/airflow/.local/lib/python3.8/site-packages/airflow/example_dags/tutorial.py
[2022-05-15 16:47:05,219] {scheduler_job.py:643} INFO - DAG(s) dict_keys(['tutorial']) retrieved from /home/airflow/.local/lib/python3.8/site-packages/airflow/example_dags/tutorial.py
[2022-05-15 16:47:05,247] {logging_mixin.py:104} INFO - [2022-05-15 16:47:05,247] {dag.py:1833} INFO - Sync 1 DAGs
[2022-05-15 16:47:05,262] {logging_mixin.py:104} INFO - [2022-05-15 16:47:05,262] {dag.py:2306} INFO - Setting next_dagrun for tutorial to 2022-05-13 00:00:00+00:00
[2022-05-15 16:47:05,282] {scheduler_job.py:190} INFO - Processing /home/airflow/.local/lib/python3.8/site-packages/airflow/example_dags/tutorial.py took 0.098 seconds
[2022-05-15 16:47:35,492] {scheduler_job.py:182} INFO - Started process (PID=263) to work on /home/airflow/.local/lib/python3.8/site-packages/airflow/example_dags/tutorial.py
[2022-05-15 16:47:35,493] {scheduler_job.py:633} INFO - Processing file /home/airflow/.local/lib/python3.8/site-packages/airflow/example_dags/tutorial.py for tasks to queue
[2022-05-15 16:47:35,494] {logging_mixin.py:104} INFO - [2022-05-15 16:47:35,494] {dagbag.py:496} INFO - Filling up the DagBag from /home/airflow/.local/lib/python3.8/site-packages/airflow/example_dags/tutorial.py
[2022-05-15 16:47:35,502] {scheduler_job.py:643} INFO - DAG(s) dict_keys(['tutorial']) retrieved from /home/airflow/.local/lib/python3.8/site-packages/airflow/example_dags/tutorial.py
[2022-05-15 16:47:35,535] {logging_mixin.py:104} INFO - [2022-05-15 16:47:35,535] {dag.py:1833} INFO - Sync 1 DAGs
[2022-05-15 16:47:35,545] {logging_mixin.py:104} INFO - [2022-05-15 16:47:35,545] {dag.py:2306} INFO - Setting next_dagrun for tutorial to 2022-05-13 00:00:00+00:00
[2022-05-15 16:47:35,553] {scheduler_job.py:190} INFO - Processing /home/airflow/.local/lib/python3.8/site-packages/airflow/example_dags/tutorial.py took 0.064 seconds
[2022-05-15 16:48:06,251] {scheduler_job.py:182} INFO - Started process (PID=312) to work on /home/airflow/.local/lib/python3.8/site-packages/airflow/example_dags/tutorial.py
[2022-05-15 16:48:06,251] {scheduler_job.py:633} INFO - Processing file /home/airflow/.local/lib/python3.8/site-packages/airflow/example_dags/tutorial.py for tasks to queue
[2022-05-15 16:48:06,252] {logging_mixin.py:104} INFO - [2022-05-15 16:48:06,251] {dagbag.py:496} INFO - Filling up the DagBag from /home/airflow/.local/lib/python3.8/site-packages/airflow/example_dags/tutorial.py
[2022-05-15 16:48:06,258] {scheduler_job.py:643} INFO - DAG(s) dict_keys(['tutorial']) retrieved from /home/airflow/.local/lib/python3.8/site-packages/airflow/example_dags/tutorial.py
[2022-05-15 16:48:06,272] {logging_mixin.py:104} INFO - [2022-05-15 16:48:06,272] {dag.py:1833} INFO - Sync 1 DAGs
[2022-05-15 16:48:06,279] {logging_mixin.py:104} INFO - [2022-05-15 16:48:06,279] {dag.py:2306} INFO - Setting next_dagrun for tutorial to 2022-05-13 00:00:00+00:00
[2022-05-15 16:48:06,286] {scheduler_job.py:190} INFO - Processing /home/airflow/.local/lib/python3.8/site-packages/airflow/example_dags/tutorial.py took 0.037 seconds
[2022-05-15 16:48:36,947] {scheduler_job.py:182} INFO - Started process (PID=351) to work on /home/airflow/.local/lib/python3.8/site-packages/airflow/example_dags/tutorial.py
[2022-05-15 16:48:36,948] {scheduler_job.py:633} INFO - Processing file /home/airflow/.local/lib/python3.8/site-packages/airflow/example_dags/tutorial.py for tasks to queue
[2022-05-15 16:48:36,948] {logging_mixin.py:104} INFO - [2022-05-15 16:48:36,948] {dagbag.py:496} INFO - Filling up the DagBag from /home/airflow/.local/lib/python3.8/site-packages/airflow/example_dags/tutorial.py
[2022-05-15 16:48:36,958] {scheduler_job.py:643} INFO - DAG(s) dict_keys(['tutorial']) retrieved from /home/airflow/.local/lib/python3.8/site-packages/airflow/example_dags/tutorial.py
[2022-05-15 16:48:36,975] {logging_mixin.py:104} INFO - [2022-05-15 16:48:36,975] {dag.py:1833} INFO - Sync 1 DAGs
[2022-05-15 16:48:36,985] {logging_mixin.py:104} INFO - [2022-05-15 16:48:36,985] {dag.py:2306} INFO - Setting next_dagrun for tutorial to 2022-05-13 00:00:00+00:00
[2022-05-15 16:48:36,993] {scheduler_job.py:190} INFO - Processing /home/airflow/.local/lib/python3.8/site-packages/airflow/example_dags/tutorial.py took 0.047 seconds
[2022-05-15 16:49:07,882] {scheduler_job.py:182} INFO - Started process (PID=390) to work on /home/airflow/.local/lib/python3.8/site-packages/airflow/example_dags/tutorial.py
[2022-05-15 16:49:07,884] {scheduler_job.py:633} INFO - Processing file /home/airflow/.local/lib/python3.8/site-packages/airflow/example_dags/tutorial.py for tasks to queue
[2022-05-15 16:49:07,885] {logging_mixin.py:104} INFO - [2022-05-15 16:49:07,885] {dagbag.py:496} INFO - Filling up the DagBag from /home/airflow/.local/lib/python3.8/site-packages/airflow/example_dags/tutorial.py
[2022-05-15 16:49:07,908] {scheduler_job.py:643} INFO - DAG(s) dict_keys(['tutorial']) retrieved from /home/airflow/.local/lib/python3.8/site-packages/airflow/example_dags/tutorial.py
[2022-05-15 16:49:07,930] {logging_mixin.py:104} INFO - [2022-05-15 16:49:07,930] {dag.py:1833} INFO - Sync 1 DAGs
[2022-05-15 16:49:07,937] {logging_mixin.py:104} INFO - [2022-05-15 16:49:07,937] {dag.py:2306} INFO - Setting next_dagrun for tutorial to 2022-05-13 00:00:00+00:00
[2022-05-15 16:49:07,944] {scheduler_job.py:190} INFO - Processing /home/airflow/.local/lib/python3.8/site-packages/airflow/example_dags/tutorial.py took 0.067 seconds
[2022-05-15 16:49:38,097] {scheduler_job.py:182} INFO - Started process (PID=429) to work on /home/airflow/.local/lib/python3.8/site-packages/airflow/example_dags/tutorial.py
[2022-05-15 16:49:38,098] {scheduler_job.py:633} INFO - Processing file /home/airflow/.local/lib/python3.8/site-packages/airflow/example_dags/tutorial.py for tasks to queue
[2022-05-15 16:49:38,098] {logging_mixin.py:104} INFO - [2022-05-15 16:49:38,098] {dagbag.py:496} INFO - Filling up the DagBag from /home/airflow/.local/lib/python3.8/site-packages/airflow/example_dags/tutorial.py
[2022-05-15 16:49:38,104] {scheduler_job.py:643} INFO - DAG(s) dict_keys(['tutorial']) retrieved from /home/airflow/.local/lib/python3.8/site-packages/airflow/example_dags/tutorial.py
[2022-05-15 16:49:38,116] {logging_mixin.py:104} INFO - [2022-05-15 16:49:38,116] {dag.py:1833} INFO - Sync 1 DAGs
[2022-05-15 16:49:38,122] {logging_mixin.py:104} INFO - [2022-05-15 16:49:38,122] {dag.py:2306} INFO - Setting next_dagrun for tutorial to 2022-05-13 00:00:00+00:00
[2022-05-15 16:49:38,129] {scheduler_job.py:190} INFO - Processing /home/airflow/.local/lib/python3.8/site-packages/airflow/example_dags/tutorial.py took 0.034 seconds
[2022-05-15 16:50:09,285] {scheduler_job.py:182} INFO - Started process (PID=468) to work on /home/airflow/.local/lib/python3.8/site-packages/airflow/example_dags/tutorial.py
[2022-05-15 16:50:09,285] {scheduler_job.py:633} INFO - Processing file /home/airflow/.local/lib/python3.8/site-packages/airflow/example_dags/tutorial.py for tasks to queue
[2022-05-15 16:50:09,286] {logging_mixin.py:104} INFO - [2022-05-15 16:50:09,286] {dagbag.py:496} INFO - Filling up the DagBag from /home/airflow/.local/lib/python3.8/site-packages/airflow/example_dags/tutorial.py
[2022-05-15 16:50:09,293] {scheduler_job.py:643} INFO - DAG(s) dict_keys(['tutorial']) retrieved from /home/airflow/.local/lib/python3.8/site-packages/airflow/example_dags/tutorial.py
[2022-05-15 16:50:09,309] {logging_mixin.py:104} INFO - [2022-05-15 16:50:09,309] {dag.py:1833} INFO - Sync 1 DAGs
[2022-05-15 16:50:09,316] {logging_mixin.py:104} INFO - [2022-05-15 16:50:09,316] {dag.py:2306} INFO - Setting next_dagrun for tutorial to 2022-05-13 00:00:00+00:00
[2022-05-15 16:50:09,324] {scheduler_job.py:190} INFO - Processing /home/airflow/.local/lib/python3.8/site-packages/airflow/example_dags/tutorial.py took 0.044 seconds
[2022-05-15 16:50:40,586] {scheduler_job.py:182} INFO - Started process (PID=507) to work on /home/airflow/.local/lib/python3.8/site-packages/airflow/example_dags/tutorial.py
[2022-05-15 16:50:40,587] {scheduler_job.py:633} INFO - Processing file /home/airflow/.local/lib/python3.8/site-packages/airflow/example_dags/tutorial.py for tasks to queue
[2022-05-15 16:50:40,589] {logging_mixin.py:104} INFO - [2022-05-15 16:50:40,589] {dagbag.py:496} INFO - Filling up the DagBag from /home/airflow/.local/lib/python3.8/site-packages/airflow/example_dags/tutorial.py
[2022-05-15 16:50:40,606] {scheduler_job.py:643} INFO - DAG(s) dict_keys(['tutorial']) retrieved from /home/airflow/.local/lib/python3.8/site-packages/airflow/example_dags/tutorial.py
[2022-05-15 16:50:40,646] {logging_mixin.py:104} INFO - [2022-05-15 16:50:40,646] {dag.py:1833} INFO - Sync 1 DAGs
[2022-05-15 16:50:40,668] {logging_mixin.py:104} INFO - [2022-05-15 16:50:40,667] {dag.py:2306} INFO - Setting next_dagrun for tutorial to 2022-05-13 00:00:00+00:00
[2022-05-15 16:50:40,687] {scheduler_job.py:190} INFO - Processing /home/airflow/.local/lib/python3.8/site-packages/airflow/example_dags/tutorial.py took 0.105 seconds
[2022-05-15 16:51:11,047] {scheduler_job.py:182} INFO - Started process (PID=546) to work on /home/airflow/.local/lib/python3.8/site-packages/airflow/example_dags/tutorial.py
[2022-05-15 16:51:11,049] {scheduler_job.py:633} INFO - Processing file /home/airflow/.local/lib/python3.8/site-packages/airflow/example_dags/tutorial.py for tasks to queue
[2022-05-15 16:51:11,050] {logging_mixin.py:104} INFO - [2022-05-15 16:51:11,050] {dagbag.py:496} INFO - Filling up the DagBag from /home/airflow/.local/lib/python3.8/site-packages/airflow/example_dags/tutorial.py
[2022-05-15 16:51:11,075] {scheduler_job.py:643} INFO - DAG(s) dict_keys(['tutorial']) retrieved from /home/airflow/.local/lib/python3.8/site-packages/airflow/example_dags/tutorial.py
[2022-05-15 16:51:11,132] {logging_mixin.py:104} INFO - [2022-05-15 16:51:11,132] {dag.py:1833} INFO - Sync 1 DAGs
[2022-05-15 16:51:11,153] {logging_mixin.py:104} INFO - [2022-05-15 16:51:11,153] {dag.py:2306} INFO - Setting next_dagrun for tutorial to 2022-05-13 00:00:00+00:00
[2022-05-15 16:51:11,180] {scheduler_job.py:190} INFO - Processing /home/airflow/.local/lib/python3.8/site-packages/airflow/example_dags/tutorial.py took 0.136 seconds
[2022-05-15 16:51:41,354] {scheduler_job.py:182} INFO - Started process (PID=585) to work on /home/airflow/.local/lib/python3.8/site-packages/airflow/example_dags/tutorial.py
[2022-05-15 16:51:41,355] {scheduler_job.py:633} INFO - Processing file /home/airflow/.local/lib/python3.8/site-packages/airflow/example_dags/tutorial.py for tasks to queue
[2022-05-15 16:51:41,355] {logging_mixin.py:104} INFO - [2022-05-15 16:51:41,355] {dagbag.py:496} INFO - Filling up the DagBag from /home/airflow/.local/lib/python3.8/site-packages/airflow/example_dags/tutorial.py
[2022-05-15 16:51:41,364] {scheduler_job.py:643} INFO - DAG(s) dict_keys(['tutorial']) retrieved from /home/airflow/.local/lib/python3.8/site-packages/airflow/example_dags/tutorial.py
[2022-05-15 16:51:41,381] {logging_mixin.py:104} INFO - [2022-05-15 16:51:41,381] {dag.py:1833} INFO - Sync 1 DAGs
[2022-05-15 16:51:41,387] {logging_mixin.py:104} INFO - [2022-05-15 16:51:41,387] {dag.py:2306} INFO - Setting next_dagrun for tutorial to 2022-05-13 00:00:00+00:00
[2022-05-15 16:51:41,394] {scheduler_job.py:190} INFO - Processing /home/airflow/.local/lib/python3.8/site-packages/airflow/example_dags/tutorial.py took 0.042 seconds
[2022-05-15 16:52:12,184] {scheduler_job.py:182} INFO - Started process (PID=624) to work on /home/airflow/.local/lib/python3.8/site-packages/airflow/example_dags/tutorial.py
[2022-05-15 16:52:12,184] {scheduler_job.py:633} INFO - Processing file /home/airflow/.local/lib/python3.8/site-packages/airflow/example_dags/tutorial.py for tasks to queue
[2022-05-15 16:52:12,185] {logging_mixin.py:104} INFO - [2022-05-15 16:52:12,185] {dagbag.py:496} INFO - Filling up the DagBag from /home/airflow/.local/lib/python3.8/site-packages/airflow/example_dags/tutorial.py
[2022-05-15 16:52:12,191] {scheduler_job.py:643} INFO - DAG(s) dict_keys(['tutorial']) retrieved from /home/airflow/.local/lib/python3.8/site-packages/airflow/example_dags/tutorial.py
[2022-05-15 16:52:12,206] {logging_mixin.py:104} INFO - [2022-05-15 16:52:12,206] {dag.py:1833} INFO - Sync 1 DAGs
[2022-05-15 16:52:12,213] {logging_mixin.py:104} INFO - [2022-05-15 16:52:12,213] {dag.py:2306} INFO - Setting next_dagrun for tutorial to 2022-05-13 00:00:00+00:00
[2022-05-15 16:52:12,221] {scheduler_job.py:190} INFO - Processing /home/airflow/.local/lib/python3.8/site-packages/airflow/example_dags/tutorial.py took 0.039 seconds
[2022-05-15 16:52:42,781] {scheduler_job.py:182} INFO - Started process (PID=663) to work on /home/airflow/.local/lib/python3.8/site-packages/airflow/example_dags/tutorial.py
[2022-05-15 16:52:42,783] {scheduler_job.py:633} INFO - Processing file /home/airflow/.local/lib/python3.8/site-packages/airflow/example_dags/tutorial.py for tasks to queue
[2022-05-15 16:52:42,784] {logging_mixin.py:104} INFO - [2022-05-15 16:52:42,784] {dagbag.py:496} INFO - Filling up the DagBag from /home/airflow/.local/lib/python3.8/site-packages/airflow/example_dags/tutorial.py
[2022-05-15 16:52:42,806] {scheduler_job.py:643} INFO - DAG(s) dict_keys(['tutorial']) retrieved from /home/airflow/.local/lib/python3.8/site-packages/airflow/example_dags/tutorial.py
[2022-05-15 16:52:42,865] {logging_mixin.py:104} INFO - [2022-05-15 16:52:42,865] {dag.py:1833} INFO - Sync 1 DAGs
[2022-05-15 16:52:42,898] {logging_mixin.py:104} INFO - [2022-05-15 16:52:42,898] {dag.py:2306} INFO - Setting next_dagrun for tutorial to 2022-05-13 00:00:00+00:00
[2022-05-15 16:52:42,926] {scheduler_job.py:190} INFO - Processing /home/airflow/.local/lib/python3.8/site-packages/airflow/example_dags/tutorial.py took 0.151 seconds
[2022-05-15 16:53:13,002] {scheduler_job.py:182} INFO - Started process (PID=701) to work on /home/airflow/.local/lib/python3.8/site-packages/airflow/example_dags/tutorial.py
[2022-05-15 16:53:13,003] {scheduler_job.py:633} INFO - Processing file /home/airflow/.local/lib/python3.8/site-packages/airflow/example_dags/tutorial.py for tasks to queue
[2022-05-15 16:53:13,003] {logging_mixin.py:104} INFO - [2022-05-15 16:53:13,003] {dagbag.py:496} INFO - Filling up the DagBag from /home/airflow/.local/lib/python3.8/site-packages/airflow/example_dags/tutorial.py
[2022-05-15 16:53:13,009] {scheduler_job.py:643} INFO - DAG(s) dict_keys(['tutorial']) retrieved from /home/airflow/.local/lib/python3.8/site-packages/airflow/example_dags/tutorial.py
[2022-05-15 16:53:13,021] {logging_mixin.py:104} INFO - [2022-05-15 16:53:13,021] {dag.py:1833} INFO - Sync 1 DAGs
[2022-05-15 16:53:13,027] {logging_mixin.py:104} INFO - [2022-05-15 16:53:13,027] {dag.py:2306} INFO - Setting next_dagrun for tutorial to 2022-05-13 00:00:00+00:00
[2022-05-15 16:53:13,034] {scheduler_job.py:190} INFO - Processing /home/airflow/.local/lib/python3.8/site-packages/airflow/example_dags/tutorial.py took 0.034 seconds
[2022-05-15 16:53:43,613] {scheduler_job.py:182} INFO - Started process (PID=740) to work on /home/airflow/.local/lib/python3.8/site-packages/airflow/example_dags/tutorial.py
[2022-05-15 16:53:43,615] {scheduler_job.py:633} INFO - Processing file /home/airflow/.local/lib/python3.8/site-packages/airflow/example_dags/tutorial.py for tasks to queue
[2022-05-15 16:53:43,615] {logging_mixin.py:104} INFO - [2022-05-15 16:53:43,615] {dagbag.py:496} INFO - Filling up the DagBag from /home/airflow/.local/lib/python3.8/site-packages/airflow/example_dags/tutorial.py
[2022-05-15 16:53:43,629] {scheduler_job.py:643} INFO - DAG(s) dict_keys(['tutorial']) retrieved from /home/airflow/.local/lib/python3.8/site-packages/airflow/example_dags/tutorial.py
[2022-05-15 16:53:43,647] {logging_mixin.py:104} INFO - [2022-05-15 16:53:43,647] {dag.py:1833} INFO - Sync 1 DAGs
[2022-05-15 16:53:43,655] {logging_mixin.py:104} INFO - [2022-05-15 16:53:43,655] {dag.py:2306} INFO - Setting next_dagrun for tutorial to 2022-05-13 00:00:00+00:00
[2022-05-15 16:53:43,668] {scheduler_job.py:190} INFO - Processing /home/airflow/.local/lib/python3.8/site-packages/airflow/example_dags/tutorial.py took 0.056 seconds
[2022-05-15 16:54:15,611] {scheduler_job.py:182} INFO - Started process (PID=779) to work on /home/airflow/.local/lib/python3.8/site-packages/airflow/example_dags/tutorial.py
[2022-05-15 16:54:15,612] {scheduler_job.py:633} INFO - Processing file /home/airflow/.local/lib/python3.8/site-packages/airflow/example_dags/tutorial.py for tasks to queue
[2022-05-15 16:54:15,613] {logging_mixin.py:104} INFO - [2022-05-15 16:54:15,613] {dagbag.py:496} INFO - Filling up the DagBag from /home/airflow/.local/lib/python3.8/site-packages/airflow/example_dags/tutorial.py
[2022-05-15 16:54:15,619] {scheduler_job.py:643} INFO - DAG(s) dict_keys(['tutorial']) retrieved from /home/airflow/.local/lib/python3.8/site-packages/airflow/example_dags/tutorial.py
[2022-05-15 16:54:15,633] {logging_mixin.py:104} INFO - [2022-05-15 16:54:15,633] {dag.py:1833} INFO - Sync 1 DAGs
[2022-05-15 16:54:15,639] {logging_mixin.py:104} INFO - [2022-05-15 16:54:15,639] {dag.py:2306} INFO - Setting next_dagrun for tutorial to 2022-05-13 00:00:00+00:00
[2022-05-15 16:54:15,689] {scheduler_job.py:190} INFO - Processing /home/airflow/.local/lib/python3.8/site-packages/airflow/example_dags/tutorial.py took 0.081 seconds
[2022-05-15 16:54:46,755] {scheduler_job.py:182} INFO - Started process (PID=819) to work on /home/airflow/.local/lib/python3.8/site-packages/airflow/example_dags/tutorial.py
[2022-05-15 16:54:46,756] {scheduler_job.py:633} INFO - Processing file /home/airflow/.local/lib/python3.8/site-packages/airflow/example_dags/tutorial.py for tasks to queue
[2022-05-15 16:54:46,756] {logging_mixin.py:104} INFO - [2022-05-15 16:54:46,756] {dagbag.py:496} INFO - Filling up the DagBag from /home/airflow/.local/lib/python3.8/site-packages/airflow/example_dags/tutorial.py
[2022-05-15 16:54:46,762] {scheduler_job.py:643} INFO - DAG(s) dict_keys(['tutorial']) retrieved from /home/airflow/.local/lib/python3.8/site-packages/airflow/example_dags/tutorial.py
[2022-05-15 16:54:46,775] {logging_mixin.py:104} INFO - [2022-05-15 16:54:46,775] {dag.py:1833} INFO - Sync 1 DAGs
[2022-05-15 16:54:46,781] {logging_mixin.py:104} INFO - [2022-05-15 16:54:46,781] {dag.py:2306} INFO - Setting next_dagrun for tutorial to 2022-05-13 00:00:00+00:00
[2022-05-15 16:54:46,788] {scheduler_job.py:190} INFO - Processing /home/airflow/.local/lib/python3.8/site-packages/airflow/example_dags/tutorial.py took 0.034 seconds
[2022-05-15 16:55:47,804] {scheduler_job.py:182} INFO - Started process (PID=57) to work on /home/airflow/.local/lib/python3.8/site-packages/airflow/example_dags/tutorial.py
[2022-05-15 16:55:47,804] {scheduler_job.py:633} INFO - Processing file /home/airflow/.local/lib/python3.8/site-packages/airflow/example_dags/tutorial.py for tasks to queue
[2022-05-15 16:55:47,804] {logging_mixin.py:104} INFO - [2022-05-15 16:55:47,804] {dagbag.py:496} INFO - Filling up the DagBag from /home/airflow/.local/lib/python3.8/site-packages/airflow/example_dags/tutorial.py
[2022-05-15 16:55:47,813] {scheduler_job.py:643} INFO - DAG(s) dict_keys(['tutorial']) retrieved from /home/airflow/.local/lib/python3.8/site-packages/airflow/example_dags/tutorial.py
[2022-05-15 16:55:47,827] {logging_mixin.py:104} INFO - [2022-05-15 16:55:47,827] {dag.py:1833} INFO - Sync 1 DAGs
[2022-05-15 16:55:47,837] {logging_mixin.py:104} INFO - [2022-05-15 16:55:47,836] {dag.py:2306} INFO - Setting next_dagrun for tutorial to 2022-05-13 00:00:00+00:00
[2022-05-15 16:55:47,847] {scheduler_job.py:190} INFO - Processing /home/airflow/.local/lib/python3.8/site-packages/airflow/example_dags/tutorial.py took 0.046 seconds
[2022-05-15 16:56:19,790] {scheduler_job.py:182} INFO - Started process (PID=96) to work on /home/airflow/.local/lib/python3.8/site-packages/airflow/example_dags/tutorial.py
[2022-05-15 16:56:19,791] {scheduler_job.py:633} INFO - Processing file /home/airflow/.local/lib/python3.8/site-packages/airflow/example_dags/tutorial.py for tasks to queue
[2022-05-15 16:56:19,792] {logging_mixin.py:104} INFO - [2022-05-15 16:56:19,792] {dagbag.py:496} INFO - Filling up the DagBag from /home/airflow/.local/lib/python3.8/site-packages/airflow/example_dags/tutorial.py
[2022-05-15 16:56:19,805] {scheduler_job.py:643} INFO - DAG(s) dict_keys(['tutorial']) retrieved from /home/airflow/.local/lib/python3.8/site-packages/airflow/example_dags/tutorial.py
[2022-05-15 16:56:19,835] {logging_mixin.py:104} INFO - [2022-05-15 16:56:19,834] {dag.py:1833} INFO - Sync 1 DAGs
[2022-05-15 16:56:19,850] {logging_mixin.py:104} INFO - [2022-05-15 16:56:19,850] {dag.py:2306} INFO - Setting next_dagrun for tutorial to 2022-05-13 00:00:00+00:00
[2022-05-15 16:56:19,866] {scheduler_job.py:190} INFO - Processing /home/airflow/.local/lib/python3.8/site-packages/airflow/example_dags/tutorial.py took 0.079 seconds
[2022-05-15 16:56:51,027] {scheduler_job.py:182} INFO - Started process (PID=135) to work on /home/airflow/.local/lib/python3.8/site-packages/airflow/example_dags/tutorial.py
[2022-05-15 16:56:51,030] {scheduler_job.py:633} INFO - Processing file /home/airflow/.local/lib/python3.8/site-packages/airflow/example_dags/tutorial.py for tasks to queue
[2022-05-15 16:56:51,033] {logging_mixin.py:104} INFO - [2022-05-15 16:56:51,032] {dagbag.py:496} INFO - Filling up the DagBag from /home/airflow/.local/lib/python3.8/site-packages/airflow/example_dags/tutorial.py
[2022-05-15 16:56:51,053] {scheduler_job.py:643} INFO - DAG(s) dict_keys(['tutorial']) retrieved from /home/airflow/.local/lib/python3.8/site-packages/airflow/example_dags/tutorial.py
[2022-05-15 16:56:51,078] {logging_mixin.py:104} INFO - [2022-05-15 16:56:51,078] {dag.py:1833} INFO - Sync 1 DAGs
[2022-05-15 16:56:51,091] {logging_mixin.py:104} INFO - [2022-05-15 16:56:51,091] {dag.py:2306} INFO - Setting next_dagrun for tutorial to 2022-05-13 00:00:00+00:00
[2022-05-15 16:56:51,099] {scheduler_job.py:190} INFO - Processing /home/airflow/.local/lib/python3.8/site-packages/airflow/example_dags/tutorial.py took 0.078 seconds
[2022-05-15 16:57:22,741] {scheduler_job.py:182} INFO - Started process (PID=174) to work on /home/airflow/.local/lib/python3.8/site-packages/airflow/example_dags/tutorial.py
[2022-05-15 16:57:22,742] {scheduler_job.py:633} INFO - Processing file /home/airflow/.local/lib/python3.8/site-packages/airflow/example_dags/tutorial.py for tasks to queue
[2022-05-15 16:57:22,742] {logging_mixin.py:104} INFO - [2022-05-15 16:57:22,742] {dagbag.py:496} INFO - Filling up the DagBag from /home/airflow/.local/lib/python3.8/site-packages/airflow/example_dags/tutorial.py
[2022-05-15 16:57:22,756] {scheduler_job.py:643} INFO - DAG(s) dict_keys(['tutorial']) retrieved from /home/airflow/.local/lib/python3.8/site-packages/airflow/example_dags/tutorial.py
[2022-05-15 16:57:22,774] {logging_mixin.py:104} INFO - [2022-05-15 16:57:22,774] {dag.py:1833} INFO - Sync 1 DAGs
[2022-05-15 16:57:22,780] {logging_mixin.py:104} INFO - [2022-05-15 16:57:22,780] {dag.py:2306} INFO - Setting next_dagrun for tutorial to 2022-05-13 00:00:00+00:00
[2022-05-15 16:57:22,788] {scheduler_job.py:190} INFO - Processing /home/airflow/.local/lib/python3.8/site-packages/airflow/example_dags/tutorial.py took 0.048 seconds
