[2022-05-15 16:44:58,013] {scheduler_job.py:182} INFO - Started process (PID=45) to work on /home/airflow/.local/lib/python3.8/site-packages/airflow/example_dags/tutorial_etl_dag.py
[2022-05-15 16:44:58,014] {scheduler_job.py:633} INFO - Processing file /home/airflow/.local/lib/python3.8/site-packages/airflow/example_dags/tutorial_etl_dag.py for tasks to queue
[2022-05-15 16:44:58,015] {logging_mixin.py:104} INFO - [2022-05-15 16:44:58,014] {dagbag.py:496} INFO - Filling up the DagBag from /home/airflow/.local/lib/python3.8/site-packages/airflow/example_dags/tutorial_etl_dag.py
[2022-05-15 16:44:58,028] {scheduler_job.py:643} INFO - DAG(s) dict_keys(['tutorial_etl_dag']) retrieved from /home/airflow/.local/lib/python3.8/site-packages/airflow/example_dags/tutorial_etl_dag.py
[2022-05-15 16:44:58,049] {logging_mixin.py:104} INFO - [2022-05-15 16:44:58,049] {dag.py:1833} INFO - Sync 1 DAGs
[2022-05-15 16:44:58,059] {logging_mixin.py:104} INFO - [2022-05-15 16:44:58,059] {dag.py:2306} INFO - Setting next_dagrun for tutorial_etl_dag to None
[2022-05-15 16:44:58,071] {scheduler_job.py:190} INFO - Processing /home/airflow/.local/lib/python3.8/site-packages/airflow/example_dags/tutorial_etl_dag.py took 0.061 seconds
[2022-05-15 16:45:30,589] {scheduler_job.py:182} INFO - Started process (PID=84) to work on /home/airflow/.local/lib/python3.8/site-packages/airflow/example_dags/tutorial_etl_dag.py
[2022-05-15 16:45:30,590] {scheduler_job.py:633} INFO - Processing file /home/airflow/.local/lib/python3.8/site-packages/airflow/example_dags/tutorial_etl_dag.py for tasks to queue
[2022-05-15 16:45:30,590] {logging_mixin.py:104} INFO - [2022-05-15 16:45:30,590] {dagbag.py:496} INFO - Filling up the DagBag from /home/airflow/.local/lib/python3.8/site-packages/airflow/example_dags/tutorial_etl_dag.py
[2022-05-15 16:45:30,602] {scheduler_job.py:643} INFO - DAG(s) dict_keys(['tutorial_etl_dag']) retrieved from /home/airflow/.local/lib/python3.8/site-packages/airflow/example_dags/tutorial_etl_dag.py
[2022-05-15 16:45:30,626] {logging_mixin.py:104} INFO - [2022-05-15 16:45:30,626] {dag.py:1833} INFO - Sync 1 DAGs
[2022-05-15 16:45:30,639] {logging_mixin.py:104} INFO - [2022-05-15 16:45:30,639] {dag.py:2306} INFO - Setting next_dagrun for tutorial_etl_dag to None
[2022-05-15 16:45:30,654] {scheduler_job.py:190} INFO - Processing /home/airflow/.local/lib/python3.8/site-packages/airflow/example_dags/tutorial_etl_dag.py took 0.069 seconds
[2022-05-15 16:46:01,049] {scheduler_job.py:182} INFO - Started process (PID=123) to work on /home/airflow/.local/lib/python3.8/site-packages/airflow/example_dags/tutorial_etl_dag.py
[2022-05-15 16:46:01,050] {scheduler_job.py:633} INFO - Processing file /home/airflow/.local/lib/python3.8/site-packages/airflow/example_dags/tutorial_etl_dag.py for tasks to queue
[2022-05-15 16:46:01,050] {logging_mixin.py:104} INFO - [2022-05-15 16:46:01,050] {dagbag.py:496} INFO - Filling up the DagBag from /home/airflow/.local/lib/python3.8/site-packages/airflow/example_dags/tutorial_etl_dag.py
[2022-05-15 16:46:01,058] {scheduler_job.py:643} INFO - DAG(s) dict_keys(['tutorial_etl_dag']) retrieved from /home/airflow/.local/lib/python3.8/site-packages/airflow/example_dags/tutorial_etl_dag.py
[2022-05-15 16:46:01,071] {logging_mixin.py:104} INFO - [2022-05-15 16:46:01,071] {dag.py:1833} INFO - Sync 1 DAGs
[2022-05-15 16:46:01,077] {logging_mixin.py:104} INFO - [2022-05-15 16:46:01,077] {dag.py:2306} INFO - Setting next_dagrun for tutorial_etl_dag to None
[2022-05-15 16:46:01,086] {scheduler_job.py:190} INFO - Processing /home/airflow/.local/lib/python3.8/site-packages/airflow/example_dags/tutorial_etl_dag.py took 0.039 seconds
[2022-05-15 16:46:32,481] {scheduler_job.py:182} INFO - Started process (PID=162) to work on /home/airflow/.local/lib/python3.8/site-packages/airflow/example_dags/tutorial_etl_dag.py
[2022-05-15 16:46:32,482] {scheduler_job.py:633} INFO - Processing file /home/airflow/.local/lib/python3.8/site-packages/airflow/example_dags/tutorial_etl_dag.py for tasks to queue
[2022-05-15 16:46:32,482] {logging_mixin.py:104} INFO - [2022-05-15 16:46:32,482] {dagbag.py:496} INFO - Filling up the DagBag from /home/airflow/.local/lib/python3.8/site-packages/airflow/example_dags/tutorial_etl_dag.py
[2022-05-15 16:46:32,488] {scheduler_job.py:643} INFO - DAG(s) dict_keys(['tutorial_etl_dag']) retrieved from /home/airflow/.local/lib/python3.8/site-packages/airflow/example_dags/tutorial_etl_dag.py
[2022-05-15 16:46:32,506] {logging_mixin.py:104} INFO - [2022-05-15 16:46:32,505] {dag.py:1833} INFO - Sync 1 DAGs
[2022-05-15 16:46:32,514] {logging_mixin.py:104} INFO - [2022-05-15 16:46:32,514] {dag.py:2306} INFO - Setting next_dagrun for tutorial_etl_dag to None
[2022-05-15 16:46:32,522] {scheduler_job.py:190} INFO - Processing /home/airflow/.local/lib/python3.8/site-packages/airflow/example_dags/tutorial_etl_dag.py took 0.043 seconds
[2022-05-15 16:47:02,996] {scheduler_job.py:182} INFO - Started process (PID=201) to work on /home/airflow/.local/lib/python3.8/site-packages/airflow/example_dags/tutorial_etl_dag.py
[2022-05-15 16:47:02,997] {scheduler_job.py:633} INFO - Processing file /home/airflow/.local/lib/python3.8/site-packages/airflow/example_dags/tutorial_etl_dag.py for tasks to queue
[2022-05-15 16:47:02,997] {logging_mixin.py:104} INFO - [2022-05-15 16:47:02,997] {dagbag.py:496} INFO - Filling up the DagBag from /home/airflow/.local/lib/python3.8/site-packages/airflow/example_dags/tutorial_etl_dag.py
[2022-05-15 16:47:03,008] {scheduler_job.py:643} INFO - DAG(s) dict_keys(['tutorial_etl_dag']) retrieved from /home/airflow/.local/lib/python3.8/site-packages/airflow/example_dags/tutorial_etl_dag.py
[2022-05-15 16:47:03,025] {logging_mixin.py:104} INFO - [2022-05-15 16:47:03,025] {dag.py:1833} INFO - Sync 1 DAGs
[2022-05-15 16:47:03,032] {logging_mixin.py:104} INFO - [2022-05-15 16:47:03,032] {dag.py:2306} INFO - Setting next_dagrun for tutorial_etl_dag to None
[2022-05-15 16:47:03,044] {scheduler_job.py:190} INFO - Processing /home/airflow/.local/lib/python3.8/site-packages/airflow/example_dags/tutorial_etl_dag.py took 0.052 seconds
[2022-05-15 16:47:33,503] {scheduler_job.py:182} INFO - Started process (PID=242) to work on /home/airflow/.local/lib/python3.8/site-packages/airflow/example_dags/tutorial_etl_dag.py
[2022-05-15 16:47:33,503] {scheduler_job.py:633} INFO - Processing file /home/airflow/.local/lib/python3.8/site-packages/airflow/example_dags/tutorial_etl_dag.py for tasks to queue
[2022-05-15 16:47:33,504] {logging_mixin.py:104} INFO - [2022-05-15 16:47:33,503] {dagbag.py:496} INFO - Filling up the DagBag from /home/airflow/.local/lib/python3.8/site-packages/airflow/example_dags/tutorial_etl_dag.py
[2022-05-15 16:47:33,512] {scheduler_job.py:643} INFO - DAG(s) dict_keys(['tutorial_etl_dag']) retrieved from /home/airflow/.local/lib/python3.8/site-packages/airflow/example_dags/tutorial_etl_dag.py
[2022-05-15 16:47:33,529] {logging_mixin.py:104} INFO - [2022-05-15 16:47:33,529] {dag.py:1833} INFO - Sync 1 DAGs
[2022-05-15 16:47:33,536] {logging_mixin.py:104} INFO - [2022-05-15 16:47:33,536] {dag.py:2306} INFO - Setting next_dagrun for tutorial_etl_dag to None
[2022-05-15 16:47:33,543] {scheduler_job.py:190} INFO - Processing /home/airflow/.local/lib/python3.8/site-packages/airflow/example_dags/tutorial_etl_dag.py took 0.043 seconds
[2022-05-15 16:48:04,651] {scheduler_job.py:182} INFO - Started process (PID=299) to work on /home/airflow/.local/lib/python3.8/site-packages/airflow/example_dags/tutorial_etl_dag.py
[2022-05-15 16:48:04,651] {scheduler_job.py:633} INFO - Processing file /home/airflow/.local/lib/python3.8/site-packages/airflow/example_dags/tutorial_etl_dag.py for tasks to queue
[2022-05-15 16:48:04,652] {logging_mixin.py:104} INFO - [2022-05-15 16:48:04,652] {dagbag.py:496} INFO - Filling up the DagBag from /home/airflow/.local/lib/python3.8/site-packages/airflow/example_dags/tutorial_etl_dag.py
[2022-05-15 16:48:04,659] {scheduler_job.py:643} INFO - DAG(s) dict_keys(['tutorial_etl_dag']) retrieved from /home/airflow/.local/lib/python3.8/site-packages/airflow/example_dags/tutorial_etl_dag.py
[2022-05-15 16:48:04,674] {logging_mixin.py:104} INFO - [2022-05-15 16:48:04,674] {dag.py:1833} INFO - Sync 1 DAGs
[2022-05-15 16:48:04,680] {logging_mixin.py:104} INFO - [2022-05-15 16:48:04,680] {dag.py:2306} INFO - Setting next_dagrun for tutorial_etl_dag to None
[2022-05-15 16:48:04,688] {scheduler_job.py:190} INFO - Processing /home/airflow/.local/lib/python3.8/site-packages/airflow/example_dags/tutorial_etl_dag.py took 0.039 seconds
[2022-05-15 16:48:35,301] {scheduler_job.py:182} INFO - Started process (PID=338) to work on /home/airflow/.local/lib/python3.8/site-packages/airflow/example_dags/tutorial_etl_dag.py
[2022-05-15 16:48:35,302] {scheduler_job.py:633} INFO - Processing file /home/airflow/.local/lib/python3.8/site-packages/airflow/example_dags/tutorial_etl_dag.py for tasks to queue
[2022-05-15 16:48:35,302] {logging_mixin.py:104} INFO - [2022-05-15 16:48:35,302] {dagbag.py:496} INFO - Filling up the DagBag from /home/airflow/.local/lib/python3.8/site-packages/airflow/example_dags/tutorial_etl_dag.py
[2022-05-15 16:48:35,308] {scheduler_job.py:643} INFO - DAG(s) dict_keys(['tutorial_etl_dag']) retrieved from /home/airflow/.local/lib/python3.8/site-packages/airflow/example_dags/tutorial_etl_dag.py
[2022-05-15 16:48:35,320] {logging_mixin.py:104} INFO - [2022-05-15 16:48:35,320] {dag.py:1833} INFO - Sync 1 DAGs
[2022-05-15 16:48:35,326] {logging_mixin.py:104} INFO - [2022-05-15 16:48:35,326] {dag.py:2306} INFO - Setting next_dagrun for tutorial_etl_dag to None
[2022-05-15 16:48:35,333] {scheduler_job.py:190} INFO - Processing /home/airflow/.local/lib/python3.8/site-packages/airflow/example_dags/tutorial_etl_dag.py took 0.033 seconds
[2022-05-15 16:49:05,947] {scheduler_job.py:182} INFO - Started process (PID=376) to work on /home/airflow/.local/lib/python3.8/site-packages/airflow/example_dags/tutorial_etl_dag.py
[2022-05-15 16:49:05,948] {scheduler_job.py:633} INFO - Processing file /home/airflow/.local/lib/python3.8/site-packages/airflow/example_dags/tutorial_etl_dag.py for tasks to queue
[2022-05-15 16:49:05,948] {logging_mixin.py:104} INFO - [2022-05-15 16:49:05,948] {dagbag.py:496} INFO - Filling up the DagBag from /home/airflow/.local/lib/python3.8/site-packages/airflow/example_dags/tutorial_etl_dag.py
[2022-05-15 16:49:05,959] {scheduler_job.py:643} INFO - DAG(s) dict_keys(['tutorial_etl_dag']) retrieved from /home/airflow/.local/lib/python3.8/site-packages/airflow/example_dags/tutorial_etl_dag.py
[2022-05-15 16:49:05,981] {logging_mixin.py:104} INFO - [2022-05-15 16:49:05,981] {dag.py:1833} INFO - Sync 1 DAGs
[2022-05-15 16:49:05,993] {logging_mixin.py:104} INFO - [2022-05-15 16:49:05,992] {dag.py:2306} INFO - Setting next_dagrun for tutorial_etl_dag to None
[2022-05-15 16:49:06,001] {scheduler_job.py:190} INFO - Processing /home/airflow/.local/lib/python3.8/site-packages/airflow/example_dags/tutorial_etl_dag.py took 0.057 seconds
[2022-05-15 16:49:36,385] {scheduler_job.py:182} INFO - Started process (PID=415) to work on /home/airflow/.local/lib/python3.8/site-packages/airflow/example_dags/tutorial_etl_dag.py
[2022-05-15 16:49:36,386] {scheduler_job.py:633} INFO - Processing file /home/airflow/.local/lib/python3.8/site-packages/airflow/example_dags/tutorial_etl_dag.py for tasks to queue
[2022-05-15 16:49:36,387] {logging_mixin.py:104} INFO - [2022-05-15 16:49:36,387] {dagbag.py:496} INFO - Filling up the DagBag from /home/airflow/.local/lib/python3.8/site-packages/airflow/example_dags/tutorial_etl_dag.py
[2022-05-15 16:49:36,393] {scheduler_job.py:643} INFO - DAG(s) dict_keys(['tutorial_etl_dag']) retrieved from /home/airflow/.local/lib/python3.8/site-packages/airflow/example_dags/tutorial_etl_dag.py
[2022-05-15 16:49:36,407] {logging_mixin.py:104} INFO - [2022-05-15 16:49:36,407] {dag.py:1833} INFO - Sync 1 DAGs
[2022-05-15 16:49:36,413] {logging_mixin.py:104} INFO - [2022-05-15 16:49:36,413] {dag.py:2306} INFO - Setting next_dagrun for tutorial_etl_dag to None
[2022-05-15 16:49:36,421] {scheduler_job.py:190} INFO - Processing /home/airflow/.local/lib/python3.8/site-packages/airflow/example_dags/tutorial_etl_dag.py took 0.037 seconds
[2022-05-15 16:50:07,492] {scheduler_job.py:182} INFO - Started process (PID=455) to work on /home/airflow/.local/lib/python3.8/site-packages/airflow/example_dags/tutorial_etl_dag.py
[2022-05-15 16:50:07,492] {scheduler_job.py:633} INFO - Processing file /home/airflow/.local/lib/python3.8/site-packages/airflow/example_dags/tutorial_etl_dag.py for tasks to queue
[2022-05-15 16:50:07,493] {logging_mixin.py:104} INFO - [2022-05-15 16:50:07,493] {dagbag.py:496} INFO - Filling up the DagBag from /home/airflow/.local/lib/python3.8/site-packages/airflow/example_dags/tutorial_etl_dag.py
[2022-05-15 16:50:07,499] {scheduler_job.py:643} INFO - DAG(s) dict_keys(['tutorial_etl_dag']) retrieved from /home/airflow/.local/lib/python3.8/site-packages/airflow/example_dags/tutorial_etl_dag.py
[2022-05-15 16:50:07,514] {logging_mixin.py:104} INFO - [2022-05-15 16:50:07,514] {dag.py:1833} INFO - Sync 1 DAGs
[2022-05-15 16:50:07,522] {logging_mixin.py:104} INFO - [2022-05-15 16:50:07,522] {dag.py:2306} INFO - Setting next_dagrun for tutorial_etl_dag to None
[2022-05-15 16:50:07,530] {scheduler_job.py:190} INFO - Processing /home/airflow/.local/lib/python3.8/site-packages/airflow/example_dags/tutorial_etl_dag.py took 0.039 seconds
[2022-05-15 16:50:38,312] {scheduler_job.py:182} INFO - Started process (PID=494) to work on /home/airflow/.local/lib/python3.8/site-packages/airflow/example_dags/tutorial_etl_dag.py
[2022-05-15 16:50:38,313] {scheduler_job.py:633} INFO - Processing file /home/airflow/.local/lib/python3.8/site-packages/airflow/example_dags/tutorial_etl_dag.py for tasks to queue
[2022-05-15 16:50:38,313] {logging_mixin.py:104} INFO - [2022-05-15 16:50:38,313] {dagbag.py:496} INFO - Filling up the DagBag from /home/airflow/.local/lib/python3.8/site-packages/airflow/example_dags/tutorial_etl_dag.py
[2022-05-15 16:50:38,321] {scheduler_job.py:643} INFO - DAG(s) dict_keys(['tutorial_etl_dag']) retrieved from /home/airflow/.local/lib/python3.8/site-packages/airflow/example_dags/tutorial_etl_dag.py
[2022-05-15 16:50:38,338] {logging_mixin.py:104} INFO - [2022-05-15 16:50:38,338] {dag.py:1833} INFO - Sync 1 DAGs
[2022-05-15 16:50:38,346] {logging_mixin.py:104} INFO - [2022-05-15 16:50:38,345] {dag.py:2306} INFO - Setting next_dagrun for tutorial_etl_dag to None
[2022-05-15 16:50:38,355] {scheduler_job.py:190} INFO - Processing /home/airflow/.local/lib/python3.8/site-packages/airflow/example_dags/tutorial_etl_dag.py took 0.044 seconds
[2022-05-15 16:51:09,227] {scheduler_job.py:182} INFO - Started process (PID=533) to work on /home/airflow/.local/lib/python3.8/site-packages/airflow/example_dags/tutorial_etl_dag.py
[2022-05-15 16:51:09,228] {scheduler_job.py:633} INFO - Processing file /home/airflow/.local/lib/python3.8/site-packages/airflow/example_dags/tutorial_etl_dag.py for tasks to queue
[2022-05-15 16:51:09,229] {logging_mixin.py:104} INFO - [2022-05-15 16:51:09,229] {dagbag.py:496} INFO - Filling up the DagBag from /home/airflow/.local/lib/python3.8/site-packages/airflow/example_dags/tutorial_etl_dag.py
[2022-05-15 16:51:09,251] {scheduler_job.py:643} INFO - DAG(s) dict_keys(['tutorial_etl_dag']) retrieved from /home/airflow/.local/lib/python3.8/site-packages/airflow/example_dags/tutorial_etl_dag.py
[2022-05-15 16:51:09,290] {logging_mixin.py:104} INFO - [2022-05-15 16:51:09,289] {dag.py:1833} INFO - Sync 1 DAGs
[2022-05-15 16:51:09,310] {logging_mixin.py:104} INFO - [2022-05-15 16:51:09,310] {dag.py:2306} INFO - Setting next_dagrun for tutorial_etl_dag to None
[2022-05-15 16:51:09,341] {scheduler_job.py:190} INFO - Processing /home/airflow/.local/lib/python3.8/site-packages/airflow/example_dags/tutorial_etl_dag.py took 0.118 seconds
[2022-05-15 16:51:39,434] {scheduler_job.py:182} INFO - Started process (PID=571) to work on /home/airflow/.local/lib/python3.8/site-packages/airflow/example_dags/tutorial_etl_dag.py
[2022-05-15 16:51:39,435] {scheduler_job.py:633} INFO - Processing file /home/airflow/.local/lib/python3.8/site-packages/airflow/example_dags/tutorial_etl_dag.py for tasks to queue
[2022-05-15 16:51:39,435] {logging_mixin.py:104} INFO - [2022-05-15 16:51:39,435] {dagbag.py:496} INFO - Filling up the DagBag from /home/airflow/.local/lib/python3.8/site-packages/airflow/example_dags/tutorial_etl_dag.py
[2022-05-15 16:51:39,441] {scheduler_job.py:643} INFO - DAG(s) dict_keys(['tutorial_etl_dag']) retrieved from /home/airflow/.local/lib/python3.8/site-packages/airflow/example_dags/tutorial_etl_dag.py
[2022-05-15 16:51:39,456] {logging_mixin.py:104} INFO - [2022-05-15 16:51:39,456] {dag.py:1833} INFO - Sync 1 DAGs
[2022-05-15 16:51:39,464] {logging_mixin.py:104} INFO - [2022-05-15 16:51:39,464] {dag.py:2306} INFO - Setting next_dagrun for tutorial_etl_dag to None
[2022-05-15 16:51:39,471] {scheduler_job.py:190} INFO - Processing /home/airflow/.local/lib/python3.8/site-packages/airflow/example_dags/tutorial_etl_dag.py took 0.038 seconds
[2022-05-15 16:52:10,266] {scheduler_job.py:182} INFO - Started process (PID=610) to work on /home/airflow/.local/lib/python3.8/site-packages/airflow/example_dags/tutorial_etl_dag.py
[2022-05-15 16:52:10,267] {scheduler_job.py:633} INFO - Processing file /home/airflow/.local/lib/python3.8/site-packages/airflow/example_dags/tutorial_etl_dag.py for tasks to queue
[2022-05-15 16:52:10,267] {logging_mixin.py:104} INFO - [2022-05-15 16:52:10,267] {dagbag.py:496} INFO - Filling up the DagBag from /home/airflow/.local/lib/python3.8/site-packages/airflow/example_dags/tutorial_etl_dag.py
[2022-05-15 16:52:10,273] {scheduler_job.py:643} INFO - DAG(s) dict_keys(['tutorial_etl_dag']) retrieved from /home/airflow/.local/lib/python3.8/site-packages/airflow/example_dags/tutorial_etl_dag.py
[2022-05-15 16:52:10,286] {logging_mixin.py:104} INFO - [2022-05-15 16:52:10,286] {dag.py:1833} INFO - Sync 1 DAGs
[2022-05-15 16:52:10,292] {logging_mixin.py:104} INFO - [2022-05-15 16:52:10,292] {dag.py:2306} INFO - Setting next_dagrun for tutorial_etl_dag to None
[2022-05-15 16:52:10,299] {scheduler_job.py:190} INFO - Processing /home/airflow/.local/lib/python3.8/site-packages/airflow/example_dags/tutorial_etl_dag.py took 0.034 seconds
[2022-05-15 16:52:40,757] {scheduler_job.py:182} INFO - Started process (PID=649) to work on /home/airflow/.local/lib/python3.8/site-packages/airflow/example_dags/tutorial_etl_dag.py
[2022-05-15 16:52:40,757] {scheduler_job.py:633} INFO - Processing file /home/airflow/.local/lib/python3.8/site-packages/airflow/example_dags/tutorial_etl_dag.py for tasks to queue
[2022-05-15 16:52:40,757] {logging_mixin.py:104} INFO - [2022-05-15 16:52:40,757] {dagbag.py:496} INFO - Filling up the DagBag from /home/airflow/.local/lib/python3.8/site-packages/airflow/example_dags/tutorial_etl_dag.py
[2022-05-15 16:52:40,765] {scheduler_job.py:643} INFO - DAG(s) dict_keys(['tutorial_etl_dag']) retrieved from /home/airflow/.local/lib/python3.8/site-packages/airflow/example_dags/tutorial_etl_dag.py
[2022-05-15 16:52:40,778] {logging_mixin.py:104} INFO - [2022-05-15 16:52:40,778] {dag.py:1833} INFO - Sync 1 DAGs
[2022-05-15 16:52:40,786] {logging_mixin.py:104} INFO - [2022-05-15 16:52:40,786] {dag.py:2306} INFO - Setting next_dagrun for tutorial_etl_dag to None
[2022-05-15 16:52:40,796] {scheduler_job.py:190} INFO - Processing /home/airflow/.local/lib/python3.8/site-packages/airflow/example_dags/tutorial_etl_dag.py took 0.041 seconds
[2022-05-15 16:53:11,212] {scheduler_job.py:182} INFO - Started process (PID=688) to work on /home/airflow/.local/lib/python3.8/site-packages/airflow/example_dags/tutorial_etl_dag.py
[2022-05-15 16:53:11,213] {scheduler_job.py:633} INFO - Processing file /home/airflow/.local/lib/python3.8/site-packages/airflow/example_dags/tutorial_etl_dag.py for tasks to queue
[2022-05-15 16:53:11,213] {logging_mixin.py:104} INFO - [2022-05-15 16:53:11,213] {dagbag.py:496} INFO - Filling up the DagBag from /home/airflow/.local/lib/python3.8/site-packages/airflow/example_dags/tutorial_etl_dag.py
[2022-05-15 16:53:11,221] {scheduler_job.py:643} INFO - DAG(s) dict_keys(['tutorial_etl_dag']) retrieved from /home/airflow/.local/lib/python3.8/site-packages/airflow/example_dags/tutorial_etl_dag.py
[2022-05-15 16:53:11,236] {logging_mixin.py:104} INFO - [2022-05-15 16:53:11,236] {dag.py:1833} INFO - Sync 1 DAGs
[2022-05-15 16:53:11,243] {logging_mixin.py:104} INFO - [2022-05-15 16:53:11,243] {dag.py:2306} INFO - Setting next_dagrun for tutorial_etl_dag to None
[2022-05-15 16:53:11,250] {scheduler_job.py:190} INFO - Processing /home/airflow/.local/lib/python3.8/site-packages/airflow/example_dags/tutorial_etl_dag.py took 0.041 seconds
[2022-05-15 16:53:42,104] {scheduler_job.py:182} INFO - Started process (PID=727) to work on /home/airflow/.local/lib/python3.8/site-packages/airflow/example_dags/tutorial_etl_dag.py
[2022-05-15 16:53:42,105] {scheduler_job.py:633} INFO - Processing file /home/airflow/.local/lib/python3.8/site-packages/airflow/example_dags/tutorial_etl_dag.py for tasks to queue
[2022-05-15 16:53:42,105] {logging_mixin.py:104} INFO - [2022-05-15 16:53:42,105] {dagbag.py:496} INFO - Filling up the DagBag from /home/airflow/.local/lib/python3.8/site-packages/airflow/example_dags/tutorial_etl_dag.py
[2022-05-15 16:53:42,112] {scheduler_job.py:643} INFO - DAG(s) dict_keys(['tutorial_etl_dag']) retrieved from /home/airflow/.local/lib/python3.8/site-packages/airflow/example_dags/tutorial_etl_dag.py
[2022-05-15 16:53:42,126] {logging_mixin.py:104} INFO - [2022-05-15 16:53:42,126] {dag.py:1833} INFO - Sync 1 DAGs
[2022-05-15 16:53:42,132] {logging_mixin.py:104} INFO - [2022-05-15 16:53:42,132] {dag.py:2306} INFO - Setting next_dagrun for tutorial_etl_dag to None
[2022-05-15 16:53:42,139] {scheduler_job.py:190} INFO - Processing /home/airflow/.local/lib/python3.8/site-packages/airflow/example_dags/tutorial_etl_dag.py took 0.038 seconds
[2022-05-15 16:54:13,927] {scheduler_job.py:182} INFO - Started process (PID=766) to work on /home/airflow/.local/lib/python3.8/site-packages/airflow/example_dags/tutorial_etl_dag.py
[2022-05-15 16:54:13,929] {scheduler_job.py:633} INFO - Processing file /home/airflow/.local/lib/python3.8/site-packages/airflow/example_dags/tutorial_etl_dag.py for tasks to queue
[2022-05-15 16:54:13,931] {logging_mixin.py:104} INFO - [2022-05-15 16:54:13,931] {dagbag.py:496} INFO - Filling up the DagBag from /home/airflow/.local/lib/python3.8/site-packages/airflow/example_dags/tutorial_etl_dag.py
[2022-05-15 16:54:13,969] {scheduler_job.py:643} INFO - DAG(s) dict_keys(['tutorial_etl_dag']) retrieved from /home/airflow/.local/lib/python3.8/site-packages/airflow/example_dags/tutorial_etl_dag.py
[2022-05-15 16:54:14,028] {logging_mixin.py:104} INFO - [2022-05-15 16:54:14,027] {dag.py:1833} INFO - Sync 1 DAGs
[2022-05-15 16:54:14,055] {logging_mixin.py:104} INFO - [2022-05-15 16:54:14,055] {dag.py:2306} INFO - Setting next_dagrun for tutorial_etl_dag to None
[2022-05-15 16:54:14,233] {scheduler_job.py:190} INFO - Processing /home/airflow/.local/lib/python3.8/site-packages/airflow/example_dags/tutorial_etl_dag.py took 0.317 seconds
[2022-05-15 16:54:44,902] {scheduler_job.py:182} INFO - Started process (PID=805) to work on /home/airflow/.local/lib/python3.8/site-packages/airflow/example_dags/tutorial_etl_dag.py
[2022-05-15 16:54:44,903] {scheduler_job.py:633} INFO - Processing file /home/airflow/.local/lib/python3.8/site-packages/airflow/example_dags/tutorial_etl_dag.py for tasks to queue
[2022-05-15 16:54:44,904] {logging_mixin.py:104} INFO - [2022-05-15 16:54:44,904] {dagbag.py:496} INFO - Filling up the DagBag from /home/airflow/.local/lib/python3.8/site-packages/airflow/example_dags/tutorial_etl_dag.py
[2022-05-15 16:54:44,911] {scheduler_job.py:643} INFO - DAG(s) dict_keys(['tutorial_etl_dag']) retrieved from /home/airflow/.local/lib/python3.8/site-packages/airflow/example_dags/tutorial_etl_dag.py
[2022-05-15 16:54:44,930] {logging_mixin.py:104} INFO - [2022-05-15 16:54:44,930] {dag.py:1833} INFO - Sync 1 DAGs
[2022-05-15 16:54:44,938] {logging_mixin.py:104} INFO - [2022-05-15 16:54:44,938] {dag.py:2306} INFO - Setting next_dagrun for tutorial_etl_dag to None
[2022-05-15 16:54:44,945] {scheduler_job.py:190} INFO - Processing /home/airflow/.local/lib/python3.8/site-packages/airflow/example_dags/tutorial_etl_dag.py took 0.046 seconds
[2022-05-15 16:55:47,382] {scheduler_job.py:182} INFO - Started process (PID=44) to work on /home/airflow/.local/lib/python3.8/site-packages/airflow/example_dags/tutorial_etl_dag.py
[2022-05-15 16:55:47,383] {scheduler_job.py:633} INFO - Processing file /home/airflow/.local/lib/python3.8/site-packages/airflow/example_dags/tutorial_etl_dag.py for tasks to queue
[2022-05-15 16:55:47,383] {logging_mixin.py:104} INFO - [2022-05-15 16:55:47,383] {dagbag.py:496} INFO - Filling up the DagBag from /home/airflow/.local/lib/python3.8/site-packages/airflow/example_dags/tutorial_etl_dag.py
[2022-05-15 16:55:47,390] {scheduler_job.py:643} INFO - DAG(s) dict_keys(['tutorial_etl_dag']) retrieved from /home/airflow/.local/lib/python3.8/site-packages/airflow/example_dags/tutorial_etl_dag.py
[2022-05-15 16:55:47,410] {logging_mixin.py:104} INFO - [2022-05-15 16:55:47,409] {dag.py:1833} INFO - Sync 1 DAGs
[2022-05-15 16:55:47,419] {logging_mixin.py:104} INFO - [2022-05-15 16:55:47,419] {dag.py:2306} INFO - Setting next_dagrun for tutorial_etl_dag to None
[2022-05-15 16:55:47,429] {scheduler_job.py:190} INFO - Processing /home/airflow/.local/lib/python3.8/site-packages/airflow/example_dags/tutorial_etl_dag.py took 0.048 seconds
[2022-05-15 16:56:18,627] {scheduler_job.py:182} INFO - Started process (PID=83) to work on /home/airflow/.local/lib/python3.8/site-packages/airflow/example_dags/tutorial_etl_dag.py
[2022-05-15 16:56:18,628] {scheduler_job.py:633} INFO - Processing file /home/airflow/.local/lib/python3.8/site-packages/airflow/example_dags/tutorial_etl_dag.py for tasks to queue
[2022-05-15 16:56:18,628] {logging_mixin.py:104} INFO - [2022-05-15 16:56:18,628] {dagbag.py:496} INFO - Filling up the DagBag from /home/airflow/.local/lib/python3.8/site-packages/airflow/example_dags/tutorial_etl_dag.py
[2022-05-15 16:56:18,638] {scheduler_job.py:643} INFO - DAG(s) dict_keys(['tutorial_etl_dag']) retrieved from /home/airflow/.local/lib/python3.8/site-packages/airflow/example_dags/tutorial_etl_dag.py
[2022-05-15 16:56:18,664] {logging_mixin.py:104} INFO - [2022-05-15 16:56:18,664] {dag.py:1833} INFO - Sync 1 DAGs
[2022-05-15 16:56:18,675] {logging_mixin.py:104} INFO - [2022-05-15 16:56:18,675] {dag.py:2306} INFO - Setting next_dagrun for tutorial_etl_dag to None
[2022-05-15 16:56:18,684] {scheduler_job.py:190} INFO - Processing /home/airflow/.local/lib/python3.8/site-packages/airflow/example_dags/tutorial_etl_dag.py took 0.061 seconds
[2022-05-15 16:56:48,992] {scheduler_job.py:182} INFO - Started process (PID=121) to work on /home/airflow/.local/lib/python3.8/site-packages/airflow/example_dags/tutorial_etl_dag.py
[2022-05-15 16:56:48,992] {scheduler_job.py:633} INFO - Processing file /home/airflow/.local/lib/python3.8/site-packages/airflow/example_dags/tutorial_etl_dag.py for tasks to queue
[2022-05-15 16:56:48,993] {logging_mixin.py:104} INFO - [2022-05-15 16:56:48,993] {dagbag.py:496} INFO - Filling up the DagBag from /home/airflow/.local/lib/python3.8/site-packages/airflow/example_dags/tutorial_etl_dag.py
[2022-05-15 16:56:48,999] {scheduler_job.py:643} INFO - DAG(s) dict_keys(['tutorial_etl_dag']) retrieved from /home/airflow/.local/lib/python3.8/site-packages/airflow/example_dags/tutorial_etl_dag.py
[2022-05-15 16:56:49,012] {logging_mixin.py:104} INFO - [2022-05-15 16:56:49,012] {dag.py:1833} INFO - Sync 1 DAGs
[2022-05-15 16:56:49,018] {logging_mixin.py:104} INFO - [2022-05-15 16:56:49,018] {dag.py:2306} INFO - Setting next_dagrun for tutorial_etl_dag to None
[2022-05-15 16:56:49,026] {scheduler_job.py:190} INFO - Processing /home/airflow/.local/lib/python3.8/site-packages/airflow/example_dags/tutorial_etl_dag.py took 0.036 seconds
[2022-05-15 16:57:21,480] {scheduler_job.py:182} INFO - Started process (PID=161) to work on /home/airflow/.local/lib/python3.8/site-packages/airflow/example_dags/tutorial_etl_dag.py
[2022-05-15 16:57:21,481] {scheduler_job.py:633} INFO - Processing file /home/airflow/.local/lib/python3.8/site-packages/airflow/example_dags/tutorial_etl_dag.py for tasks to queue
[2022-05-15 16:57:21,482] {logging_mixin.py:104} INFO - [2022-05-15 16:57:21,481] {dagbag.py:496} INFO - Filling up the DagBag from /home/airflow/.local/lib/python3.8/site-packages/airflow/example_dags/tutorial_etl_dag.py
[2022-05-15 16:57:21,499] {scheduler_job.py:643} INFO - DAG(s) dict_keys(['tutorial_etl_dag']) retrieved from /home/airflow/.local/lib/python3.8/site-packages/airflow/example_dags/tutorial_etl_dag.py
[2022-05-15 16:57:21,538] {logging_mixin.py:104} INFO - [2022-05-15 16:57:21,537] {dag.py:1833} INFO - Sync 1 DAGs
[2022-05-15 16:57:21,563] {logging_mixin.py:104} INFO - [2022-05-15 16:57:21,563] {dag.py:2306} INFO - Setting next_dagrun for tutorial_etl_dag to None
[2022-05-15 16:57:21,587] {scheduler_job.py:190} INFO - Processing /home/airflow/.local/lib/python3.8/site-packages/airflow/example_dags/tutorial_etl_dag.py took 0.111 seconds
