[2022-05-15 16:44:58,521] {scheduler_job.py:182} INFO - Started process (PID=54) to work on /home/airflow/.local/lib/python3.8/site-packages/airflow/example_dags/tutorial_taskflow_api_etl.py
[2022-05-15 16:44:58,522] {scheduler_job.py:633} INFO - Processing file /home/airflow/.local/lib/python3.8/site-packages/airflow/example_dags/tutorial_taskflow_api_etl.py for tasks to queue
[2022-05-15 16:44:58,522] {logging_mixin.py:104} INFO - [2022-05-15 16:44:58,522] {dagbag.py:496} INFO - Filling up the DagBag from /home/airflow/.local/lib/python3.8/site-packages/airflow/example_dags/tutorial_taskflow_api_etl.py
[2022-05-15 16:44:58,533] {scheduler_job.py:643} INFO - DAG(s) dict_keys(['tutorial_taskflow_api_etl']) retrieved from /home/airflow/.local/lib/python3.8/site-packages/airflow/example_dags/tutorial_taskflow_api_etl.py
[2022-05-15 16:44:58,545] {logging_mixin.py:104} INFO - [2022-05-15 16:44:58,545] {dag.py:1833} INFO - Sync 1 DAGs
[2022-05-15 16:44:58,552] {logging_mixin.py:104} INFO - [2022-05-15 16:44:58,552] {dag.py:2306} INFO - Setting next_dagrun for tutorial_taskflow_api_etl to None
[2022-05-15 16:44:58,560] {scheduler_job.py:190} INFO - Processing /home/airflow/.local/lib/python3.8/site-packages/airflow/example_dags/tutorial_taskflow_api_etl.py took 0.041 seconds
[2022-05-15 16:45:31,276] {scheduler_job.py:182} INFO - Started process (PID=93) to work on /home/airflow/.local/lib/python3.8/site-packages/airflow/example_dags/tutorial_taskflow_api_etl.py
[2022-05-15 16:45:31,277] {scheduler_job.py:633} INFO - Processing file /home/airflow/.local/lib/python3.8/site-packages/airflow/example_dags/tutorial_taskflow_api_etl.py for tasks to queue
[2022-05-15 16:45:31,278] {logging_mixin.py:104} INFO - [2022-05-15 16:45:31,278] {dagbag.py:496} INFO - Filling up the DagBag from /home/airflow/.local/lib/python3.8/site-packages/airflow/example_dags/tutorial_taskflow_api_etl.py
[2022-05-15 16:45:31,295] {scheduler_job.py:643} INFO - DAG(s) dict_keys(['tutorial_taskflow_api_etl']) retrieved from /home/airflow/.local/lib/python3.8/site-packages/airflow/example_dags/tutorial_taskflow_api_etl.py
[2022-05-15 16:45:31,599] {logging_mixin.py:104} INFO - [2022-05-15 16:45:31,599] {dag.py:1833} INFO - Sync 1 DAGs
[2022-05-15 16:45:31,616] {logging_mixin.py:104} INFO - [2022-05-15 16:45:31,615] {dag.py:2306} INFO - Setting next_dagrun for tutorial_taskflow_api_etl to None
[2022-05-15 16:45:31,649] {scheduler_job.py:190} INFO - Processing /home/airflow/.local/lib/python3.8/site-packages/airflow/example_dags/tutorial_taskflow_api_etl.py took 0.377 seconds
[2022-05-15 16:46:02,408] {scheduler_job.py:182} INFO - Started process (PID=132) to work on /home/airflow/.local/lib/python3.8/site-packages/airflow/example_dags/tutorial_taskflow_api_etl.py
[2022-05-15 16:46:02,409] {scheduler_job.py:633} INFO - Processing file /home/airflow/.local/lib/python3.8/site-packages/airflow/example_dags/tutorial_taskflow_api_etl.py for tasks to queue
[2022-05-15 16:46:02,410] {logging_mixin.py:104} INFO - [2022-05-15 16:46:02,410] {dagbag.py:496} INFO - Filling up the DagBag from /home/airflow/.local/lib/python3.8/site-packages/airflow/example_dags/tutorial_taskflow_api_etl.py
[2022-05-15 16:46:02,431] {scheduler_job.py:643} INFO - DAG(s) dict_keys(['tutorial_taskflow_api_etl']) retrieved from /home/airflow/.local/lib/python3.8/site-packages/airflow/example_dags/tutorial_taskflow_api_etl.py
[2022-05-15 16:46:02,847] {logging_mixin.py:104} INFO - [2022-05-15 16:46:02,847] {dag.py:1833} INFO - Sync 1 DAGs
[2022-05-15 16:46:02,871] {logging_mixin.py:104} INFO - [2022-05-15 16:46:02,871] {dag.py:2306} INFO - Setting next_dagrun for tutorial_taskflow_api_etl to None
[2022-05-15 16:46:02,912] {scheduler_job.py:190} INFO - Processing /home/airflow/.local/lib/python3.8/site-packages/airflow/example_dags/tutorial_taskflow_api_etl.py took 0.509 seconds
[2022-05-15 16:46:32,957] {scheduler_job.py:182} INFO - Started process (PID=171) to work on /home/airflow/.local/lib/python3.8/site-packages/airflow/example_dags/tutorial_taskflow_api_etl.py
[2022-05-15 16:46:32,957] {scheduler_job.py:633} INFO - Processing file /home/airflow/.local/lib/python3.8/site-packages/airflow/example_dags/tutorial_taskflow_api_etl.py for tasks to queue
[2022-05-15 16:46:32,958] {logging_mixin.py:104} INFO - [2022-05-15 16:46:32,958] {dagbag.py:496} INFO - Filling up the DagBag from /home/airflow/.local/lib/python3.8/site-packages/airflow/example_dags/tutorial_taskflow_api_etl.py
[2022-05-15 16:46:32,968] {scheduler_job.py:643} INFO - DAG(s) dict_keys(['tutorial_taskflow_api_etl']) retrieved from /home/airflow/.local/lib/python3.8/site-packages/airflow/example_dags/tutorial_taskflow_api_etl.py
[2022-05-15 16:46:33,120] {logging_mixin.py:104} INFO - [2022-05-15 16:46:33,119] {dag.py:1833} INFO - Sync 1 DAGs
[2022-05-15 16:46:33,126] {logging_mixin.py:104} INFO - [2022-05-15 16:46:33,126] {dag.py:2306} INFO - Setting next_dagrun for tutorial_taskflow_api_etl to None
[2022-05-15 16:46:33,137] {scheduler_job.py:190} INFO - Processing /home/airflow/.local/lib/python3.8/site-packages/airflow/example_dags/tutorial_taskflow_api_etl.py took 0.183 seconds
[2022-05-15 16:47:03,601] {scheduler_job.py:182} INFO - Started process (PID=210) to work on /home/airflow/.local/lib/python3.8/site-packages/airflow/example_dags/tutorial_taskflow_api_etl.py
[2022-05-15 16:47:03,604] {scheduler_job.py:633} INFO - Processing file /home/airflow/.local/lib/python3.8/site-packages/airflow/example_dags/tutorial_taskflow_api_etl.py for tasks to queue
[2022-05-15 16:47:03,606] {logging_mixin.py:104} INFO - [2022-05-15 16:47:03,606] {dagbag.py:496} INFO - Filling up the DagBag from /home/airflow/.local/lib/python3.8/site-packages/airflow/example_dags/tutorial_taskflow_api_etl.py
[2022-05-15 16:47:03,655] {scheduler_job.py:643} INFO - DAG(s) dict_keys(['tutorial_taskflow_api_etl']) retrieved from /home/airflow/.local/lib/python3.8/site-packages/airflow/example_dags/tutorial_taskflow_api_etl.py
[2022-05-15 16:47:04,087] {logging_mixin.py:104} INFO - [2022-05-15 16:47:04,087] {dag.py:1833} INFO - Sync 1 DAGs
[2022-05-15 16:47:04,095] {logging_mixin.py:104} INFO - [2022-05-15 16:47:04,095] {dag.py:2306} INFO - Setting next_dagrun for tutorial_taskflow_api_etl to None
[2022-05-15 16:47:04,162] {scheduler_job.py:190} INFO - Processing /home/airflow/.local/lib/python3.8/site-packages/airflow/example_dags/tutorial_taskflow_api_etl.py took 0.569 seconds
[2022-05-15 16:47:34,822] {scheduler_job.py:182} INFO - Started process (PID=258) to work on /home/airflow/.local/lib/python3.8/site-packages/airflow/example_dags/tutorial_taskflow_api_etl.py
[2022-05-15 16:47:34,823] {scheduler_job.py:633} INFO - Processing file /home/airflow/.local/lib/python3.8/site-packages/airflow/example_dags/tutorial_taskflow_api_etl.py for tasks to queue
[2022-05-15 16:47:34,824] {logging_mixin.py:104} INFO - [2022-05-15 16:47:34,824] {dagbag.py:496} INFO - Filling up the DagBag from /home/airflow/.local/lib/python3.8/site-packages/airflow/example_dags/tutorial_taskflow_api_etl.py
[2022-05-15 16:47:34,850] {scheduler_job.py:643} INFO - DAG(s) dict_keys(['tutorial_taskflow_api_etl']) retrieved from /home/airflow/.local/lib/python3.8/site-packages/airflow/example_dags/tutorial_taskflow_api_etl.py
[2022-05-15 16:47:35,159] {logging_mixin.py:104} INFO - [2022-05-15 16:47:35,159] {dag.py:1833} INFO - Sync 1 DAGs
[2022-05-15 16:47:35,175] {logging_mixin.py:104} INFO - [2022-05-15 16:47:35,175] {dag.py:2306} INFO - Setting next_dagrun for tutorial_taskflow_api_etl to None
[2022-05-15 16:47:35,352] {scheduler_job.py:190} INFO - Processing /home/airflow/.local/lib/python3.8/site-packages/airflow/example_dags/tutorial_taskflow_api_etl.py took 0.534 seconds
[2022-05-15 16:48:05,946] {scheduler_job.py:182} INFO - Started process (PID=308) to work on /home/airflow/.local/lib/python3.8/site-packages/airflow/example_dags/tutorial_taskflow_api_etl.py
[2022-05-15 16:48:05,948] {scheduler_job.py:633} INFO - Processing file /home/airflow/.local/lib/python3.8/site-packages/airflow/example_dags/tutorial_taskflow_api_etl.py for tasks to queue
[2022-05-15 16:48:05,949] {logging_mixin.py:104} INFO - [2022-05-15 16:48:05,949] {dagbag.py:496} INFO - Filling up the DagBag from /home/airflow/.local/lib/python3.8/site-packages/airflow/example_dags/tutorial_taskflow_api_etl.py
[2022-05-15 16:48:05,968] {scheduler_job.py:643} INFO - DAG(s) dict_keys(['tutorial_taskflow_api_etl']) retrieved from /home/airflow/.local/lib/python3.8/site-packages/airflow/example_dags/tutorial_taskflow_api_etl.py
[2022-05-15 16:48:06,113] {logging_mixin.py:104} INFO - [2022-05-15 16:48:06,113] {dag.py:1833} INFO - Sync 1 DAGs
[2022-05-15 16:48:06,121] {logging_mixin.py:104} INFO - [2022-05-15 16:48:06,121] {dag.py:2306} INFO - Setting next_dagrun for tutorial_taskflow_api_etl to None
[2022-05-15 16:48:06,187] {scheduler_job.py:190} INFO - Processing /home/airflow/.local/lib/python3.8/site-packages/airflow/example_dags/tutorial_taskflow_api_etl.py took 0.248 seconds
[2022-05-15 16:48:36,580] {scheduler_job.py:182} INFO - Started process (PID=347) to work on /home/airflow/.local/lib/python3.8/site-packages/airflow/example_dags/tutorial_taskflow_api_etl.py
[2022-05-15 16:48:36,582] {scheduler_job.py:633} INFO - Processing file /home/airflow/.local/lib/python3.8/site-packages/airflow/example_dags/tutorial_taskflow_api_etl.py for tasks to queue
[2022-05-15 16:48:36,582] {logging_mixin.py:104} INFO - [2022-05-15 16:48:36,582] {dagbag.py:496} INFO - Filling up the DagBag from /home/airflow/.local/lib/python3.8/site-packages/airflow/example_dags/tutorial_taskflow_api_etl.py
[2022-05-15 16:48:36,601] {scheduler_job.py:643} INFO - DAG(s) dict_keys(['tutorial_taskflow_api_etl']) retrieved from /home/airflow/.local/lib/python3.8/site-packages/airflow/example_dags/tutorial_taskflow_api_etl.py
[2022-05-15 16:48:36,781] {logging_mixin.py:104} INFO - [2022-05-15 16:48:36,780] {dag.py:1833} INFO - Sync 1 DAGs
[2022-05-15 16:48:36,790] {logging_mixin.py:104} INFO - [2022-05-15 16:48:36,790] {dag.py:2306} INFO - Setting next_dagrun for tutorial_taskflow_api_etl to None
[2022-05-15 16:48:36,864] {scheduler_job.py:190} INFO - Processing /home/airflow/.local/lib/python3.8/site-packages/airflow/example_dags/tutorial_taskflow_api_etl.py took 0.288 seconds
[2022-05-15 16:49:07,392] {scheduler_job.py:182} INFO - Started process (PID=386) to work on /home/airflow/.local/lib/python3.8/site-packages/airflow/example_dags/tutorial_taskflow_api_etl.py
[2022-05-15 16:49:07,394] {scheduler_job.py:633} INFO - Processing file /home/airflow/.local/lib/python3.8/site-packages/airflow/example_dags/tutorial_taskflow_api_etl.py for tasks to queue
[2022-05-15 16:49:07,395] {logging_mixin.py:104} INFO - [2022-05-15 16:49:07,395] {dagbag.py:496} INFO - Filling up the DagBag from /home/airflow/.local/lib/python3.8/site-packages/airflow/example_dags/tutorial_taskflow_api_etl.py
[2022-05-15 16:49:07,417] {scheduler_job.py:643} INFO - DAG(s) dict_keys(['tutorial_taskflow_api_etl']) retrieved from /home/airflow/.local/lib/python3.8/site-packages/airflow/example_dags/tutorial_taskflow_api_etl.py
[2022-05-15 16:49:07,628] {logging_mixin.py:104} INFO - [2022-05-15 16:49:07,628] {dag.py:1833} INFO - Sync 1 DAGs
[2022-05-15 16:49:07,643] {logging_mixin.py:104} INFO - [2022-05-15 16:49:07,643] {dag.py:2306} INFO - Setting next_dagrun for tutorial_taskflow_api_etl to None
[2022-05-15 16:49:07,768] {scheduler_job.py:190} INFO - Processing /home/airflow/.local/lib/python3.8/site-packages/airflow/example_dags/tutorial_taskflow_api_etl.py took 0.382 seconds
[2022-05-15 16:49:37,788] {scheduler_job.py:182} INFO - Started process (PID=425) to work on /home/airflow/.local/lib/python3.8/site-packages/airflow/example_dags/tutorial_taskflow_api_etl.py
[2022-05-15 16:49:37,789] {scheduler_job.py:633} INFO - Processing file /home/airflow/.local/lib/python3.8/site-packages/airflow/example_dags/tutorial_taskflow_api_etl.py for tasks to queue
[2022-05-15 16:49:37,789] {logging_mixin.py:104} INFO - [2022-05-15 16:49:37,789] {dagbag.py:496} INFO - Filling up the DagBag from /home/airflow/.local/lib/python3.8/site-packages/airflow/example_dags/tutorial_taskflow_api_etl.py
[2022-05-15 16:49:37,797] {scheduler_job.py:643} INFO - DAG(s) dict_keys(['tutorial_taskflow_api_etl']) retrieved from /home/airflow/.local/lib/python3.8/site-packages/airflow/example_dags/tutorial_taskflow_api_etl.py
[2022-05-15 16:49:37,926] {logging_mixin.py:104} INFO - [2022-05-15 16:49:37,926] {dag.py:1833} INFO - Sync 1 DAGs
[2022-05-15 16:49:37,985] {logging_mixin.py:104} INFO - [2022-05-15 16:49:37,985] {dag.py:2306} INFO - Setting next_dagrun for tutorial_taskflow_api_etl to None
[2022-05-15 16:49:37,998] {scheduler_job.py:190} INFO - Processing /home/airflow/.local/lib/python3.8/site-packages/airflow/example_dags/tutorial_taskflow_api_etl.py took 0.212 seconds
[2022-05-15 16:50:08,829] {scheduler_job.py:182} INFO - Started process (PID=464) to work on /home/airflow/.local/lib/python3.8/site-packages/airflow/example_dags/tutorial_taskflow_api_etl.py
[2022-05-15 16:50:08,830] {scheduler_job.py:633} INFO - Processing file /home/airflow/.local/lib/python3.8/site-packages/airflow/example_dags/tutorial_taskflow_api_etl.py for tasks to queue
[2022-05-15 16:50:08,831] {logging_mixin.py:104} INFO - [2022-05-15 16:50:08,831] {dagbag.py:496} INFO - Filling up the DagBag from /home/airflow/.local/lib/python3.8/site-packages/airflow/example_dags/tutorial_taskflow_api_etl.py
[2022-05-15 16:50:08,848] {scheduler_job.py:643} INFO - DAG(s) dict_keys(['tutorial_taskflow_api_etl']) retrieved from /home/airflow/.local/lib/python3.8/site-packages/airflow/example_dags/tutorial_taskflow_api_etl.py
[2022-05-15 16:50:08,999] {logging_mixin.py:104} INFO - [2022-05-15 16:50:08,999] {dag.py:1833} INFO - Sync 1 DAGs
[2022-05-15 16:50:09,067] {logging_mixin.py:104} INFO - [2022-05-15 16:50:09,067] {dag.py:2306} INFO - Setting next_dagrun for tutorial_taskflow_api_etl to None
[2022-05-15 16:50:09,077] {scheduler_job.py:190} INFO - Processing /home/airflow/.local/lib/python3.8/site-packages/airflow/example_dags/tutorial_taskflow_api_etl.py took 0.253 seconds
[2022-05-15 16:50:39,563] {scheduler_job.py:182} INFO - Started process (PID=503) to work on /home/airflow/.local/lib/python3.8/site-packages/airflow/example_dags/tutorial_taskflow_api_etl.py
[2022-05-15 16:50:39,567] {scheduler_job.py:633} INFO - Processing file /home/airflow/.local/lib/python3.8/site-packages/airflow/example_dags/tutorial_taskflow_api_etl.py for tasks to queue
[2022-05-15 16:50:39,570] {logging_mixin.py:104} INFO - [2022-05-15 16:50:39,569] {dagbag.py:496} INFO - Filling up the DagBag from /home/airflow/.local/lib/python3.8/site-packages/airflow/example_dags/tutorial_taskflow_api_etl.py
[2022-05-15 16:50:39,595] {scheduler_job.py:643} INFO - DAG(s) dict_keys(['tutorial_taskflow_api_etl']) retrieved from /home/airflow/.local/lib/python3.8/site-packages/airflow/example_dags/tutorial_taskflow_api_etl.py
[2022-05-15 16:50:40,040] {logging_mixin.py:104} INFO - [2022-05-15 16:50:40,040] {dag.py:1833} INFO - Sync 1 DAGs
[2022-05-15 16:50:40,260] {logging_mixin.py:104} INFO - [2022-05-15 16:50:40,260] {dag.py:2306} INFO - Setting next_dagrun for tutorial_taskflow_api_etl to None
[2022-05-15 16:50:40,290] {scheduler_job.py:190} INFO - Processing /home/airflow/.local/lib/python3.8/site-packages/airflow/example_dags/tutorial_taskflow_api_etl.py took 0.731 seconds
[2022-05-15 16:51:10,435] {scheduler_job.py:182} INFO - Started process (PID=542) to work on /home/airflow/.local/lib/python3.8/site-packages/airflow/example_dags/tutorial_taskflow_api_etl.py
[2022-05-15 16:51:10,437] {scheduler_job.py:633} INFO - Processing file /home/airflow/.local/lib/python3.8/site-packages/airflow/example_dags/tutorial_taskflow_api_etl.py for tasks to queue
[2022-05-15 16:51:10,439] {logging_mixin.py:104} INFO - [2022-05-15 16:51:10,439] {dagbag.py:496} INFO - Filling up the DagBag from /home/airflow/.local/lib/python3.8/site-packages/airflow/example_dags/tutorial_taskflow_api_etl.py
[2022-05-15 16:51:10,467] {scheduler_job.py:643} INFO - DAG(s) dict_keys(['tutorial_taskflow_api_etl']) retrieved from /home/airflow/.local/lib/python3.8/site-packages/airflow/example_dags/tutorial_taskflow_api_etl.py
[2022-05-15 16:51:10,736] {logging_mixin.py:104} INFO - [2022-05-15 16:51:10,735] {dag.py:1833} INFO - Sync 1 DAGs
[2022-05-15 16:51:10,826] {logging_mixin.py:104} INFO - [2022-05-15 16:51:10,826] {dag.py:2306} INFO - Setting next_dagrun for tutorial_taskflow_api_etl to None
[2022-05-15 16:51:10,857] {scheduler_job.py:190} INFO - Processing /home/airflow/.local/lib/python3.8/site-packages/airflow/example_dags/tutorial_taskflow_api_etl.py took 0.426 seconds
[2022-05-15 16:51:41,070] {scheduler_job.py:182} INFO - Started process (PID=581) to work on /home/airflow/.local/lib/python3.8/site-packages/airflow/example_dags/tutorial_taskflow_api_etl.py
[2022-05-15 16:51:41,071] {scheduler_job.py:633} INFO - Processing file /home/airflow/.local/lib/python3.8/site-packages/airflow/example_dags/tutorial_taskflow_api_etl.py for tasks to queue
[2022-05-15 16:51:41,071] {logging_mixin.py:104} INFO - [2022-05-15 16:51:41,071] {dagbag.py:496} INFO - Filling up the DagBag from /home/airflow/.local/lib/python3.8/site-packages/airflow/example_dags/tutorial_taskflow_api_etl.py
[2022-05-15 16:51:41,081] {scheduler_job.py:643} INFO - DAG(s) dict_keys(['tutorial_taskflow_api_etl']) retrieved from /home/airflow/.local/lib/python3.8/site-packages/airflow/example_dags/tutorial_taskflow_api_etl.py
[2022-05-15 16:51:41,231] {logging_mixin.py:104} INFO - [2022-05-15 16:51:41,231] {dag.py:1833} INFO - Sync 1 DAGs
[2022-05-15 16:51:41,288] {logging_mixin.py:104} INFO - [2022-05-15 16:51:41,288] {dag.py:2306} INFO - Setting next_dagrun for tutorial_taskflow_api_etl to None
[2022-05-15 16:51:41,297] {scheduler_job.py:190} INFO - Processing /home/airflow/.local/lib/python3.8/site-packages/airflow/example_dags/tutorial_taskflow_api_etl.py took 0.229 seconds
[2022-05-15 16:52:12,043] {scheduler_job.py:182} INFO - Started process (PID=620) to work on /home/airflow/.local/lib/python3.8/site-packages/airflow/example_dags/tutorial_taskflow_api_etl.py
[2022-05-15 16:52:12,044] {scheduler_job.py:633} INFO - Processing file /home/airflow/.local/lib/python3.8/site-packages/airflow/example_dags/tutorial_taskflow_api_etl.py for tasks to queue
[2022-05-15 16:52:12,044] {logging_mixin.py:104} INFO - [2022-05-15 16:52:12,044] {dagbag.py:496} INFO - Filling up the DagBag from /home/airflow/.local/lib/python3.8/site-packages/airflow/example_dags/tutorial_taskflow_api_etl.py
[2022-05-15 16:52:12,053] {scheduler_job.py:643} INFO - DAG(s) dict_keys(['tutorial_taskflow_api_etl']) retrieved from /home/airflow/.local/lib/python3.8/site-packages/airflow/example_dags/tutorial_taskflow_api_etl.py
[2022-05-15 16:52:12,298] {logging_mixin.py:104} INFO - [2022-05-15 16:52:12,298] {dag.py:1833} INFO - Sync 1 DAGs
[2022-05-15 16:52:12,304] {logging_mixin.py:104} INFO - [2022-05-15 16:52:12,304] {dag.py:2306} INFO - Setting next_dagrun for tutorial_taskflow_api_etl to None
[2022-05-15 16:52:12,313] {scheduler_job.py:190} INFO - Processing /home/airflow/.local/lib/python3.8/site-packages/airflow/example_dags/tutorial_taskflow_api_etl.py took 0.272 seconds
[2022-05-15 16:52:42,606] {scheduler_job.py:182} INFO - Started process (PID=661) to work on /home/airflow/.local/lib/python3.8/site-packages/airflow/example_dags/tutorial_taskflow_api_etl.py
[2022-05-15 16:52:42,607] {scheduler_job.py:633} INFO - Processing file /home/airflow/.local/lib/python3.8/site-packages/airflow/example_dags/tutorial_taskflow_api_etl.py for tasks to queue
[2022-05-15 16:52:42,607] {logging_mixin.py:104} INFO - [2022-05-15 16:52:42,607] {dagbag.py:496} INFO - Filling up the DagBag from /home/airflow/.local/lib/python3.8/site-packages/airflow/example_dags/tutorial_taskflow_api_etl.py
[2022-05-15 16:52:42,617] {scheduler_job.py:643} INFO - DAG(s) dict_keys(['tutorial_taskflow_api_etl']) retrieved from /home/airflow/.local/lib/python3.8/site-packages/airflow/example_dags/tutorial_taskflow_api_etl.py
[2022-05-15 16:52:43,212] {logging_mixin.py:104} INFO - [2022-05-15 16:52:43,212] {dag.py:1833} INFO - Sync 1 DAGs
[2022-05-15 16:52:43,226] {logging_mixin.py:104} INFO - [2022-05-15 16:52:43,226] {dag.py:2306} INFO - Setting next_dagrun for tutorial_taskflow_api_etl to None
[2022-05-15 16:52:43,244] {scheduler_job.py:190} INFO - Processing /home/airflow/.local/lib/python3.8/site-packages/airflow/example_dags/tutorial_taskflow_api_etl.py took 0.640 seconds
[2022-05-15 16:53:14,008] {scheduler_job.py:182} INFO - Started process (PID=702) to work on /home/airflow/.local/lib/python3.8/site-packages/airflow/example_dags/tutorial_taskflow_api_etl.py
[2022-05-15 16:53:14,009] {scheduler_job.py:633} INFO - Processing file /home/airflow/.local/lib/python3.8/site-packages/airflow/example_dags/tutorial_taskflow_api_etl.py for tasks to queue
[2022-05-15 16:53:14,009] {logging_mixin.py:104} INFO - [2022-05-15 16:53:14,009] {dagbag.py:496} INFO - Filling up the DagBag from /home/airflow/.local/lib/python3.8/site-packages/airflow/example_dags/tutorial_taskflow_api_etl.py
[2022-05-15 16:53:14,018] {scheduler_job.py:643} INFO - DAG(s) dict_keys(['tutorial_taskflow_api_etl']) retrieved from /home/airflow/.local/lib/python3.8/site-packages/airflow/example_dags/tutorial_taskflow_api_etl.py
[2022-05-15 16:53:14,236] {logging_mixin.py:104} INFO - [2022-05-15 16:53:14,236] {dag.py:1833} INFO - Sync 1 DAGs
[2022-05-15 16:53:14,244] {logging_mixin.py:104} INFO - [2022-05-15 16:53:14,244] {dag.py:2306} INFO - Setting next_dagrun for tutorial_taskflow_api_etl to None
[2022-05-15 16:53:14,264] {scheduler_job.py:190} INFO - Processing /home/airflow/.local/lib/python3.8/site-packages/airflow/example_dags/tutorial_taskflow_api_etl.py took 0.258 seconds
[2022-05-15 16:53:44,634] {scheduler_job.py:182} INFO - Started process (PID=741) to work on /home/airflow/.local/lib/python3.8/site-packages/airflow/example_dags/tutorial_taskflow_api_etl.py
[2022-05-15 16:53:44,635] {scheduler_job.py:633} INFO - Processing file /home/airflow/.local/lib/python3.8/site-packages/airflow/example_dags/tutorial_taskflow_api_etl.py for tasks to queue
[2022-05-15 16:53:44,635] {logging_mixin.py:104} INFO - [2022-05-15 16:53:44,635] {dagbag.py:496} INFO - Filling up the DagBag from /home/airflow/.local/lib/python3.8/site-packages/airflow/example_dags/tutorial_taskflow_api_etl.py
[2022-05-15 16:53:44,644] {scheduler_job.py:643} INFO - DAG(s) dict_keys(['tutorial_taskflow_api_etl']) retrieved from /home/airflow/.local/lib/python3.8/site-packages/airflow/example_dags/tutorial_taskflow_api_etl.py
[2022-05-15 16:53:44,839] {logging_mixin.py:104} INFO - [2022-05-15 16:53:44,839] {dag.py:1833} INFO - Sync 1 DAGs
[2022-05-15 16:53:44,846] {logging_mixin.py:104} INFO - [2022-05-15 16:53:44,846] {dag.py:2306} INFO - Setting next_dagrun for tutorial_taskflow_api_etl to None
[2022-05-15 16:53:44,868] {scheduler_job.py:190} INFO - Processing /home/airflow/.local/lib/python3.8/site-packages/airflow/example_dags/tutorial_taskflow_api_etl.py took 0.235 seconds
[2022-05-15 16:54:15,666] {scheduler_job.py:182} INFO - Started process (PID=780) to work on /home/airflow/.local/lib/python3.8/site-packages/airflow/example_dags/tutorial_taskflow_api_etl.py
[2022-05-15 16:54:15,666] {scheduler_job.py:633} INFO - Processing file /home/airflow/.local/lib/python3.8/site-packages/airflow/example_dags/tutorial_taskflow_api_etl.py for tasks to queue
[2022-05-15 16:54:15,666] {logging_mixin.py:104} INFO - [2022-05-15 16:54:15,666] {dagbag.py:496} INFO - Filling up the DagBag from /home/airflow/.local/lib/python3.8/site-packages/airflow/example_dags/tutorial_taskflow_api_etl.py
[2022-05-15 16:54:15,675] {scheduler_job.py:643} INFO - DAG(s) dict_keys(['tutorial_taskflow_api_etl']) retrieved from /home/airflow/.local/lib/python3.8/site-packages/airflow/example_dags/tutorial_taskflow_api_etl.py
[2022-05-15 16:54:15,878] {logging_mixin.py:104} INFO - [2022-05-15 16:54:15,878] {dag.py:1833} INFO - Sync 1 DAGs
[2022-05-15 16:54:15,884] {logging_mixin.py:104} INFO - [2022-05-15 16:54:15,884] {dag.py:2306} INFO - Setting next_dagrun for tutorial_taskflow_api_etl to None
[2022-05-15 16:54:15,903] {scheduler_job.py:190} INFO - Processing /home/airflow/.local/lib/python3.8/site-packages/airflow/example_dags/tutorial_taskflow_api_etl.py took 0.239 seconds
[2022-05-15 16:54:46,483] {scheduler_job.py:182} INFO - Started process (PID=815) to work on /home/airflow/.local/lib/python3.8/site-packages/airflow/example_dags/tutorial_taskflow_api_etl.py
[2022-05-15 16:54:46,483] {scheduler_job.py:633} INFO - Processing file /home/airflow/.local/lib/python3.8/site-packages/airflow/example_dags/tutorial_taskflow_api_etl.py for tasks to queue
[2022-05-15 16:54:46,484] {logging_mixin.py:104} INFO - [2022-05-15 16:54:46,484] {dagbag.py:496} INFO - Filling up the DagBag from /home/airflow/.local/lib/python3.8/site-packages/airflow/example_dags/tutorial_taskflow_api_etl.py
[2022-05-15 16:54:46,492] {scheduler_job.py:643} INFO - DAG(s) dict_keys(['tutorial_taskflow_api_etl']) retrieved from /home/airflow/.local/lib/python3.8/site-packages/airflow/example_dags/tutorial_taskflow_api_etl.py
[2022-05-15 16:54:46,694] {logging_mixin.py:104} INFO - [2022-05-15 16:54:46,694] {dag.py:1833} INFO - Sync 1 DAGs
[2022-05-15 16:54:46,700] {logging_mixin.py:104} INFO - [2022-05-15 16:54:46,700] {dag.py:2306} INFO - Setting next_dagrun for tutorial_taskflow_api_etl to None
[2022-05-15 16:54:46,708] {scheduler_job.py:190} INFO - Processing /home/airflow/.local/lib/python3.8/site-packages/airflow/example_dags/tutorial_taskflow_api_etl.py took 0.227 seconds
[2022-05-15 16:55:47,692] {scheduler_job.py:182} INFO - Started process (PID=53) to work on /home/airflow/.local/lib/python3.8/site-packages/airflow/example_dags/tutorial_taskflow_api_etl.py
[2022-05-15 16:55:47,693] {scheduler_job.py:633} INFO - Processing file /home/airflow/.local/lib/python3.8/site-packages/airflow/example_dags/tutorial_taskflow_api_etl.py for tasks to queue
[2022-05-15 16:55:47,695] {logging_mixin.py:104} INFO - [2022-05-15 16:55:47,694] {dagbag.py:496} INFO - Filling up the DagBag from /home/airflow/.local/lib/python3.8/site-packages/airflow/example_dags/tutorial_taskflow_api_etl.py
[2022-05-15 16:55:47,712] {scheduler_job.py:643} INFO - DAG(s) dict_keys(['tutorial_taskflow_api_etl']) retrieved from /home/airflow/.local/lib/python3.8/site-packages/airflow/example_dags/tutorial_taskflow_api_etl.py
[2022-05-15 16:55:47,722] {logging_mixin.py:104} INFO - [2022-05-15 16:55:47,722] {dag.py:1833} INFO - Sync 1 DAGs
[2022-05-15 16:55:47,731] {logging_mixin.py:104} INFO - [2022-05-15 16:55:47,731] {dag.py:2306} INFO - Setting next_dagrun for tutorial_taskflow_api_etl to None
[2022-05-15 16:55:47,745] {scheduler_job.py:190} INFO - Processing /home/airflow/.local/lib/python3.8/site-packages/airflow/example_dags/tutorial_taskflow_api_etl.py took 0.055 seconds
[2022-05-15 16:56:19,493] {scheduler_job.py:182} INFO - Started process (PID=92) to work on /home/airflow/.local/lib/python3.8/site-packages/airflow/example_dags/tutorial_taskflow_api_etl.py
[2022-05-15 16:56:19,494] {scheduler_job.py:633} INFO - Processing file /home/airflow/.local/lib/python3.8/site-packages/airflow/example_dags/tutorial_taskflow_api_etl.py for tasks to queue
[2022-05-15 16:56:19,495] {logging_mixin.py:104} INFO - [2022-05-15 16:56:19,495] {dagbag.py:496} INFO - Filling up the DagBag from /home/airflow/.local/lib/python3.8/site-packages/airflow/example_dags/tutorial_taskflow_api_etl.py
[2022-05-15 16:56:19,517] {scheduler_job.py:643} INFO - DAG(s) dict_keys(['tutorial_taskflow_api_etl']) retrieved from /home/airflow/.local/lib/python3.8/site-packages/airflow/example_dags/tutorial_taskflow_api_etl.py
[2022-05-15 16:56:19,802] {logging_mixin.py:104} INFO - [2022-05-15 16:56:19,801] {dag.py:1833} INFO - Sync 1 DAGs
[2022-05-15 16:56:19,818] {logging_mixin.py:104} INFO - [2022-05-15 16:56:19,817] {dag.py:2306} INFO - Setting next_dagrun for tutorial_taskflow_api_etl to None
[2022-05-15 16:56:19,836] {scheduler_job.py:190} INFO - Processing /home/airflow/.local/lib/python3.8/site-packages/airflow/example_dags/tutorial_taskflow_api_etl.py took 0.348 seconds
[2022-05-15 16:56:50,555] {scheduler_job.py:182} INFO - Started process (PID=131) to work on /home/airflow/.local/lib/python3.8/site-packages/airflow/example_dags/tutorial_taskflow_api_etl.py
[2022-05-15 16:56:50,556] {scheduler_job.py:633} INFO - Processing file /home/airflow/.local/lib/python3.8/site-packages/airflow/example_dags/tutorial_taskflow_api_etl.py for tasks to queue
[2022-05-15 16:56:50,557] {logging_mixin.py:104} INFO - [2022-05-15 16:56:50,557] {dagbag.py:496} INFO - Filling up the DagBag from /home/airflow/.local/lib/python3.8/site-packages/airflow/example_dags/tutorial_taskflow_api_etl.py
[2022-05-15 16:56:50,569] {scheduler_job.py:643} INFO - DAG(s) dict_keys(['tutorial_taskflow_api_etl']) retrieved from /home/airflow/.local/lib/python3.8/site-packages/airflow/example_dags/tutorial_taskflow_api_etl.py
[2022-05-15 16:56:50,776] {logging_mixin.py:104} INFO - [2022-05-15 16:56:50,776] {dag.py:1833} INFO - Sync 1 DAGs
[2022-05-15 16:56:50,790] {logging_mixin.py:104} INFO - [2022-05-15 16:56:50,790] {dag.py:2306} INFO - Setting next_dagrun for tutorial_taskflow_api_etl to None
[2022-05-15 16:56:50,874] {scheduler_job.py:190} INFO - Processing /home/airflow/.local/lib/python3.8/site-packages/airflow/example_dags/tutorial_taskflow_api_etl.py took 0.321 seconds
[2022-05-15 16:57:22,259] {scheduler_job.py:182} INFO - Started process (PID=170) to work on /home/airflow/.local/lib/python3.8/site-packages/airflow/example_dags/tutorial_taskflow_api_etl.py
[2022-05-15 16:57:22,260] {scheduler_job.py:633} INFO - Processing file /home/airflow/.local/lib/python3.8/site-packages/airflow/example_dags/tutorial_taskflow_api_etl.py for tasks to queue
[2022-05-15 16:57:22,260] {logging_mixin.py:104} INFO - [2022-05-15 16:57:22,260] {dagbag.py:496} INFO - Filling up the DagBag from /home/airflow/.local/lib/python3.8/site-packages/airflow/example_dags/tutorial_taskflow_api_etl.py
[2022-05-15 16:57:22,272] {scheduler_job.py:643} INFO - DAG(s) dict_keys(['tutorial_taskflow_api_etl']) retrieved from /home/airflow/.local/lib/python3.8/site-packages/airflow/example_dags/tutorial_taskflow_api_etl.py
[2022-05-15 16:57:22,488] {logging_mixin.py:104} INFO - [2022-05-15 16:57:22,488] {dag.py:1833} INFO - Sync 1 DAGs
[2022-05-15 16:57:22,508] {logging_mixin.py:104} INFO - [2022-05-15 16:57:22,507] {dag.py:2306} INFO - Setting next_dagrun for tutorial_taskflow_api_etl to None
[2022-05-15 16:57:22,634] {scheduler_job.py:190} INFO - Processing /home/airflow/.local/lib/python3.8/site-packages/airflow/example_dags/tutorial_taskflow_api_etl.py took 0.378 seconds
