[2022-05-15 16:44:58,357] {scheduler_job.py:182} INFO - Started process (PID=50) to work on /home/airflow/.local/lib/python3.8/site-packages/airflow/example_dags/tutorial_taskflow_api_etl_virtualenv.py
[2022-05-15 16:44:58,358] {scheduler_job.py:633} INFO - Processing file /home/airflow/.local/lib/python3.8/site-packages/airflow/example_dags/tutorial_taskflow_api_etl_virtualenv.py for tasks to queue
[2022-05-15 16:44:58,358] {logging_mixin.py:104} INFO - [2022-05-15 16:44:58,358] {dagbag.py:496} INFO - Filling up the DagBag from /home/airflow/.local/lib/python3.8/site-packages/airflow/example_dags/tutorial_taskflow_api_etl_virtualenv.py
[2022-05-15 16:44:58,370] {scheduler_job.py:643} INFO - DAG(s) dict_keys(['tutorial_taskflow_api_etl_virtualenv']) retrieved from /home/airflow/.local/lib/python3.8/site-packages/airflow/example_dags/tutorial_taskflow_api_etl_virtualenv.py
[2022-05-15 16:44:58,387] {logging_mixin.py:104} INFO - [2022-05-15 16:44:58,387] {dag.py:1833} INFO - Sync 1 DAGs
[2022-05-15 16:44:58,404] {logging_mixin.py:104} INFO - [2022-05-15 16:44:58,404] {dag.py:2306} INFO - Setting next_dagrun for tutorial_taskflow_api_etl_virtualenv to None
[2022-05-15 16:44:58,415] {scheduler_job.py:190} INFO - Processing /home/airflow/.local/lib/python3.8/site-packages/airflow/example_dags/tutorial_taskflow_api_etl_virtualenv.py took 0.060 seconds
[2022-05-15 16:45:30,885] {scheduler_job.py:182} INFO - Started process (PID=89) to work on /home/airflow/.local/lib/python3.8/site-packages/airflow/example_dags/tutorial_taskflow_api_etl_virtualenv.py
[2022-05-15 16:45:30,887] {scheduler_job.py:633} INFO - Processing file /home/airflow/.local/lib/python3.8/site-packages/airflow/example_dags/tutorial_taskflow_api_etl_virtualenv.py for tasks to queue
[2022-05-15 16:45:30,887] {logging_mixin.py:104} INFO - [2022-05-15 16:45:30,887] {dagbag.py:496} INFO - Filling up the DagBag from /home/airflow/.local/lib/python3.8/site-packages/airflow/example_dags/tutorial_taskflow_api_etl_virtualenv.py
[2022-05-15 16:45:30,906] {scheduler_job.py:643} INFO - DAG(s) dict_keys(['tutorial_taskflow_api_etl_virtualenv']) retrieved from /home/airflow/.local/lib/python3.8/site-packages/airflow/example_dags/tutorial_taskflow_api_etl_virtualenv.py
[2022-05-15 16:45:31,221] {logging_mixin.py:104} INFO - [2022-05-15 16:45:31,221] {dag.py:1833} INFO - Sync 1 DAGs
[2022-05-15 16:45:31,234] {logging_mixin.py:104} INFO - [2022-05-15 16:45:31,233] {dag.py:2306} INFO - Setting next_dagrun for tutorial_taskflow_api_etl_virtualenv to None
[2022-05-15 16:45:31,253] {scheduler_job.py:190} INFO - Processing /home/airflow/.local/lib/python3.8/site-packages/airflow/example_dags/tutorial_taskflow_api_etl_virtualenv.py took 0.371 seconds
[2022-05-15 16:46:02,257] {scheduler_job.py:182} INFO - Started process (PID=130) to work on /home/airflow/.local/lib/python3.8/site-packages/airflow/example_dags/tutorial_taskflow_api_etl_virtualenv.py
[2022-05-15 16:46:02,258] {scheduler_job.py:633} INFO - Processing file /home/airflow/.local/lib/python3.8/site-packages/airflow/example_dags/tutorial_taskflow_api_etl_virtualenv.py for tasks to queue
[2022-05-15 16:46:02,260] {logging_mixin.py:104} INFO - [2022-05-15 16:46:02,259] {dagbag.py:496} INFO - Filling up the DagBag from /home/airflow/.local/lib/python3.8/site-packages/airflow/example_dags/tutorial_taskflow_api_etl_virtualenv.py
[2022-05-15 16:46:02,282] {scheduler_job.py:643} INFO - DAG(s) dict_keys(['tutorial_taskflow_api_etl_virtualenv']) retrieved from /home/airflow/.local/lib/python3.8/site-packages/airflow/example_dags/tutorial_taskflow_api_etl_virtualenv.py
[2022-05-15 16:46:02,662] {logging_mixin.py:104} INFO - [2022-05-15 16:46:02,662] {dag.py:1833} INFO - Sync 1 DAGs
[2022-05-15 16:46:02,694] {logging_mixin.py:104} INFO - [2022-05-15 16:46:02,694] {dag.py:2306} INFO - Setting next_dagrun for tutorial_taskflow_api_etl_virtualenv to None
[2022-05-15 16:46:02,715] {scheduler_job.py:190} INFO - Processing /home/airflow/.local/lib/python3.8/site-packages/airflow/example_dags/tutorial_taskflow_api_etl_virtualenv.py took 0.460 seconds
[2022-05-15 16:46:32,755] {scheduler_job.py:182} INFO - Started process (PID=169) to work on /home/airflow/.local/lib/python3.8/site-packages/airflow/example_dags/tutorial_taskflow_api_etl_virtualenv.py
[2022-05-15 16:46:32,756] {scheduler_job.py:633} INFO - Processing file /home/airflow/.local/lib/python3.8/site-packages/airflow/example_dags/tutorial_taskflow_api_etl_virtualenv.py for tasks to queue
[2022-05-15 16:46:32,756] {logging_mixin.py:104} INFO - [2022-05-15 16:46:32,756] {dagbag.py:496} INFO - Filling up the DagBag from /home/airflow/.local/lib/python3.8/site-packages/airflow/example_dags/tutorial_taskflow_api_etl_virtualenv.py
[2022-05-15 16:46:32,767] {scheduler_job.py:643} INFO - DAG(s) dict_keys(['tutorial_taskflow_api_etl_virtualenv']) retrieved from /home/airflow/.local/lib/python3.8/site-packages/airflow/example_dags/tutorial_taskflow_api_etl_virtualenv.py
[2022-05-15 16:46:32,930] {logging_mixin.py:104} INFO - [2022-05-15 16:46:32,929] {dag.py:1833} INFO - Sync 1 DAGs
[2022-05-15 16:46:32,937] {logging_mixin.py:104} INFO - [2022-05-15 16:46:32,937] {dag.py:2306} INFO - Setting next_dagrun for tutorial_taskflow_api_etl_virtualenv to None
[2022-05-15 16:46:32,946] {scheduler_job.py:190} INFO - Processing /home/airflow/.local/lib/python3.8/site-packages/airflow/example_dags/tutorial_taskflow_api_etl_virtualenv.py took 0.193 seconds
[2022-05-15 16:47:03,159] {scheduler_job.py:182} INFO - Started process (PID=206) to work on /home/airflow/.local/lib/python3.8/site-packages/airflow/example_dags/tutorial_taskflow_api_etl_virtualenv.py
[2022-05-15 16:47:03,159] {scheduler_job.py:633} INFO - Processing file /home/airflow/.local/lib/python3.8/site-packages/airflow/example_dags/tutorial_taskflow_api_etl_virtualenv.py for tasks to queue
[2022-05-15 16:47:03,160] {logging_mixin.py:104} INFO - [2022-05-15 16:47:03,160] {dagbag.py:496} INFO - Filling up the DagBag from /home/airflow/.local/lib/python3.8/site-packages/airflow/example_dags/tutorial_taskflow_api_etl_virtualenv.py
[2022-05-15 16:47:03,179] {scheduler_job.py:643} INFO - DAG(s) dict_keys(['tutorial_taskflow_api_etl_virtualenv']) retrieved from /home/airflow/.local/lib/python3.8/site-packages/airflow/example_dags/tutorial_taskflow_api_etl_virtualenv.py
[2022-05-15 16:47:03,546] {logging_mixin.py:104} INFO - [2022-05-15 16:47:03,546] {dag.py:1833} INFO - Sync 1 DAGs
[2022-05-15 16:47:03,567] {logging_mixin.py:104} INFO - [2022-05-15 16:47:03,567] {dag.py:2306} INFO - Setting next_dagrun for tutorial_taskflow_api_etl_virtualenv to None
[2022-05-15 16:47:03,869] {scheduler_job.py:190} INFO - Processing /home/airflow/.local/lib/python3.8/site-packages/airflow/example_dags/tutorial_taskflow_api_etl_virtualenv.py took 0.712 seconds
[2022-05-15 16:47:34,809] {scheduler_job.py:182} INFO - Started process (PID=257) to work on /home/airflow/.local/lib/python3.8/site-packages/airflow/example_dags/tutorial_taskflow_api_etl_virtualenv.py
[2022-05-15 16:47:34,811] {scheduler_job.py:633} INFO - Processing file /home/airflow/.local/lib/python3.8/site-packages/airflow/example_dags/tutorial_taskflow_api_etl_virtualenv.py for tasks to queue
[2022-05-15 16:47:34,813] {logging_mixin.py:104} INFO - [2022-05-15 16:47:34,812] {dagbag.py:496} INFO - Filling up the DagBag from /home/airflow/.local/lib/python3.8/site-packages/airflow/example_dags/tutorial_taskflow_api_etl_virtualenv.py
[2022-05-15 16:47:34,839] {scheduler_job.py:643} INFO - DAG(s) dict_keys(['tutorial_taskflow_api_etl_virtualenv']) retrieved from /home/airflow/.local/lib/python3.8/site-packages/airflow/example_dags/tutorial_taskflow_api_etl_virtualenv.py
[2022-05-15 16:47:35,147] {logging_mixin.py:104} INFO - [2022-05-15 16:47:35,147] {dag.py:1833} INFO - Sync 1 DAGs
[2022-05-15 16:47:35,164] {logging_mixin.py:104} INFO - [2022-05-15 16:47:35,164] {dag.py:2306} INFO - Setting next_dagrun for tutorial_taskflow_api_etl_virtualenv to None
[2022-05-15 16:47:35,346] {scheduler_job.py:190} INFO - Processing /home/airflow/.local/lib/python3.8/site-packages/airflow/example_dags/tutorial_taskflow_api_etl_virtualenv.py took 0.541 seconds
[2022-05-15 16:48:05,938] {scheduler_job.py:182} INFO - Started process (PID=307) to work on /home/airflow/.local/lib/python3.8/site-packages/airflow/example_dags/tutorial_taskflow_api_etl_virtualenv.py
[2022-05-15 16:48:05,940] {scheduler_job.py:633} INFO - Processing file /home/airflow/.local/lib/python3.8/site-packages/airflow/example_dags/tutorial_taskflow_api_etl_virtualenv.py for tasks to queue
[2022-05-15 16:48:05,941] {logging_mixin.py:104} INFO - [2022-05-15 16:48:05,941] {dagbag.py:496} INFO - Filling up the DagBag from /home/airflow/.local/lib/python3.8/site-packages/airflow/example_dags/tutorial_taskflow_api_etl_virtualenv.py
[2022-05-15 16:48:05,965] {scheduler_job.py:643} INFO - DAG(s) dict_keys(['tutorial_taskflow_api_etl_virtualenv']) retrieved from /home/airflow/.local/lib/python3.8/site-packages/airflow/example_dags/tutorial_taskflow_api_etl_virtualenv.py
[2022-05-15 16:48:06,113] {logging_mixin.py:104} INFO - [2022-05-15 16:48:06,113] {dag.py:1833} INFO - Sync 1 DAGs
[2022-05-15 16:48:06,121] {logging_mixin.py:104} INFO - [2022-05-15 16:48:06,121] {dag.py:2306} INFO - Setting next_dagrun for tutorial_taskflow_api_etl_virtualenv to None
[2022-05-15 16:48:06,191] {scheduler_job.py:190} INFO - Processing /home/airflow/.local/lib/python3.8/site-packages/airflow/example_dags/tutorial_taskflow_api_etl_virtualenv.py took 0.259 seconds
[2022-05-15 16:48:36,575] {scheduler_job.py:182} INFO - Started process (PID=346) to work on /home/airflow/.local/lib/python3.8/site-packages/airflow/example_dags/tutorial_taskflow_api_etl_virtualenv.py
[2022-05-15 16:48:36,576] {scheduler_job.py:633} INFO - Processing file /home/airflow/.local/lib/python3.8/site-packages/airflow/example_dags/tutorial_taskflow_api_etl_virtualenv.py for tasks to queue
[2022-05-15 16:48:36,577] {logging_mixin.py:104} INFO - [2022-05-15 16:48:36,577] {dagbag.py:496} INFO - Filling up the DagBag from /home/airflow/.local/lib/python3.8/site-packages/airflow/example_dags/tutorial_taskflow_api_etl_virtualenv.py
[2022-05-15 16:48:36,599] {scheduler_job.py:643} INFO - DAG(s) dict_keys(['tutorial_taskflow_api_etl_virtualenv']) retrieved from /home/airflow/.local/lib/python3.8/site-packages/airflow/example_dags/tutorial_taskflow_api_etl_virtualenv.py
[2022-05-15 16:48:36,791] {logging_mixin.py:104} INFO - [2022-05-15 16:48:36,791] {dag.py:1833} INFO - Sync 1 DAGs
[2022-05-15 16:48:36,801] {logging_mixin.py:104} INFO - [2022-05-15 16:48:36,801] {dag.py:2306} INFO - Setting next_dagrun for tutorial_taskflow_api_etl_virtualenv to None
[2022-05-15 16:48:36,883] {scheduler_job.py:190} INFO - Processing /home/airflow/.local/lib/python3.8/site-packages/airflow/example_dags/tutorial_taskflow_api_etl_virtualenv.py took 0.312 seconds
[2022-05-15 16:49:07,386] {scheduler_job.py:182} INFO - Started process (PID=385) to work on /home/airflow/.local/lib/python3.8/site-packages/airflow/example_dags/tutorial_taskflow_api_etl_virtualenv.py
[2022-05-15 16:49:07,387] {scheduler_job.py:633} INFO - Processing file /home/airflow/.local/lib/python3.8/site-packages/airflow/example_dags/tutorial_taskflow_api_etl_virtualenv.py for tasks to queue
[2022-05-15 16:49:07,389] {logging_mixin.py:104} INFO - [2022-05-15 16:49:07,388] {dagbag.py:496} INFO - Filling up the DagBag from /home/airflow/.local/lib/python3.8/site-packages/airflow/example_dags/tutorial_taskflow_api_etl_virtualenv.py
[2022-05-15 16:49:07,415] {scheduler_job.py:643} INFO - DAG(s) dict_keys(['tutorial_taskflow_api_etl_virtualenv']) retrieved from /home/airflow/.local/lib/python3.8/site-packages/airflow/example_dags/tutorial_taskflow_api_etl_virtualenv.py
[2022-05-15 16:49:07,628] {logging_mixin.py:104} INFO - [2022-05-15 16:49:07,628] {dag.py:1833} INFO - Sync 1 DAGs
[2022-05-15 16:49:07,643] {logging_mixin.py:104} INFO - [2022-05-15 16:49:07,643] {dag.py:2306} INFO - Setting next_dagrun for tutorial_taskflow_api_etl_virtualenv to None
[2022-05-15 16:49:07,766] {scheduler_job.py:190} INFO - Processing /home/airflow/.local/lib/python3.8/site-packages/airflow/example_dags/tutorial_taskflow_api_etl_virtualenv.py took 0.387 seconds
[2022-05-15 16:49:37,786] {scheduler_job.py:182} INFO - Started process (PID=424) to work on /home/airflow/.local/lib/python3.8/site-packages/airflow/example_dags/tutorial_taskflow_api_etl_virtualenv.py
[2022-05-15 16:49:37,787] {scheduler_job.py:633} INFO - Processing file /home/airflow/.local/lib/python3.8/site-packages/airflow/example_dags/tutorial_taskflow_api_etl_virtualenv.py for tasks to queue
[2022-05-15 16:49:37,787] {logging_mixin.py:104} INFO - [2022-05-15 16:49:37,787] {dagbag.py:496} INFO - Filling up the DagBag from /home/airflow/.local/lib/python3.8/site-packages/airflow/example_dags/tutorial_taskflow_api_etl_virtualenv.py
[2022-05-15 16:49:37,795] {scheduler_job.py:643} INFO - DAG(s) dict_keys(['tutorial_taskflow_api_etl_virtualenv']) retrieved from /home/airflow/.local/lib/python3.8/site-packages/airflow/example_dags/tutorial_taskflow_api_etl_virtualenv.py
[2022-05-15 16:49:37,925] {logging_mixin.py:104} INFO - [2022-05-15 16:49:37,924] {dag.py:1833} INFO - Sync 1 DAGs
[2022-05-15 16:49:37,985] {logging_mixin.py:104} INFO - [2022-05-15 16:49:37,985] {dag.py:2306} INFO - Setting next_dagrun for tutorial_taskflow_api_etl_virtualenv to None
[2022-05-15 16:49:38,000] {scheduler_job.py:190} INFO - Processing /home/airflow/.local/lib/python3.8/site-packages/airflow/example_dags/tutorial_taskflow_api_etl_virtualenv.py took 0.215 seconds
[2022-05-15 16:50:08,821] {scheduler_job.py:182} INFO - Started process (PID=463) to work on /home/airflow/.local/lib/python3.8/site-packages/airflow/example_dags/tutorial_taskflow_api_etl_virtualenv.py
[2022-05-15 16:50:08,823] {scheduler_job.py:633} INFO - Processing file /home/airflow/.local/lib/python3.8/site-packages/airflow/example_dags/tutorial_taskflow_api_etl_virtualenv.py for tasks to queue
[2022-05-15 16:50:08,824] {logging_mixin.py:104} INFO - [2022-05-15 16:50:08,824] {dagbag.py:496} INFO - Filling up the DagBag from /home/airflow/.local/lib/python3.8/site-packages/airflow/example_dags/tutorial_taskflow_api_etl_virtualenv.py
[2022-05-15 16:50:08,845] {scheduler_job.py:643} INFO - DAG(s) dict_keys(['tutorial_taskflow_api_etl_virtualenv']) retrieved from /home/airflow/.local/lib/python3.8/site-packages/airflow/example_dags/tutorial_taskflow_api_etl_virtualenv.py
[2022-05-15 16:50:08,999] {logging_mixin.py:104} INFO - [2022-05-15 16:50:08,999] {dag.py:1833} INFO - Sync 1 DAGs
[2022-05-15 16:50:09,067] {logging_mixin.py:104} INFO - [2022-05-15 16:50:09,067] {dag.py:2306} INFO - Setting next_dagrun for tutorial_taskflow_api_etl_virtualenv to None
[2022-05-15 16:50:09,075] {scheduler_job.py:190} INFO - Processing /home/airflow/.local/lib/python3.8/site-packages/airflow/example_dags/tutorial_taskflow_api_etl_virtualenv.py took 0.262 seconds
[2022-05-15 16:50:39,553] {scheduler_job.py:182} INFO - Started process (PID=502) to work on /home/airflow/.local/lib/python3.8/site-packages/airflow/example_dags/tutorial_taskflow_api_etl_virtualenv.py
[2022-05-15 16:50:39,555] {scheduler_job.py:633} INFO - Processing file /home/airflow/.local/lib/python3.8/site-packages/airflow/example_dags/tutorial_taskflow_api_etl_virtualenv.py for tasks to queue
[2022-05-15 16:50:39,558] {logging_mixin.py:104} INFO - [2022-05-15 16:50:39,557] {dagbag.py:496} INFO - Filling up the DagBag from /home/airflow/.local/lib/python3.8/site-packages/airflow/example_dags/tutorial_taskflow_api_etl_virtualenv.py
[2022-05-15 16:50:39,588] {scheduler_job.py:643} INFO - DAG(s) dict_keys(['tutorial_taskflow_api_etl_virtualenv']) retrieved from /home/airflow/.local/lib/python3.8/site-packages/airflow/example_dags/tutorial_taskflow_api_etl_virtualenv.py
[2022-05-15 16:50:40,040] {logging_mixin.py:104} INFO - [2022-05-15 16:50:40,040] {dag.py:1833} INFO - Sync 1 DAGs
[2022-05-15 16:50:40,262] {logging_mixin.py:104} INFO - [2022-05-15 16:50:40,261] {dag.py:2306} INFO - Setting next_dagrun for tutorial_taskflow_api_etl_virtualenv to None
[2022-05-15 16:50:40,290] {scheduler_job.py:190} INFO - Processing /home/airflow/.local/lib/python3.8/site-packages/airflow/example_dags/tutorial_taskflow_api_etl_virtualenv.py took 0.741 seconds
[2022-05-15 16:51:10,350] {scheduler_job.py:182} INFO - Started process (PID=541) to work on /home/airflow/.local/lib/python3.8/site-packages/airflow/example_dags/tutorial_taskflow_api_etl_virtualenv.py
[2022-05-15 16:51:10,352] {scheduler_job.py:633} INFO - Processing file /home/airflow/.local/lib/python3.8/site-packages/airflow/example_dags/tutorial_taskflow_api_etl_virtualenv.py for tasks to queue
[2022-05-15 16:51:10,353] {logging_mixin.py:104} INFO - [2022-05-15 16:51:10,353] {dagbag.py:496} INFO - Filling up the DagBag from /home/airflow/.local/lib/python3.8/site-packages/airflow/example_dags/tutorial_taskflow_api_etl_virtualenv.py
[2022-05-15 16:51:10,389] {scheduler_job.py:643} INFO - DAG(s) dict_keys(['tutorial_taskflow_api_etl_virtualenv']) retrieved from /home/airflow/.local/lib/python3.8/site-packages/airflow/example_dags/tutorial_taskflow_api_etl_virtualenv.py
[2022-05-15 16:51:10,702] {logging_mixin.py:104} INFO - [2022-05-15 16:51:10,702] {dag.py:1833} INFO - Sync 1 DAGs
[2022-05-15 16:51:10,771] {logging_mixin.py:104} INFO - [2022-05-15 16:51:10,771] {dag.py:2306} INFO - Setting next_dagrun for tutorial_taskflow_api_etl_virtualenv to None
[2022-05-15 16:51:10,793] {scheduler_job.py:190} INFO - Processing /home/airflow/.local/lib/python3.8/site-packages/airflow/example_dags/tutorial_taskflow_api_etl_virtualenv.py took 0.449 seconds
[2022-05-15 16:51:41,034] {scheduler_job.py:182} INFO - Started process (PID=580) to work on /home/airflow/.local/lib/python3.8/site-packages/airflow/example_dags/tutorial_taskflow_api_etl_virtualenv.py
[2022-05-15 16:51:41,035] {scheduler_job.py:633} INFO - Processing file /home/airflow/.local/lib/python3.8/site-packages/airflow/example_dags/tutorial_taskflow_api_etl_virtualenv.py for tasks to queue
[2022-05-15 16:51:41,035] {logging_mixin.py:104} INFO - [2022-05-15 16:51:41,035] {dagbag.py:496} INFO - Filling up the DagBag from /home/airflow/.local/lib/python3.8/site-packages/airflow/example_dags/tutorial_taskflow_api_etl_virtualenv.py
[2022-05-15 16:51:41,043] {scheduler_job.py:643} INFO - DAG(s) dict_keys(['tutorial_taskflow_api_etl_virtualenv']) retrieved from /home/airflow/.local/lib/python3.8/site-packages/airflow/example_dags/tutorial_taskflow_api_etl_virtualenv.py
[2022-05-15 16:51:41,186] {logging_mixin.py:104} INFO - [2022-05-15 16:51:41,185] {dag.py:1833} INFO - Sync 1 DAGs
[2022-05-15 16:51:41,257] {logging_mixin.py:104} INFO - [2022-05-15 16:51:41,257] {dag.py:2306} INFO - Setting next_dagrun for tutorial_taskflow_api_etl_virtualenv to None
[2022-05-15 16:51:41,266] {scheduler_job.py:190} INFO - Processing /home/airflow/.local/lib/python3.8/site-packages/airflow/example_dags/tutorial_taskflow_api_etl_virtualenv.py took 0.233 seconds
[2022-05-15 16:52:11,692] {scheduler_job.py:182} INFO - Started process (PID=616) to work on /home/airflow/.local/lib/python3.8/site-packages/airflow/example_dags/tutorial_taskflow_api_etl_virtualenv.py
[2022-05-15 16:52:11,692] {scheduler_job.py:633} INFO - Processing file /home/airflow/.local/lib/python3.8/site-packages/airflow/example_dags/tutorial_taskflow_api_etl_virtualenv.py for tasks to queue
[2022-05-15 16:52:11,692] {logging_mixin.py:104} INFO - [2022-05-15 16:52:11,692] {dagbag.py:496} INFO - Filling up the DagBag from /home/airflow/.local/lib/python3.8/site-packages/airflow/example_dags/tutorial_taskflow_api_etl_virtualenv.py
[2022-05-15 16:52:11,700] {scheduler_job.py:643} INFO - DAG(s) dict_keys(['tutorial_taskflow_api_etl_virtualenv']) retrieved from /home/airflow/.local/lib/python3.8/site-packages/airflow/example_dags/tutorial_taskflow_api_etl_virtualenv.py
[2022-05-15 16:52:11,895] {logging_mixin.py:104} INFO - [2022-05-15 16:52:11,895] {dag.py:1833} INFO - Sync 1 DAGs
[2022-05-15 16:52:11,900] {logging_mixin.py:104} INFO - [2022-05-15 16:52:11,900] {dag.py:2306} INFO - Setting next_dagrun for tutorial_taskflow_api_etl_virtualenv to None
[2022-05-15 16:52:11,921] {scheduler_job.py:190} INFO - Processing /home/airflow/.local/lib/python3.8/site-packages/airflow/example_dags/tutorial_taskflow_api_etl_virtualenv.py took 0.231 seconds
[2022-05-15 16:52:42,174] {scheduler_job.py:182} INFO - Started process (PID=655) to work on /home/airflow/.local/lib/python3.8/site-packages/airflow/example_dags/tutorial_taskflow_api_etl_virtualenv.py
[2022-05-15 16:52:42,176] {scheduler_job.py:633} INFO - Processing file /home/airflow/.local/lib/python3.8/site-packages/airflow/example_dags/tutorial_taskflow_api_etl_virtualenv.py for tasks to queue
[2022-05-15 16:52:42,177] {logging_mixin.py:104} INFO - [2022-05-15 16:52:42,177] {dagbag.py:496} INFO - Filling up the DagBag from /home/airflow/.local/lib/python3.8/site-packages/airflow/example_dags/tutorial_taskflow_api_etl_virtualenv.py
[2022-05-15 16:52:42,204] {scheduler_job.py:643} INFO - DAG(s) dict_keys(['tutorial_taskflow_api_etl_virtualenv']) retrieved from /home/airflow/.local/lib/python3.8/site-packages/airflow/example_dags/tutorial_taskflow_api_etl_virtualenv.py
[2022-05-15 16:52:42,565] {logging_mixin.py:104} INFO - [2022-05-15 16:52:42,565] {dag.py:1833} INFO - Sync 1 DAGs
[2022-05-15 16:52:42,572] {logging_mixin.py:104} INFO - [2022-05-15 16:52:42,572] {dag.py:2306} INFO - Setting next_dagrun for tutorial_taskflow_api_etl_virtualenv to None
[2022-05-15 16:52:42,581] {scheduler_job.py:190} INFO - Processing /home/airflow/.local/lib/python3.8/site-packages/airflow/example_dags/tutorial_taskflow_api_etl_virtualenv.py took 0.413 seconds
[2022-05-15 16:53:12,717] {scheduler_job.py:182} INFO - Started process (PID=695) to work on /home/airflow/.local/lib/python3.8/site-packages/airflow/example_dags/tutorial_taskflow_api_etl_virtualenv.py
[2022-05-15 16:53:12,717] {scheduler_job.py:633} INFO - Processing file /home/airflow/.local/lib/python3.8/site-packages/airflow/example_dags/tutorial_taskflow_api_etl_virtualenv.py for tasks to queue
[2022-05-15 16:53:12,718] {logging_mixin.py:104} INFO - [2022-05-15 16:53:12,717] {dagbag.py:496} INFO - Filling up the DagBag from /home/airflow/.local/lib/python3.8/site-packages/airflow/example_dags/tutorial_taskflow_api_etl_virtualenv.py
[2022-05-15 16:53:12,727] {scheduler_job.py:643} INFO - DAG(s) dict_keys(['tutorial_taskflow_api_etl_virtualenv']) retrieved from /home/airflow/.local/lib/python3.8/site-packages/airflow/example_dags/tutorial_taskflow_api_etl_virtualenv.py
[2022-05-15 16:53:12,981] {logging_mixin.py:104} INFO - [2022-05-15 16:53:12,980] {dag.py:1833} INFO - Sync 1 DAGs
[2022-05-15 16:53:12,986] {logging_mixin.py:104} INFO - [2022-05-15 16:53:12,986] {dag.py:2306} INFO - Setting next_dagrun for tutorial_taskflow_api_etl_virtualenv to None
[2022-05-15 16:53:12,995] {scheduler_job.py:190} INFO - Processing /home/airflow/.local/lib/python3.8/site-packages/airflow/example_dags/tutorial_taskflow_api_etl_virtualenv.py took 0.280 seconds
[2022-05-15 16:53:43,332] {scheduler_job.py:182} INFO - Started process (PID=733) to work on /home/airflow/.local/lib/python3.8/site-packages/airflow/example_dags/tutorial_taskflow_api_etl_virtualenv.py
[2022-05-15 16:53:43,332] {scheduler_job.py:633} INFO - Processing file /home/airflow/.local/lib/python3.8/site-packages/airflow/example_dags/tutorial_taskflow_api_etl_virtualenv.py for tasks to queue
[2022-05-15 16:53:43,333] {logging_mixin.py:104} INFO - [2022-05-15 16:53:43,333] {dagbag.py:496} INFO - Filling up the DagBag from /home/airflow/.local/lib/python3.8/site-packages/airflow/example_dags/tutorial_taskflow_api_etl_virtualenv.py
[2022-05-15 16:53:43,341] {scheduler_job.py:643} INFO - DAG(s) dict_keys(['tutorial_taskflow_api_etl_virtualenv']) retrieved from /home/airflow/.local/lib/python3.8/site-packages/airflow/example_dags/tutorial_taskflow_api_etl_virtualenv.py
[2022-05-15 16:53:43,534] {logging_mixin.py:104} INFO - [2022-05-15 16:53:43,534] {dag.py:1833} INFO - Sync 1 DAGs
[2022-05-15 16:53:43,539] {logging_mixin.py:104} INFO - [2022-05-15 16:53:43,539] {dag.py:2306} INFO - Setting next_dagrun for tutorial_taskflow_api_etl_virtualenv to None
[2022-05-15 16:53:43,547] {scheduler_job.py:190} INFO - Processing /home/airflow/.local/lib/python3.8/site-packages/airflow/example_dags/tutorial_taskflow_api_etl_virtualenv.py took 0.217 seconds
[2022-05-15 16:54:15,103] {scheduler_job.py:182} INFO - Started process (PID=772) to work on /home/airflow/.local/lib/python3.8/site-packages/airflow/example_dags/tutorial_taskflow_api_etl_virtualenv.py
[2022-05-15 16:54:15,105] {scheduler_job.py:633} INFO - Processing file /home/airflow/.local/lib/python3.8/site-packages/airflow/example_dags/tutorial_taskflow_api_etl_virtualenv.py for tasks to queue
[2022-05-15 16:54:15,105] {logging_mixin.py:104} INFO - [2022-05-15 16:54:15,105] {dagbag.py:496} INFO - Filling up the DagBag from /home/airflow/.local/lib/python3.8/site-packages/airflow/example_dags/tutorial_taskflow_api_etl_virtualenv.py
[2022-05-15 16:54:15,123] {scheduler_job.py:643} INFO - DAG(s) dict_keys(['tutorial_taskflow_api_etl_virtualenv']) retrieved from /home/airflow/.local/lib/python3.8/site-packages/airflow/example_dags/tutorial_taskflow_api_etl_virtualenv.py
[2022-05-15 16:54:15,360] {logging_mixin.py:104} INFO - [2022-05-15 16:54:15,360] {dag.py:1833} INFO - Sync 1 DAGs
[2022-05-15 16:54:15,366] {logging_mixin.py:104} INFO - [2022-05-15 16:54:15,366] {dag.py:2306} INFO - Setting next_dagrun for tutorial_taskflow_api_etl_virtualenv to None
[2022-05-15 16:54:15,428] {scheduler_job.py:190} INFO - Processing /home/airflow/.local/lib/python3.8/site-packages/airflow/example_dags/tutorial_taskflow_api_etl_virtualenv.py took 0.328 seconds
[2022-05-15 16:54:46,405] {scheduler_job.py:182} INFO - Started process (PID=813) to work on /home/airflow/.local/lib/python3.8/site-packages/airflow/example_dags/tutorial_taskflow_api_etl_virtualenv.py
[2022-05-15 16:54:46,407] {scheduler_job.py:633} INFO - Processing file /home/airflow/.local/lib/python3.8/site-packages/airflow/example_dags/tutorial_taskflow_api_etl_virtualenv.py for tasks to queue
[2022-05-15 16:54:46,408] {logging_mixin.py:104} INFO - [2022-05-15 16:54:46,408] {dagbag.py:496} INFO - Filling up the DagBag from /home/airflow/.local/lib/python3.8/site-packages/airflow/example_dags/tutorial_taskflow_api_etl_virtualenv.py
[2022-05-15 16:54:46,437] {scheduler_job.py:643} INFO - DAG(s) dict_keys(['tutorial_taskflow_api_etl_virtualenv']) retrieved from /home/airflow/.local/lib/python3.8/site-packages/airflow/example_dags/tutorial_taskflow_api_etl_virtualenv.py
[2022-05-15 16:54:46,635] {logging_mixin.py:104} INFO - [2022-05-15 16:54:46,634] {dag.py:1833} INFO - Sync 1 DAGs
[2022-05-15 16:54:46,641] {logging_mixin.py:104} INFO - [2022-05-15 16:54:46,641] {dag.py:2306} INFO - Setting next_dagrun for tutorial_taskflow_api_etl_virtualenv to None
[2022-05-15 16:54:46,651] {scheduler_job.py:190} INFO - Processing /home/airflow/.local/lib/python3.8/site-packages/airflow/example_dags/tutorial_taskflow_api_etl_virtualenv.py took 0.252 seconds
[2022-05-15 16:55:47,524] {scheduler_job.py:182} INFO - Started process (PID=49) to work on /home/airflow/.local/lib/python3.8/site-packages/airflow/example_dags/tutorial_taskflow_api_etl_virtualenv.py
[2022-05-15 16:55:47,525] {scheduler_job.py:633} INFO - Processing file /home/airflow/.local/lib/python3.8/site-packages/airflow/example_dags/tutorial_taskflow_api_etl_virtualenv.py for tasks to queue
[2022-05-15 16:55:47,525] {logging_mixin.py:104} INFO - [2022-05-15 16:55:47,525] {dagbag.py:496} INFO - Filling up the DagBag from /home/airflow/.local/lib/python3.8/site-packages/airflow/example_dags/tutorial_taskflow_api_etl_virtualenv.py
[2022-05-15 16:55:47,536] {scheduler_job.py:643} INFO - DAG(s) dict_keys(['tutorial_taskflow_api_etl_virtualenv']) retrieved from /home/airflow/.local/lib/python3.8/site-packages/airflow/example_dags/tutorial_taskflow_api_etl_virtualenv.py
[2022-05-15 16:55:47,551] {logging_mixin.py:104} INFO - [2022-05-15 16:55:47,551] {dag.py:1833} INFO - Sync 1 DAGs
[2022-05-15 16:55:47,561] {logging_mixin.py:104} INFO - [2022-05-15 16:55:47,561] {dag.py:2306} INFO - Setting next_dagrun for tutorial_taskflow_api_etl_virtualenv to None
[2022-05-15 16:55:47,573] {scheduler_job.py:190} INFO - Processing /home/airflow/.local/lib/python3.8/site-packages/airflow/example_dags/tutorial_taskflow_api_etl_virtualenv.py took 0.050 seconds
[2022-05-15 16:56:19,087] {scheduler_job.py:182} INFO - Started process (PID=88) to work on /home/airflow/.local/lib/python3.8/site-packages/airflow/example_dags/tutorial_taskflow_api_etl_virtualenv.py
[2022-05-15 16:56:19,088] {scheduler_job.py:633} INFO - Processing file /home/airflow/.local/lib/python3.8/site-packages/airflow/example_dags/tutorial_taskflow_api_etl_virtualenv.py for tasks to queue
[2022-05-15 16:56:19,090] {logging_mixin.py:104} INFO - [2022-05-15 16:56:19,090] {dagbag.py:496} INFO - Filling up the DagBag from /home/airflow/.local/lib/python3.8/site-packages/airflow/example_dags/tutorial_taskflow_api_etl_virtualenv.py
[2022-05-15 16:56:19,114] {scheduler_job.py:643} INFO - DAG(s) dict_keys(['tutorial_taskflow_api_etl_virtualenv']) retrieved from /home/airflow/.local/lib/python3.8/site-packages/airflow/example_dags/tutorial_taskflow_api_etl_virtualenv.py
[2022-05-15 16:56:19,431] {logging_mixin.py:104} INFO - [2022-05-15 16:56:19,431] {dag.py:1833} INFO - Sync 1 DAGs
[2022-05-15 16:56:19,450] {logging_mixin.py:104} INFO - [2022-05-15 16:56:19,449] {dag.py:2306} INFO - Setting next_dagrun for tutorial_taskflow_api_etl_virtualenv to None
[2022-05-15 16:56:19,467] {scheduler_job.py:190} INFO - Processing /home/airflow/.local/lib/python3.8/site-packages/airflow/example_dags/tutorial_taskflow_api_etl_virtualenv.py took 0.386 seconds
[2022-05-15 16:56:50,456] {scheduler_job.py:182} INFO - Started process (PID=129) to work on /home/airflow/.local/lib/python3.8/site-packages/airflow/example_dags/tutorial_taskflow_api_etl_virtualenv.py
[2022-05-15 16:56:50,459] {scheduler_job.py:633} INFO - Processing file /home/airflow/.local/lib/python3.8/site-packages/airflow/example_dags/tutorial_taskflow_api_etl_virtualenv.py for tasks to queue
[2022-05-15 16:56:50,461] {logging_mixin.py:104} INFO - [2022-05-15 16:56:50,460] {dagbag.py:496} INFO - Filling up the DagBag from /home/airflow/.local/lib/python3.8/site-packages/airflow/example_dags/tutorial_taskflow_api_etl_virtualenv.py
[2022-05-15 16:56:50,486] {scheduler_job.py:643} INFO - DAG(s) dict_keys(['tutorial_taskflow_api_etl_virtualenv']) retrieved from /home/airflow/.local/lib/python3.8/site-packages/airflow/example_dags/tutorial_taskflow_api_etl_virtualenv.py
[2022-05-15 16:56:50,665] {logging_mixin.py:104} INFO - [2022-05-15 16:56:50,665] {dag.py:1833} INFO - Sync 1 DAGs
[2022-05-15 16:56:50,676] {logging_mixin.py:104} INFO - [2022-05-15 16:56:50,675] {dag.py:2306} INFO - Setting next_dagrun for tutorial_taskflow_api_etl_virtualenv to None
[2022-05-15 16:56:50,807] {scheduler_job.py:190} INFO - Processing /home/airflow/.local/lib/python3.8/site-packages/airflow/example_dags/tutorial_taskflow_api_etl_virtualenv.py took 0.359 seconds
[2022-05-15 16:57:22,209] {scheduler_job.py:182} INFO - Started process (PID=168) to work on /home/airflow/.local/lib/python3.8/site-packages/airflow/example_dags/tutorial_taskflow_api_etl_virtualenv.py
[2022-05-15 16:57:22,210] {scheduler_job.py:633} INFO - Processing file /home/airflow/.local/lib/python3.8/site-packages/airflow/example_dags/tutorial_taskflow_api_etl_virtualenv.py for tasks to queue
[2022-05-15 16:57:22,210] {logging_mixin.py:104} INFO - [2022-05-15 16:57:22,210] {dagbag.py:496} INFO - Filling up the DagBag from /home/airflow/.local/lib/python3.8/site-packages/airflow/example_dags/tutorial_taskflow_api_etl_virtualenv.py
[2022-05-15 16:57:22,219] {scheduler_job.py:643} INFO - DAG(s) dict_keys(['tutorial_taskflow_api_etl_virtualenv']) retrieved from /home/airflow/.local/lib/python3.8/site-packages/airflow/example_dags/tutorial_taskflow_api_etl_virtualenv.py
[2022-05-15 16:57:22,409] {logging_mixin.py:104} INFO - [2022-05-15 16:57:22,409] {dag.py:1833} INFO - Sync 1 DAGs
[2022-05-15 16:57:22,419] {logging_mixin.py:104} INFO - [2022-05-15 16:57:22,419] {dag.py:2306} INFO - Setting next_dagrun for tutorial_taskflow_api_etl_virtualenv to None
[2022-05-15 16:57:22,547] {scheduler_job.py:190} INFO - Processing /home/airflow/.local/lib/python3.8/site-packages/airflow/example_dags/tutorial_taskflow_api_etl_virtualenv.py took 0.340 seconds
