[2022-05-17 08:35:01,677] {taskinstance.py:896} INFO - Dependencies all met for <TaskInstance: UTE_THONG_BAO_V1.t2 2022-05-17T08:30:00+00:00 [queued]>
[2022-05-17 08:35:01,690] {taskinstance.py:896} INFO - Dependencies all met for <TaskInstance: UTE_THONG_BAO_V1.t2 2022-05-17T08:30:00+00:00 [queued]>
[2022-05-17 08:35:01,691] {taskinstance.py:1087} INFO - 
--------------------------------------------------------------------------------
[2022-05-17 08:35:01,691] {taskinstance.py:1088} INFO - Starting attempt 1 of 1
[2022-05-17 08:35:01,691] {taskinstance.py:1089} INFO - 
--------------------------------------------------------------------------------
[2022-05-17 08:35:01,708] {taskinstance.py:1107} INFO - Executing <Task(PythonOperator): t2> on 2022-05-17T08:30:00+00:00
[2022-05-17 08:35:01,716] {standard_task_runner.py:52} INFO - Started process 1445 to run task
[2022-05-17 08:35:01,721] {standard_task_runner.py:76} INFO - Running: ['***', 'tasks', 'run', 'UTE_THONG_BAO_V1', 't2', '2022-05-17T08:30:00+00:00', '--job-id', '158', '--pool', 'default_pool', '--raw', '--subdir', 'DAGS_FOLDER/test/test.py', '--cfg-path', '/tmp/tmpdj4ttvo8', '--error-file', '/tmp/tmp2ybgzu8k']
[2022-05-17 08:35:01,722] {standard_task_runner.py:77} INFO - Job 158: Subtask t2
[2022-05-17 08:35:01,783] {logging_mixin.py:104} INFO - Running <TaskInstance: UTE_THONG_BAO_V1.t2 2022-05-17T08:30:00+00:00 [running]> on host 0b42bd968922
[2022-05-17 08:35:01,855] {taskinstance.py:1300} INFO - Exporting the following env vars:
AIRFLOW_CTX_DAG_OWNER=UTE_THONG_BAO_V1
AIRFLOW_CTX_DAG_ID=UTE_THONG_BAO_V1
AIRFLOW_CTX_TASK_ID=t2
AIRFLOW_CTX_EXECUTION_DATE=2022-05-17T08:30:00+00:00
AIRFLOW_CTX_DAG_RUN_ID=scheduled__2022-05-17T08:30:00+00:00
[2022-05-17 08:35:01,869] {logging_mixin.py:104} INFO - 2050531200310 221CDPM02 Chuyên đề phần mềm
[2022-05-17 08:35:04,864] {logging_mixin.py:104} INFO - [+] Successfully sent the mail
[2022-05-17 08:35:04,865] {logging_mixin.py:104} INFO - 

[!] Done Send Mail :2050531200310
[2022-05-17 08:35:04,865] {logging_mixin.py:104} INFO - 2050531200360 221LTDT02 Lý thuyết đồ thị
[2022-05-17 08:35:04,866] {logging_mixin.py:104} INFO - 2050531200360 221CDPM02 Chuyên đề phần mềm
[2022-05-17 08:35:07,902] {logging_mixin.py:104} INFO - [+] Successfully sent the mail
[2022-05-17 08:35:07,902] {logging_mixin.py:104} INFO - 

[!] Done Send Mail :2050531200360
[2022-05-17 08:35:07,905] {logging_mixin.py:104} INFO - 

[+] DONE SEND MAIL !!
[2022-05-17 08:35:07,905] {python.py:151} INFO - Done. Returned value was: None
[2022-05-17 08:35:07,925] {taskinstance.py:1204} INFO - Marking task as SUCCESS. dag_id=UTE_THONG_BAO_V1, task_id=t2, execution_date=20220517T083000, start_date=20220517T083501, end_date=20220517T083507
[2022-05-17 08:35:07,996] {taskinstance.py:1265} INFO - 1 downstream tasks scheduled from follow-on schedule check
[2022-05-17 08:35:08,036] {local_task_job.py:151} INFO - Task exited with return code 0
