[2022-05-17 05:51:07,310] {taskinstance.py:896} INFO - Dependencies all met for <TaskInstance: UTE_THONG_BAO_V1.t2 2022-05-17T05:40:00+00:00 [queued]>
[2022-05-17 05:51:07,317] {taskinstance.py:896} INFO - Dependencies all met for <TaskInstance: UTE_THONG_BAO_V1.t2 2022-05-17T05:40:00+00:00 [queued]>
[2022-05-17 05:51:07,317] {taskinstance.py:1087} INFO - 
--------------------------------------------------------------------------------
[2022-05-17 05:51:07,318] {taskinstance.py:1088} INFO - Starting attempt 1 of 1
[2022-05-17 05:51:07,318] {taskinstance.py:1089} INFO - 
--------------------------------------------------------------------------------
[2022-05-17 05:51:07,330] {taskinstance.py:1107} INFO - Executing <Task(PythonOperator): t2> on 2022-05-17T05:40:00+00:00
[2022-05-17 05:51:07,334] {standard_task_runner.py:52} INFO - Started process 67 to run task
[2022-05-17 05:51:07,336] {standard_task_runner.py:76} INFO - Running: ['***', 'tasks', 'run', 'UTE_THONG_BAO_V1', 't2', '2022-05-17T05:40:00+00:00', '--job-id', '147', '--pool', 'default_pool', '--raw', '--subdir', 'DAGS_FOLDER/test/test.py', '--cfg-path', '/tmp/tmpu9fdany2', '--error-file', '/tmp/tmphfd4u791']
[2022-05-17 05:51:07,337] {standard_task_runner.py:77} INFO - Job 147: Subtask t2
[2022-05-17 05:51:07,374] {logging_mixin.py:104} INFO - Running <TaskInstance: UTE_THONG_BAO_V1.t2 2022-05-17T05:40:00+00:00 [running]> on host b2d91960cd03
[2022-05-17 05:51:07,428] {taskinstance.py:1300} INFO - Exporting the following env vars:
AIRFLOW_CTX_DAG_OWNER=UTE_THONG_BAO_V1
AIRFLOW_CTX_DAG_ID=UTE_THONG_BAO_V1
AIRFLOW_CTX_TASK_ID=t2
AIRFLOW_CTX_EXECUTION_DATE=2022-05-17T05:40:00+00:00
AIRFLOW_CTX_DAG_RUN_ID=scheduled__2022-05-17T05:40:00+00:00
[2022-05-17 05:51:07,439] {logging_mixin.py:104} INFO - 2050531200310 221CDPM02
[2022-05-17 05:51:11,146] {logging_mixin.py:104} INFO - successfully sent the mail
[2022-05-17 05:51:11,148] {logging_mixin.py:104} INFO - [+] DONE SEND MAIL !!
[2022-05-17 05:51:11,148] {python.py:151} INFO - Done. Returned value was: None
[2022-05-17 05:51:11,154] {taskinstance.py:1204} INFO - Marking task as SUCCESS. dag_id=UTE_THONG_BAO_V1, task_id=t2, execution_date=20220517T054000, start_date=20220517T055107, end_date=20220517T055111
[2022-05-17 05:51:11,176] {taskinstance.py:1265} INFO - 1 downstream tasks scheduled from follow-on schedule check
[2022-05-17 05:51:11,196] {local_task_job.py:151} INFO - Task exited with return code 0
