[2022-05-16 17:10:04,377] {taskinstance.py:896} INFO - Dependencies all met for <TaskInstance: UTE_THONG_BAO_V1.schedule_bgg_crawler 2022-05-16T17:05:00+00:00 [queued]>
[2022-05-16 17:10:04,384] {taskinstance.py:896} INFO - Dependencies all met for <TaskInstance: UTE_THONG_BAO_V1.schedule_bgg_crawler 2022-05-16T17:05:00+00:00 [queued]>
[2022-05-16 17:10:04,384] {taskinstance.py:1087} INFO - 
--------------------------------------------------------------------------------
[2022-05-16 17:10:04,384] {taskinstance.py:1088} INFO - Starting attempt 1 of 1
[2022-05-16 17:10:04,384] {taskinstance.py:1089} INFO - 
--------------------------------------------------------------------------------
[2022-05-16 17:10:04,391] {taskinstance.py:1107} INFO - Executing <Task(BashOperator): schedule_bgg_crawler> on 2022-05-16T17:05:00+00:00
[2022-05-16 17:10:04,393] {standard_task_runner.py:52} INFO - Started process 17402 to run task
[2022-05-16 17:10:04,395] {standard_task_runner.py:76} INFO - Running: ['***', 'tasks', 'run', 'UTE_THONG_BAO_V1', 'schedule_bgg_crawler', '2022-05-16T17:05:00+00:00', '--job-id', '104', '--pool', 'default_pool', '--raw', '--subdir', 'DAGS_FOLDER/test/test.py', '--cfg-path', '/tmp/tmpz52n0owe', '--error-file', '/tmp/tmp5z3pa5dp']
[2022-05-16 17:10:04,396] {standard_task_runner.py:77} INFO - Job 104: Subtask schedule_bgg_crawler
[2022-05-16 17:10:04,421] {logging_mixin.py:104} INFO - Running <TaskInstance: UTE_THONG_BAO_V1.schedule_bgg_crawler 2022-05-16T17:05:00+00:00 [running]> on host 65d21844f899
[2022-05-16 17:10:04,453] {taskinstance.py:1300} INFO - Exporting the following env vars:
AIRFLOW_CTX_DAG_OWNER=UTE_THONG_BAO_V1
AIRFLOW_CTX_DAG_ID=UTE_THONG_BAO_V1
AIRFLOW_CTX_TASK_ID=schedule_bgg_crawler
AIRFLOW_CTX_EXECUTION_DATE=2022-05-16T17:05:00+00:00
AIRFLOW_CTX_DAG_RUN_ID=scheduled__2022-05-16T17:05:00+00:00
[2022-05-16 17:10:04,453] {subprocess.py:52} INFO - Tmp dir root location: 
 /tmp
[2022-05-16 17:10:04,453] {subprocess.py:63} INFO - Running command: ['bash', '-c', 'cd /opt/***/dags/test && scrapy crawl thongbao && echo "xong t1"']
[2022-05-16 17:10:04,458] {subprocess.py:75} INFO - Output:
[2022-05-16 17:10:05,433] {subprocess.py:79} INFO - sh: 1: dags/test: not found
[2022-05-16 17:10:05,442] {subprocess.py:79} INFO - 2022-05-16 17:10:05 [scrapy.utils.log] INFO: Scrapy 2.6.1 started (bot: thongbao)
[2022-05-16 17:10:05,443] {subprocess.py:79} INFO - 2022-05-16 17:10:05 [scrapy.utils.log] INFO: Versions: lxml 4.8.0.0, libxml2 2.9.12, cssselect 1.1.0, parsel 1.6.0, w3lib 1.22.0, Twisted 22.4.0, Python 3.8.12 (default, Dec 21 2021, 11:15:53) - [GCC 8.3.0], pyOpenSSL 19.1.0 (OpenSSL 1.1.1k  25 Mar 2021), cryptography 3.4.7, Platform Linux-5.13.0-39-generic-x86_64-with-glibc2.2.5
[2022-05-16 17:10:05,446] {subprocess.py:79} INFO - 2022-05-16 17:10:05 [scrapy.crawler] INFO: Overridden settings:
[2022-05-16 17:10:05,446] {subprocess.py:79} INFO - {'BOT_NAME': 'thongbao',
[2022-05-16 17:10:05,446] {subprocess.py:79} INFO -  'FEED_EXPORT_ENCODING': 'utf-8',
[2022-05-16 17:10:05,446] {subprocess.py:79} INFO -  'NEWSPIDER_MODULE': 'thongbao.spiders',
[2022-05-16 17:10:05,446] {subprocess.py:79} INFO -  'SPIDER_MODULES': ['thongbao.spiders']}
[2022-05-16 17:10:05,448] {subprocess.py:79} INFO - 2022-05-16 17:10:05 [scrapy.utils.log] DEBUG: Using reactor: twisted.internet.epollreactor.EPollReactor
[2022-05-16 17:10:05,458] {subprocess.py:79} INFO - 2022-05-16 17:10:05 [scrapy.extensions.telnet] INFO: Telnet Password: 7d3c61893a241e87
[2022-05-16 17:10:05,503] {subprocess.py:79} INFO - 2022-05-16 17:10:05 [scrapy.middleware] INFO: Enabled extensions:
[2022-05-16 17:10:05,504] {subprocess.py:79} INFO - ['scrapy.extensions.corestats.CoreStats',
[2022-05-16 17:10:05,504] {subprocess.py:79} INFO -  'scrapy.extensions.telnet.TelnetConsole',
[2022-05-16 17:10:05,504] {subprocess.py:79} INFO -  'scrapy.extensions.memusage.MemoryUsage',
[2022-05-16 17:10:05,504] {subprocess.py:79} INFO -  'scrapy.extensions.logstats.LogStats']
[2022-05-16 17:10:05,577] {subprocess.py:79} INFO - 2022-05-16 17:10:05 [scrapy.middleware] INFO: Enabled downloader middlewares:
[2022-05-16 17:10:05,577] {subprocess.py:79} INFO - ['scrapy.downloadermiddlewares.httpauth.HttpAuthMiddleware',
[2022-05-16 17:10:05,577] {subprocess.py:79} INFO -  'scrapy.downloadermiddlewares.downloadtimeout.DownloadTimeoutMiddleware',
[2022-05-16 17:10:05,577] {subprocess.py:79} INFO -  'scrapy.downloadermiddlewares.defaultheaders.DefaultHeadersMiddleware',
[2022-05-16 17:10:05,577] {subprocess.py:79} INFO -  'scrapy.downloadermiddlewares.useragent.UserAgentMiddleware',
[2022-05-16 17:10:05,577] {subprocess.py:79} INFO -  'thongbao.middlewares.ThongbaoDownloaderMiddleware',
[2022-05-16 17:10:05,577] {subprocess.py:79} INFO -  'scrapy.downloadermiddlewares.retry.RetryMiddleware',
[2022-05-16 17:10:05,577] {subprocess.py:79} INFO -  'scrapy.downloadermiddlewares.redirect.MetaRefreshMiddleware',
[2022-05-16 17:10:05,577] {subprocess.py:79} INFO -  'scrapy.downloadermiddlewares.httpcompression.HttpCompressionMiddleware',
[2022-05-16 17:10:05,577] {subprocess.py:79} INFO -  'scrapy.downloadermiddlewares.redirect.RedirectMiddleware',
[2022-05-16 17:10:05,577] {subprocess.py:79} INFO -  'scrapy.downloadermiddlewares.cookies.CookiesMiddleware',
[2022-05-16 17:10:05,577] {subprocess.py:79} INFO -  'scrapy.downloadermiddlewares.httpproxy.HttpProxyMiddleware',
[2022-05-16 17:10:05,577] {subprocess.py:79} INFO -  'scrapy.downloadermiddlewares.stats.DownloaderStats']
[2022-05-16 17:10:05,578] {subprocess.py:79} INFO - 2022-05-16 17:10:05 [scrapy.middleware] INFO: Enabled spider middlewares:
[2022-05-16 17:10:05,578] {subprocess.py:79} INFO - ['scrapy.spidermiddlewares.httperror.HttpErrorMiddleware',
[2022-05-16 17:10:05,578] {subprocess.py:79} INFO -  'scrapy.spidermiddlewares.offsite.OffsiteMiddleware',
[2022-05-16 17:10:05,578] {subprocess.py:79} INFO -  'scrapy.spidermiddlewares.referer.RefererMiddleware',
[2022-05-16 17:10:05,579] {subprocess.py:79} INFO -  'scrapy.spidermiddlewares.urllength.UrlLengthMiddleware',
[2022-05-16 17:10:05,579] {subprocess.py:79} INFO -  'scrapy.spidermiddlewares.depth.DepthMiddleware']
[2022-05-16 17:10:05,587] {subprocess.py:79} INFO - 2022-05-16 17:10:05 [scrapy.middleware] INFO: Enabled item pipelines:
[2022-05-16 17:10:05,587] {subprocess.py:79} INFO - ['thongbao.pipelines.ThongbaoPipeline']
[2022-05-16 17:10:05,587] {subprocess.py:79} INFO - 2022-05-16 17:10:05 [scrapy.core.engine] INFO: Spider opened
[2022-05-16 17:10:05,667] {subprocess.py:79} INFO - 2022-05-16 17:10:05 [scrapy.extensions.logstats] INFO: Crawled 0 pages (at 0 pages/min), scraped 0 items (at 0 items/min)
[2022-05-16 17:10:05,668] {subprocess.py:79} INFO - 2022-05-16 17:10:05 [thongbao] INFO: Spider opened: thongbao
[2022-05-16 17:10:05,668] {subprocess.py:79} INFO - 2022-05-16 17:10:05 [scrapy.extensions.telnet] INFO: Telnet console listening on 127.0.0.1:6023
[2022-05-16 17:10:05,670] {subprocess.py:79} INFO - 2022-05-16 17:10:05 [root] DEBUG: current user-agent: _
[2022-05-16 17:11:05,669] {subprocess.py:79} INFO - 2022-05-16 17:11:05 [scrapy.extensions.logstats] INFO: Crawled 0 pages (at 0 pages/min), scraped 0 items (at 0 items/min)
[2022-05-16 17:11:29,430] {subprocess.py:79} INFO - 2022-05-16 17:11:29 [filelock] DEBUG: Attempting to acquire lock 140139409349408 on /home/***/.cache/python-tldextract/3.8.12.final__local__ecb11d__tldextract-3.3.0/publicsuffix.org-tlds/de84b5ca2167d4c83e38fb162f2e8738.tldextract.json.lock
[2022-05-16 17:11:29,432] {subprocess.py:79} INFO - 2022-05-16 17:11:29 [filelock] INFO: Lock 140139409349408 acquired on /home/***/.cache/python-tldextract/3.8.12.final__local__ecb11d__tldextract-3.3.0/publicsuffix.org-tlds/de84b5ca2167d4c83e38fb162f2e8738.tldextract.json.lock
[2022-05-16 17:11:29,438] {subprocess.py:79} INFO - 2022-05-16 17:11:29 [filelock] DEBUG: Attempting to release lock 140139409349408 on /home/***/.cache/python-tldextract/3.8.12.final__local__ecb11d__tldextract-3.3.0/publicsuffix.org-tlds/de84b5ca2167d4c83e38fb162f2e8738.tldextract.json.lock
[2022-05-16 17:11:29,438] {subprocess.py:79} INFO - 2022-05-16 17:11:29 [filelock] INFO: Lock 140139409349408 released on /home/***/.cache/python-tldextract/3.8.12.final__local__ecb11d__tldextract-3.3.0/publicsuffix.org-tlds/de84b5ca2167d4c83e38fb162f2e8738.tldextract.json.lock
[2022-05-16 17:11:29,447] {subprocess.py:79} INFO - 2022-05-16 17:11:29 [scrapy.core.engine] DEBUG: Crawled (200) <GET http://daotao.ute.udn.vn/> (referer: None)
[2022-05-16 17:11:29,590] {subprocess.py:79} INFO - 2022-05-16 17:11:29 [root] INFO: [!] OLD_DATA STOP !!
[2022-05-16 17:11:29,596] {subprocess.py:79} INFO - 2022-05-16 17:11:29 [scrapy.core.engine] INFO: Closing spider (finished)
[2022-05-16 17:11:29,598] {subprocess.py:79} INFO - 2022-05-16 17:11:29 [scrapy.statscollectors] INFO: Dumping Scrapy stats:
[2022-05-16 17:11:29,598] {subprocess.py:79} INFO - {'downloader/request_bytes': 217,
[2022-05-16 17:11:29,598] {subprocess.py:79} INFO -  'downloader/request_count': 1,
[2022-05-16 17:11:29,599] {subprocess.py:79} INFO -  'downloader/request_method_count/GET': 1,
[2022-05-16 17:11:29,599] {subprocess.py:79} INFO -  'downloader/response_bytes': 21232,
[2022-05-16 17:11:29,599] {subprocess.py:79} INFO -  'downloader/response_count': 1,
[2022-05-16 17:11:29,599] {subprocess.py:79} INFO -  'downloader/response_status_count/200': 1,
[2022-05-16 17:11:29,599] {subprocess.py:79} INFO -  'elapsed_time_seconds': 83.92971,
[2022-05-16 17:11:29,599] {subprocess.py:79} INFO -  'finish_reason': 'finished',
[2022-05-16 17:11:29,599] {subprocess.py:79} INFO -  'finish_time': datetime.datetime(2022, 5, 16, 17, 11, 29, 597287),
[2022-05-16 17:11:29,600] {subprocess.py:79} INFO -  'httpcompression/response_bytes': 86164,
[2022-05-16 17:11:29,600] {subprocess.py:79} INFO -  'httpcompression/response_count': 1,
[2022-05-16 17:11:29,600] {subprocess.py:79} INFO -  'log_count/DEBUG': 5,
[2022-05-16 17:11:29,600] {subprocess.py:79} INFO -  'log_count/INFO': 15,
[2022-05-16 17:11:29,600] {subprocess.py:79} INFO -  'memusage/max': 67055616,
[2022-05-16 17:11:29,600] {subprocess.py:79} INFO -  'memusage/startup': 66850816,
[2022-05-16 17:11:29,600] {subprocess.py:79} INFO -  'response_received_count': 1,
[2022-05-16 17:11:29,601] {subprocess.py:79} INFO -  'scheduler/dequeued': 1,
[2022-05-16 17:11:29,601] {subprocess.py:79} INFO -  'scheduler/dequeued/memory': 1,
[2022-05-16 17:11:29,601] {subprocess.py:79} INFO -  'scheduler/enqueued': 1,
[2022-05-16 17:11:29,601] {subprocess.py:79} INFO -  'scheduler/enqueued/memory': 1,
[2022-05-16 17:11:29,601] {subprocess.py:79} INFO -  'start_time': datetime.datetime(2022, 5, 16, 17, 10, 5, 667577)}
[2022-05-16 17:11:29,601] {subprocess.py:79} INFO - 2022-05-16 17:11:29 [scrapy.core.engine] INFO: Spider closed (finished)
[2022-05-16 17:11:29,601] {subprocess.py:79} INFO - current user-agent: _
[2022-05-16 17:11:29,601] {subprocess.py:79} INFO - viewMsg.asp?mid=20016
[2022-05-16 17:11:29,601] {subprocess.py:79} INFO - 20016
[2022-05-16 17:11:29,686] {subprocess.py:79} INFO - xong t1
[2022-05-16 17:11:29,687] {subprocess.py:83} INFO - Command exited with return code 0
[2022-05-16 17:11:29,705] {taskinstance.py:1204} INFO - Marking task as SUCCESS. dag_id=UTE_THONG_BAO_V1, task_id=schedule_bgg_crawler, execution_date=20220516T170500, start_date=20220516T171004, end_date=20220516T171129
[2022-05-16 17:11:29,723] {taskinstance.py:1265} INFO - 0 downstream tasks scheduled from follow-on schedule check
[2022-05-16 17:11:29,737] {local_task_job.py:151} INFO - Task exited with return code 0
